<!DOCTYPE html>
<html lang="en">
<head>
    <meta charset="UTF-8">
    <meta name="viewport" content="width=device-width, initial-scale=1.0">
    <title>Switch from a git snapshot to released rust-netrc 1.1.2 - astral-sh/uv #8424</title>
    <link rel="stylesheet" href="../../../style.css">
</head>
<body>
    <div class="back-link">
        <a href="../../../index.html">Back to index</a>
    </div>

    <h1>Switch from a git snapshot to released rust-netrc 1.1.2</h1>

    <div class="meta">
        <span class="state-icon state-merged"></span>
        <a href="https://github.com/astral-sh/uv/pull/8424">#8424</a>
        opened by <a href="https://github.com/musicinmybrain">@musicinmybrain</a>
        on 2024-10-21 18:32
    </div>

    <div class="timeline">
        <div class="timeline-entry">
            <div class="timeline-header"><a href="https://github.com/musicinmybrain">@musicinmybrain</a></div>
            <div class="timeline-body">

Summary


<p>Before this PR (and since 651fe6f4e60c0d3a789c7593c4285817d6adf932) <code>uv</code> depends on a git snapshot of <code>rust-netrc</code> at https://github.com/gribouille/netrc/commit/544f3890b621f0dc30fcefb4f804269c160ce2e9, with fixes from <a href="https://github.com/gribouille/netrc/pull/3">gribouille/netrc#3</a> for <a href="https://github.com/astral-sh/uv/issues/8003">astral-sh/uv#8003</a>.</p>
<p>Since <code>rust-netrc</code> 0.1.2 was just released, and it includes those fixes – plus an additional <a href="https://github.com/gribouille/netrc/commit/ca0860c0a07274a156dfbd4aa686eee86fe9a0ed">change to support <code>~</code>-expansion</a> – <code>uv</code> can go back to depending on published crates from crates.io.</p>
Test Plan


<pre><code>$ cargo build
$ cargo run python install
$ cargo test
</code></pre>
<p>I get</p>
<pre><code>
────────────────────────────────────────────────────────────────────────────────

━━━━━━━━━━━━━━━━━━━━━━━━━━━━━━━━━━━━━━━━━━━━━━━━━━━━━━━━━━━━━━━━━━━━━━━━━━━━━━━━━━━━━━━━━━━━━━━ Snapshot Summary ━━━━━━━━━━━━━━━━━━━━━━━━━━━━━━━━━━━━━━━━━━━━━━━━━━━━━━━━━━━━━━━━━━━━━━━━━━━━━━━━━━━━━━━━━━━━━━━
Snapshot: sha
Source: crates/uv/tests/it/build.rs:1454
────────────────────────────────────────────────────────────────────────────────────────────────────────────────────────────────────────────────────────────────────────────────────────────────────────────────
Expression: snapshot
────────────────────────────────────────────────────────────────────────────────────────────────────────────────────────────────────────────────────────────────────────────────────────────────────────────────
-old snapshot
+new results
────────────┬───────────────────────────────────────────────────────────────────────────────────────────────────────────────────────────────────────────────────────────────────────────────────────────────────
   11    11 │ writing top-level names to src/project.egg-info/top_level.txt
   12    12 │ writing manifest file &#x27;src/project.egg-info/SOURCES.txt&#x27;
   13    13 │ reading manifest file &#x27;src/project.egg-info/SOURCES.txt&#x27;
   14    14 │ writing manifest file &#x27;src/project.egg-info/SOURCES.txt&#x27;
         15 │+[CACHE_DIR]/builds-v0/[TMP]/pkg_resources.html
         16 │+  import pkg_resources
   15    17 │ running sdist
   16    18 │ running egg_info
   17    19 │ writing src/project.egg-info/PKG-INFO
   18    20 │ writing dependency_links to src/project.egg-info/dependency_links.txt
┈┈┈┈┈┈┈┈┈┈┈┈┼┈┈┈┈┈┈┈┈┈┈┈┈┈┈┈┈┈┈┈┈┈┈┈┈┈┈┈┈┈┈┈┈┈┈┈┈┈┈┈┈┈┈┈┈┈┈┈┈┈┈┈┈┈┈┈┈┈┈┈┈┈┈┈┈┈┈┈┈┈┈┈┈┈┈┈┈┈┈┈┈┈┈┈┈┈┈┈┈┈┈┈┈┈┈┈┈┈┈┈┈┈┈┈┈┈┈┈┈┈┈┈┈┈┈┈┈┈┈┈┈┈┈┈┈┈┈┈┈┈┈┈┈┈┈┈┈┈┈┈┈┈┈┈┈┈┈┈┈┈┈┈┈┈┈┈┈┈┈┈┈┈┈┈┈┈┈┈┈┈┈┈┈┈┈┈┈┈┈┈┈┈┈┈┈┈┈┈┈┈┈┈┈┈┈┈
   35    37 │ copying src/project.egg-info/top_level.txt -&gt; project-0.1.0/src/project.egg-info
   36    38 │ Writing project-0.1.0/setup.cfg
   37    39 │ Creating tar archive
   38    40 │ removing &#x27;project-0.1.0&#x27; (and everything under it)
         41 │+[CACHE_DIR]/builds-v0/[TMP]/pkg_resources.html
         42 │+  import pkg_resources
   39    43 │ Building wheel from source distribution...
   40    44 │ running egg_info
   41    45 │ writing src/project.egg-info/PKG-INFO
   42    46 │ writing dependency_links to src/project.egg-info/dependency_links.txt
   43    47 │ writing requirements to src/project.egg-info/requires.txt
   44    48 │ writing top-level names to src/project.egg-info/top_level.txt
   45    49 │ reading manifest file &#x27;src/project.egg-info/SOURCES.txt&#x27;
   46    50 │ writing manifest file &#x27;src/project.egg-info/SOURCES.txt&#x27;
         51 │+[CACHE_DIR]/builds-v0/[TMP]/pkg_resources.html
         52 │+  import pkg_resources
   47    53 │ running bdist_wheel
   48    54 │ running build
   49    55 │ running build_py
   50    56 │ creating build
┈┈┈┈┈┈┈┈┈┈┈┈┼┈┈┈┈┈┈┈┈┈┈┈┈┈┈┈┈┈┈┈┈┈┈┈┈┈┈┈┈┈┈┈┈┈┈┈┈┈┈┈┈┈┈┈┈┈┈┈┈┈┈┈┈┈┈┈┈┈┈┈┈┈┈┈┈┈┈┈┈┈┈┈┈┈┈┈┈┈┈┈┈┈┈┈┈┈┈┈┈┈┈┈┈┈┈┈┈┈┈┈┈┈┈┈┈┈┈┈┈┈┈┈┈┈┈┈┈┈┈┈┈┈┈┈┈┈┈┈┈┈┈┈┈┈┈┈┈┈┈┈┈┈┈┈┈┈┈┈┈┈┈┈┈┈┈┈┈┈┈┈┈┈┈┈┈┈┈┈┈┈┈┈┈┈┈┈┈┈┈┈┈┈┈┈┈┈┈┈┈┈┈┈┈┈┈┈
   73    79 │ adding &#x27;project-0.1.0.dist-info/WHEEL&#x27;
   74    80 │ adding &#x27;project-0.1.0.dist-info/top_level.txt&#x27;
   75    81 │ adding &#x27;project-0.1.0.dist-info/RECORD&#x27;
   76    82 │ removing build/bdist.linux-x86_64/wheel
         83 │+[CACHE_DIR]/builds-v0/[TMP]/pkg_resources.html
         84 │+  import pkg_resources
   77    85 │ Successfully built dist/project-0.1.0.tar.gz and dist/project-0.1.0-py3-none-any.whl
────────────┴───────────────────────────────────────────────────────────────────────────────────────────────────────────────────────────────────────────────────────────────────────────────────────────────────
To update snapshots run `cargo insta review`
Stopped on the first failure. Run `cargo insta test` to run all snapshots.
thread &#x27;build::sha&#x27; panicked at /home/ben/.cargo/registry/src/index.crates.io-6f17d22bba15001f/insta-1.40.0/src/runtime.rs:548:9:
snapshot assertion for &#x27;sha&#x27; failed in line 1454
note: run with `RUST_BACKTRACE=1` environment variable to display a backtrace


failures:
    build::sha

test result: FAILED. 1299 passed; 1 failed; 4 ignored; 0 measured; 0 filtered out; finished in 101.18s

error: test failed, to rerun pass `-p uv --test it`
</code></pre>
<p>The sole failure looks unrelated to me, and I can reproduce it on <code>main</code> (currently e8b8daf0fb055a310fae523cbeefea2048884476), so I conclude that it has nothing to do with this change.</p>
</div>
        </div>
        <div class="timeline-entry">
            <div class="timeline-header">Comment by <a href="https://github.com/zanieb">@zanieb</a> on 2024-10-21 18:34</div>
            <div class="timeline-body"><p>Thank you!</p>
</div>
        </div>
        <div class="timeline-entry">
            <div class="timeline-header"><a href="https://github.com/charliermarsh">@charliermarsh</a> approved on 2024-10-21 18:42</div>
            <div class="timeline-body"></div>
        </div>
        <div class="timeline-entry">
            <div class="event">Label <span class="label">internal</span> added by <a href="https://github.com/charliermarsh">@charliermarsh</a> on 2024-10-21 18:42</div>
        </div>
        <div class="timeline-entry">
            <div class="event">Merged by <a href="https://github.com/charliermarsh">@charliermarsh</a> on 2024-10-21 18:43</div>
        </div>
        <div class="timeline-entry">
            <div class="event">Closed by <a href="https://github.com/charliermarsh">@charliermarsh</a> on 2024-10-21 18:43</div>
        </div>
    </div>

    <footer>
        Synced at 2026-01-20 19:48:55 UTC
    </footer>
</body>
</html>
