<!DOCTYPE html>
<html lang="en">
<head>
    <meta charset="UTF-8">
    <meta name="viewport" content="width=device-width, initial-scale=1.0">
    <title>Symlink tests panic with privilege errors on Windows. - BurntSushi/ripgrep #2160</title>
    <link rel="stylesheet" href="../../../style.css">
</head>
<body>
    <div class="back-link">
        <a href="../../../index.html">Back to index</a>
    </div>

    <h1>Symlink tests panic with privilege errors on Windows.</h1>

    <div class="meta">
        <span class="state-icon state-closed"></span>
        <a href="https://github.com/BurntSushi/ripgrep/issues/2160">#2160</a>
        opened by <a href="https://github.com/gskt17">@gskt17</a>
        on 2022-03-10 20:36
    </div>

    <div class="timeline">
        <div class="timeline-entry">
            <div class="timeline-header"><a href="https://github.com/gskt17">@gskt17</a></div>
            <div class="timeline-body"><h4>What version of ripgrep are you using?</h4>
<p>13.0.0</p>
<h4>How did you install ripgrep?</h4>
<p>Built from source via Corrosion (Rust/Cargo plugin for Eclipse)</p>
<h4>What operating system are you using ripgrep on?</h4>
<p>Edition	Windows 10 Home
Version	20H2
Installed on	‎8/‎13/‎2020
OS build	19042.1586
Experience	Windows Feature Experience Pack 120.2212.4170.0</p>
<h4>Describe your bug.</h4>
<p>Some kind of permission error in tests involving symlinks on windows.</p>
<h4>What are the steps to reproduce the behavior?</h4>
<p>Run <code>cargo test symlink</code></p>
<h4>What is the actual behavior?</h4>
<p>Relevant output:</p>
<pre><code>
running 2 tests
test misc::symlink_nofollow ... FAILED
test regression::r1389_bad_symlinks_no_biscuit ... FAILED

failures:

---- misc::symlink_nofollow stdout ----
thread 'misc::symlink_nofollow' panicked at 'C:\Users\NXTangl\AppData\Local\Temp\ripgrep-tests\symlink_nofollow\0\foo/bar/baz: Os { code: 1314, kind: Uncategorized, message: &quot;A required privilege is not held by the client.&quot; }', tests\util.rs:433:21
stack backtrace:
   0: std::panicking::begin_panic_handler
             at /rustc/9d1b2106e23b1abd32fce1f17267604a5102f57a\/library\std\src\panicking.rs:498
   1: core::panicking::panic_fmt
             at /rustc/9d1b2106e23b1abd32fce1f17267604a5102f57a\/library\core\src\panicking.rs:116
   2: integration::util::nice_err&lt;tuple$&lt;&gt;,std::io::error::Error&gt;
             at .\tests\util.rs:433
   3: integration::util::Dir::link_dir&lt;str,str&gt;
             at .\tests\util.rs:210
   4: integration::misc::symlink_nofollow::closure$0
             at .\tests\misc.rs:736
   5: integration::misc::symlink_nofollow
             at .\tests\macros.rs:7
   6: integration::misc::symlink_nofollow::closure$0
             at .\tests\macros.rs:5
   7: core::ops::function::FnOnce::call_once&lt;integration::misc::symlink_nofollow::closure$0,tuple$&lt;&gt; &gt;
             at /rustc/9d1b2106e23b1abd32fce1f17267604a5102f57a\library\core\src\ops\function.rs:227
   8: core::ops::function::FnOnce::call_once
             at /rustc/9d1b2106e23b1abd32fce1f17267604a5102f57a\library\core\src\ops\function.rs:227
note: Some details are omitted, run with `RUST_BACKTRACE=full` for a verbose backtrace.

---- regression::r1389_bad_symlinks_no_biscuit stdout ----
thread 'regression::r1389_bad_symlinks_no_biscuit' panicked at 'C:\Users\NXTangl\AppData\Local\Temp\ripgrep-tests\r1389_bad_symlinks_no_biscuit\1\mylink: Os { code: 1314, kind: Uncategorized, message: &quot;A required privilege is not held by the client.&quot; }', tests\util.rs:433:21
stack backtrace:
   0: std::panicking::begin_panic_handler
             at /rustc/9d1b2106e23b1abd32fce1f17267604a5102f57a\/library\std\src\panicking.rs:498
   1: core::panicking::panic_fmt
             at /rustc/9d1b2106e23b1abd32fce1f17267604a5102f57a\/library\core\src\panicking.rs:116
   2: integration::util::nice_err&lt;tuple$&lt;&gt;,std::io::error::Error&gt;
             at .\tests\util.rs:433
   3: integration::util::Dir::link_dir&lt;str,str&gt;
             at .\tests\util.rs:210
   4: integration::regression::r1389_bad_symlinks_no_biscuit::closure$0
             at .\tests\regression.rs:801
   5: integration::regression::r1389_bad_symlinks_no_biscuit
             at .\tests\macros.rs:7
   6: integration::regression::r1389_bad_symlinks_no_biscuit::closure$0
             at .\tests\macros.rs:5
   7: core::ops::function::FnOnce::call_once&lt;integration::regression::r1389_bad_symlinks_no_biscuit::closure$0,tuple$&lt;&gt; &gt;
             at /rustc/9d1b2106e23b1abd32fce1f17267604a5102f57a\library\core\src\ops\function.rs:227
   8: core::ops::function::FnOnce::call_once
             at /rustc/9d1b2106e23b1abd32fce1f17267604a5102f57a\library\core\src\ops\function.rs:227
note: Some details are omitted, run with `RUST_BACKTRACE=full` for a verbose backtrace.


failures:
    misc::symlink_nofollow
    regression::r1389_bad_symlinks_no_biscuit

test result: FAILED. 0 passed; 2 failed; 0 ignored; 0 measured; 263 filtered out; finished in 0.58s
</code></pre>
</div>
        </div>
        <div class="timeline-entry">
            <div class="timeline-header">Comment by <a href="https://github.com/BurntSushi">@BurntSushi</a> on 2022-03-10 21:08</div>
            <div class="timeline-body"><p>AIUI, this is because symlinks on Windows are weird. The best we could probably do here is detect and error and just silently skip the test. Otherwise, I'm not particularly inclined to fix this. The likely underlying problem, <em>as the error indicates</em>, is that you don't have permission to create symlinks. So tests that need to create symlinks fail.</p>
</div>
        </div>
        <div class="timeline-entry">
            <div class="timeline-header">Comment by <a href="https://github.com/gskt17">@gskt17</a> on 2022-03-11 21:50</div>
            <div class="timeline-body"><p>Cool, as long as it's a known problem. I'll go ahead and close this then.</p>
</div>
        </div>
        <div class="timeline-entry">
            <div class="event">Closed by @gskt17 on 2022-03-11 21:50</div>
        </div>
    </div>

    <footer>
        Synced at 2026-01-12 16:43:30 UTC
    </footer>
</body>
</html>
