<!DOCTYPE html>
<html lang="en">
<head>
    <meta charset="UTF-8">
    <meta name="viewport" content="width=device-width, initial-scale=1.0">
    <title>macOS test failure for resolver::tests::symlink - astral-sh/ruff #12656</title>
    <link rel="stylesheet" href="../../../style.css">
</head>
<body>
    <div class="back-link">
        <a href="../../../index.html">Back to index</a>
    </div>

    <h1>macOS test failure for resolver::tests::symlink</h1>

    <div class="meta">
        <span class="state-icon state-closed"></span>
        <a href="https://github.com/astral-sh/ruff/issues/12656">#12656</a>
        opened by <a href="https://github.com/dylwil3">@dylwil3</a>
        on 2024-08-04 00:12
    </div>

    <div class="timeline">
        <div class="timeline-entry">
            <div class="timeline-header">Issue opened by <a href="https://github.com/dylwil3">@dylwil3</a> on 2024-08-04 00:12</div>
            <div class="timeline-body"><p>With apologies in advance to @MichaReiser - it looks like <code>resolver::tests::symlink</code> fails locally for me (on macOS).</p>
<p>Below is the output for <code>cargo test -p red_knot_module_resolver --lib</code> with backtrace set to 1 and full, respectively.</p>
<p>Assuming this isn't a mistake on my end (in which case - whoops!), you're welcome to ping me to review the corresponding PR and I can pull it down and test locally to see if any further flakiness emerges.</p>
<details>
    <summary>With backtrace 1</summary>

<blockquote>
<p>running 69 tests
test path::tests::module_name_2_parts ... ok
test path::tests::module_name_3_parts ... ok
test path::tests::module_name_1_part ... ok
test path::tests::mocked_typeshed_nonexistent_regular_stdlib_pkg_py38 ... ok
test path::tests::mocked_typeshed_nonexistent_namespace_stdlib_pkg_py39 ... ok
test path::tests::mocked_typeshed_single_file_stdlib_module_py38 ... ok
test path::tests::mocked_typeshed_nonexistent_namespace_stdlib_pkg_py38 ... ok
test path::tests::relativize_path ... ok
test path::tests::mocked_typeshed_existing_namespace_stdlib_pkg_py38 ... ok
test path::tests::mocked_typeshed_existing_namespace_stdlib_pkg_py39 ... ok
test path::tests::mocked_typeshed_existing_regular_stdlib_pkgs_py39 ... ok
test path::tests::relativize_non_stdlib_path_errors ... ok
test path::tests::mocked_typeshed_nonexistent_single_file_module_py38 ... ok
test path::tests::mocked_typeshed_existing_regular_stdlib_pkg_py38 ... ok
test path::tests::relativize_stdlib_path_errors ... ok
test path::tests::with_extension_methods ... ok
test resolver::tests::builtins_custom ... ok
test resolver::tests::adding_file_to_search_path_with_lower_priority_does_not_invalidate_query ... ok
test resolver::tests::deleting_an_unrelated_file_doesnt_change_module_resolution ... ok
test resolver::tests::adding_file_on_which_module_resolution_depends_invalidates_previously_failing_query_that_now_succeeds ... ok
test resolver::tests::adding_file_to_search_path_with_higher_priority_invalidates_the_query ... ok
test resolver::tests::deleting_editable_install_on_which_module_resolution_depends_invalidates_cache ... ok
test resolver::tests::deleting_file_from_higher_priority_search_path_invalidates_the_query ... ok
test resolver::tests::editable_install_absolute_path ... ok
test resolver::tests::deleting_pth_file_on_which_module_resolution_depends_invalidates_cache ... ok
test resolver::tests::first_party_module ... ok
test resolver::tests::first_party_precedence_over_stdlib ... ok
test resolver::tests::editable_install_pth_file_with_whitespace ... ok
test resolver::tests::editable_install_relative_path ... ok
test resolver::tests::builtins_vendored ... ok
test resolver::tests::module_search_path_priority ... ok
test resolver::tests::no_duplicate_search_paths_added ... ok
test resolver::tests::editable_install_multiple_pth_files_with_multiple_paths ... ok
test resolver::tests::module_resolution_paths_cached_between_different_module_resolutions ... ok
test resolver::tests::multiple_site_packages_with_editables ... ok
test resolver::tests::namespace_package ... ok
test resolver::tests::package_priority_over_module ... ok
test resolver::tests::regular_package_in_namespace_package ... ok
test resolver::tests::removing_file_on_which_module_resolution_depends_invalidates_previously_successful_query_that_now_fails ... ok
test resolver::tests::stdlib ... ok
test resolver::tests::resolve_package ... ok
test resolver::tests::stdlib_uses_vendored_typeshed_when_no_custom_typeshed_supplied ... ok
test resolver::tests::stdlib_resolution_respects_versions_file_py38_existing_modules ... ok
test resolver::tests::sub_packages ... ok
test resolver::tests::stdlib_resolution_respects_versions_file_py39_nonexisting_modules ... ok
test resolver::tests::typing_stub_over_module ... ok
test resolver::tests::stdlib_resolution_respects_versions_file_py39_existing_modules ... ok
test typeshed::versions::tests::explicit_submodule_parsed_correctly ... ok
test resolver::tests::stdlib_resolution_respects_versions_file_py38_nonexisting_modules ... ok
test typeshed::versions::tests::implicit_submodule_queried_correctly ... ok
test typeshed::versions::tests::invalid_typeshed_versions_bad_colon_number ... ok
test typeshed::versions::tests::invalid_typeshed_versions_bad_hyphen_number ... ok
test typeshed::versions::tests::invalid_typeshed_versions_non_digits ... ok
test typeshed::versions::tests::invalid_typeshed_versions_bad_period_number ... ok
test typeshed::versions::tests::invalid_typeshed_versions_non_identifier_modules ... ok
test typeshed::versions::tests::nonexistent_module_queried_correctly ... ok
test typeshed::versions::tests::version_from_range_parsed_correctly ... ok
test typeshed::versions::tests::version_within_range_parsed_correctly ... ok
test typeshed::versions::tests::can_parse_vendored_versions_file ... ok
test typeshed::vendored::tests::typeshed_zip_created_at_build_time ... ok
test typeshed::versions::tests::typeshed_versions_consistent_with_vendored_stubs ... ok
test typeshed::vendored::tests::typeshed_vfs_consistent_with_vendored_stubs ... ok
test typeshed::versions::tests::can_parse_mock_versions_file ... ok
test path::tests::non_stdlib_path_invalid_join_rs - should panic ... ok
test path::tests::stdlib_path_invalid_join_py - should panic ... ok
test path::tests::too_many_extensions - should panic ... ok
test path::tests::stdlib_path_invalid_join_rs - should panic ... ok
test resolver::tests::symlink ... FAILED
test typeshed::versions::tests::invalid_huge_versions_file ... ok</p>
<p>failures:</p>
<p>---- resolver::tests::symlink stdout ----
thread 'resolver::tests::symlink' panicked at crates/red_knot_module_resolver/src/resolver.rs:1210:9:
assertion <code>left == right</code> failed
left: &quot;/var/folders/t8/dtms1ryx6vjgqv8y50thnl400000gn/T/.tmpfL1BXP/src&quot;
right: SearchPath(FirstParty(&quot;/private/var/folders/t8/dtms1ryx6vjgqv8y50thnl400000gn/T/.tmpfL1BXP/src&quot;))
stack backtrace:
0: rust_begin_unwind
at /rustc/051478957371ee0084a7c0913941d2a8c4757bb9/library/std/src/panicking.rs:652:5
1: core::panicking::panic_fmt
at /rustc/051478957371ee0084a7c0913941d2a8c4757bb9/library/core/src/panicking.rs:72:14
2: core::panicking::assert_failed_inner
3: core::panicking::assert_failed
at /rustc/051478957371ee0084a7c0913941d2a8c4757bb9/library/core/src/panicking.rs:363:5
4: red_knot_module_resolver::resolver::tests::symlink
at ./src/resolver.rs:1210:9
5: red_knot_module_resolver::resolver::tests::symlink::{{closure}}
at ./src/resolver.rs:1170:21
6: core::ops::function::FnOnce::call_once
at /rustc/051478957371ee0084a7c0913941d2a8c4757bb9/library/core/src/ops/function.rs:250:5
7: core::ops::function::FnOnce::call_once
at /rustc/051478957371ee0084a7c0913941d2a8c4757bb9/library/core/src/ops/function.rs:250:5
note: Some details are omitted, run with <code>RUST_BACKTRACE=full</code> for a verbose backtrace.</p>
<p>failures:
resolver::tests::symlink</p>
<p>test result: FAILED. 68 passed; 1 failed; 0 ignored; 0 measured; 0 filtered out; finished in 0.20s</p>
</blockquote>
</details>

<details>
    <summary>With full backtrace</summary>

<blockquote>
<p>running 69 tests
test path::tests::module_name_3_parts ... ok
test path::tests::module_name_2_parts ... ok
test path::tests::module_name_1_part ... ok
test path::tests::mocked_typeshed_nonexistent_regular_stdlib_pkg_py38 ... ok
test path::tests::mocked_typeshed_nonexistent_namespace_stdlib_pkg_py39 ... ok
test path::tests::mocked_typeshed_existing_regular_stdlib_pkg_py38 ... ok
test path::tests::mocked_typeshed_single_file_stdlib_module_py38 ... ok
test path::tests::mocked_typeshed_nonexistent_namespace_stdlib_pkg_py38 ... ok
test path::tests::mocked_typeshed_nonexistent_single_file_module_py38 ... ok
test path::tests::mocked_typeshed_existing_regular_stdlib_pkgs_py39 ... ok
test path::tests::mocked_typeshed_existing_namespace_stdlib_pkg_py38 ... ok
test path::tests::relativize_path ... ok
test path::tests::relativize_non_stdlib_path_errors ... ok
test path::tests::mocked_typeshed_existing_namespace_stdlib_pkg_py39 ... ok
test path::tests::relativize_stdlib_path_errors ... ok
test path::tests::with_extension_methods ... ok
test resolver::tests::builtins_custom ... ok
test resolver::tests::adding_file_to_search_path_with_lower_priority_does_not_invalidate_query ... ok
test resolver::tests::adding_file_to_search_path_with_higher_priority_invalidates_the_query ... ok
test resolver::tests::adding_file_on_which_module_resolution_depends_invalidates_previously_failing_query_that_now_succeeds ... ok
test resolver::tests::deleting_an_unrelated_file_doesnt_change_module_resolution ... ok
test resolver::tests::deleting_file_from_higher_priority_search_path_invalidates_the_query ... ok
test resolver::tests::deleting_editable_install_on_which_module_resolution_depends_invalidates_cache ... ok
test resolver::tests::first_party_module ... ok
test resolver::tests::editable_install_relative_path ... ok
test resolver::tests::deleting_pth_file_on_which_module_resolution_depends_invalidates_cache ... ok
test resolver::tests::editable_install_absolute_path ... ok
test resolver::tests::editable_install_pth_file_with_whitespace ... ok
test resolver::tests::first_party_precedence_over_stdlib ... ok
test resolver::tests::module_search_path_priority ... ok
test resolver::tests::editable_install_multiple_pth_files_with_multiple_paths ... ok
test resolver::tests::module_resolution_paths_cached_between_different_module_resolutions ... ok
test resolver::tests::no_duplicate_search_paths_added ... ok
test resolver::tests::builtins_vendored ... ok
test resolver::tests::package_priority_over_module ... ok
test resolver::tests::namespace_package ... ok
test resolver::tests::regular_package_in_namespace_package ... ok
test resolver::tests::resolve_package ... ok
test resolver::tests::removing_file_on_which_module_resolution_depends_invalidates_previously_successful_query_that_now_fails ... ok
test resolver::tests::multiple_site_packages_with_editables ... ok
test resolver::tests::stdlib ... ok
test resolver::tests::stdlib_uses_vendored_typeshed_when_no_custom_typeshed_supplied ... ok
test resolver::tests::stdlib_resolution_respects_versions_file_py38_existing_modules ... ok
test resolver::tests::sub_packages ... ok
test resolver::tests::typing_stub_over_module ... ok
test resolver::tests::stdlib_resolution_respects_versions_file_py39_nonexisting_modules ... ok
test resolver::tests::stdlib_resolution_respects_versions_file_py38_nonexisting_modules ... ok
test typeshed::versions::tests::explicit_submodule_parsed_correctly ... ok
test resolver::tests::stdlib_resolution_respects_versions_file_py39_existing_modules ... ok
test typeshed::versions::tests::implicit_submodule_queried_correctly ... ok
test typeshed::versions::tests::invalid_typeshed_versions_bad_colon_number ... ok
test typeshed::versions::tests::invalid_typeshed_versions_bad_hyphen_number ... ok
test typeshed::versions::tests::invalid_typeshed_versions_bad_period_number ... ok
test typeshed::versions::tests::invalid_typeshed_versions_non_digits ... ok
test typeshed::versions::tests::invalid_typeshed_versions_non_identifier_modules ... ok
test typeshed::versions::tests::nonexistent_module_queried_correctly ... ok
test typeshed::versions::tests::version_from_range_parsed_correctly ... ok
test typeshed::versions::tests::version_within_range_parsed_correctly ... ok
test typeshed::versions::tests::can_parse_vendored_versions_file ... ok
test typeshed::vendored::tests::typeshed_zip_created_at_build_time ... ok
test typeshed::versions::tests::typeshed_versions_consistent_with_vendored_stubs ... ok
test typeshed::vendored::tests::typeshed_vfs_consistent_with_vendored_stubs ... ok
test typeshed::versions::tests::can_parse_mock_versions_file ... ok
test path::tests::non_stdlib_path_invalid_join_rs - should panic ... ok
test path::tests::too_many_extensions - should panic ... ok
test path::tests::stdlib_path_invalid_join_py - should panic ... ok
test path::tests::stdlib_path_invalid_join_rs - should panic ... ok
test resolver::tests::symlink ... FAILED
test typeshed::versions::tests::invalid_huge_versions_file ... ok</p>
<p>failures:</p>
<p>---- resolver::tests::symlink stdout ----
thread 'resolver::tests::symlink' panicked at crates/red_knot_module_resolver/src/resolver.rs:1210:9:
assertion <code>left == right</code> failed
left: &quot;/var/folders/t8/dtms1ryx6vjgqv8y50thnl400000gn/T/.tmpS9i0or/src&quot;
right: SearchPath(FirstParty(&quot;/private/var/folders/t8/dtms1ryx6vjgqv8y50thnl400000gn/T/.tmpS9i0or/src&quot;))
stack backtrace:
0:        0x1012fe668 - std::backtrace_rs::backtrace::libunwind::trace::h6196ef3b0a4e77ef
at /rustc/051478957371ee0084a7c0913941d2a8c4757bb9/library/std/src/../../backtrace/src/backtrace/libunwind.rs:116:5
1:        0x1012fe668 - std::backtrace_rs::backtrace::trace_unsynchronized::hac375eab426f00dd
at /rustc/051478957371ee0084a7c0913941d2a8c4757bb9/library/std/src/../../backtrace/src/backtrace/mod.rs:66:5
2:        0x1012fe668 - std::sys_common::backtrace::<em>print_fmt::h2a4f1f15852b7d46
at /rustc/051478957371ee0084a7c0913941d2a8c4757bb9/library/std/src/sys_common/backtrace.rs:68:5
3:        0x1012fe668 - &lt;std::sys_common::backtrace::_print::DisplayBacktrace as core::fmt::Display&gt;::fmt::h205eab4daa59a56a
at /rustc/051478957371ee0084a7c0913941d2a8c4757bb9/library/std/src/sys_common/backtrace.rs:44:22
4:        0x10131da84 - core::fmt::rt::Argument::fmt::h391b30ab7a26d7be
at /rustc/051478957371ee0084a7c0913941d2a8c4757bb9/library/core/src/fmt/rt.rs:165:63
5:        0x10131da84 - core::fmt::write::ha28d0fbf1a1eeba9
at /rustc/051478957371ee0084a7c0913941d2a8c4757bb9/library/core/src/fmt/mod.rs:1168:21
6:        0x1012fa954 - std::io::Write::write_fmt::hdb161f22835a409d
at /rustc/051478957371ee0084a7c0913941d2a8c4757bb9/library/std/src/io/mod.rs:1835:15
7:        0x1012fe4c0 - std::sys_common::backtrace::_print::hfe43851cb14e36df
at /rustc/051478957371ee0084a7c0913941d2a8c4757bb9/library/std/src/sys_common/backtrace.rs:47:5
8:        0x1012fe4c0 - std::sys_common::backtrace::print::hb748761a345859f9
at /rustc/051478957371ee0084a7c0913941d2a8c4757bb9/library/std/src/sys_common/backtrace.rs:34:9
9:        0x1012ffae4 - std::panicking::default_hook::{{closure}}::h6cb9ca91838de054
10:        0x1012ff6f8 - std::panicking::default_hook::h83345dc5126de57b
at /rustc/051478957371ee0084a7c0913941d2a8c4757bb9/library/std/src/panicking.rs:295:9
11:        0x100e19abc - &lt;alloc::boxed::Box&lt;F,A&gt; as core::ops::function::Fn<Args>&gt;::call::h85507dacc99e5a3f
at /rustc/051478957371ee0084a7c0913941d2a8c4757bb9/library/alloc/src/boxed.rs:2077:9
12:        0x100e19abc - test::test_main::{{closure}}::hcc5ce573e6a37758
at /rustc/051478957371ee0084a7c0913941d2a8c4757bb9/library/test/src/lib.rs:137:21
13:        0x1013003b8 - &lt;alloc::boxed::Box&lt;F,A&gt; as core::ops::function::Fn<Args>&gt;::call::h31310631bda73223
at /rustc/051478957371ee0084a7c0913941d2a8c4757bb9/library/alloc/src/boxed.rs:2077:9
14:        0x1013003b8 - std::panicking::rust_panic_with_hook::h9305dc63490c537b
at /rustc/051478957371ee0084a7c0913941d2a8c4757bb9/library/std/src/panicking.rs:799:13
15:        0x1012ffdcc - std::panicking::begin_panic_handler::{{closure}}::h0d6c6c01f5801c1a
at /rustc/051478957371ee0084a7c0913941d2a8c4757bb9/library/std/src/panicking.rs:664:13
16:        0x1012feaec - std::sys_common::backtrace::__rust_end_short_backtrace::h2ace9f7ada66a76a
at /rustc/051478957371ee0084a7c0913941d2a8c4757bb9/library/std/src/sys_common/backtrace.rs:171:18
17:        0x1012ffb3c - rust_begin_unwind
at /rustc/051478957371ee0084a7c0913941d2a8c4757bb9/library/std/src/panicking.rs:652:5
18:        0x10134bffc - core::panicking::panic_fmt::hf3031f82c202a80d
at /rustc/051478957371ee0084a7c0913941d2a8c4757bb9/library/core/src/panicking.rs:72:14
19:        0x10134c3d0 - core::panicking::assert_failed_inner::hf67c91605128eb05
20:        0x1013261a8 - core::panicking::assert_failed::hb26cbab8023cba56
at /rustc/051478957371ee0084a7c0913941d2a8c4757bb9/library/core/src/panicking.rs:363:5
21:        0x100d7ea94 - red_knot_module_resolver::resolver::tests::symlink::h645af3edab302717
at /Users/dmbp/Documents/dev/contrib/ruff/crates/red_knot_module_resolver/src/resolver.rs:1210:9
22:        0x100d63e70 - red_knot_module_resolver::resolver::tests::symlink::{{closure}}::h1b3c80258f4c6699
at /Users/dmbp/Documents/dev/contrib/ruff/crates/red_knot_module_resolver/src/resolver.rs:1170:21
23:        0x100d87818 - core::ops::function::FnOnce::call_once::h31c638be6f57c38e
at /rustc/051478957371ee0084a7c0913941d2a8c4757bb9/library/core/src/ops/function.rs:250:5
24:        0x100e1d778 - core::ops::function::FnOnce::call_once::h6288de1275a81f7e
at /rustc/051478957371ee0084a7c0913941d2a8c4757bb9/library/core/src/ops/function.rs:250:5
25:        0x100e1d778 - test::__rust_begin_short_backtrace::h2a106babef6b70ed
at /rustc/051478957371ee0084a7c0913941d2a8c4757bb9/library/test/src/lib.rs:625:18
26:        0x100e1d0b4 - test::run_test_in_process::{{closure}}::hcf2705e41b3d0d01
at /rustc/051478957371ee0084a7c0913941d2a8c4757bb9/library/test/src/lib.rs:648:60
27:        0x100e1d0b4 - &lt;core::panic::unwind_safe::AssertUnwindSafe<F> as core::ops::function::FnOnce&lt;()&gt;&gt;::call_once::had2dc500529c8ec1
at /rustc/051478957371ee0084a7c0913941d2a8c4757bb9/library/core/src/panic/unwind_safe.rs:272:9
28:        0x100e1d0b4 - std::panicking::try::do_call::h55845621067c8dc2
at /rustc/051478957371ee0084a7c0913941d2a8c4757bb9/library/std/src/panicking.rs:559:40
29:        0x100e1d0b4 - std::panicking::try::h40ce094ada304bf3
at /rustc/051478957371ee0084a7c0913941d2a8c4757bb9/library/std/src/panicking.rs:523:19
30:        0x100e1d0b4 - std::panic::catch_unwind::h8d4bb94e8f7797ec
at /rustc/051478957371ee0084a7c0913941d2a8c4757bb9/library/std/src/panic.rs:149:14
31:        0x100e1d0b4 - test::run_test_in_process::hb7392a758f6c858a
at /rustc/051478957371ee0084a7c0913941d2a8c4757bb9/library/test/src/lib.rs:648:27
32:        0x100e1d0b4 - test::run_test::{{closure}}::h0b3dae94fb1e3623
at /rustc/051478957371ee0084a7c0913941d2a8c4757bb9/library/test/src/lib.rs:569:43
33:        0x100def634 - test::run_test::{{closure}}::h349b61f0e92bb544
at /rustc/051478957371ee0084a7c0913941d2a8c4757bb9/library/test/src/lib.rs:599:41
34:        0x100def634 - std::sys_common::backtrace::__rust_begin_short_backtrace::h255ef5cb8f07346b
at /rustc/051478957371ee0084a7c0913941d2a8c4757bb9/library/std/src/sys_common/backtrace.rs:155:18
35:        0x100df3808 - std::thread::Builder::spawn_unchecked</em>::{{closure}}::{{closure}}::h9d83ff3086d2a361
at /rustc/051478957371ee0084a7c0913941d2a8c4757bb9/library/std/src/thread/mod.rs:542:17
36:        0x100df3808 - &lt;core::panic::unwind_safe::AssertUnwindSafe<F> as core::ops::function::FnOnce&lt;()&gt;&gt;::call_once::hfbc6f1752590fbce
at /rustc/051478957371ee0084a7c0913941d2a8c4757bb9/library/core/src/panic/unwind_safe.rs:272:9
37:        0x100df3808 - std::panicking::try::do_call::h39bf94ad14a8e34a
at /rustc/051478957371ee0084a7c0913941d2a8c4757bb9/library/std/src/panicking.rs:559:40
38:        0x100df3808 - std::panicking::try::h8605b5055f4f5eba
at /rustc/051478957371ee0084a7c0913941d2a8c4757bb9/library/std/src/panicking.rs:523:19
39:        0x100df3808 - std::panic::catch_unwind::he873874fb889dc4a
at /rustc/051478957371ee0084a7c0913941d2a8c4757bb9/library/std/src/panic.rs:149:14
40:        0x100df3808 - std::thread::Builder::spawn_unchecked_::{{closure}}::h5cd58b11a9c427ba
at /rustc/051478957371ee0084a7c0913941d2a8c4757bb9/library/std/src/thread/mod.rs:541:30
41:        0x100df3808 - core::ops::function::FnOnce::call_once{{vtable.shim}}::h02bb5b23eebe928d
at /rustc/051478957371ee0084a7c0913941d2a8c4757bb9/library/core/src/ops/function.rs:250:5
42:        0x1013051b8 - &lt;alloc::boxed::Box&lt;F,A&gt; as core::ops::function::FnOnce<Args>&gt;::call_once::h602281de57923cf1
at /rustc/051478957371ee0084a7c0913941d2a8c4757bb9/library/alloc/src/boxed.rs:2063:9
43:        0x1013051b8 - &lt;alloc::boxed::Box&lt;F,A&gt; as core::ops::function::FnOnce<Args>&gt;::call_once::hd3a85b6b9254c879
at /rustc/051478957371ee0084a7c0913941d2a8c4757bb9/library/alloc/src/boxed.rs:2063:9
44:        0x1013051b8 - std::sys::pal::unix::thread::Thread::new::thread_start::h9e081ad7dac4e4c5
at /rustc/051478957371ee0084a7c0913941d2a8c4757bb9/library/std/src/sys/pal/unix/thread.rs:108:17
45:        0x184552f94 - __pthread_joiner_wake</p>
<p>failures:
resolver::tests::symlink</p>
<p>test result: FAILED. 68 passed; 1 failed; 0 ignored; 0 measured; 0 filtered out; finished in 0.20s</p>
</blockquote>
</details>

</div>
        </div>
        <div class="timeline-entry">
            <div class="event">Label <span class="label">red-knot</span> added by @AlexWaygood on 2024-08-04 08:33</div>
        </div>
        <div class="timeline-entry">
            <div class="event">Closed by @MichaReiser on 2024-08-05 07:22</div>
        </div>
    </div>

    <footer>
        Synced at 2026-01-10 11:34:33 UTC
    </footer>
</body>
</html>
