<!DOCTYPE html>
<html lang="en">
<head>
    <meta charset="UTF-8">
    <meta name="viewport" content="width=device-width, initial-scale=1.0">
    <title>TCH fixes remove quotation marks from `Literal` strings - astral-sh/ruff #14368</title>
    <link rel="stylesheet" href="../../../style.css">
</head>
<body>
    <div class="back-link">
        <a href="../../../index.html">Back to index</a>
    </div>

    <h1>TCH fixes remove quotation marks from <code>Literal</code> strings</h1>

    <div class="meta">
        <span class="state-icon state-closed"></span>
        <a href="https://github.com/astral-sh/ruff/issues/14368">#14368</a>
        opened by <a href="https://github.com/dscorbett">@dscorbett</a>
        on 2024-11-15 19:36
    </div>

    <div class="timeline">
        <div class="timeline-entry">
            <div class="timeline-header">Issue opened by <a href="https://github.com/dscorbett">@dscorbett</a> on 2024-11-15 19:36</div>
            <div class="timeline-body"><p>The fixes for TCH001, TCH002, and TCH003 sometimes delete quotation marks from <code>Literal</code>s when <code>lint.flake8-type-checking.quote-annotations = true</code>. This can make a program fail to type-check. I am not sure exactly what makes it delete quotation marks but it seems to only happen to literals within nested brackets.</p>
<pre><code class="language-console">$ ruff --version
ruff 0.7.4

$ cat tch003.py
from collections.abc import Sequence
from typing import Callable, Literal
def f(x: Sequence[Callable[[Literal[&quot;1&quot;]], bool]]) -&gt; bool:
    return False
def g(x: Literal[&quot;1&quot;]) -&gt; bool:
    return False
print(f([g]))

$ mypy tch003.py
Success: no issues found in 1 source file

$ ruff check --isolated --config 'lint.flake8-type-checking.quote-annotations = true' --select TCH003 tch003.py --unsafe-fixes --fix
Found 1 error (1 fixed, 0 remaining).

$ cat tch003.py
from typing import Callable, Literal, TYPE_CHECKING

if TYPE_CHECKING:
    from collections.abc import Sequence
def f(x: &quot;Sequence[Callable[[Literal[1]], bool]]&quot;) -&gt; bool:
    return False
def g(x: Literal[&quot;1&quot;]) -&gt; bool:
    return False
print(f([g]))

$ mypy tch003.py
tch003.py:9: error: List item 0 has incompatible type &quot;Callable[[Literal['1']], bool]&quot;; expected &quot;Callable[[Literal[1]], bool]&quot;  [list-item]
Found 1 error in 1 file (checked 1 source file)
</code></pre>
<p>With <code>&quot;x&quot;</code> instead of <code>&quot;1&quot;</code> in that example, <code>&quot;x&quot;</code> is rewritten to <code>x</code> and the final mypy error is:</p>
<pre><code class="language-console">$ mypy tch003.py
tch003.py:5: error: Name &quot;x&quot; is not defined  [name-defined]
Found 1 error in 1 file (checked 1 source file)
</code></pre>
</div>
        </div>
        <div class="timeline-entry">
            <div class="event">Label <span class="label">bug</span> added by @dylwil3 on 2024-11-15 20:54</div>
        </div>
        <div class="timeline-entry">
            <div class="timeline-header">Comment by <a href="https://github.com/dylwil3">@dylwil3</a> on 2024-11-15 21:10</div>
            <div class="timeline-body"><p>Thanks so much!</p>
<p>Maybe this logic needs some inspection (or the <code>QuoteAnnotator</code>'s <code>Visitor</code> implementation)?</p>
<p>https://github.com/astral-sh/ruff/blob/c847cad389f202edae868765e690cb7042e88264/crates/ruff_linter/src/rules/flake8_type_checking/helpers.rs#L219-L281</p>
<p>Also appears that the nesting in the type annotation has some effect. For example, this fixes correctly:</p>
<pre><code class="language-python">from collections.abc import Sequence
from typing import Callable, Literal


def f(x: Sequence[Literal[&quot;1&quot;]]) -&gt; bool:
    return False
</code></pre>
<p>becomes:</p>
<pre><code class="language-python">from typing import Callable, Literal, TYPE_CHECKING

if TYPE_CHECKING:
    from collections.abc import Sequence


def f(x: &quot;Sequence[Literal['1']]&quot;) -&gt; bool:
    return False
</code></pre>
<p><a href="https://play.ruff.rs/6580bc1b-a879-4d79-a814-0bd5ca2883f5">Playground link</a></p>
</div>
        </div>
        <div class="timeline-entry">
            <div class="event">Assigned to @dylwil3 by @dylwil3 on 2024-11-15 21:53</div>
        </div>
        <div class="timeline-entry">
            <div class="timeline-header">Comment by <a href="https://github.com/dylwil3">@dylwil3</a> on 2024-11-15 22:14</div>
            <div class="timeline-body"><p>Looks like the issue was that <em>lists</em> were not handled (i.e. the first argument to <code>Callable</code>, which is a list) as the quoted annotation builder was recursing through the expressions. Gonna check a few more edge cases to see if some other things weren't handled.</p>
<p>But if I miss any I'm counting on you to find a slick example ðŸ˜‚  you're so good at this!</p>
</div>
        </div>
        <div class="timeline-entry">
            <div class="event">Closed by @charliermarsh on 2024-11-16 17:58</div>
        </div>
        <div class="timeline-entry">
            <div class="event">Closed by @charliermarsh on 2024-11-16 17:58</div>
        </div>
    </div>

    <footer>
        Synced at 2026-01-10 11:35:45 UTC
    </footer>
</body>
</html>
