<!DOCTYPE html>
<html lang="en">
<head>
    <meta charset="UTF-8">
    <meta name="viewport" content="width=device-width, initial-scale=1.0">
    <title>Tests failed for ruff 0.8.0 - astral-sh/ruff #14594</title>
    <link rel="stylesheet" href="../../style.css">
</head>
<body>
    <div class="back-link">
        <a href="../../index.html">Back to index</a>
    </div>

    <h1>Tests failed for ruff 0.8.0</h1>

    <div class="meta">
        <span class="state state-closed">Closed</span>
        <a href="https://github.com/astral-sh/ruff/issues/14594">#14594</a>
        opened by <a href="https://github.com/eli-schwartz">@eli-schwartz</a>
        on 2024-11-25 23:19
    </div>

    <div class="timeline">
        <div class="timeline-entry">
            <div class="timeline-header">Issue opened by <a href="https://github.com/eli-schwartz">@eli-schwartz</a> on 2024-11-25 23:19</div>
            <div class="timeline-body"><p>I attempted to package ruff 0.8.0 as a distro package update for Gentoo Linux. The new version fails to run tests.</p>
<p>Possibly relevant environment information:</p>
<pre><code>$ rustc --version
rustc 1.81.0 (eeb90cda1 2024-09-04) (gentoo)
</code></pre>
<p>I notice that the CI/releases seem to be using 1.82 since ruff 0.7.1 but that version hasn't been stabilized in Gentoo yet...</p>
<p>Failed assertion:</p>
<pre><code> * /usr/lib/rust/1.81.0/bin/cargo test --release --target-dir /var/tmp/portage/dev-util/ruff-0.8.0/work/ruff-0.8.0/tested-target/

[... lots of building ...]

failures:

---- types::infer::tests::basic_async_comprehension stdout ----
thread 'types::infer::tests::basic_async_comprehension' panicked at crates/red_knot_python_semantic/src/types/infer.rs:5998:9:
assertion `left == right` failed
  left: &quot;@Todo&quot;
 right: &quot;@Todo(async iterables/iterators)&quot;

---- types::infer::tests::invalid_async_comprehension stdout ----
thread 'types::infer::tests::invalid_async_comprehension' panicked at crates/red_knot_python_semantic/src/types/infer.rs:5968:9:
assertion `left == right` failed
  left: &quot;@Todo&quot;
 right: &quot;@Todo(async iterables/iterators)&quot;


failures:
    types::infer::tests::basic_async_comprehension
    types::infer::tests::invalid_async_comprehension

test result: FAILED. 431 passed; 2 failed; 0 ignored; 0 measured; 0 filtered out; finished in 0.68s
</code></pre>
<p>Exhaustively exhaustive build + test logs: <a href="https://github.com/user-attachments/files/17910023/build.log">build.log</a></p>
</div>
        </div>
        <div class="timeline-entry">
            <div class="timeline-header">Comment by <a href="https://github.com/MichaReiser">@MichaReiser</a> on 2024-11-26 08:03</div>
            <div class="timeline-body"><p>@sharkdp would you mind taking a look at this. It seems that our mdtests now fail if the tests are run in release mode. I suspect that we need to roll-back the change to assert on specific <code>@Todo(source)</code> comments</p>
</div>
        </div>
        <div class="timeline-entry">
            <div class="event">Label <span class="label">testing</span> added by @MichaReiser on 2024-11-26 08:04</div>
        </div>
        <div class="timeline-entry">
            <div class="event">Label <span class="label">red-knot</span> added by @MichaReiser on 2024-11-26 08:04</div>
        </div>
        <div class="timeline-entry">
            <div class="event">Assigned to @sharkdp by @sharkdp on 2024-11-26 08:37</div>
        </div>
        <div class="timeline-entry">
            <div class="event">Referenced in <a href="../pulls/14604.html">astral-sh/ruff#14604</a> on 2024-11-26 09:34</div>
        </div>
        <div class="timeline-entry">
            <div class="event">Closed by @sharkdp on 2024-11-26 14:40</div>
        </div>
    </div>

    <footer>
        Synced at 2026-01-09 23:28:14 UTC
    </footer>
</body>
</html>
