<!DOCTYPE html>
<html lang="en">
<head>
    <meta charset="UTF-8">
    <meta name="viewport" content="width=device-width, initial-scale=1.0">
    <title>not compile `flake8-to-ruff` (bin &quot;flake8-to-ruff&quot;) due to previous error          ~/.../cryptography/ruff $ cargo run --bin flake8-to-ruff - astral-sh/ruff #8498</title>
    <link rel="stylesheet" href="../../../style.css">
</head>
<body>
    <div class="back-link">
        <a href="../../../index.html">Back to index</a>
    </div>

    <h1>not compile `flake8-to-ruff` (bin &quot;flake8-to-ruff&quot;) due to previous error          ~/.../cryptography/ruff $ cargo run --bin flake8-to-ruff</h1>

    <div class="meta">
        <span class="state state-closed">Closed</span>
        <a href="https://github.com/astral-sh/ruff/issues/8498">#8498</a>
        opened by <a href="https://github.com/hotKe">@hotKe</a>
        on 2023-11-05 22:16
    </div>

    <div class="timeline">
        <div class="timeline-entry">
            <div class="timeline-header">Issue opened by <a href="https://github.com/hotKe">@hotKe</a> on 2023-11-05 22:16</div>
            <div class="timeline-body"><p>,e6\x89\x8b\xe6\x95\xb2\xe7\x9a\x84\xe4\xbb\xa3\xe7\xa0\x81(\xe4\xb8\xad\xe6\x96\x87\xe6\xb3\xa8\xe9\x87\x8a)/chapter2/cryptography/ruff/target/debug/deps/flake8_to_ruff-e4a0abb456ac5239&quot; &quot;-Wl,--gc-sections&quot; &quot;-pie&quot; &quot;-Wl,-z,relro,-z,now&quot; &quot;-nodefaultlibs&quot;                               = note: PLEASE submit a bug report to https://github.com/llvm/llvm-project/issues/ and include the crash backtrace.                                     cc: error: unable to execute command: Aborted                                                   cc: error: linker command failed due to signal (use -v to see invocation)                                                                                                             error: could not compile <code>flake8-to-ruff</code> (bin &quot;flake8-to-ruff&quot;) due to previous</p>
</div>
        </div>
        <div class="timeline-entry">
            <div class="timeline-header">Comment by <a href="https://github.com/charliermarsh">@charliermarsh</a> on 2023-11-06 00:28</div>
            <div class="timeline-body"><p>Sorry, can you share more information about what you're trying to do, and what error you ran into?</p>
</div>
        </div>
        <div class="timeline-entry">
            <div class="timeline-header">Comment by <a href="https://github.com/hotKe">@hotKe</a> on 2023-11-06 01:21</div>
            <div class="timeline-body"><p>sr/lib/rustlib/aarch64-linux-android/lib/libcfg_if-25f2b0fabc3205fd.rlib&quot; &quot;/data/data/com.termux/files/usr/lib/rustlib/aarch64-linux-android/lib/liblibc-fdc5024e97210688.rlib&quot; &quot;/data/data/com.termux/files/usr/lib/rustlib/aarch64-linux-android/lib/liballoc-09acafac86c686dd.rlib&quot; &quot;/data/data/com.termux/files/usr/lib/rustlib/aarch64-linux-android/lib/librustc_std_workspace_core-399488a993d21146.rlib&quot; &quot;/data/data/com.termux/files/usr/lib/rustlib/aarch64-linux-android/lib/libcore-f1d02f19452ca532.rlib&quot; &quot;/data/data/com.termux/files/usr/lib/rustlib/aarch64-linux-android/lib/libcompiler_builtins-341cafe7ca1a2fe2.rlib&quot; &quot;-Wl,-Bdynamic&quot; &quot;-ldl&quot; &quot;-llog&quot; &quot;-lunwind&quot; &quot;-ldl&quot; &quot;-lm&quot; &quot;-lc&quot; &quot;-Wl,--eh-frame-hdr&quot; &quot;-Wl,-z,noexecstack&quot; &quot;-L&quot; &quot;/data/data/com.termux/files/usr/lib/rustlib/aarch64-linux-android/lib&quot; &quot;-o&quot; &quot;/data/data/com.termux/files/home/python-hacker-code/\xe6\x88\x91\xe6\x89\x8b\xe6\x95\xb2\xe7\x9a\x84\xe4\xbb\xa3\xe7\xa0\x81(\xe4\xb8\xad\xe6\x96\x87\xe6\xb3\xa8\xe9\x87\x8a)/chapter2/cryptography/ruff/target/debug/deps/flake8_to_ruff-e4a0abb456ac5239&quot; &quot;-Wl,--gc-sections&quot; &quot;-pie&quot; &quot;-Wl,-z,relro,-z,now&quot; &quot;-nodefaultlibs&quot;
= note: PLEASE submit a bug report to https://github.com/llvm/llvm-project/issues/ and include the crash backtrace.
cc: error: unable to execute command: Aborted
cc: error: linker command failed due to signal (use -v to see invocation)</p>
<p>warning: <code>flake8-to-ruff</code> (bin &quot;flake8-to-ruff&quot;) generated 1 warning
error: could not compile <code>flake8-to-ruff</code> (bin &quot;flake8-to-ruff&quot;) due to previous error; 1 warning emitted
~/.../cryptography/ruff $i use command in termux cargo run --bin flake8-to-ruff`</p>
</div>
        </div>
        <div class="timeline-entry">
            <div class="event">Closed by @charliermarsh on 2023-11-06 04:34</div>
        </div>
    </div>

    <footer>
        Synced at 2026-01-09 23:34:51 UTC
    </footer>
</body>
</html>
