<!DOCTYPE html>
<html lang="en">
<head>
    <meta charset="UTF-8">
    <meta name="viewport" content="width=device-width, initial-scale=1.0">
    <title>[Linter panic] - astral-sh/ruff #9162</title>
    <link rel="stylesheet" href="../../../style.css">
</head>
<body>
    <div class="back-link">
        <a href="../../../index.html">Back to index</a>
    </div>

    <h1>[Linter panic]</h1>

    <div class="meta">
        <span class="state-icon state-closed"></span>
        <a href="https://github.com/astral-sh/ruff/issues/9162">#9162</a>
        opened by <a href="https://github.com/dycw">@dycw</a>
        on 2023-12-16 12:29
    </div>

    <div class="timeline">
        <div class="timeline-entry">
            <div class="timeline-header">Issue opened by <a href="https://github.com/dycw">@dycw</a> on 2023-12-16 12:29</div>
            <div class="timeline-body"><!--
Thank you for taking the time to report an issue! We're glad to have you involved with Ruff.

If you're filing a bug report, please consider including the following information:

* A minimal code snippet that reproduces the bug.
* The command you invoked (e.g., `ruff /path/to/file.py --fix`), ideally including the `--isolated` flag.
* The current Ruff settings (any relevant sections from your `pyproject.toml`).
* The current Ruff version (`ruff --version`).
-->

<h1>Command</h1>
<pre><code class="language-console">ruff --unsafe-fixes --fix .
</code></pre>
<h1>Stack trace</h1>
<pre><code class="language-console">panicked at /private/tmp/ruff-20231213-5372-n34weh/ruff-0.1.8/crates/ruff_text_size/src/range.rs:48:9:
assertion failed: start.raw &lt;= end.raw
Backtrace:    0: std::backtrace::Backtrace::force_capture
   1: ruff_cli::panic::catch_unwind::{{closure}}
   2: std::panicking::rust_panic_with_hook
   3: std::panicking::begin_panic_handler::{{closure}}
   4: std::sys_common::backtrace::__rust_end_short_backtrace
   5: _rust_begin_unwind
   6: core::panicking::panic_fmt
   7: core::panicking::panic
   8: ruff_linter::linter::lint_fix
   9: ruff_cli::commands::check::check::{{closure}}
  10: rayon::iter::plumbing::bridge_producer_consumer::helper
  11: rayon_core::join::join_context::{{closure}}
  12: rayon::iter::plumbing::bridge_producer_consumer::helper
  13: rayon_core::join::join_context::{{closure}}
  14: rayon::iter::plumbing::bridge_producer_consumer::helper
  15: &lt;rayon_core::job::StackJob&lt;L,F,R&gt; as rayon_core::job::Job&gt;::execute
  16: rayon_core::registry::WorkerThread::wait_until_cold
  17: rayon_core::join::join_context::{{closure}}
  18: rayon::iter::plumbing::bridge_producer_consumer::helper
  19: rayon_core::join::join_context::{{closure}}
  20: rayon::iter::plumbing::bridge_producer_consumer::helper
  21: rayon_core::join::join_context::{{closure}}
  22: rayon::iter::plumbing::bridge_producer_consumer::helper
  23: &lt;rayon_core::job::StackJob&lt;L,F,R&gt; as rayon_core::job::Job&gt;::execute
  24: rayon_core::registry::WorkerThread::wait_until_cold
  25: std::sys_common::backtrace::__rust_begin_short_backtrace
  26: core::ops::function::FnOnce::call_once{{vtable.shim}}
  27: std::sys::unix::thread::Thread::new::thread_start
  28: __pthread_joiner_wake
</code></pre>
<h1><code>pyproject.toml</code></h1>
<pre><code class="language-toml">#
# build-system

[build-system]
build-backend = &quot;hatchling.build&quot;
requires = [&quot;hatchling&quot;]

# project
[project]
authors = [{name = &quot;Derek Wan&quot;, email = &quot;d.wan@icloud.com&quot;}]
dependencies = [
  &quot;atomicwrites &gt;= 1.4.1&quot;,
  &quot;beartype &gt;= 0.16.4&quot;,
  &quot;bidict &gt;= 0.22.1&quot;,
  &quot;click &gt;= 8.1.7&quot;,
  &quot;frozendict &gt;= 2.3.10&quot;,
  &quot;loguru &gt;= 0.7.2&quot;,
  &quot;more-itertools &gt;= 10.1.0&quot;,
  &quot;pathvalidate &gt;= 3.2.0&quot;,
  &quot;pyhumps &gt;= 3.8.0&quot;,
  &quot;semver &gt;= 3.0.2&quot;,
  &quot;tqdm &gt;= 4.66.1&quot;,
  &quot;typed-settings &gt;= 23.1.1&quot;,
  &quot;typing-extensions &gt;= 4.9.0&quot;,
]
dynamic = [&quot;version&quot;]
name = &quot;dycw-utilities&quot;
readme = &quot;README.md&quot;
requires-python = &quot;&gt;= 3.10&quot;

[project.optional-dependencies]
airium = [&quot;airium &gt;= 0.2.6&quot;]
ast-comments = [&quot;ast-comments &gt;= 1.2.0&quot;]
attrs = [&quot;attrs &gt;= 23.1.0&quot;]
beautifulsoup4 = [&quot;beautifulsoup4 &gt;= 4.12.2&quot;]
bottleneck = [&quot;bottleneck &gt;= 1.3.7&quot;]
cryptography = [&quot;cryptography &gt;= 41.0.7&quot;]
cvxpy = [&quot;cvxpy &gt;= 1.4.1&quot;]
dev = [
  # core
  &quot;airium &gt;= 0.2.6&quot;,
  &quot;ast-comments &gt;= 1.2.0&quot;,
  &quot;attrs &gt;= 23.1.0&quot;,
  &quot;beautifulsoup4 &gt;= 4.12.2&quot;,
  &quot;bottleneck &gt;= 1.3.7&quot;,
  &quot;cryptography &gt;= 41.0.7&quot;,
  &quot;cvxpy &gt;= 1.4.1&quot;,
  &quot;fastapi &gt;= 0.104.1&quot;,
  &quot;fpdf2 &gt;= 2.7.6&quot;,
  &quot;hatch &gt;= 1.7.0&quot;,
  &quot;holoviews &gt;= 1.18.1&quot;,
  &quot;hypothesis &gt;= 6.92.0&quot;,
  &quot;luigi &gt;= 3.4.0&quot;,
  &quot;mdutils &gt;= 1.6.0&quot;,
  &quot;memory-profiler &gt;= 0.61.0&quot;,
  &quot;numbagg &gt;= 0.6.7&quot;,
  &quot;numpy &gt;= 1.26.2&quot;,
  &quot;pandas &gt;= 2.1.3&quot;,
  &quot;polars &gt;= 0.19.19&quot;,
  &quot;pqdm &gt;= 0.2.0&quot;,
  &quot;psutil &gt;= 5.9.6&quot;,
  &quot;pydantic &gt;= 2.5.2&quot;,
  &quot;pyinstrument &gt;= 4.6.1&quot;,
  &quot;pypiserver[passlib] &gt;= 2.0.1&quot;,
  &quot;pytest &gt;= 7.4.3&quot;,
  &quot;pytest-check &gt;= 2.2.2&quot;,
  &quot;scipy &gt;= 1.11.4&quot;,
  &quot;selenium &gt;= 4.16.0&quot;,
  &quot;sqlalchemy &gt;= 2.0.23&quot;,
  &quot;streamlit &gt;= 1.29.0&quot;,
  &quot;timeout-decorator &gt;= 0.5.0&quot;,
  &quot;xarray &gt;= 2023.11.0&quot;,
  &quot;xlrd &gt;= 2.0.1&quot;,
  &quot;zarr &gt;= 2.16.1&quot;,
  # dev
  &quot;nox&quot;,
  &quot;pip-tools&quot;,
  # sqlalchemy-dbs
  &quot;cx-oracle&quot;,
  &quot;mysqlclient&quot;,  # ci-mac-disable
  &quot;psycopg2-binary&quot;,
  &quot;pyodbc&quot;,
  # test
  &quot;coverage-conditional-plugin &gt;= 0.9.0&quot;,
  &quot;exceptiongroup &gt;= 1.1.3&quot;,
  &quot;freezegun &gt;= 1.3.1&quot;,
  &quot;pytest-cov &gt;= 4.1.0&quot;,
  &quot;pytest-instafail &gt;= 0.5.0&quot;,
  &quot;pytest-randomly &gt;= 3.15.0&quot;,
  &quot;pytest-timeout &gt;= 2.2.0&quot;,
  &quot;pytest-xdist &gt;= 3.3.1&quot;,
]
fastapi = [&quot;fastapi &gt;= 0.104.1&quot;]
fpdf2 = [&quot;fpdf2 &gt;= 2.7.6&quot;, &quot;holoviews &gt;= 1.18.1&quot;, &quot;selenium &gt;= 4.16.0&quot;]
hatch = [&quot;hatch &gt;= 1.7.0&quot;]
holoviews = [&quot;holoviews &gt;= 1.18.1&quot;, &quot;selenium &gt;= 4.16.0&quot;]
hypothesis = [&quot;hypothesis &gt;= 6.92.0&quot;]
luigi = [&quot;luigi &gt;= 3.4.0&quot;]
mdutils = [&quot;mdutils &gt;= 1.6.0&quot;]
memory-profiler = [&quot;memory-profiler &gt;= 0.61.0&quot;]
numbagg = [&quot;numbagg &gt;= 0.6.7&quot;]
numpy = [&quot;numpy &gt;= 1.26.2&quot;]
pandas = [&quot;pandas &gt;= 2.1.3&quot;]
polars = [&quot;polars &gt;= 0.19.19&quot;]
pqdm = [&quot;pqdm &gt;= 0.2.0&quot;]
psutil = [&quot;psutil &gt;= 5.9.6&quot;]
pydantic = [&quot;pydantic &gt;= 2.5.2&quot;]
pyinstrument = [&quot;pyinstrument &gt;= 4.6.1&quot;]
pypiserver = [&quot;pypiserver[passlib] &gt;= 2.0.1&quot;]
pytest = [&quot;pytest &gt;= 7.4.3&quot;]
pytest-check = [&quot;pytest-check &gt;= 2.2.2&quot;]
scipy = [&quot;scipy &gt;= 1.11.4&quot;]
scripts-csv-to-markdown = [&quot;mdutils &gt;= 1.6.0&quot;]
scripts-generate-snippets = [&quot;ast-comments &gt;= 1.2.0&quot;]
scripts-luigi = [&quot;luigi &gt;= 3.4.0&quot;]
scripts-pypi = [&quot;pypiserver[passlib] &gt;= 2.0.1&quot;]
selenium = [&quot;selenium &gt;= 4.16.0&quot;]
sqlalchemy = [&quot;sqlalchemy &gt;= 2.0.23&quot;]
sqlalchemy-dbs = [&quot;cx-oracle&quot;, &quot;mysqlclient&quot;, &quot;psycopg2-binary&quot;, &quot;pyodbc&quot;]
streamlit = [&quot;streamlit &gt;= 1.29.0&quot;]
test = [
  &quot;exceptiongroup &gt;= 1.1.3&quot;,
  &quot;pytest &gt;= 7.4.0&quot;,
  &quot;pytest-instafail &gt;= 0.5.0&quot;,
  &quot;pytest-randomly &gt;= 3.15.0&quot;,
  &quot;pytest-xdist &gt;= 3.3.1&quot;,
]
xarray = [&quot;xarray &gt;= 2023.11.0&quot;]
xlrd = [&quot;xlrd &gt;= 2.0.1&quot;]
zarr = [&quot;zarr &gt;= 2.16.1&quot;]

[project.scripts]
clean-dir = &quot;utilities.scripts.clean_dir:main&quot;
csv-to-markdown = &quot;utilities.scripts.csv_to_markdown:main&quot;
generate-snippets = &quot;utilities.scripts.generate_snippets:main&quot;
monitor-memory = &quot;utilities.scripts.monitor_memory:main&quot;
start-luigi-server = &quot;utilities.scripts.luigi.server:main&quot;
start-pypi-server = &quot;utilities.scripts.pypi_server:main&quot;

# coverage
[tool.coverage]

[tool.coverage.coverage_conditional_plugin.rules]
os-eq-linux = 'sys_platform == &quot;linux&quot;'
os-eq-macos = 'sys_platform == &quot;darwin&quot;'
os-eq-windows = 'sys_platform == &quot;windows&quot;'
os-ne-linux = 'sys_platform != &quot;linux&quot;'
os-ne-macos = 'sys_platform != &quot;darwin&quot;'
os-ne-windows = 'sys_platform != &quot;windows&quot;'
version-ge-311 = &quot;sys_version_info &gt;= (3, 11)&quot;

[tool.coverage.html]
directory = &quot;.coverage/html&quot;

[tool.coverage.report]
exclude_lines = [
  &quot;@overload&quot;,
  &quot;# pragma: no cover&quot;,
  &quot;assert_never&quot;,
  &quot;case _ as never:&quot;,
]
fail_under = 100.0
skip_covered = true
skip_empty = true

[tool.coverage.run]
branch = true
data_file = &quot;.coverage/data&quot;
omit = [&quot;src/utilities/clean_dir/__main__.py&quot;, &quot;src/utilities/streamlit.py&quot;]
parallel = true
plugins = [&quot;coverage_conditional_plugin&quot;]

# hatch
[tool.hatch]

[tool.hatch.build]
sources = [&quot;src&quot;]

[tool.hatch.build.targets.wheel]
packages = [&quot;src/utilities&quot;]

[tool.hatch.version]
path = &quot;src/utilities/__init__.py&quot;

# nitpick
[tool.nitpick]
style = [
  &quot;https://raw.githubusercontent.com/dycw/nitpick/master/styles/3.10.toml&quot;,
  &quot;https://raw.githubusercontent.com/dycw/nitpick/master/styles/common.toml&quot;,
  &quot;https://raw.githubusercontent.com/dycw/nitpick/master/styles/pip-compile-no-hashes.toml&quot;,
]

# pyright
[tool.pyright]
exclude = [&quot;**/__pycache__&quot;, &quot;.direnv&quot;, &quot;.git&quot;, &quot;.nox&quot;]
executionEnvironments = [{root = &quot;src&quot;}]
include = [&quot;src&quot;]
pythonVersion = &quot;3.10&quot;
reportImplicitOverride = &quot;error&quot;
reportImportCycles = &quot;error&quot;
reportMissingSuperCall = &quot;error&quot;
reportMissingTypeArgument = false
reportMissingTypeStubs = false
reportPrivateImportUsage = false
reportPrivateUsage = false
reportPropertyTypeMismatch = &quot;error&quot;
reportShadowedImports = &quot;error&quot;
reportUninitializedInstanceVariable = &quot;error&quot;
reportUnknownArgumentType = false
reportUnknownMemberType = false
reportUnknownParameterType = false
reportUnknownVariableType = false
reportUnnecessaryTypeIgnoreComment = &quot;error&quot;
reportUntypedBaseClass = false
reportUnusedCallResult = &quot;error&quot;
typeCheckingMode = &quot;strict&quot;

# pytest
[tool.pytest]

[tool.pytest.ini_options]
addopts = [
  &quot;-rsxX&quot;,
  &quot;--color=auto&quot;,
  &quot;--cov=utilities&quot;,
  &quot;--cov-config=pyproject.toml&quot;,
  &quot;--cov-report=html&quot;,
  &quot;--strict-markers&quot;,
  &quot;--tb=native&quot;,
]
filterwarnings = [
  &quot;error&quot;,
  &quot;ignore::DeprecationWarning&quot;,
  &quot;ignore::FutureWarning&quot;,
  &quot;ignore:Implicitly cleaning up &lt;TemporaryDirectory '.*'&gt;:ResourceWarning&quot;,
  &quot;ignore:unclosed file &lt;.*&gt;:ResourceWarning&quot;,
]
minversion = &quot;7.0&quot;
testpaths = [&quot;src/tests&quot;]
timeout = 600
xfail_strict = true

# ruff
[tool.ruff]
ignore = [
  &quot;ANN101&quot;,  # flake8-annotations, missing-type-self
  &quot;ANN102&quot;,  # flake8-annotations, missing-type-cls
  &quot;ANN401&quot;,  # flake8-annotations, dynamically-typed-expression
  &quot;B008&quot;,  # flake8-bugbear, function-call-argument-default
  &quot;COM812&quot;,  # flake8-commas, trailing-comma-missing
  &quot;PGH003&quot;,  # pygrep-hooks, blanket-type-ignore
  &quot;PLR0913&quot;,  # refactor, too-many-arguments
  &quot;PT012&quot;,  # flake8-pytest-style, raises-with-multiple-statements
  &quot;PT013&quot;,  # flake8-pytest-style, incorrect-pytest-import
  # formatter
  &quot;E501&quot;,  # pycodestyle, line-too-long
  &quot;ISC001&quot;,  # flake8-implicit-str-concat, single-line-implicit-string-concatenation
  &quot;W191&quot;,  # pycodestyle, tab-indentation
]
select = [
  &quot;A&quot;,  # flake8-builtins
  &quot;ANN&quot;,  # flake8-annotations
  &quot;ARG&quot;,  # flake8-unused-arguments
  &quot;ASYNC&quot;,  # flake8-async
  &quot;B&quot;,  # flake8-bugbear
  &quot;BLE&quot;,  # flake8-blind-excpt
  &quot;C4&quot;,  # flake8-comprehensions
  &quot;DTZ&quot;,  # flake8-datetimez
  &quot;E&quot;,  # pycodestyle
  &quot;EM&quot;,  # flake8-errmsg
  &quot;ERA&quot;,  # eradicate
  &quot;EXE&quot;,  # flake8-executable
  &quot;F&quot;,  # pyflakes
  &quot;FA&quot;,  # flake8-future-annotations
  &quot;FBT&quot;,  # flake8-boolean-trap
  &quot;FIX&quot;,  # flake8-fixme
  &quot;FLY&quot;,  # flynt
  &quot;FURB&quot;,  # refurb
  &quot;G&quot;,  # flake8-logging-format
  &quot;I&quot;,  # isort
  &quot;ICN&quot;,  # flake8-import-conventions
  &quot;INP&quot;,  # flake8-no-pep420
  &quot;INT&quot;,  # flake8-gettext
  &quot;ISC&quot;,  # flake8-implicit-str-concat
  &quot;LOG&quot;,  # flake8-logging
  &quot;N&quot;,  # pep8-naming
  &quot;NPY&quot;,  # numpy-specific-rules
  &quot;PERF&quot;,  # perflint
  &quot;PGH&quot;,  # pygrep-hooks
  &quot;PIE&quot;,  # flake8-pie
  &quot;PL&quot;,  # pylint
  &quot;PT&quot;,  # flake8-pytest-style
  &quot;PTH&quot;,  # flake8-use-pathlib
  &quot;PYI&quot;,  # flake8-pyi
  &quot;RET&quot;,  # flake8-return
  &quot;RSE&quot;,  # flake8-raise
  &quot;RUF&quot;,  # ruff
  &quot;S&quot;,  # flake8-bandit
  &quot;SIM&quot;,  # flake8-simplify
  &quot;SLF&quot;,  # flake8-self
  &quot;SLOT&quot;,  # flake8-slots
  &quot;T10&quot;,  # flake8-debugger
  &quot;T20&quot;,  # flake8-print
  &quot;TD&quot;,  # flake8-todos
  &quot;TID&quot;,  # flake8-tidy-imports
  &quot;TCH&quot;,  # flake8-type-checking
  &quot;TRY&quot;,  # tryceratops
  &quot;UP&quot;,  # pyupgrade
  &quot;W&quot;,  # pycodestyle
  &quot;YTT&quot;,  # flake8-2020
]
src = [&quot;src&quot;]
target-version = &quot;py310&quot;

[tool.ruff.lint.extend-per-file-ignores]
&quot;src/tests/**/*.py&quot; = [
  &quot;FBT001&quot;,  # flake8-boolean-trap, boolean-positional-arg-in-function-definition
  &quot;FBT003&quot;,  # flake8-boolean-trap, boolean-positional-value-in-function-call
  &quot;PLR2004&quot;,  # refactor, magic-value-comparison
  &quot;S101&quot;,  # flake8-bandit, assert-used
]
&quot;src/tests/luigi/test_*.py&quot; = [&quot;I002&quot;]  # isort, missing-required-import
&quot;src/tests/typed_settings/test_*.py&quot; = [&quot;I002&quot;]  # isort, missing-required-import
&quot;src/utilities/_luigi/typed_settings.py&quot; = [
  &quot;I002&quot;,
]  # isort, missing-required-import

[tool.ruff.lint.flake8-bugbear]
extend-immutable-calls = [&quot;utilities.typed_settings.click_field&quot;]

[tool.ruff.lint.flake8-tidy-imports]
ban-relative-imports = &quot;all&quot;

[tool.ruff.lint.flake8-type-checking]
quote-annotations = true
</code></pre>
<h1>Version</h1>
<pre><code class="language-console">&gt; ruff version
ruff 0.1.8
</code></pre>
<h2></h2>
<p>P.S. Sorry it's currently not feasible for me to out a minimal example..</p>
</div>
        </div>
        <div class="timeline-entry">
            <div class="timeline-header">Comment by <a href="https://github.com/charliermarsh">@charliermarsh</a> on 2023-12-16 14:20</div>
            <div class="timeline-body"><p>Thanks for filing. Unfortunately there isn't much we can do without an example file or code snippet that triggers the issue (minimal or not -- anything would be fine). As-is, it's a very generic trace, so it's kind of like saying &quot;There's a bug <em>somewhere</em> in Ruff&quot;. Any chance you can provide more info? Otherwise, I'll have to close :/</p>
</div>
        </div>
        <div class="timeline-entry">
            <div class="event">Label <span class="label">question</span> added by @charliermarsh on 2023-12-16 14:20</div>
        </div>
        <div class="timeline-entry">
            <div class="timeline-header">Comment by <a href="https://github.com/dycw">@dycw</a> on 2023-12-16 16:44</div>
            <div class="timeline-body"><p>Hi @charliermarsh , I've gone ahead and done this (even though it's late!).</p>
<p>Please see https://github.com/dycw/ruff-0.1.8-bug/tree/0.1.0 , or, for posterity:</p>
<h2><code>pyproject.toml</code></h2>
<pre><code class="language-toml">[tool.ruff]
select = [&quot;TCH&quot;]

[tool.ruff.lint.flake8-type-checking]
quote-annotations = true
</code></pre>
<h2><code>test.py</code></h2>
<pre><code class="language-python">from typing import TYPE_CHECKING

if TYPE_CHECKING:
    from collections.abc import Callable

    from something import asdf


def func() -&gt; Callable[[Callable[_P, _R]], Callable[_P, _R]]:
    &quot;&quot;&quot;Factory for decorators which caches locally using pickles.&quot;&quot;&quot;
</code></pre>
<h2>Result</h2>
<pre><code class="language-console">‚îå‚îÄ‚îÄ‚îÄ‚îÄ‚îÄ‚îÄ‚îÄ‚îÄ‚îÄ‚îÄ‚îÄ‚îÄ‚îÄ‚îÄ‚îÄ‚îÄ‚îÄ‚îÄ‚îÄ‚îÄ‚îÄ‚îÄ‚îÄ‚îÄ‚îÄ‚îÄ‚îÄ‚îÄ‚îÄ‚îÄ‚îÄ‚îÄ‚îÄ‚îÄ‚îÄ‚îÄ‚îÄ‚îÄ‚îÄ‚îÄ‚îÄ‚îÄ‚îÄ‚îÄ‚îÄ‚îÄ‚îÄ‚îÄ‚îÄ‚îÄ‚îÄ‚îÄ‚îÄ‚îÄ‚îÄ‚îÄ‚îÄ‚îÄ‚îÄ 2023-12-17 00:41:51
‚îÇ DW-Mac derek .../ruff-0.1.8-bug ÓÇ† master ? ! +4-1
‚îÇ üêç 3.10.13
‚îî ‚ùØ which ruff
/opt/homebrew/bin/ruff

‚îå‚îÄ‚îÄ‚îÄ‚îÄ‚îÄ‚îÄ‚îÄ‚îÄ‚îÄ‚îÄ‚îÄ‚îÄ‚îÄ‚îÄ‚îÄ‚îÄ‚îÄ‚îÄ‚îÄ‚îÄ‚îÄ‚îÄ‚îÄ‚îÄ‚îÄ‚îÄ‚îÄ‚îÄ‚îÄ‚îÄ‚îÄ‚îÄ‚îÄ‚îÄ‚îÄ‚îÄ‚îÄ‚îÄ‚îÄ‚îÄ‚îÄ‚îÄ‚îÄ‚îÄ‚îÄ‚îÄ‚îÄ‚îÄ‚îÄ‚îÄ‚îÄ‚îÄ‚îÄ‚îÄ‚îÄ‚îÄ‚îÄ‚îÄ‚îÄ 2023-12-17 00:41:57
‚îÇ DW-Mac derek .../ruff-0.1.8-bug ÓÇ† master ? ! +4-1
‚îÇ üêç 3.10.13
‚îî ‚ùØ ruff --version
ruff 0.1.8

‚îå‚îÄ‚îÄ‚îÄ‚îÄ‚îÄ‚îÄ‚îÄ‚îÄ‚îÄ‚îÄ‚îÄ‚îÄ‚îÄ‚îÄ‚îÄ‚îÄ‚îÄ‚îÄ‚îÄ‚îÄ‚îÄ‚îÄ‚îÄ‚îÄ‚îÄ‚îÄ‚îÄ‚îÄ‚îÄ‚îÄ‚îÄ‚îÄ‚îÄ‚îÄ‚îÄ‚îÄ‚îÄ‚îÄ‚îÄ‚îÄ‚îÄ‚îÄ‚îÄ‚îÄ‚îÄ‚îÄ‚îÄ‚îÄ‚îÄ‚îÄ‚îÄ‚îÄ‚îÄ‚îÄ‚îÄ‚îÄ‚îÄ‚îÄ‚îÄ 2023-12-17 00:42:01
‚îÇ DW-Mac derek .../ruff-0.1.8-bug ÓÇ† master ? ! +4-1
‚îÇ üêç 3.10.13
‚îî ‚ùØ ruff --unsafe-fixes --fix .
error: Panicked while linting test.py: This indicates a bug in Ruff. If you could open an issue at:

    https://github.com/astral-sh/ruff/issues/new?title=%5BLinter%20panic%5D

...with the relevant file contents, the `pyproject.toml` settings, and the following stack trace, we'd be very appreciative!

panicked at /private/tmp/ruff-20231213-5372-n34weh/ruff-0.1.8/crates/ruff_text_size/src/range.rs:48:9:
assertion failed: start.raw &lt;= end.raw
Backtrace:    0: std::backtrace::Backtrace::force_capture
   1: ruff_cli::panic::catch_unwind::{{closure}}
   2: std::panicking::rust_panic_with_hook
   3: std::panicking::begin_panic_handler::{{closure}}
   4: std::sys_common::backtrace::__rust_end_short_backtrace
   5: _rust_begin_unwind
   6: core::panicking::panic_fmt
   7: core::panicking::panic
   8: ruff_linter::linter::lint_fix
   9: ruff_cli::commands::check::check::{{closure}}
  10: rayon::iter::plumbing::bridge_producer_consumer::helper
  11: rayon_core::join::join_context::{{closure}}
  12: &lt;rayon_core::job::StackJob&lt;L,F,R&gt; as rayon_core::job::Job&gt;::execute
  13: rayon_core::registry::WorkerThread::wait_until_cold
  14: std::sys_common::backtrace::__rust_begin_short_backtrace
  15: core::ops::function::FnOnce::call_once{{vtable.shim}}
  16: std::sys::unix::thread::Thread::new::thread_start
  17: __pthread_joiner_wake
</code></pre>
</div>
        </div>
        <div class="timeline-entry">
            <div class="timeline-header">Comment by <a href="https://github.com/charliermarsh">@charliermarsh</a> on 2023-12-16 17:24</div>
            <div class="timeline-body"><p>Awesome, thanks! With a repro we can definitely fix. Much appreciated.</p>
</div>
        </div>
        <div class="timeline-entry">
            <div class="event">Label <span class="label">question</span> removed by @charliermarsh on 2023-12-16 17:24</div>
        </div>
        <div class="timeline-entry">
            <div class="event">Label <span class="label">bug</span> added by @charliermarsh on 2023-12-16 17:24</div>
        </div>
        <div class="timeline-entry">
            <div class="event">Assigned to @charliermarsh by @charliermarsh on 2023-12-16 21:34</div>
        </div>
        <div class="timeline-entry">
            <div class="event">Referenced in <a href="../pulls/9168.html">astral-sh/ruff#9168</a> on 2023-12-17 12:46</div>
        </div>
        <div class="timeline-entry">
            <div class="event">Closed by @charliermarsh on 2023-12-17 12:54</div>
        </div>
    </div>

    <footer>
        Synced at 2026-01-10 01:30:11 UTC
    </footer>
</body>
</html>
