<!DOCTYPE html>
<html lang="en">
<head>
    <meta charset="UTF-8">
    <meta name="viewport" content="width=device-width, initial-scale=1.0">
    <title>0.2.1: build fail - astral-sh/ruff #9933</title>
    <link rel="stylesheet" href="../../../style.css">
</head>
<body>
    <div class="back-link">
        <a href="../../../index.html">Back to index</a>
    </div>

    <h1>0.2.1: build fail</h1>

    <div class="meta">
        <span class="state-icon state-closed"></span>
        <a href="https://github.com/astral-sh/ruff/issues/9933">#9933</a>
        opened by <a href="https://github.com/kloczek">@kloczek</a>
        on 2024-02-11 18:53
    </div>

    <div class="timeline">
        <div class="timeline-entry">
            <div class="timeline-header">Issue opened by <a href="https://github.com/kloczek">@kloczek</a> on 2024-02-11 18:53</div>
            <div class="timeline-body"><p>Looks like something is wrong and ..</p>
<details>
<summary>build fails</summary>

<pre><code class="language-console">+ ASMFLAGS='-m64 -mtune=generic -fasynchronous-unwind-tables -fstack-clash-protection -fcf-protection -O2 -g -grecord-gcc-switches -pipe -specs=/usr/lib/rpm/redhat/redhat-annobin-cc1 -fno-omit-frame-pointer -mno-omit-leaf-frame-pointer -fdata-sections -ffunction-sections -fstack-protector-strong -specs=/usr/lib/rpm/redhat/redhat-hardened-cc1 -flto=auto -Wp,-U_FORTIFY_SOURCE,-D_FORTIFY_SOURCE=3 -Wp,-D_GLIBCXX_ASSERTIONS -Wall -Werror=format-security'
+ CFLAGS='-m64 -mtune=generic -fasynchronous-unwind-tables -fstack-clash-protection -fcf-protection -O2 -g -grecord-gcc-switches -pipe -specs=/usr/lib/rpm/redhat/redhat-annobin-cc1 -fno-omit-frame-pointer -mno-omit-leaf-frame-pointer -fdata-sections -ffunction-sections -fstack-protector-strong -specs=/usr/lib/rpm/redhat/redhat-hardened-cc1 -flto=auto -Wp,-U_FORTIFY_SOURCE,-D_FORTIFY_SOURCE=3 -Wp,-D_GLIBCXX_ASSERTIONS -Wall -Werror=format-security'
+ CXXFLAGS='-m64 -mtune=generic -fasynchronous-unwind-tables -fstack-clash-protection -fcf-protection -O2 -g -grecord-gcc-switches -pipe -specs=/usr/lib/rpm/redhat/redhat-annobin-cc1 -fno-omit-frame-pointer -mno-omit-leaf-frame-pointer -fdata-sections -ffunction-sections -fstack-protector-strong -specs=/usr/lib/rpm/redhat/redhat-hardened-cc1 -flto=auto -Wp,-U_FORTIFY_SOURCE,-D_FORTIFY_SOURCE=3 -Wp,-D_GLIBCXX_ASSERTIONS -Wall -Werror=format-security'
+ FFLAGS='-m64 -mtune=generic -fasynchronous-unwind-tables -fstack-clash-protection -fcf-protection -O2 -g -grecord-gcc-switches -pipe -specs=/usr/lib/rpm/redhat/redhat-annobin-cc1 -fno-omit-frame-pointer -mno-omit-leaf-frame-pointer -fdata-sections -ffunction-sections -fstack-protector-strong -specs=/usr/lib/rpm/redhat/redhat-hardened-cc1 -flto=auto -Wp,-U_FORTIFY_SOURCE,-D_FORTIFY_SOURCE=3 -Wp,-D_GLIBCXX_ASSERTIONS -Wall -Werror=format-security -I/usr/lib64/gfortran/modules'
+ FCFLAGS='-m64 -mtune=generic -fasynchronous-unwind-tables -fstack-clash-protection -fcf-protection -O2 -g -grecord-gcc-switches -pipe -specs=/usr/lib/rpm/redhat/redhat-annobin-cc1 -fno-omit-frame-pointer -mno-omit-leaf-frame-pointer -fdata-sections -ffunction-sections -fstack-protector-strong -specs=/usr/lib/rpm/redhat/redhat-hardened-cc1 -flto=auto -Wp,-U_FORTIFY_SOURCE,-D_FORTIFY_SOURCE=3 -Wp,-D_GLIBCXX_ASSERTIONS -Wall -Werror=format-security -I/usr/lib64/gfortran/modules'
+ LDFLAGS='-specs=/usr/lib/rpm/redhat/redhat-annobin-cc1 -Wl,--gc-sections -Wl,--as-needed -Wl,--build-id=sha1 -Wl,-z,now -specs=/usr/lib/rpm/redhat/redhat-hardened-ld -Wl,-z,pack-relative-relocs -flto=auto -fuse-linker-plugin'
+ RUSTFLAGS='-C codegen-units=1 -C debuginfo=2 -C opt-level=2 -C link-arg=-Wl,--as-needed -C link-arg=-Wl,--build-id=sha1 -C link-arg=-Wl,-z,now -C link-arg=-specs=/usr/lib/rpm/redhat/redhat-hardened-ld -C link-arg=-Wl,-z,pack-relative-relocs -C link-arg=-Wl,-z,relro -C link-arg=-flto=auto -Wp,-U_FORTIFY_SOURCE,-D_FORTIFY_SOURCE=3 -Wp,-D_GLIBCXX_ASSERTIONS --cap-lints=warn'
+ VALAFLAGS=-g
+ CC=/usr/bin/gcc
+ CXX=/usr/bin/g++
+ FC=/usr/bin/gfortran
+ AR=/usr/bin/gcc-ar
+ NM=/usr/bin/gcc-nm
+ RANLIB=/usr/bin/gcc-ranlib
+ export ASMFLAGS CFLAGS CXXFLAGS FFLAGS FCFLAGS LDFLAGS VALAFLAGS CC CXX FC AR NM RANLIB RUSTFLAGS VALAFLAGS
+ PBR_VERSION=0.2.1
+ PDM_BUILD_SCM_VERSION=0.2.1
+ SETUPTOOLS_SCM_PRETEND_VERSION=0.2.1
+ /usr/bin/python3 -sBm build -w --no-isolation
* Getting build dependencies for wheel...
* Building wheel...
Running `maturin pep517 build-wheel -i /usr/bin/python3 --compatibility off`
    Updating crates.io index
  Downloaded android-tzdata v0.1.1
  Downloaded imara-diff v0.1.5
  Downloaded ciborium-io v0.2.1
  Downloaded nextest-workspace-hack v0.1.0
  Downloaded bumpalo v3.13.0
  Downloaded rustix v0.38.28
  Downloaded colored v2.1.0
  Downloaded quick-xml v0.31.0
  Downloaded test-case v3.3.1
  Downloaded serde_test v1.0.176
  Downloaded serde-wasm-bindgen v0.6.3
  Downloaded serde_with_macros v3.6.0
  Downloaded vte v0.11.1
  Downloaded unic-char-property v0.9.0
  Downloaded unic-ucd-version v0.9.0
  Downloaded path-dedot v3.1.1
  Downloaded time-core v0.1.0
  Downloaded clearscreen v2.0.1
  Downloaded quick-junit v0.3.5
  Downloaded vt100 v0.15.2
  Downloaded redox_users v0.4.3
  Downloaded wasm-bindgen-test v0.3.40
  Downloaded scoped-tls v1.0.1
  Downloaded libcst v1.1.0
  Downloaded rustc-hash v1.1.0
  Downloaded pep440_rs v0.4.0
  Downloaded predicates v3.0.3
  Downloaded getopts v0.2.21
  Downloaded clap_complete v4.4.0
  Downloaded android_system_properties v0.1.5
  Downloaded hexf-parse v0.2.1
  Downloaded time v0.3.20
  Downloaded yansi-term v0.1.2
  Downloaded termcolor v1.2.0
  Downloaded shlex v1.3.0
  Downloaded iana-time-zone v0.1.57
  Downloaded terminal_size v0.3.0
  Downloaded bincode v1.3.3
  Downloaded wasm-bindgen-test-macro v0.3.40
  Downloaded flate2 v1.0.27
  Downloaded core-foundation-sys v0.8.4
  Downloaded sharded-slab v0.1.4
  Downloaded wild v2.2.1
  Downloaded filetime v0.2.23
  Downloaded serde_derive_internals v0.26.0
  Downloaded semver v1.0.21
  Downloaded winnow v0.5.15
  Downloaded pep508_rs v0.2.1
  Downloaded nix v0.26.4
  Downloaded kqueue-sys v1.0.4
  Downloaded is-wsl v0.4.0
  Downloaded ciborium-ll v0.2.1
  Downloaded wasm-bindgen-futures v0.4.40
  Downloaded seahash v4.1.0
  Downloaded dirs v4.0.0
  Downloaded cachedir v0.3.1
  Downloaded is-docker v0.2.0
  Downloaded vte_generate_state_changes v0.1.1
  Downloaded uuid-macro-internal v1.6.1
  Downloaded dyn-clone v1.0.13
  Downloaded darling v0.20.3
  Downloaded unic-char-range v0.9.0
  Downloaded tracing-indicatif v0.3.6
  Downloaded env_logger v0.10.1
  Downloaded argfile v0.1.6
  Downloaded thiserror-impl v1.0.51
  Downloaded mio v0.8.8
  Downloaded libcst_derive v1.1.0
  Downloaded test-case-macros v3.2.1
  Downloaded darling_core v0.20.3
  Downloaded kqueue v1.0.8
  Downloaded countme v3.0.1
  Downloaded schemars v0.8.16
  Downloaded result-like-derive v0.5.0
  Downloaded os_str_bytes v6.5.1
  Downloaded phf_codegen v0.11.2
  Downloaded hashbrown v0.14.2
  Downloaded which v4.4.0
  Downloaded notify v6.1.1
  Downloaded iana-time-zone-haiku v0.1.2
  Downloaded fastrand v2.0.0
  Downloaded darling_macro v0.20.3
  Downloaded drop_bomb v0.1.5
  Downloaded portable-atomic v1.4.3
  Downloaded pyproject-toml v0.8.2
  Downloaded annotate-snippets v0.9.2
  Downloaded terminfo v0.8.0
  Downloaded strip-ansi-escapes v0.2.0
  Downloaded is-macro v0.3.5
  Downloaded ciborium v0.2.1
  Downloaded typed-arena v2.0.2
  Downloaded yaml-rust v0.4.5
  Downloaded unicode_names2 v1.2.1
  Downloaded lalrpop-util v0.20.0
  Downloaded thiserror v1.0.51
  Downloaded result-like v0.5.0
  Downloaded serde_with v3.6.0
  Downloaded unic-common v0.9.0
  Downloaded shellexpand v3.1.0
  Downloaded dirs-sys v0.3.7
  Downloaded path-absolutize v3.1.1
  Downloaded base64 v0.21.3
  Downloaded ignore v0.4.22
  Downloaded console_log v1.0.0
  Downloaded ident_case v1.0.1
  Downloaded toml v0.8.9
  Downloaded tikv-jemallocator v0.5.4
  Downloaded pathdiff v0.2.1
  Downloaded zerocopy v0.7.30
  Downloaded similar v2.4.0
  Downloaded pmutil v0.6.1
  Downloaded console_error_panic_hook v0.1.7
  Downloaded bstr v1.6.2
  Downloaded schemars_derive v0.8.16
  Downloaded rustls v0.21.10
  Downloaded insta v1.34.0
  Downloaded insta-cmd v0.4.0
  Downloaded test-case-core v3.2.1
  Downloaded fern v0.6.2
  Downloaded unicode_names2_generator v1.2.1
  Downloaded natord v1.0.9
  Downloaded unic-ucd-category v0.9.0
  Downloaded imperative v1.0.5
  Downloaded clap_complete_fig v4.4.0
  Downloaded web-sys v0.3.64
  Downloaded tikv-jemalloc-sys v0.5.4+5.3.0-patched
  Downloaded regex-automata v0.3.9
  Downloaded zerocopy-derive v0.7.30
  Downloaded linux-raw-sys v0.4.12
  Downloaded rust-stemmers v1.2.0
  Downloaded ring v0.17.7
  Downloaded windows v0.48.0
  Downloaded 132 crates (29.1 MB) in 4.14s (largest was `windows` at 11.9 MB)
üçπ Building a mixed python/rust project
üîó Found bin bindings
üì° Using build options bindings from pyproject.toml
   Compiling unicode-ident v1.0.12
   Compiling proc-macro2 v1.0.78
   Compiling serde v1.0.196
   Compiling memchr v2.7.1
   Compiling libc v0.2.152
   Compiling cfg-if v1.0.0
   Compiling once_cell v1.19.0
   Compiling autocfg v1.1.0
   Compiling bitflags v2.4.1
   Compiling ppv-lite86 v0.2.17
   Compiling log v0.4.20
   Compiling either v1.9.0
   Compiling siphasher v0.3.11
   Compiling rustix v0.38.28
   Compiling anyhow v1.0.79
   Compiling utf8parse v0.2.1
   Compiling regex-syntax v0.8.2
   Compiling linux-raw-sys v0.4.12
   Compiling static_assertions v1.1.0
   Compiling Inflector v0.11.4
   Compiling thiserror v1.0.51
   Compiling wasm-bindgen-shared v0.2.90
   Compiling crunchy v0.2.2
   Compiling unicode-width v0.1.11
   Compiling time-core v0.1.0
   Compiling heck v0.4.1
   Compiling colorchoice v1.0.0
   Compiling tiny-keccak v2.0.2
   Compiling crossbeam-utils v0.8.16
   Compiling anstyle-query v1.0.0
   Compiling anstyle v1.0.2
   Compiling rustc-hash v1.1.0
   Compiling clap_lex v0.6.0
   Compiling ruff_text_size v0.0.0 (/home/tkloczko/rpmbuild/BUILD/ruff-0.2.1/crates/ruff_text_size)
   Compiling bumpalo v3.13.0
   Compiling strsim v0.10.0
   Compiling fnv v1.0.7
   Compiling smallvec v1.13.1
   Compiling tinyvec_macros v0.1.1
   Compiling ident_case v1.0.1
   Compiling time v0.3.20
   Compiling anstyle-parse v0.2.1
warning[E0602]: unknown lint: `p,_U_FORTIFY_SOURCE,_D_FORTIFY_SOURCE=3`
  |
  = note: requested on the command line with `-W p,_U_FORTIFY_SOURCE,_D_FORTIFY_SOURCE=3`
  = note: `#[warn(unknown_lints)]` on by default

warning[E0602]: unknown lint: `p,_D_GLIBCXX_ASSERTIONS`
  |
  = note: requested on the command line with `-W p,_D_GLIBCXX_ASSERTIONS`

   Compiling hashbrown v0.14.2
   Compiling getopts v0.2.21
   Compiling tinyvec v1.6.0
   Compiling equivalent v1.0.1
   Compiling wasm-bindgen v0.2.90
   Compiling pin-project-lite v0.2.13
   Compiling itertools v0.12.1
   Compiling lexical-util v0.8.5
   Compiling unic-char-range v0.9.0
   Compiling unic-common v0.9.0
   Compiling phf_shared v0.11.2
   Compiling tracing-core v0.1.32
For more information about this error, try `rustc --explain E0602`.
warning: `ruff_text_size` (lib) generated 2 warnings
   Compiling unicode-bidi v0.3.13
   Compiling scopeguard v1.2.0
   Compiling syn v1.0.109
   Compiling anstream v0.6.11
   Compiling rustversion v1.0.14
   Compiling lazy_static v1.4.0
   Compiling percent-encoding v2.3.1
   Compiling lalrpop-util v0.20.0
   Compiling unic-char-property v0.9.0
   Compiling unic-ucd-version v0.9.0
   Compiling glob v0.3.1
   Compiling nextest-workspace-hack v0.1.0
   Compiling serde_json v1.0.113
   Compiling peg-runtime v0.8.1
   Compiling phf v0.11.2
   Compiling seahash v4.1.0
   Compiling paste v1.0.14
   Compiling form_urlencoded v1.2.1
   Compiling winnow v0.5.15
   Compiling matches v0.1.10
   Compiling unic-ucd-category v0.9.0
   Compiling semver v1.0.21
   Compiling iana-time-zone v0.1.57
   Compiling annotate-snippets v0.6.1
   Compiling ryu v1.0.15
   Compiling bitflags v1.3.2
   Compiling itoa v1.0.9
   Compiling option-ext v0.2.0
   Compiling same-file v1.0.6
   Compiling hexf-parse v0.2.1
   Compiling is-docker v0.2.0
   Compiling walkdir v2.4.0
   Compiling path-dedot v3.1.1
   Compiling ruff_python_stdlib v0.0.0 (/home/tkloczko/rpmbuild/BUILD/ruff-0.2.1/crates/ruff_python_stdlib)
   Compiling ruff_source_file v0.0.0 (/home/tkloczko/rpmbuild/BUILD/ruff-0.2.1/crates/ruff_source_file)
   Compiling chic v1.2.2
   Compiling minimal-lexical v0.2.1
   Compiling aho-corasick v1.1.2
   Compiling bstr v1.6.2
   Compiling quick-xml v0.31.0
   Compiling rayon-core v1.12.1
   Compiling yansi-term v0.1.2
   Compiling drop_bomb v0.1.5
   Compiling path-absolutize v3.1.1
   Compiling nom v7.1.3
   Compiling is-wsl v0.4.0
   Compiling annotate-snippets v0.9.2
   Compiling colored v2.1.0
   Compiling fern v0.6.2
   Compiling natord v1.0.9
   Compiling fastrand v2.0.0
   Compiling pathdiff v0.2.1
   Compiling similar v2.4.0
   Compiling countme v3.0.1
   Compiling typed-arena v2.0.2
   Compiling crossbeam-channel v0.5.8
   Compiling unicode-normalization v0.1.22
   Compiling quote v1.0.35
   Compiling lexical-parse-integer v0.8.6
   Compiling os_str_bytes v6.5.1
   Compiling ruff v0.2.1 (/home/tkloczko/rpmbuild/BUILD/ruff-0.2.1/crates/ruff)
   Compiling wild v2.2.1
warning: `ruff_source_file` (lib) generated 2 warnings (2 duplicates)
warning: `ruff_python_stdlib` (lib) generated 2 warnings (2 duplicates)
   Compiling lexical-parse-float v0.8.5
   Compiling syn v2.0.48
   Compiling getrandom v0.2.10
   Compiling cc v1.0.83
   Compiling ruff_python_parser v0.0.0 (/home/tkloczko/rpmbuild/BUILD/ruff-0.2.1/crates/ruff_python_parser)
   Compiling idna v0.5.0
   Compiling rand_core v0.6.4
   Compiling memoffset v0.9.0
   Compiling crossbeam-epoch v0.9.15
   Compiling num-traits v0.2.16
   Compiling fs-err v2.11.0
warning: `ruff` (build script) generated 2 warnings (2 duplicates)
   Compiling rand_chacha v0.3.1
   Compiling ruff_python_trivia v0.0.0 (/home/tkloczko/rpmbuild/BUILD/ruff-0.2.1/crates/ruff_python_trivia)
   Compiling rand v0.8.5
   Compiling regex-automata v0.4.3
   Compiling argfile v0.1.6
warning: `ruff_python_parser` (build script) generated 2 warnings (2 duplicates)
   Compiling filetime v0.2.23
   Compiling dirs-sys v0.3.7
   Compiling dirs-sys v0.4.1
   Compiling inotify-sys v0.1.5
   Compiling which v4.4.0
   Compiling nix v0.26.4
   Compiling mio v0.8.8
   Compiling inotify v0.9.6
   Compiling dirs v5.0.1
   Compiling dirs v4.0.0
   Compiling shellexpand v3.1.0
   Compiling notify v6.1.1
   Compiling crossbeam-deque v0.8.3
   Compiling phf_generator v0.11.2
   Compiling phf_codegen v0.11.2
   Compiling unicode_names2_generator v1.2.1
   Compiling terminfo v0.8.0
   Compiling chrono v0.4.33
   Compiling rayon v1.8.1
   Compiling terminal_size v0.3.0
   Compiling tempfile v3.9.0
   Compiling clap_builder v4.4.18
   Compiling cachedir v0.3.1
warning: `ruff_python_trivia` (lib) generated 2 warnings (2 duplicates)
   Compiling regex v1.10.2
   Compiling globset v0.4.14
   Compiling ignore v0.4.22
   Compiling ruff_cache v0.0.0 (/home/tkloczko/rpmbuild/BUILD/ruff-0.2.1/crates/ruff_cache)
warning: `ruff_cache` (lib) generated 2 warnings (2 duplicates)
   Compiling vte_generate_state_changes v0.1.1
   Compiling peg-macros v0.8.1
   Compiling wasm-bindgen-backend v0.2.90
   Compiling darling_core v0.20.3
   Compiling pmutil v0.6.1
   Compiling wasm-bindgen-macro-support v0.2.90
   Compiling vte v0.11.1
   Compiling strip-ansi-escapes v0.2.0
   Compiling unicode_names2 v1.2.1
   Compiling tikv-jemalloc-sys v0.5.4+5.3.0-patched
   Compiling peg v0.8.1
   Compiling libcst_derive v1.1.0
   Compiling tikv-jemallocator v0.5.4
   Compiling serde_derive v1.0.196
   Compiling is-macro v0.3.5
   Compiling thiserror-impl v1.0.51
   Compiling clap_derive v4.4.7
   Compiling tracing-attributes v0.1.27
   Compiling ruff_macros v0.0.0 (/home/tkloczko/rpmbuild/BUILD/ruff-0.2.1/crates/ruff_macros)
   Compiling darling_macro v0.20.3
   Compiling wasm-bindgen-macro v0.2.90
   Compiling uuid-macro-internal v1.6.1
   Compiling result-like-derive v0.5.0
   Compiling strum_macros v0.25.3
   Compiling uuid v1.6.1
   Compiling darling v0.20.3
   Compiling serde_with_macros v3.6.0
   Compiling ruff_python_literal v0.0.0 (/home/tkloczko/rpmbuild/BUILD/ruff-0.2.1/crates/ruff_python_literal)
warning: `ruff_python_literal` (lib) generated 2 warnings (2 duplicates)
   Compiling clearscreen v2.0.1
   Compiling libcst v1.1.0
   Compiling clap v4.4.18
   Compiling clap_complete v4.4.0
   Compiling clap_complete_fig v4.4.0
   Compiling clap_complete_nushell v0.1.11
   Compiling clap_complete_command v0.5.1
   Compiling tracing v0.1.40
   Compiling strum v0.25.0
warning: `ruff_macros` (lib) generated 2 warnings (2 duplicates)
   Compiling ruff_index v0.0.0 (/home/tkloczko/rpmbuild/BUILD/ruff-0.2.1/crates/ruff_index)
warning: `ruff_index` (lib) generated 2 warnings (2 duplicates)
   Compiling result-like v0.5.0
   Compiling indexmap v2.1.0
   Compiling toml_datetime v0.6.5
   Compiling serde_spanned v0.6.5
   Compiling url v2.5.0
   Compiling rust-stemmers v1.2.0
   Compiling serde_with v3.6.0
   Compiling bincode v1.3.3
   Compiling ruff_diagnostics v0.0.0 (/home/tkloczko/rpmbuild/BUILD/ruff-0.2.1/crates/ruff_diagnostics)
   Compiling ruff_formatter v0.0.0 (/home/tkloczko/rpmbuild/BUILD/ruff-0.2.1/crates/ruff_formatter)
warning: `ruff_text_size` (lib) generated 2 warnings (2 duplicates)
   Compiling pep440_rs v0.3.12
   Compiling pep440_rs v0.4.0
warning: `ruff_diagnostics` (lib) generated 2 warnings (2 duplicates)
   Compiling ruff_python_ast v0.0.0 (/home/tkloczko/rpmbuild/BUILD/ruff-0.2.1/crates/ruff_python_ast)
   Compiling toml_edit v0.21.1
   Compiling quick-junit v0.3.5
warning: `ruff_source_file` (lib) generated 2 warnings (2 duplicates)
   Compiling ruff_notebook v0.0.0 (/home/tkloczko/rpmbuild/BUILD/ruff-0.2.1/crates/ruff_notebook)
   Compiling imperative v1.0.5
error[E0512]: cannot transmute between types of different sizes, or dependently-sized types
    --&gt; crates/ruff_python_ast/src/nodes.rs:3894:5
     |
3894 |     assert_eq_size!(Expr, [u8; 80]);
     |     ^^^^^^^^^^^^^^^^^^^^^^^^^^^^^^^
     |
     = note: source type: `nodes::Expr` (576 bits)
     = note: target type: `[u8; 80]` (640 bits)
     = note: this error originates in the macro `assert_eq_size` (in Nightly builds, run with -Z macro-backtrace for more info)

error[E0512]: cannot transmute between types of different sizes, or dependently-sized types
    --&gt; crates/ruff_python_ast/src/nodes.rs:3895:5
     |
3895 |     assert_eq_size!(Pattern, [u8; 96]);
     |     ^^^^^^^^^^^^^^^^^^^^^^^^^^^^^^^^^^
     |
     = note: source type: `nodes::Pattern` (704 bits)
     = note: target type: `[u8; 96]` (768 bits)
     = note: this error originates in the macro `assert_eq_size` (in Nightly builds, run with -Z macro-backtrace for more info)

warning: `ruff_python_trivia` (lib) generated 2 warnings (2 duplicates)
Some errors have detailed explanations: E0512, E0602.
For more information about an error, try `rustc --explain E0512`.
warning: `ruff_python_ast` (lib) generated 2 warnings (2 duplicates)
error: could not compile `ruff_python_ast` (lib) due to 2 previous errors; 2 warnings emitted
warning: build failed, waiting for other jobs to finish...
warning: `ruff_formatter` (lib) generated 2 warnings (2 duplicates)
warning: `ruff_notebook` (lib) generated 2 warnings (2 duplicates)
üí• maturin failed
  Caused by: Failed to build a native library through cargo
  Caused by: Cargo build finished with &quot;exit status: 101&quot;: `env -u CARGO CARGO_ENCODED_RUSTFLAGS=&quot;-C\u{1f}codegen-units=1\u{1f}-C\u{1f}debuginfo=2\u{1f}-C\u{1f}opt-level=2\u{1f}-C\u{1f}link-arg=-Wl,--as-needed\u{1f}-C\u{1f}link-arg=-Wl,--build-id=sha1\u{1f}-C\u{1f}link-arg=-Wl,-z,now\u{1f}-C\u{1f}link-arg=-specs=/usr/lib/rpm/redhat/redhat-hardened-ld\u{1f}-C\u{1f}link-arg=-Wl,-z,pack-relative-relocs\u{1f}-C\u{1f}link-arg=-Wl,-z,relro\u{1f}-C\u{1f}link-arg=-flto=auto\u{1f}-Wp,-U_FORTIFY_SOURCE,-D_FORTIFY_SOURCE=3\u{1f}-Wp,-D_GLIBCXX_ASSERTIONS\u{1f}--cap-lints=warn&quot; &quot;cargo&quot; &quot;rustc&quot; &quot;--message-format&quot; &quot;json-render-diagnostics&quot; &quot;--manifest-path&quot; &quot;/home/tkloczko/rpmbuild/BUILD/ruff-0.2.1/crates/ruff/Cargo.toml&quot; &quot;--release&quot; &quot;--bin&quot; &quot;ruff&quot; &quot;--&quot; &quot;-C&quot; &quot;link-arg=-s&quot;`
Error: command ['maturin', 'pep517', 'build-wheel', '-i', '/usr/bin/python3', '--compatibility', 'off'] returned non-zero exit status 1

ERROR Backend subprocess exited when trying to invoke build_wheel
</code></pre>
</details>

</div>
        </div>
        <div class="timeline-entry">
            <div class="timeline-header">Comment by <a href="https://github.com/charliermarsh">@charliermarsh</a> on 2024-02-11 19:23</div>
            <div class="timeline-body"><p>What is your Rust version?</p>
</div>
        </div>
        <div class="timeline-entry">
            <div class="timeline-header">Comment by <a href="https://github.com/charliermarsh">@charliermarsh</a> on 2024-02-11 19:26</div>
            <div class="timeline-body"><p>I think this is fixed on main since the struct sizes can vary across Rust versions (and 1.76 shrunk them, causing these assertions to fail).</p>
</div>
        </div>
        <div class="timeline-entry">
            <div class="event">Closed by @charliermarsh on 2024-02-11 19:26</div>
        </div>
        <div class="timeline-entry">
            <div class="event">Label <span class="label">bug</span> added by @charliermarsh on 2024-02-11 19:26</div>
        </div>
        <div class="timeline-entry">
            <div class="timeline-header">Comment by <a href="https://github.com/kloczek">@kloczek</a> on 2024-02-11 19:52</div>
            <div class="timeline-body"><blockquote>
<p>What is your Rust version?</p>
</blockquote>
<p>It is 1.76.0.</p>
</div>
        </div>
        <div class="timeline-entry">
            <div class="timeline-header">Comment by <a href="https://github.com/kloczek">@kloczek</a> on 2024-02-11 20:15</div>
            <div class="timeline-body"><p>Just tested 0.2.1 + all patches taken from commit on master ans indeed compilation seems is working but linking fails with very looong list of missing symbols.</p>
<details>

<pre><code class="language-console">+ /usr/bin/python3 -sBm build -w --no-isolation
* Getting build dependencies for wheel...
* Building wheel...
Running `maturin pep517 build-wheel -i /usr/bin/python3 --compatibility off`
üçπ Building a mixed python/rust project
üîó Found bin bindings
üì° Using build options bindings from pyproject.toml
   Compiling proc-macro2 v1.0.78
   Compiling unicode-ident v1.0.12
   Compiling serde v1.0.196
   Compiling memchr v2.7.1
   Compiling libc v0.2.153
   Compiling bitflags v2.4.2
   Compiling once_cell v1.19.0
   Compiling cfg-if v1.0.0
   Compiling ppv-lite86 v0.2.17
   Compiling either v1.9.0
   Compiling siphasher v0.3.11
   Compiling log v0.4.20
   Compiling regex-syntax v0.8.2
   Compiling rustix v0.38.31
   Compiling linux-raw-sys v0.4.13
   Compiling utf8parse v0.2.1
   Compiling anyhow v1.0.79
   Compiling Inflector v0.11.4
   Compiling thiserror v1.0.56
   Compiling autocfg v1.1.0
   Compiling crunchy v0.2.2
   Compiling wasm-bindgen-shared v0.2.91
   Compiling time-core v0.1.0
   Compiling static_assertions v1.1.0
   Compiling unicode-width v0.1.11
   Compiling heck v0.4.1
   Compiling crossbeam-utils v0.8.19
   Compiling tiny-keccak v2.0.2
   Compiling colorchoice v1.0.0
   Compiling anstyle-query v1.0.2
   Compiling anstyle v1.0.6
   Compiling rustc-hash v1.1.0
   Compiling strsim v0.11.0
   Compiling ruff_text_size v0.0.0 (/home/tkloczko/rpmbuild/BUILD/ruff-0.2.1/crates/ruff_text_size)
   Compiling bumpalo v3.14.0
   Compiling clap_lex v0.7.0
   Compiling strsim v0.10.0
   Compiling smallvec v1.13.1
   Compiling fnv v1.0.7
   Compiling anstyle-parse v0.2.3
   Compiling ident_case v1.0.1
   Compiling tinyvec_macros v0.1.1
   Compiling hashbrown v0.14.3
warning[E0602]: unknown lint: `p,_U_FORTIFY_SOURCE,_D_FORTIFY_SOURCE=3`
  |
  = note: requested on the command line with `-W p,_U_FORTIFY_SOURCE,_D_FORTIFY_SOURCE=3`
  = note: `#[warn(unknown_lints)]` on by default

warning[E0602]: unknown lint: `p,_D_GLIBCXX_ASSERTIONS`
  |
  = note: requested on the command line with `-W p,_D_GLIBCXX_ASSERTIONS`

   Compiling equivalent v1.0.1
   Compiling getopts v0.2.21
   Compiling time v0.3.20
   Compiling pin-project-lite v0.2.13
   Compiling wasm-bindgen v0.2.91
   Compiling tinyvec v1.6.0
   Compiling lexical-util v0.8.5
   Compiling lalrpop-util v0.20.0
   Compiling itertools v0.12.1
   Compiling phf_shared v0.11.2
   Compiling percent-encoding v2.3.1
   Compiling syn v1.0.109
   Compiling tracing-core v0.1.32
For more information about this error, try `rustc --explain E0602`.
warning: `ruff_text_size` (lib) generated 2 warnings
   Compiling unic-common v0.9.0
   Compiling anstream v0.6.11
   Compiling rustversion v1.0.14
   Compiling unicode-bidi v0.3.15
   Compiling unic-char-range v0.9.0
   Compiling form_urlencoded v1.2.1
   Compiling phf v0.11.2
   Compiling unic-ucd-version v0.9.0
   Compiling serde_json v1.0.113
   Compiling paste v1.0.14
   Compiling matches v0.1.10
   Compiling glob v0.3.1
   Compiling seahash v4.1.0
   Compiling peg-runtime v0.8.2
   Compiling unic-char-property v0.9.0
   Compiling winnow v0.5.39
   Compiling nextest-workspace-hack v0.1.0
   Compiling iana-time-zone v0.1.60
   Compiling semver v1.0.21
   Compiling hexf-parse v0.2.1
   Compiling unic-ucd-category v0.9.0
   Compiling bitflags v1.3.2
   Compiling same-file v1.0.6
   Compiling itoa v1.0.10
   Compiling annotate-snippets v0.6.1
   Compiling aho-corasick v1.1.2
   Compiling ryu v1.0.16
   Compiling option-ext v0.2.0
   Compiling walkdir v2.4.0
   Compiling quick-xml v0.31.0
   Compiling path-dedot v3.1.1
   Compiling is-docker v0.2.0
   Compiling ruff_python_stdlib v0.0.0 (/home/tkloczko/rpmbuild/BUILD/ruff-0.2.1/crates/ruff_python_stdlib)
   Compiling drop_bomb v0.1.5
   Compiling rayon-core v1.12.1
   Compiling lazy_static v1.4.0
   Compiling minimal-lexical v0.2.1
   Compiling yansi-term v0.1.2
   Compiling chic v1.2.2
   Compiling ruff_source_file v0.0.0 (/home/tkloczko/rpmbuild/BUILD/ruff-0.2.1/crates/ruff_source_file)
   Compiling annotate-snippets v0.9.2
   Compiling colored v2.1.0
   Compiling path-absolutize v3.1.1
   Compiling is-wsl v0.4.0
   Compiling fern v0.6.2
   Compiling natord v1.0.9
   Compiling nom v7.1.3
   Compiling fastrand v2.0.1
   Compiling countme v3.0.1
   Compiling home v0.5.9
   Compiling lexical-parse-integer v0.8.6
   Compiling typed-arena v2.0.2
   Compiling pathdiff v0.2.1
   Compiling similar v2.4.0
   Compiling unicode-normalization v0.1.22
   Compiling crossbeam-epoch v0.9.18
   Compiling crossbeam-channel v0.5.11
   Compiling os_str_bytes v6.6.1
   Compiling ruff v0.2.1 (/home/tkloczko/rpmbuild/BUILD/ruff-0.2.1/crates/ruff)
   Compiling wild v2.2.1
   Compiling quote v1.0.35
   Compiling lexical-parse-float v0.8.5
   Compiling syn v2.0.48
   Compiling crossbeam-deque v0.8.5
warning: `ruff_source_file` (lib) generated 2 warnings (2 duplicates)
warning: `ruff_python_stdlib` (lib) generated 2 warnings (2 duplicates)
   Compiling ruff_python_parser v0.0.0 (/home/tkloczko/rpmbuild/BUILD/ruff-0.2.1/crates/ruff_python_parser)
   Compiling ruff_python_trivia v0.0.0 (/home/tkloczko/rpmbuild/BUILD/ruff-0.2.1/crates/ruff_python_trivia)
warning: `ruff` (build script) generated 2 warnings (2 duplicates)
   Compiling getrandom v0.2.12
   Compiling cc v1.0.83
   Compiling idna v0.5.0
   Compiling rand_core v0.6.4
   Compiling num-traits v0.2.18
   Compiling fs-err v2.11.0
   Compiling rayon v1.8.1
   Compiling rand_chacha v0.3.1
   Compiling regex-automata v0.4.5
   Compiling rand v0.8.5
   Compiling argfile v0.1.6
warning: `ruff_python_parser` (build script) generated 2 warnings (2 duplicates)
   Compiling filetime v0.2.23
   Compiling dirs-sys v0.4.1
   Compiling dirs-sys v0.3.7
   Compiling inotify-sys v0.1.5
   Compiling nix v0.26.4
   Compiling mio v0.8.10
   Compiling inotify v0.9.6
   Compiling dirs v5.0.1
   Compiling dirs v4.0.0
   Compiling shellexpand v3.1.0
   Compiling notify v6.1.1
   Compiling phf_generator v0.11.2
   Compiling phf_codegen v0.11.2
   Compiling unicode_names2_generator v1.2.1
   Compiling chrono v0.4.33
   Compiling terminfo v0.8.0
warning: `ruff_python_trivia` (lib) generated 2 warnings (2 duplicates)
   Compiling terminal_size v0.3.0
   Compiling tempfile v3.10.0
   Compiling which v4.4.2
   Compiling clap_builder v4.5.0
   Compiling cachedir v0.3.1
   Compiling bstr v1.9.0
   Compiling regex v1.10.3
   Compiling wasm-bindgen-backend v0.2.91
   Compiling darling_core v0.20.5
   Compiling pmutil v0.6.1
   Compiling globset v0.4.14
   Compiling vte_generate_state_changes v0.1.1
   Compiling peg-macros v0.8.2
   Compiling ruff_cache v0.0.0 (/home/tkloczko/rpmbuild/BUILD/ruff-0.2.1/crates/ruff_cache)
   Compiling ignore v0.4.22
warning: `ruff_cache` (lib) generated 2 warnings (2 duplicates)
   Compiling wasm-bindgen-macro-support v0.2.91
   Compiling vte v0.11.1
   Compiling strip-ansi-escapes v0.2.0
   Compiling unicode_names2 v1.2.1
   Compiling tikv-jemalloc-sys v0.5.4+5.3.0-patched
   Compiling peg v0.8.2
   Compiling libcst_derive v1.1.0
   Compiling tikv-jemallocator v0.5.4
   Compiling serde_derive v1.0.196
   Compiling is-macro v0.3.5
   Compiling thiserror-impl v1.0.56
   Compiling clap_derive v4.5.0
   Compiling tracing-attributes v0.1.27
   Compiling darling_macro v0.20.5
   Compiling wasm-bindgen-macro v0.2.91
   Compiling ruff_macros v0.0.0 (/home/tkloczko/rpmbuild/BUILD/ruff-0.2.1/crates/ruff_macros)
   Compiling uuid-macro-internal v1.7.0
   Compiling result-like-derive v0.5.0
   Compiling strum_macros v0.25.3
   Compiling uuid v1.7.0
   Compiling darling v0.20.5
   Compiling serde_with_macros v3.6.1
   Compiling ruff_python_literal v0.0.0 (/home/tkloczko/rpmbuild/BUILD/ruff-0.2.1/crates/ruff_python_literal)
warning: `ruff_python_literal` (lib) generated 2 warnings (2 duplicates)
   Compiling clearscreen v2.0.1
   Compiling libcst v1.1.0
   Compiling clap v4.5.0
   Compiling clap_complete v4.5.0
   Compiling clap_complete_fig v4.5.0
   Compiling clap_complete_nushell v0.1.11
   Compiling clap_complete_command v0.5.1
   Compiling tracing v0.1.40
   Compiling strum v0.25.0
warning: `ruff_macros` (lib) generated 2 warnings (2 duplicates)
   Compiling ruff_index v0.0.0 (/home/tkloczko/rpmbuild/BUILD/ruff-0.2.1/crates/ruff_index)
warning: `ruff_index` (lib) generated 2 warnings (2 duplicates)
   Compiling result-like v0.5.0
   Compiling indexmap v2.2.2
   Compiling serde_spanned v0.6.5
   Compiling toml_datetime v0.6.5
   Compiling url v2.5.0
   Compiling rust-stemmers v1.2.0
   Compiling serde_with v3.6.1
   Compiling bincode v1.3.3
   Compiling ruff_diagnostics v0.0.0 (/home/tkloczko/rpmbuild/BUILD/ruff-0.2.1/crates/ruff_diagnostics)
   Compiling ruff_formatter v0.0.0 (/home/tkloczko/rpmbuild/BUILD/ruff-0.2.1/crates/ruff_formatter)
warning: `ruff_text_size` (lib) generated 2 warnings (2 duplicates)
   Compiling pep440_rs v0.4.0
warning: `ruff_diagnostics` (lib) generated 2 warnings (2 duplicates)
   Compiling ruff_python_ast v0.0.0 (/home/tkloczko/rpmbuild/BUILD/ruff-0.2.1/crates/ruff_python_ast)
   Compiling toml_edit v0.22.4
   Compiling quick-junit v0.3.5
warning: `ruff_source_file` (lib) generated 2 warnings (2 duplicates)
   Compiling ruff_notebook v0.0.0 (/home/tkloczko/rpmbuild/BUILD/ruff-0.2.1/crates/ruff_notebook)
   Compiling imperative v1.0.5
warning: `ruff_python_trivia` (lib) generated 2 warnings (2 duplicates)
   Compiling toml v0.8.10
   Compiling ruff_python_semantic v0.0.0 (/home/tkloczko/rpmbuild/BUILD/ruff-0.2.1/crates/ruff_python_semantic)
warning: `ruff_formatter` (lib) generated 2 warnings (2 duplicates)
   Compiling pep508_rs v0.3.0
   Compiling ruff_python_index v0.0.0 (/home/tkloczko/rpmbuild/BUILD/ruff-0.2.1/crates/ruff_python_index)
   Compiling ruff_python_codegen v0.0.0 (/home/tkloczko/rpmbuild/BUILD/ruff-0.2.1/crates/ruff_python_codegen)
   Compiling ruff_python_formatter v0.0.0 (/home/tkloczko/rpmbuild/BUILD/ruff-0.2.1/crates/ruff_python_formatter)
   Compiling pyproject-toml v0.9.0
warning: `ruff_python_index` (lib) generated 2 warnings (2 duplicates)
warning: `ruff_python_semantic` (lib) generated 2 warnings (2 duplicates)
warning: `ruff_python_codegen` (lib) generated 2 warnings (2 duplicates)
warning: `ruff_notebook` (lib) generated 2 warnings (2 duplicates)
warning: `ruff_python_ast` (lib) generated 2 warnings (2 duplicates)
warning: `ruff_python_parser` (lib) generated 2 warnings (2 duplicates)
   Compiling ruff_linter v0.2.1 (/home/tkloczko/rpmbuild/BUILD/ruff-0.2.1/crates/ruff_linter)
warning: `ruff_python_formatter` (lib) generated 2 warnings (2 duplicates)
   Compiling ruff_workspace v0.0.0 (/home/tkloczko/rpmbuild/BUILD/ruff-0.2.1/crates/ruff_workspace)
warning: `ruff_workspace` (lib) generated 2 warnings (2 duplicates)
warning: `ruff` (lib) generated 2 warnings (2 duplicates)
warning: `ruff_linter` (lib) generated 2 warnings (2 duplicates)
error: linking with `cc` failed: exit status: 1
  |
  = note: LC_ALL=&quot;C&quot; PATH=&quot;/usr/lib/rustlib/x86_64-unknown-linux-gnu/bin:/usr/bin:/usr/sbin:/usr/local/sbin&quot; VSLANG=&quot;1033&quot; &quot;cc&quot; &quot;-m64&quot; &quot;/tmp/rustcVcOMo2/symbols.o&quot; &quot;/home/tkloczko/rpmbuild/BUILD/ruff-0.2.1/target/release/deps/ruff-6d703e2198de8ada.4vmqei0nencf58s8.rcgu.o&quot; &quot;/home/tkloczko/rpmbuild/BUILD/ruff-0.2.1/target/release/deps/ruff-6d703e2198de8ada.addr2line-955e899769e814a2.addr2line.1387076ad9fc1787-cgu.0.rcgu.o.rcgu.o&quot; &quot;/home/tkloczko/rpmbuild/BUILD/ruff-0.2.1/target/release/deps/ruff-6d703e2198de8ada.adler-af2f00ba5ddec962.adler.69b32a44729e4844-cgu.0.rcgu.o.rcgu.o&quot; &quot;/home/tkloczko/rpmbuild/BUILD/ruff-0.2.1/target/release/deps/ruff-6d703e2198de8ada.aho_corasick-cc456bfcda578d2b.aho_corasick.a96386eebe4dfdd5-cgu.0.rcgu.o.rcgu.o&quot; &quot;/home/tkloczko/rpmbuild/BUILD/ruff-0.2.1/target/release/deps/ruff-6d703e2198de8ada.alloc-edcd213726581fab.alloc.a41e9aff80e8e961-cgu.0.rcgu.o.rcgu.o&quot; &quot;/home/tkloczko/rpmbuild/BUILD/ruff-0.2.1/target/release/deps/ruff-6d703e2198de8ada.annotate_snippets-8aee43818e27fdde.annotate_snippets.be4e3fec1228c2e-cgu.0.rcgu.o.rcgu.o&quot; &quot;/home/tkloczko/rpmbuild/BUILD/ruff-0.2.1/target/release/deps/ruff-6d703e2198de8ada.annotate_snippets-c8cce73a15a37ea1.annotate_snippets.e74591bfafc9dd66-cgu.0.rcgu.o.rcgu.o&quot; &quot;/home/tkloczko/rpmbuild/BUILD/ruff-0.2.1/target/release/deps/ruff-6d703e2198de8ada.anstream-813e8d46e01a0e3f.anstream.a63b7b90d4154952-cgu.0.rcgu.o.rcgu.o&quot; &quot;/home/tkloczko/rpmbuild/BUILD/ruff-0.2.1/target/release/deps/ruff-6d703e2198de8ada.anstyle-9588b55843bd92cc.anstyle.ef8d190af5ed2835-cgu.0.rcgu.o.rcgu.o&quot; &quot;/home/tkloczko/rpmbuild/BUILD/ruff-0.2.1/target/release/deps/ruff-6d703e2198de8ada.anstyle_parse-6f53a9c4efd14a7a.anstyle_parse.96190712191103fb-cgu.0.rcgu.o.rcgu.o&quot; &quot;/home/tkloczko/rpmbuild/BUILD/ruff-0.2.1/target/release/deps/ruff-6d703e2198de8ada.anstyle_query-0f04cbec2b205186.anstyle_query.e8d661b4ad729619-cgu.0.rcgu.o.rcgu.o&quot; &quot;/home/tkloczko/rpmbuild/BUILD/ruff-0.2.1/target/release/deps/ruff-6d703e2198de8ada.anyhow-d31e165d75ac699f.anyhow.9fd645518d14cb96-cgu.0.rcgu.o.rcgu.o&quot; &quot;/home/tkloczko/rpmbuild/BUILD/ruff-0.2.1/target/release/deps/ruff-6d703e2198de8ada.argfile-0673859fd05c31e9.argfile.8225ac22624abaa2-cgu.0.rcgu.o.rcgu.o&quot; &quot;/home/tkloczko/rpmbuild/BUILD/ruff-0.2.1/target/release/deps/ruff-6d703e2198de8ada.bincode-1a8a4b46fd65a77e.bincode.5ff9dcf7d521dce9-cgu.0.rcgu.o.rcgu.o&quot; &quot;/home/tkloczko/rpmbuild/BUILD/ruff-0.2.1/target/release/deps/ruff-6d703e2198de8ada.bitflags-6f32a5d27413c233.bitflags.34491e575cb610c4-cgu.0.rcgu.o.rcgu.o&quot; &quot;/home/tkloczko/rpmbuild/BUILD/ruff-0.2.1/target/release/deps/ruff-6d703e2198de8ada.bitflags-72cf16345b27d514.bitflags.d73dcc40fc87308d-cgu.0.rcgu.o.rcgu.o&quot; &quot;/home/tkloczko/rpmbuild/BUILD/ruff-0.2.1/target/release/deps/ruff-6d703e2198de8ada.bstr-05782ab4abc74697.bstr.ba790e70d6241c55-cgu.0.rcgu.o.rcgu.o&quot; &quot;/home/tkloczko/rpmbuild/BUILD/ruff-0.2.1/target/release/deps/ruff-6d703e2198de8ada.cachedir-a47ed9a0b3067bb6.cachedir.2732a42fbd7fbeb0-cgu.0.rcgu.o.rcgu.o&quot; &quot;/home/tkloczko/rpmbuild/BUILD/ruff-0.2.1/target/release/deps/ruff-6d703e2198de8ada.cfg_if-1655217df9a76db2.cfg_if.3e4c7491c4990dcc-cgu.0.rcgu.o.rcgu.o&quot; &quot;/home/tkloczko/rpmbuild/BUILD/ruff-0.2.1/target/release/deps/ruff-6d703e2198de8ada.cfg_if-5344f9d76fe33202.cfg_if.542273ca1b8a2615-cgu.0.rcgu.o.rcgu.o&quot; &quot;/home/tkloczko/rpmbuild/BUILD/ruff-0.2.1/target/release/deps/ruff-6d703e2198de8ada.chic-948de8c7ba08e7b5.chic.63aebcbaf9ff81aa-cgu.0.rcgu.o.rcgu.o&quot; &quot;/home/tkloczko/rpmbuild/BUILD/ruff-0.2.1/target/release/deps/ruff-6d703e2198de8ada.chrono-125206551eabd7aa.chrono.d0e2777ff03dd4df-cgu.0.rcgu.o.rcgu.o&quot; &quot;/home/tkloczko/rpmbuild/BUILD/ruff-0.2.1/target/release/deps/ruff-6d703e2198de8ada.clap-a68b3d8bf7f9a614.clap.2e77845e2c5faca-cgu.0.rcgu.o.rcgu.o&quot; &quot;/home/tkloczko/rpmbuild/BUILD/ruff-0.2.1/target/release/deps/ruff-6d703e2198de8ada.clap_builder-7e3310f1a34c4f69.clap_builder.e9175d7c5016136a-cgu.0.rcgu.o.rcgu.o&quot; &quot;/home/tkloczko/rpmbuild/BUILD/ruff-0.2.1/target/release/deps/ruff-6d703e2198de8ada.clap_complete-4a5b99bbecb83c35.clap_complete.1fad4ace4a040f98-cgu.0.rcgu.o.rcgu.o&quot; &quot;/home/tkloczko/rpmbuild/BUILD/ruff-0.2.1/target/release/deps/ruff-6d703e2198de8ada.clap_complete_command-8d3784348d55ba47.clap_complete_command.5c0642cb82860fda-cgu.0.rcgu.o.rcgu.o&quot; &quot;/home/tkloczko/rpmbuild/BUILD/ruff-0.2.1/target/release/deps/ruff-6d703e2198de8ada.clap_complete_fig-b0d99a006d3bdc29.clap_complete_fig.8a3a22031d64f845-cgu.0.rcgu.o.rcgu.o&quot; &quot;/home/tkloczko/rpmbuild/BUILD/ruff-0.2.1/target/release/deps/ruff-6d703e2198de8ada.clap_complete_nushell-f3847351cd861e68.clap_complete_nushell.50b07bc3550153d6-cgu.0.rcgu.o.rcgu.o&quot; &quot;/home/tkloczko/rpmbuild/BUILD/ruff-0.2.1/target/release/deps/ruff-6d703e2198de8ada.clap_lex-6131b294b0ca4fc9.clap_lex.9d45c7492b60bfcc-cgu.0.rcgu.o.rcgu.o&quot; &quot;/home/tkloczko/rpmbuild/BUILD/ruff-0.2.1/target/release/deps/ruff-6d703e2198de8ada.clearscreen-52afe6978eb42c27.clearscreen.4316ced75b6b16b9-cgu.0.rcgu.o.rcgu.o&quot; &quot;/home/tkloczko/rpmbuild/BUILD/ruff-0.2.1/target/release/deps/ruff-6d703e2198de8ada.colorchoice-821dbd15c56c7cf6.colorchoice.dbb6299f423032a-cgu.0.rcgu.o.rcgu.o&quot; &quot;/home/tkloczko/rpmbuild/BUILD/ruff-0.2.1/target/release/deps/ruff-6d703e2198de8ada.colored-2533eb38f4df0377.colored.3796ea9fec2f7765-cgu.0.rcgu.o.rcgu.o&quot; &quot;/home/tkloczko/rpmbuild/BUILD/ruff-0.2.1/target/release/deps/ruff-6d703e2198de8ada.core-a3e6380407e3f9aa.core.8fdbe15625b949b8-cgu.0.rcgu.o.rcgu.o&quot; &quot;/home/tkloczko/rpmbuild/BUILD/ruff-0.2.1/target/release/deps/ruff-6d703e2198de8ada.countme-1b4537310101a7bb.countme.3990345840d0e3a0-cgu.0.rcgu.o.rcgu.o&quot; &quot;/home/tkloczko/rpmbuild/BUILD/ruff-0.2.1/target/release/deps/ruff-6d703e2198de8ada.crossbeam_channel-11484df7dbb0da1c.crossbeam_channel.96013d5de127def8-cgu.0.rcgu.o.rcgu.o&quot; &quot;/home/tkloczko/rpmbuild/BUILD/ruff-0.2.1/target/release/deps/ruff-6d703e2198de8ada.crossbeam_deque-1c3c2cc255829484.crossbeam_deque.4939495d6aa54ee1-cgu.0.rcgu.o.rcgu.o&quot; &quot;/home/tkloczko/rpmbuild/BUILD/ruff-0.2.1/target/release/deps/ruff-6d703e2198de8ada.crossbeam_epoch-f0e4acfa4254ca05.crossbeam_epoch.14978f1189a80466-cgu.0.rcgu.o.rcgu.o&quot; &quot;/home/tkloczko/rpmbuild/BUILD/ruff-0.2.1/target/release/deps/ruff-6d703e2198de8ada.crossbeam_utils-1b242f03b974a277.crossbeam_utils.318c708b64e8bf91-cgu.0.rcgu.o.rcgu.o&quot; &quot;/home/tkloczko/rpmbuild/BUILD/ruff-0.2.1/target/release/deps/ruff-6d703e2198de8ada.dirs-90ab63a64c754c22.dirs.1a59ffa751b241d6-cgu.0.rcgu.o.rcgu.o&quot; &quot;/home/tkloczko/rpmbuild/BUILD/ruff-0.2.1/target/release/deps/ruff-6d703e2198de8ada.dirs-abc56dd663c7de2a.dirs.e3860452e40c4f64-cgu.0.rcgu.o.rcgu.o&quot; &quot;/home/tkloczko/rpmbuild/BUILD/ruff-0.2.1/target/release/deps/ruff-6d703e2198de8ada.dirs_sys-54e8a2e6494d8561.dirs_sys.ce0235b6d501b4b5-cgu.0.rcgu.o.rcgu.o&quot; &quot;/home/tkloczko/rpmbuild/BUILD/ruff-0.2.1/target/release/deps/ruff-6d703e2198de8ada.dirs_sys-a9d5a2555984ff62.dirs_sys.6199832c4a175c6d-cgu.0.rcgu.o.rcgu.o&quot; &quot;/home/tkloczko/rpmbuild/BUILD/ruff-0.2.1/target/release/deps/ruff-6d703e2198de8ada.drop_bomb-c2f24da1216e9eae.drop_bomb.719b14369f8662eb-cgu.0.rcgu.o.rcgu.o&quot; &quot;/home/tkloczko/rpmbuild/BUILD/ruff-0.2.1/target/release/deps/ruff-6d703e2198de8ada.either-0a0d8d637a6061c1.either.1f98311b96811c1-cgu.0.rcgu.o.rcgu.o&quot; &quot;/home/tkloczko/rpmbuild/BUILD/ruff-0.2.1/target/release/deps/ruff-6d703e2198de8ada.equivalent-22d140247549aee0.equivalent.b30801e8060cc25a-cgu.0.rcgu.o.rcgu.o&quot; &quot;/home/tkloczko/rpmbuild/BUILD/ruff-0.2.1/target/release/deps/ruff-6d703e2198de8ada.fastrand-4ad8d70fbe418ac0.fastrand.fea18190558acc92-cgu.0.rcgu.o.rcgu.o&quot; &quot;/home/tkloczko/rpmbuild/BUILD/ruff-0.2.1/target/release/deps/ruff-6d703e2198de8ada.fern-347dfbd26bf44adb.fern.d32dbdcfee00dc59-cgu.0.rcgu.o.rcgu.o&quot; &quot;/home/tkloczko/rpmbuild/BUILD/ruff-0.2.1/target/release/deps/ruff-6d703e2198de8ada.filetime-e9e3615f33ff9ced.filetime.29b8a52ffcff2fc2-cgu.0.rcgu.o.rcgu.o&quot; &quot;/home/tkloczko/rpmbuild/BUILD/ruff-0.2.1/target/release/deps/ruff-6d703e2198de8ada.fnv-0219bb9fede5469b.fnv.956de3428c495d9b-cgu.0.rcgu.o.rcgu.o&quot; &quot;/home/tkloczko/rpmbuild/BUILD/ruff-0.2.1/target/release/deps/ruff-6d703e2198de8ada.form_urlencoded-7b064533f1d1239c.form_urlencoded.6ebd1e435dcdc2c0-cgu.0.rcgu.o.rcgu.o&quot; &quot;/home/tkloczko/rpmbuild/BUILD/ruff-0.2.1/target/release/deps/ruff-6d703e2198de8ada.fs_err-d8977b456d608576.fs_err.4c79b1b3006b6d6f-cgu.0.rcgu.o.rcgu.o&quot; &quot;/home/tkloczko/rpmbuild/BUILD/ruff-0.2.1/target/release/deps/ruff-6d703e2198de8ada.getrandom-2ab28e31e16b4c8a.getrandom.10f362fcbccd2d85-cgu.0.rcgu.o.rcgu.o&quot; &quot;/home/tkloczko/rpmbuild/BUILD/ruff-0.2.1/target/release/deps/ruff-6d703e2198de8ada.gimli-310b15ff247e82f8.gimli.87c9a801cbe755fb-cgu.0.rcgu.o.rcgu.o&quot; &quot;/home/tkloczko/rpmbuild/BUILD/ruff-0.2.1/target/release/deps/ruff-6d703e2198de8ada.glob-8ff98c96a54d74f5.glob.bdb9ad9346dd870d-cgu.0.rcgu.o.rcgu.o&quot; &quot;/home/tkloczko/rpmbuild/BUILD/ruff-0.2.1/target/release/deps/ruff-6d703e2198de8ada.globset-874c4ef3bcf6b02b.globset.da73abbe87418ee7-cgu.0.rcgu.o.rcgu.o&quot; &quot;/home/tkloczko/rpmbuild/BUILD/ruff-0.2.1/target/release/deps/ruff-6d703e2198de8ada.hashbrown-67e4398b3e18a1c4.hashbrown.9c4a6778b634dfd1-cgu.0.rcgu.o.rcgu.o&quot; &quot;/home/tkloczko/rpmbuild/BUILD/ruff-0.2.1/target/release/deps/ruff-6d703e2198de8ada.hashbrown-af670bc5dfcd4980.hashbrown.cb105027108a36b8-cgu.0.rcgu.o.rcgu.o&quot; &quot;/home/tkloczko/rpmbuild/BUILD/ruff-0.2.1/target/release/deps/ruff-6d703e2198de8ada.hexf_parse-c450dec1e3ca2f80.hexf_parse.ea600ddc6b418b43-cgu.0.rcgu.o.rcgu.o&quot; &quot;/home/tkloczko/rpmbuild/BUILD/ruff-0.2.1/target/release/deps/ruff-6d703e2198de8ada.home-3ef29414bc359a6b.home.751ec38568766e59-cgu.0.rcgu.o.rcgu.o&quot; &quot;/home/tkloczko/rpmbuild/BUILD/ruff-0.2.1/target/release/deps/ruff-6d703e2198de8ada.iana_time_zone-abaa786a01209f07.iana_time_zone.c4ab38124da0edbb-cgu.0.rcgu.o.rcgu.o&quot; &quot;/home/tkloczko/rpmbuild/BUILD/ruff-0.2.1/target/release/deps/ruff-6d703e2198de8ada.idna-ca50e6073c02e752.idna.2c8e7d99c2791fb8-cgu.0.rcgu.o.rcgu.o&quot; &quot;/home/tkloczko/rpmbuild/BUILD/ruff-0.2.1/target/release/deps/ruff-6d703e2198de8ada.ignore-bab8dec9305ddaff.ignore.66f5c247de62c07c-cgu.0.rcgu.o.rcgu.o&quot; &quot;/home/tkloczko/rpmbuild/BUILD/ruff-0.2.1/target/release/deps/ruff-6d703e2198de8ada.imperative-4ae0eaab6d6d7d35.imperative.1c23596be4ab469d-cgu.0.rcgu.o.rcgu.o&quot; &quot;/home/tkloczko/rpmbuild/BUILD/ruff-0.2.1/target/release/deps/ruff-6d703e2198de8ada.indexmap-ca20722176778449.indexmap.a9e54fa89e105f1d-cgu.0.rcgu.o.rcgu.o&quot; &quot;/home/tkloczko/rpmbuild/BUILD/ruff-0.2.1/target/release/deps/ruff-6d703e2198de8ada.inotify-8d955142607c6d25.inotify.d8fa95bff9afb66a-cgu.0.rcgu.o.rcgu.o&quot; &quot;/home/tkloczko/rpmbuild/BUILD/ruff-0.2.1/target/release/deps/ruff-6d703e2198de8ada.inotify_sys-9692a449ed47ef3d.inotify_sys.26012db5c33dafb9-cgu.0.rcgu.o.rcgu.o&quot; &quot;/home/tkloczko/rpmbuild/BUILD/ruff-0.2.1/target/release/deps/ruff-6d703e2198de8ada.is_docker-fb53104a421589d0.is_docker.4f94ab456fc8e02a-cgu.0.rcgu.o.rcgu.o&quot; &quot;/home/tkloczko/rpmbuild/BUILD/ruff-0.2.1/target/release/deps/ruff-6d703e2198de8ada.is_wsl-289ab94286d2de5f.is_wsl.b8ed6debd667a05a-cgu.0.rcgu.o.rcgu.o&quot; &quot;/home/tkloczko/rpmbuild/BUILD/ruff-0.2.1/target/release/deps/ruff-6d703e2198de8ada.itertools-bceb18eead1b8745.itertools.c9b3019f96b13038-cgu.0.rcgu.o.rcgu.o&quot; &quot;/home/tkloczko/rpmbuild/BUILD/ruff-0.2.1/target/release/deps/ruff-6d703e2198de8ada.itoa-324d12844a44613c.itoa.44c74baad7a0e85-cgu.0.rcgu.o.rcgu.o&quot; &quot;/home/tkloczko/rpmbuild/BUILD/ruff-0.2.1/target/release/deps/ruff-6d703e2198de8ada.lalrpop_util-4afcab7e4fda5a14.lalrpop_util.a497739324dc148a-cgu.0.rcgu.o.rcgu.o&quot; &quot;/home/tkloczko/rpmbuild/BUILD/ruff-0.2.1/target/release/deps/ruff-6d703e2198de8ada.lazy_static-13859b9c157fc40d.lazy_static.4d37476fbb2314fc-cgu.0.rcgu.o.rcgu.o&quot; &quot;/home/tkloczko/rpmbuild/BUILD/ruff-0.2.1/target/release/deps/ruff-6d703e2198de8ada.lexical_parse_float-18404b1f4ac15a66.lexical_parse_float.7534d1640350ad12-cgu.0.rcgu.o.rcgu.o&quot; &quot;/home/tkloczko/rpmbuild/BUILD/ruff-0.2.1/target/release/deps/ruff-6d703e2198de8ada.lexical_parse_integer-ea0979780d437375.lexical_parse_integer.c98e036496b24ec-cgu.0.rcgu.o.rcgu.o&quot; &quot;/home/tkloczko/rpmbuild/BUILD/ruff-0.2.1/target/release/deps/ruff-6d703e2198de8ada.lexical_util-71ed8ea55969f8b9.lexical_util.380b2febfd30f0cd-cgu.0.rcgu.o.rcgu.o&quot; &quot;/home/tkloczko/rpmbuild/BUILD/ruff-0.2.1/target/release/deps/ruff-6d703e2198de8ada.libc-156afd5f5e83304b.libc.b26a12d53cf69cad-cgu.0.rcgu.o.rcgu.o&quot; &quot;/home/tkloczko/rpmbuild/BUILD/ruff-0.2.1/target/release/deps/ruff-6d703e2198de8ada.libc-ffb676dc668828ae.libc.e3d26c18c37f4a14-cgu.0.rcgu.o.rcgu.o&quot; &quot;/home/tkloczko/rpmbuild/BUILD/ruff-0.2.1/target/release/deps/ruff-6d703e2198de8ada.libcst_native-98bc2e8cd91be567.libcst_native.62f500d1e62c6499-cgu.0.rcgu.o.rcgu.o&quot; &quot;/home/tkloczko/rpmbuild/BUILD/ruff-0.2.1/target/release/deps/ruff-6d703e2198de8ada.linux_raw_sys-f92e788b805557cc.linux_raw_sys.e8781fb48fbb465a-cgu.0.rcgu.o.rcgu.o&quot; &quot;/home/tkloczko/rpmbuild/BUILD/ruff-0.2.1/target/release/deps/ruff-6d703e2198de8ada.log-709775f4a99312de.log.d8000bdcfc91ded9-cgu.0.rcgu.o.rcgu.o&quot; &quot;/home/tkloczko/rpmbuild/BUILD/ruff-0.2.1/target/release/deps/ruff-6d703e2198de8ada.matches-d3343b10c663222b.matches.653546bff85d1190-cgu.0.rcgu.o.rcgu.o&quot; &quot;/home/tkloczko/rpmbuild/BUILD/ruff-0.2.1/target/release/deps/ruff-6d703e2198de8ada.memchr-1f44dcb4c2c06a2c.memchr.ff954d71b7bc47f0-cgu.0.rcgu.o.rcgu.o&quot; &quot;/home/tkloczko/rpmbuild/BUILD/ruff-0.2.1/target/release/deps/ruff-6d703e2198de8ada.memchr-f75dde98afd438f1.memchr.2a24c14a1c920904-cgu.0.rcgu.o.rcgu.o&quot; &quot;/home/tkloczko/rpmbuild/BUILD/ruff-0.2.1/target/release/deps/ruff-6d703e2198de8ada.miniz_oxide-979513717afcf126.miniz_oxide.3d8ef40e742967f4-cgu.0.rcgu.o.rcgu.o&quot; &quot;/home/tkloczko/rpmbuild/BUILD/ruff-0.2.1/target/release/deps/ruff-6d703e2198de8ada.mio-86b3cd2bd35cd876.mio.4b9122407906e447-cgu.0.rcgu.o.rcgu.o&quot; &quot;/home/tkloczko/rpmbuild/BUILD/ruff-0.2.1/target/release/deps/ruff-6d703e2198de8ada.natord-d9a74b18db370f7d.natord.1c724647af2410a5-cgu.0.rcgu.o.rcgu.o&quot; &quot;/home/tkloczko/rpmbuild/BUILD/ruff-0.2.1/target/release/deps/ruff-6d703e2198de8ada.nix-10378896aa2d69a2.nix.b28cdb2ca201a761-cgu.0.rcgu.o.rcgu.o&quot; &quot;/home/tkloczko/rpmbuild/BUILD/ruff-0.2.1/target/release/deps/ruff-6d703e2198de8ada.nom-8fb9cc9ad883add3.nom.840c88f9e4b84f71-cgu.0.rcgu.o.rcgu.o&quot; &quot;/home/tkloczko/rpmbuild/BUILD/ruff-0.2.1/target/release/deps/ruff-6d703e2198de8ada.notify-799f85cffe2f4c04.notify.c73caed2944fb185-cgu.0.rcgu.o.rcgu.o&quot; &quot;/home/tkloczko/rpmbuild/BUILD/ruff-0.2.1/target/release/deps/ruff-6d703e2198de8ada.num_traits-5a291f5a4bda1f24.num_traits.1ba5c321a018bbf5-cgu.0.rcgu.o.rcgu.o&quot; &quot;/home/tkloczko/rpmbuild/BUILD/ruff-0.2.1/target/release/deps/ruff-6d703e2198de8ada.object-25ebd35426d4ff9f.object.4880f5e8907d93fa-cgu.0.rcgu.o.rcgu.o&quot; &quot;/home/tkloczko/rpmbuild/BUILD/ruff-0.2.1/target/release/deps/ruff-6d703e2198de8ada.once_cell-310f14d773de9285.once_cell.80bcdfc2504c5397-cgu.0.rcgu.o.rcgu.o&quot; &quot;/home/tkloczko/rpmbuild/BUILD/ruff-0.2.1/target/release/deps/ruff-6d703e2198de8ada.option_ext-c1472be12c2951a3.option_ext.42aa0d600cd3aca6-cgu.0.rcgu.o.rcgu.o&quot; &quot;/home/tkloczko/rpmbuild/BUILD/ruff-0.2.1/target/release/deps/ruff-6d703e2198de8ada.os_str_bytes-dc33da0155252a13.os_str_bytes.202f6c02543e6f0c-cgu.0.rcgu.o.rcgu.o&quot; &quot;/home/tkloczko/rpmbuild/BUILD/ruff-0.2.1/target/release/deps/ruff-6d703e2198de8ada.panic_unwind-e1ff2d51302b946a.panic_unwind.e13bd88e65b5538d-cgu.0.rcgu.o.rcgu.o&quot; &quot;/home/tkloczko/rpmbuild/BUILD/ruff-0.2.1/target/release/deps/ruff-6d703e2198de8ada.path_absolutize-011bed03ec00a433.path_absolutize.3f946cf8c2fb71d2-cgu.0.rcgu.o.rcgu.o&quot; &quot;/home/tkloczko/rpmbuild/BUILD/ruff-0.2.1/target/release/deps/ruff-6d703e2198de8ada.path_dedot-d84667fd57da71e2.path_dedot.aab69f523db070bf-cgu.0.rcgu.o.rcgu.o&quot; &quot;/home/tkloczko/rpmbuild/BUILD/ruff-0.2.1/target/release/deps/ruff-6d703e2198de8ada.pathdiff-39f857d9d4fa080d.pathdiff.805d4bf94116c955-cgu.0.rcgu.o.rcgu.o&quot; &quot;/home/tkloczko/rpmbuild/BUILD/ruff-0.2.1/target/release/deps/ruff-6d703e2198de8ada.peg-44299875f64f8fce.peg.2f262f4e07ba956d-cgu.0.rcgu.o.rcgu.o&quot; &quot;/home/tkloczko/rpmbuild/BUILD/ruff-0.2.1/target/release/deps/ruff-6d703e2198de8ada.peg_runtime-33b89b8a4c48da3e.peg_runtime.4aaea20dd9ceb202-cgu.0.rcgu.o.rcgu.o&quot; &quot;/home/tkloczko/rpmbuild/BUILD/ruff-0.2.1/target/release/deps/ruff-6d703e2198de8ada.pep440_rs-e69a1030a1940460.pep440_rs.6218bdee0eef0271-cgu.0.rcgu.o.rcgu.o&quot; &quot;/home/tkloczko/rpmbuild/BUILD/ruff-0.2.1/target/release/deps/ruff-6d703e2198de8ada.pep508_rs-ac0d2ce5c9d8a83e.pep508_rs.8ee40883656a5a8-cgu.0.rcgu.o.rcgu.o&quot; &quot;/home/tkloczko/rpmbuild/BUILD/ruff-0.2.1/target/release/deps/ruff-6d703e2198de8ada.percent_encoding-79cc67d8874a1067.percent_encoding.e130d30f62a50422-cgu.0.rcgu.o.rcgu.o&quot; &quot;/home/tkloczko/rpmbuild/BUILD/ruff-0.2.1/target/release/deps/ruff-6d703e2198de8ada.phf-33864919486e4ba7.phf.f85fde3c709e5573-cgu.0.rcgu.o.rcgu.o&quot; &quot;/home/tkloczko/rpmbuild/BUILD/ruff-0.2.1/target/release/deps/ruff-6d703e2198de8ada.phf_shared-05e76f4fec1789df.phf_shared.be20e38a182d551e-cgu.0.rcgu.o.rcgu.o&quot; &quot;/home/tkloczko/rpmbuild/BUILD/ruff-0.2.1/target/release/deps/ruff-6d703e2198de8ada.pin_project_lite-686fa7da13369454.pin_project_lite.3dfe0af284bac258-cgu.0.rcgu.o.rcgu.o&quot; &quot;/home/tkloczko/rpmbuild/BUILD/ruff-0.2.1/target/release/deps/ruff-6d703e2198de8ada.ppv_lite86-146cd0d0c107d737.ppv_lite86.db7543a79fdd26af-cgu.0.rcgu.o.rcgu.o&quot; &quot;/home/tkloczko/rpmbuild/BUILD/ruff-0.2.1/target/release/deps/ruff-6d703e2198de8ada.pyproject_toml-a951d6140deab583.pyproject_toml.ff9061320805400a-cgu.0.rcgu.o.rcgu.o&quot; &quot;/home/tkloczko/rpmbuild/BUILD/ruff-0.2.1/target/release/deps/ruff-6d703e2198de8ada.quick_junit-5489e2570eb8705f.quick_junit.731d6dc3e877977-cgu.0.rcgu.o.rcgu.o&quot; &quot;/home/tkloczko/rpmbuild/BUILD/ruff-0.2.1/target/release/deps/ruff-6d703e2198de8ada.quick_xml-152446754b4c460b.quick_xml.59249011f12085ae-cgu.0.rcgu.o.rcgu.o&quot; &quot;/home/tkloczko/rpmbuild/BUILD/ruff-0.2.1/target/release/deps/ruff-6d703e2198de8ada.rand-8d070def3dc31847.rand.599a53e4e3d839d3-cgu.0.rcgu.o.rcgu.o&quot; &quot;/home/tkloczko/rpmbuild/BUILD/ruff-0.2.1/target/release/deps/ruff-6d703e2198de8ada.rand_chacha-18d63b2eb9e88b49.rand_chacha.2fcb75b267a5f7fb-cgu.0.rcgu.o.rcgu.o&quot; &quot;/home/tkloczko/rpmbuild/BUILD/ruff-0.2.1/target/release/deps/ruff-6d703e2198de8ada.rand_core-2150aebc689a0bb2.rand_core.cba8edb8495f9cc5-cgu.0.rcgu.o.rcgu.o&quot; &quot;/home/tkloczko/rpmbuild/BUILD/ruff-0.2.1/target/release/deps/ruff-6d703e2198de8ada.rayon-ca5d0623a18f1dad.rayon.71bb52e38843c4f5-cgu.0.rcgu.o.rcgu.o&quot; &quot;/home/tkloczko/rpmbuild/BUILD/ruff-0.2.1/target/release/deps/ruff-6d703e2198de8ada.rayon_core-e183119240fddf79.rayon_core.fff016ea83e4b3c5-cgu.0.rcgu.o.rcgu.o&quot; &quot;/home/tkloczko/rpmbuild/BUILD/ruff-0.2.1/target/release/deps/ruff-6d703e2198de8ada.regex-ca79331fea07438f.regex.6e15462f34153db9-cgu.0.rcgu.o.rcgu.o&quot; &quot;/home/tkloczko/rpmbuild/BUILD/ruff-0.2.1/target/release/deps/ruff-6d703e2198de8ada.regex_automata-dae679334cc14fb5.regex_automata.86dd3cfe8bc864de-cgu.0.rcgu.o.rcgu.o&quot; &quot;/home/tkloczko/rpmbuild/BUILD/ruff-0.2.1/target/release/deps/ruff-6d703e2198de8ada.regex_syntax-28eef7386a73fc18.regex_syntax.3065b2ed7451c43-cgu.0.rcgu.o.rcgu.o&quot; &quot;/home/tkloczko/rpmbuild/BUILD/ruff-0.2.1/target/release/deps/ruff-6d703e2198de8ada.result_like-758c0b740617af6a.result_like.d0417ba5fe28bc19-cgu.0.rcgu.o.rcgu.o&quot; &quot;/home/tkloczko/rpmbuild/BUILD/ruff-0.2.1/target/release/deps/ruff-6d703e2198de8ada.ruff-e96fabf8ea57ccf2.ruff.1f1188fde642b062-cgu.0.rcgu.o.rcgu.o&quot; &quot;/home/tkloczko/rpmbuild/BUILD/ruff-0.2.1/target/release/deps/ruff-6d703e2198de8ada.ruff.cf8031593f2d4a16-cgu.0.rcgu.o&quot; &quot;/home/tkloczko/rpmbuild/BUILD/ruff-0.2.1/target/release/deps/ruff-6d703e2198de8ada.ruff_cache-cd4cde1fc7c0ee96.ruff_cache.4098cb1b2ebd6057-cgu.0.rcgu.o.rcgu.o&quot; &quot;/home/tkloczko/rpmbuild/BUILD/ruff-0.2.1/target/release/deps/ruff-6d703e2198de8ada.ruff_diagnostics-f060f7e136cbe246.ruff_diagnostics.3babf582c4f9ab79-cgu.0.rcgu.o.rcgu.o&quot; &quot;/home/tkloczko/rpmbuild/BUILD/ruff-0.2.1/target/release/deps/ruff-6d703e2198de8ada.ruff_formatter-9c735668d1144ab4.ruff_formatter.d11ab5bc18bed1bc-cgu.0.rcgu.o.rcgu.o&quot; &quot;/home/tkloczko/rpmbuild/BUILD/ruff-0.2.1/target/release/deps/ruff-6d703e2198de8ada.ruff_index-ecca71dc3e383952.ruff_index.303a76d1b00ce556-cgu.0.rcgu.o.rcgu.o&quot; &quot;/home/tkloczko/rpmbuild/BUILD/ruff-0.2.1/target/release/deps/ruff-6d703e2198de8ada.ruff_linter-45654018a8d0eec5.ruff_linter.b7531253b84c185d-cgu.0.rcgu.o.rcgu.o&quot; &quot;/home/tkloczko/rpmbuild/BUILD/ruff-0.2.1/target/release/deps/ruff-6d703e2198de8ada.ruff_notebook-c1af4dad955d7466.ruff_notebook.5691fd1a05a93972-cgu.0.rcgu.o.rcgu.o&quot; &quot;/home/tkloczko/rpmbuild/BUILD/ruff-0.2.1/target/release/deps/ruff-6d703e2198de8ada.ruff_python_ast-7f52bb255707caa8.ruff_python_ast.b0b1cdd2d0208b73-cgu.0.rcgu.o.rcgu.o&quot; &quot;/home/tkloczko/rpmbuild/BUILD/ruff-0.2.1/target/release/deps/ruff-6d703e2198de8ada.ruff_python_codegen-543b591d31ee646e.ruff_python_codegen.85383c97386a7e3c-cgu.0.rcgu.o.rcgu.o&quot; &quot;/home/tkloczko/rpmbuild/BUILD/ruff-0.2.1/target/release/deps/ruff-6d703e2198de8ada.ruff_python_formatter-09aa2fd17432bb5f.ruff_python_formatter.3014663c5916fc0c-cgu.0.rcgu.o.rcgu.o&quot; &quot;/home/tkloczko/rpmbuild/BUILD/ruff-0.2.1/target/release/deps/ruff-6d703e2198de8ada.ruff_python_index-e049f1b65cb38685.ruff_python_index.575d1600d69da6ec-cgu.0.rcgu.o.rcgu.o&quot; &quot;/home/tkloczko/rpmbuild/BUILD/ruff-0.2.1/target/release/deps/ruff-6d703e2198de8ada.ruff_python_literal-c45686c301756dbf.ruff_python_literal.10a8d0c0ef8a5486-cgu.0.rcgu.o.rcgu.o&quot; &quot;/home/tkloczko/rpmbuild/BUILD/ruff-0.2.1/target/release/deps/ruff-6d703e2198de8ada.ruff_python_parser-40cf7545c39bbcc1.ruff_python_parser.a05d7fa193f36af3-cgu.0.rcgu.o.rcgu.o&quot; &quot;/home/tkloczko/rpmbuild/BUILD/ruff-0.2.1/target/release/deps/ruff-6d703e2198de8ada.ruff_python_semantic-8af7c5c1d951aeb6.ruff_python_semantic.f256ceac62052b2-cgu.0.rcgu.o.rcgu.o&quot; &quot;/home/tkloczko/rpmbuild/BUILD/ruff-0.2.1/target/release/deps/ruff-6d703e2198de8ada.ruff_python_stdlib-d7007d7537fe54d2.ruff_python_stdlib.a7ef6ec437f516d6-cgu.0.rcgu.o.rcgu.o&quot; &quot;/home/tkloczko/rpmbuild/BUILD/ruff-0.2.1/target/release/deps/ruff-6d703e2198de8ada.ruff_python_trivia-ad9deb6240549453.ruff_python_trivia.e1102a7a27b69cc-cgu.0.rcgu.o.rcgu.o&quot; &quot;/home/tkloczko/rpmbuild/BUILD/ruff-0.2.1/target/release/deps/ruff-6d703e2198de8ada.ruff_source_file-829be718081d476d.ruff_source_file.669c8fbb05977c10-cgu.0.rcgu.o.rcgu.o&quot; &quot;/home/tkloczko/rpmbuild/BUILD/ruff-0.2.1/target/release/deps/ruff-6d703e2198de8ada.ruff_text_size-7c3c29fa73a071c4.ruff_text_size.4ed074d1f2b6e5b-cgu.0.rcgu.o.rcgu.o&quot; &quot;/home/tkloczko/rpmbuild/BUILD/ruff-0.2.1/target/release/deps/ruff-6d703e2198de8ada.ruff_workspace-b76558ad45e74c0c.ruff_workspace.346c6c538014ff74-cgu.0.rcgu.o.rcgu.o&quot; &quot;/home/tkloczko/rpmbuild/BUILD/ruff-0.2.1/target/release/deps/ruff-6d703e2198de8ada.rust_stemmers-5a5012114cf9beae.rust_stemmers.5f8770f9c9ec0be7-cgu.0.rcgu.o.rcgu.o&quot; &quot;/home/tkloczko/rpmbuild/BUILD/ruff-0.2.1/target/release/deps/ruff-6d703e2198de8ada.rustc_demangle-3c58954cc5c1d146.rustc_demangle.6fdd136b0321371e-cgu.0.rcgu.o.rcgu.o&quot; &quot;/home/tkloczko/rpmbuild/BUILD/ruff-0.2.1/target/release/deps/ruff-6d703e2198de8ada.rustc_hash-3aff7e5a55876052.rustc_hash.716039ac3c8b81b6-cgu.0.rcgu.o.rcgu.o&quot; &quot;/home/tkloczko/rpmbuild/BUILD/ruff-0.2.1/target/release/deps/ruff-6d703e2198de8ada.rustc_std_workspace_alloc-83620eb2e5389417.rustc_std_workspace_alloc.ba49b91665539ef3-cgu.0.rcgu.o.rcgu.o&quot; &quot;/home/tkloczko/rpmbuild/BUILD/ruff-0.2.1/target/release/deps/ruff-6d703e2198de8ada.rustc_std_workspace_core-42028fc11b2faffd.rustc_std_workspace_core.fbd623d8ae848e2a-cgu.0.rcgu.o.rcgu.o&quot; &quot;/home/tkloczko/rpmbuild/BUILD/ruff-0.2.1/target/release/deps/ruff-6d703e2198de8ada.rustix-cd9188845c708127.rustix.b909cd6de20c8fd-cgu.0.rcgu.o.rcgu.o&quot; &quot;/home/tkloczko/rpmbuild/BUILD/ruff-0.2.1/target/release/deps/ruff-6d703e2198de8ada.ryu-46daa732484ad9eb.ryu.d227d7e89abf66e8-cgu.0.rcgu.o.rcgu.o&quot; &quot;/home/tkloczko/rpmbuild/BUILD/ruff-0.2.1/target/release/deps/ruff-6d703e2198de8ada.same_file-d045f02ac2c08a8c.same_file.d64fb6a30b3dcea6-cgu.0.rcgu.o.rcgu.o&quot; &quot;/home/tkloczko/rpmbuild/BUILD/ruff-0.2.1/target/release/deps/ruff-6d703e2198de8ada.seahash-14f0f48c491d5018.seahash.78630570e96afed5-cgu.0.rcgu.o.rcgu.o&quot; &quot;/home/tkloczko/rpmbuild/BUILD/ruff-0.2.1/target/release/deps/ruff-6d703e2198de8ada.semver-6c2a00a49b3a03a1.semver.acdfa53b99b4a15c-cgu.0.rcgu.o.rcgu.o&quot; &quot;/home/tkloczko/rpmbuild/BUILD/ruff-0.2.1/target/release/deps/ruff-6d703e2198de8ada.serde-84a51c38158eab0d.serde.76384db0c080c60b-cgu.0.rcgu.o.rcgu.o&quot; &quot;/home/tkloczko/rpmbuild/BUILD/ruff-0.2.1/target/release/deps/ruff-6d703e2198de8ada.serde_json-3440dbf618d2bfcc.serde_json.a6b99dc32b285755-cgu.0.rcgu.o.rcgu.o&quot; &quot;/home/tkloczko/rpmbuild/BUILD/ruff-0.2.1/target/release/deps/ruff-6d703e2198de8ada.serde_spanned-55ee0c3af6e28621.serde_spanned.c6fb7726e25705d9-cgu.0.rcgu.o.rcgu.o&quot; &quot;/home/tkloczko/rpmbuild/BUILD/ruff-0.2.1/target/release/deps/ruff-6d703e2198de8ada.serde_with-10917306b8da7adb.serde_with.33b3d35a65f4c84a-cgu.0.rcgu.o.rcgu.o&quot; &quot;/home/tkloczko/rpmbuild/BUILD/ruff-0.2.1/target/release/deps/ruff-6d703e2198de8ada.shellexpand-caebf14690633cac.shellexpand.1e89357922dfc1-cgu.0.rcgu.o.rcgu.o&quot; &quot;/home/tkloczko/rpmbuild/BUILD/ruff-0.2.1/target/release/deps/ruff-6d703e2198de8ada.similar-da1b3f961906f123.similar.28228ec9802fabcc-cgu.0.rcgu.o.rcgu.o&quot; &quot;/home/tkloczko/rpmbuild/BUILD/ruff-0.2.1/target/release/deps/ruff-6d703e2198de8ada.siphasher-913081e2ce1f73d3.siphasher.78f6feec76d053b5-cgu.0.rcgu.o.rcgu.o&quot; &quot;/home/tkloczko/rpmbuild/BUILD/ruff-0.2.1/target/release/deps/ruff-6d703e2198de8ada.smallvec-6bba899dd173d584.smallvec.296dce9a29eaef5f-cgu.0.rcgu.o.rcgu.o&quot; &quot;/home/tkloczko/rpmbuild/BUILD/ruff-0.2.1/target/release/deps/ruff-6d703e2198de8ada.static_assertions-5c9cd7e56b8d11bc.static_assertions.56135e7e1df5030e-cgu.0.rcgu.o.rcgu.o&quot; &quot;/home/tkloczko/rpmbuild/BUILD/ruff-0.2.1/target/release/deps/ruff-6d703e2198de8ada.std-88e8f34cafc86b6b.std.4fa8dce3b86b5309-cgu.0.rcgu.o.rcgu.o&quot; &quot;/home/tkloczko/rpmbuild/BUILD/ruff-0.2.1/target/release/deps/ruff-6d703e2198de8ada.std_detect-3f4e3a82970a445d.std_detect.627eea3e35f66297-cgu.0.rcgu.o.rcgu.o&quot; &quot;/home/tkloczko/rpmbuild/BUILD/ruff-0.2.1/target/release/deps/ruff-6d703e2198de8ada.strip_ansi_escapes-e379b72c0ec470d8.strip_ansi_escapes.453d5ff8f73904f5-cgu.0.rcgu.o.rcgu.o&quot; &quot;/home/tkloczko/rpmbuild/BUILD/ruff-0.2.1/target/release/deps/ruff-6d703e2198de8ada.strsim-f2a7d507beaf30b3.strsim.c327606a0146da40-cgu.0.rcgu.o.rcgu.o&quot; &quot;/home/tkloczko/rpmbuild/BUILD/ruff-0.2.1/target/release/deps/ruff-6d703e2198de8ada.strum-c8114189d8ae1514.strum.a7f7c16eb368e340-cgu.0.rcgu.o.rcgu.o&quot; &quot;/home/tkloczko/rpmbuild/BUILD/ruff-0.2.1/target/release/deps/ruff-6d703e2198de8ada.tempfile-ea04561c21e3ab37.tempfile.334723f475a6b386-cgu.0.rcgu.o.rcgu.o&quot; &quot;/home/tkloczko/rpmbuild/BUILD/ruff-0.2.1/target/release/deps/ruff-6d703e2198de8ada.terminal_size-56c62052dc2da5f3.terminal_size.632247c926e55658-cgu.0.rcgu.o.rcgu.o&quot; &quot;/home/tkloczko/rpmbuild/BUILD/ruff-0.2.1/target/release/deps/ruff-6d703e2198de8ada.terminfo-af8af8edb8bd1257.terminfo.44006bc2f7475843-cgu.0.rcgu.o.rcgu.o&quot; &quot;/home/tkloczko/rpmbuild/BUILD/ruff-0.2.1/target/release/deps/ruff-6d703e2198de8ada.thiserror-47b4fa44bf7b7f75.thiserror.91848cc7cb9f9168-cgu.0.rcgu.o.rcgu.o&quot; &quot;/home/tkloczko/rpmbuild/BUILD/ruff-0.2.1/target/release/deps/ruff-6d703e2198de8ada.tikv_jemalloc_sys-7b35328865e9e19c.tikv_jemalloc_sys.ef4388c423bec853-cgu.0.rcgu.o.rcgu.o&quot; &quot;/home/tkloczko/rpmbuild/BUILD/ruff-0.2.1/target/release/deps/ruff-6d703e2198de8ada.tikv_jemallocator-8b2f503a4a783f39.tikv_jemallocator.70cf83133db0ab5b-cgu.0.rcgu.o.rcgu.o&quot; &quot;/home/tkloczko/rpmbuild/BUILD/ruff-0.2.1/target/release/deps/ruff-6d703e2198de8ada.tinyvec-ff3662aadcac4b16.tinyvec.37f78cd57a071286-cgu.0.rcgu.o.rcgu.o&quot; &quot;/home/tkloczko/rpmbuild/BUILD/ruff-0.2.1/target/release/deps/ruff-6d703e2198de8ada.tinyvec_macros-f1e5691361ed6c03.tinyvec_macros.cd94276928f33e08-cgu.0.rcgu.o.rcgu.o&quot; &quot;/home/tkloczko/rpmbuild/BUILD/ruff-0.2.1/target/release/deps/ruff-6d703e2198de8ada.toml-31c26da56fedbfc0.toml.ba3146bfc93bf2df-cgu.0.rcgu.o.rcgu.o&quot; &quot;/home/tkloczko/rpmbuild/BUILD/ruff-0.2.1/target/release/deps/ruff-6d703e2198de8ada.toml_datetime-2ddbdd370686601d.toml_datetime.3372ec0a452f1a05-cgu.0.rcgu.o.rcgu.o&quot; &quot;/home/tkloczko/rpmbuild/BUILD/ruff-0.2.1/target/release/deps/ruff-6d703e2198de8ada.toml_edit-5f73d0cf9ce47034.toml_edit.c768c2cb298bdd9d-cgu.0.rcgu.o.rcgu.o&quot; &quot;/home/tkloczko/rpmbuild/BUILD/ruff-0.2.1/target/release/deps/ruff-6d703e2198de8ada.tracing-a3f91817dcde9784.tracing.94494cb9ce84f202-cgu.0.rcgu.o.rcgu.o&quot; &quot;/home/tkloczko/rpmbuild/BUILD/ruff-0.2.1/target/release/deps/ruff-6d703e2198de8ada.tracing_core-e607f8b144c94521.tracing_core.2ae0f80654363edd-cgu.0.rcgu.o.rcgu.o&quot; &quot;/home/tkloczko/rpmbuild/BUILD/ruff-0.2.1/target/release/deps/ruff-6d703e2198de8ada.typed_arena-ee73f49548130cbc.typed_arena.f77083ab41977d2a-cgu.0.rcgu.o.rcgu.o&quot; &quot;/home/tkloczko/rpmbuild/BUILD/ruff-0.2.1/target/release/deps/ruff-6d703e2198de8ada.unic_char_property-1e301997e2053455.unic_char_property.3dd035b7205df2c0-cgu.0.rcgu.o.rcgu.o&quot; &quot;/home/tkloczko/rpmbuild/BUILD/ruff-0.2.1/target/release/deps/ruff-6d703e2198de8ada.unic_char_range-0dd15c99de13e029.unic_char_range.510331361412616d-cgu.0.rcgu.o.rcgu.o&quot; &quot;/home/tkloczko/rpmbuild/BUILD/ruff-0.2.1/target/release/deps/ruff-6d703e2198de8ada.unic_common-d645a9fb3c144704.unic_common.a219f58c8d1e0fc4-cgu.0.rcgu.o.rcgu.o&quot; &quot;/home/tkloczko/rpmbuild/BUILD/ruff-0.2.1/target/release/deps/ruff-6d703e2198de8ada.unic_ucd_category-d0b0574c891a7eaa.unic_ucd_category.5b87737a9320fd8-cgu.0.rcgu.o.rcgu.o&quot; &quot;/home/tkloczko/rpmbuild/BUILD/ruff-0.2.1/target/release/deps/ruff-6d703e2198de8ada.unic_ucd_version-3e01f6e9014d6888.unic_ucd_version.570933409e236f9c-cgu.0.rcgu.o.rcgu.o&quot; &quot;/home/tkloczko/rpmbuild/BUILD/ruff-0.2.1/target/release/deps/ruff-6d703e2198de8ada.unicode_bidi-374709e3ff7da7ff.unicode_bidi.62a18697ab957374-cgu.0.rcgu.o.rcgu.o&quot; &quot;/home/tkloczko/rpmbuild/BUILD/ruff-0.2.1/target/release/deps/ruff-6d703e2198de8ada.unicode_ident-58089ecc5e80cb57.unicode_ident.3ad9337a769a451-cgu.0.rcgu.o.rcgu.o&quot; &quot;/home/tkloczko/rpmbuild/BUILD/ruff-0.2.1/target/release/deps/ruff-6d703e2198de8ada.unicode_names2-7ce86ac03b74658b.unicode_names2.2d133d5ced35475d-cgu.0.rcgu.o.rcgu.o&quot; &quot;/home/tkloczko/rpmbuild/BUILD/ruff-0.2.1/target/release/deps/ruff-6d703e2198de8ada.unicode_normalization-a0b2adfc7e8379ed.unicode_normalization.3c27b0ccc407f301-cgu.0.rcgu.o.rcgu.o&quot; &quot;/home/tkloczko/rpmbuild/BUILD/ruff-0.2.1/target/release/deps/ruff-6d703e2198de8ada.unicode_width-39449ba84c993d83.unicode_width.d424376ebb615040-cgu.0.rcgu.o.rcgu.o&quot; &quot;/home/tkloczko/rpmbuild/BUILD/ruff-0.2.1/target/release/deps/ruff-6d703e2198de8ada.unwind-66b93f9fb93e46a4.unwind.62ed737859793384-cgu.0.rcgu.o.rcgu.o&quot; &quot;/home/tkloczko/rpmbuild/BUILD/ruff-0.2.1/target/release/deps/ruff-6d703e2198de8ada.url-e8e200dc71e2d46c.url.8f3ce7b6a9eb091d-cgu.0.rcgu.o.rcgu.o&quot; &quot;/home/tkloczko/rpmbuild/BUILD/ruff-0.2.1/target/release/deps/ruff-6d703e2198de8ada.utf8parse-4d276a1b8a6fdd3d.utf8parse.8fbc75beb7208338-cgu.0.rcgu.o.rcgu.o&quot; &quot;/home/tkloczko/rpmbuild/BUILD/ruff-0.2.1/target/release/deps/ruff-6d703e2198de8ada.uuid-b7d44809fd4b5b5d.uuid.6e451cb9151391e8-cgu.0.rcgu.o.rcgu.o&quot; &quot;/home/tkloczko/rpmbuild/BUILD/ruff-0.2.1/target/release/deps/ruff-6d703e2198de8ada.vte-5786fd4776c3e9b7.vte.765de86f18b91b74-cgu.0.rcgu.o.rcgu.o&quot; &quot;/home/tkloczko/rpmbuild/BUILD/ruff-0.2.1/target/release/deps/ruff-6d703e2198de8ada.walkdir-0151a66a169e66e0.walkdir.9c80487a58e4d5df-cgu.0.rcgu.o.rcgu.o&quot; &quot;/home/tkloczko/rpmbuild/BUILD/ruff-0.2.1/target/release/deps/ruff-6d703e2198de8ada.which-c5c01ca2e2908534.which.1adc1ccff30ac807-cgu.0.rcgu.o.rcgu.o&quot; &quot;/home/tkloczko/rpmbuild/BUILD/ruff-0.2.1/target/release/deps/ruff-6d703e2198de8ada.wild-d98ef4a91768ae67.wild.77f68bdd11e2b3f2-cgu.0.rcgu.o.rcgu.o&quot; &quot;/home/tkloczko/rpmbuild/BUILD/ruff-0.2.1/target/release/deps/ruff-6d703e2198de8ada.winnow-da3fa5d8504cba9d.winnow.2fc5948a511620d5-cgu.0.rcgu.o.rcgu.o&quot; &quot;/home/tkloczko/rpmbuild/BUILD/ruff-0.2.1/target/release/deps/ruff-6d703e2198de8ada.yansi_term-23d5004fd10c96bf.yansi_term.ee3c1a83517f21a0-cgu.0.rcgu.o.rcgu.o&quot; &quot;-Wl,--as-needed&quot; &quot;-L&quot; &quot;/home/tkloczko/rpmbuild/BUILD/ruff-0.2.1/target/release/deps&quot; &quot;-L&quot; &quot;/home/tkloczko/rpmbuild/BUILD/ruff-0.2.1/target/release/build/tikv-jemalloc-sys-4d60b33ffbf0a544/out/build/lib&quot; &quot;-L&quot; &quot;/usr/lib/rustlib/x86_64-unknown-linux-gnu/lib&quot; &quot;-Wl,-Bstatic&quot; &quot;/tmp/rustcVcOMo2/libtikv_jemalloc_sys-7b35328865e9e19c.rlib&quot; &quot;/usr/lib/rustlib/x86_64-unknown-linux-gnu/lib/libcompiler_builtins-45aa5db56019b1ef.rlib&quot; &quot;-Wl,-Bdynamic&quot; &quot;-lgcc_s&quot; &quot;-lutil&quot; &quot;-lrt&quot; &quot;-lpthread&quot; &quot;-lm&quot; &quot;-ldl&quot; &quot;-lc&quot; &quot;-Wl,--eh-frame-hdr&quot; &quot;-Wl,-z,noexecstack&quot; &quot;-L&quot; &quot;/usr/lib/rustlib/x86_64-unknown-linux-gnu/lib&quot; &quot;-o&quot; &quot;/home/tkloczko/rpmbuild/BUILD/ruff-0.2.1/target/release/deps/ruff-6d703e2198de8ada&quot; &quot;-Wl,--gc-sections&quot; &quot;-pie&quot; &quot;-Wl,-z,relro,-z,now&quot; &quot;-Wl,-O1&quot; &quot;-nodefaultlibs&quot; &quot;-s&quot; &quot;-Wl,--as-needed&quot; &quot;-Wl,--build-id=sha1&quot; &quot;-Wl,-z,now&quot; &quot;-specs=/usr/lib/rpm/redhat/redhat-hardened-ld&quot; &quot;-Wl,-z,pack-relative-relocs&quot; &quot;-Wl,-z,relro&quot; &quot;-flto=auto&quot;
  = note: /usr/bin/ld: /home/tkloczko/rpmbuild/BUILD/ruff-0.2.1/target/release/deps/ruff-6d703e2198de8ada.addr2line-955e899769e814a2.addr2line.1387076ad9fc1787-cgu.0.rcgu.o.rcgu.o: in function `alloc::raw_vec::finish_grow':
          addr2line.1387076ad9fc1787-cgu.0:(.text._ZN5alloc7raw_vec11finish_grow17h3bb73f220ac8858cE+0x25): undefined reference to `_rjem_realloc'
          /usr/bin/ld: addr2line.1387076ad9fc1787-cgu.0:(.text._ZN5alloc7raw_vec11finish_grow17h3bb73f220ac8858cE+0x56): undefined reference to `_rjem_malloc'
          /usr/bin/ld: /home/tkloczko/rpmbuild/BUILD/ruff-0.2.1/target/release/deps/ruff-6d703e2198de8ada.addr2line-955e899769e814a2.addr2line.1387076ad9fc1787-cgu.0.rcgu.o.rcgu.o: in function `addr2line::path_push':
          addr2line.1387076ad9fc1787-cgu.0:(.text._ZN9addr2line9path_push17h3918480f57bf8d11E+0x40): undefined reference to `_rjem_malloc'
          /usr/bin/ld: addr2line.1387076ad9fc1787-cgu.0:(.text._ZN9addr2line9path_push17h3918480f57bf8d11E+0x6f): undefined reference to `_rjem_sdallocx'
          /usr/bin/ld: /home/tkloczko/rpmbuild/BUILD/ruff-0.2.1/target/release/deps/ruff-6d703e2198de8ada.aho_corasick-cc456bfcda578d2b.aho_corasick.a96386eebe4dfdd5-cgu.0.rcgu.o.rcgu.o: in function `&lt;tikv_jemallocator::Jemalloc as core::alloc::global::GlobalAlloc&gt;::dealloc':
          /home/tkloczko/.cargo/registry/src/index.crates.io-6f17d22bba15001f/tikv-jemallocator-0.5.4/src/lib.rs:129:(.text._ZN4core3ptr106drop_in_place$LT$$u5b$alloc..vec..Vec$LT$aho_corasick..util..primitives..PatternID$GT$$u3b$$u20$8$u5d$$GT$17h02675b9b81b472e0E+0x18): undefined reference to `_rjem_sdallocx'
          /usr/bin/ld: /home/tkloczko/.cargo/registry/src/index.crates.io-6f17d22bba15001f/tikv-jemallocator-0.5.4/src/lib.rs:129:(.text._ZN4core3ptr106drop_in_place$LT$$u5b$alloc..vec..Vec$LT$aho_corasick..util..primitives..PatternID$GT$$u3b$$u20$8$u5d$$GT$17h02675b9b81b472e0E+0x31): undefined reference to `_rjem_sdallocx'
          /usr/bin/ld: /home/tkloczko/.cargo/registry/src/index.crates.io-6f17d22bba15001f/tikv-jemallocator-0.5.4/src/lib.rs:129:(.text._ZN4core3ptr106drop_in_place$LT$$u5b$alloc..vec..Vec$LT$aho_corasick..util..primitives..PatternID$GT$$u3b$$u20$8$u5d$$GT$17h02675b9b81b472e0E+0x4a): undefined reference to `_rjem_sdallocx'
          /usr/bin/ld: /home/tkloczko/.cargo/registry/src/index.crates.io-6f17d22bba15001f/tikv-jemallocator-0.5.4/src/lib.rs:129:(.text._ZN4core3ptr106drop_in_place$LT$$u5b$alloc..vec..Vec$LT$aho_corasick..util..primitives..PatternID$GT$$u3b$$u20$8$u5d$$GT$17h02675b9b81b472e0E+0x63): undefined reference to `_rjem_sdallocx'
          /usr/bin/ld: /home/tkloczko/rpmbuild/BUILD/ruff-0.2.1/target/release/deps/ruff-6d703e2198de8ada.aho_corasick-cc456bfcda578d2b.aho_corasick.a96386eebe4dfdd5-cgu.0.rcgu.o.rcgu.o:/home/tkloczko/.cargo/registry/src/index.crates.io-6f17d22bba15001f/tikv-jemallocator-0.5.4/src/lib.rs:129: more undefined references to `_rjem_sdallocx' follow
          /usr/bin/ld: /home/tkloczko/rpmbuild/BUILD/ruff-0.2.1/target/release/deps/ruff-6d703e2198de8ada.aho_corasick-cc456bfcda578d2b.aho_corasick.a96386eebe4dfdd5-cgu.0.rcgu.o.rcgu.o: in function `&lt;tikv_jemallocator::Jemalloc as core::alloc::global::GlobalAlloc&gt;::alloc':
          /home/tkloczko/.cargo/registry/src/index.crates.io-6f17d22bba15001f/tikv-jemallocator-0.5.4/src/lib.rs:105:(.text._ZN5alloc11collections5btree3map25BTreeMap$LT$K$C$V$C$A$GT$6insert17h45e92c6dc4ba56e0E+0x11c): undefined reference to `_rjem_malloc'
          /usr/bin/ld: /home/tkloczko/.cargo/registry/src/index.crates.io-6f17d22bba15001f/tikv-jemallocator-0.5.4/src/lib.rs:105:(.text._ZN5alloc11collections5btree3map25BTreeMap$LT$K$C$V$C$A$GT$6insert17h45e92c6dc4ba56e0E+0x268): undefined reference to `_rjem_malloc'
          /usr/bin/ld: /home/tkloczko/.cargo/registry/src/index.crates.io-6f17d22bba15001f/tikv-jemallocator-0.5.4/src/lib.rs:105:(.text._ZN5alloc11collections5btree3map25BTreeMap$LT$K$C$V$C$A$GT$6insert17h45e92c6dc4ba56e0E+0x4bd): undefined reference to `_rjem_malloc'
          /usr/bin/ld: /home/tkloczko/.cargo/registry/src/index.crates.io-6f17d22bba15001f/tikv-jemallocator-0.5.4/src/lib.rs:105:(.text._ZN5alloc11collections5btree3map25BTreeMap$LT$K$C$V$C$A$GT$6insert17h45e92c6dc4ba56e0E+0x7e7): undefined reference to `_rjem_malloc'
          /usr/bin/ld: /home/tkloczko/rpmbuild/BUILD/ruff-0.2.1/target/release/deps/ruff-6d703e2198de8ada.aho_corasick-cc456bfcda578d2b.aho_corasick.a96386eebe4dfdd5-cgu.0.rcgu.o.rcgu.o: in function `&lt;tikv_jemallocator::Jemalloc as core::alloc::global::GlobalAlloc&gt;::dealloc':
          /home/tkloczko/.cargo/registry/src/index.crates.io-6f17d22bba15001f/tikv-jemallocator-0.5.4/src/lib.rs:129:(.text._ZN5alloc11collections5btree3map25BTreeMap$LT$K$C$V$C$A$GT$6insert17h45e92c6dc4ba56e0E+0xbb6): undefined reference to `_rjem_sdallocx'
          /usr/bin/ld: /home/tkloczko/.cargo/registry/src/index.crates.io-6f17d22bba15001f/tikv-jemallocator-0.5.4/src/lib.rs:129:(.text._ZN5alloc11collections5btree3map25BTreeMap$LT$K$C$V$C$A$GT$6insert17h45e92c6dc4ba56e0E+0xbc6): undefined reference to `_rjem_sdallocx'
          /usr/bin/ld: /home/tkloczko/.cargo/registry/src/index.crates.io-6f17d22bba15001f/tikv-jemallocator-0.5.4/src/lib.rs:129:(.text._ZN5alloc11collections5btree3map25BTreeMap$LT$K$C$V$C$A$GT$6insert17h45e92c6dc4ba56e0E+0xbec): undefined reference to `_rjem_sdallocx'
          /usr/bin/ld: /home/tkloczko/.cargo/registry/src/index.crates.io-6f17d22bba15001f/tikv-jemallocator-0.5.4/src/lib.rs:129:(.text._ZN5alloc11collections5btree3map25BTreeMap$LT$K$C$V$C$A$GT$6insert17h45e92c6dc4ba56e0E+0xbfc): undefined reference to `_rjem_sdallocx'
          /usr/bin/ld: /home/tkloczko/rpmbuild/BUILD/ruff-0.2.1/target/release/deps/ruff-6d703e2198de8ada.aho_corasick-cc456bfcda578d2b.aho_corasick.a96386eebe4dfdd5-cgu.0.rcgu.o.rcgu.o: in function `alloc::collections::btree::map::entry::VacantEntry&lt;K,V,A&gt;::insert':
          /builddir/build/BUILD/rustc-1.76.0-src/library/alloc/src/boxed.rs:(.text._ZN5alloc11collections5btree3map25BTreeMap$LT$K$C$V$C$A$GT$6insert17h45e92c6dc4ba56e0E+0xc28): undefined reference to `_rjem_sdallocx'
          /usr/bin/ld: /home/tkloczko/rpmbuild/BUILD/ruff-0.2.1/target/release/deps/ruff-6d703e2198de8ada.aho_corasick-cc456bfcda578d2b.aho_corasick.a96386eebe4dfdd5-cgu.0.rcgu.o.rcgu.o:/builddir/build/BUILD/rustc-1.76.0-src/library/core/src/option.rs:(.text._ZN5alloc11collections5btree3map25IntoIter$LT$K$C$V$C$A$GT$10dying_next17h05afef2eb4d2fef4E+0xe0): more undefined references to `_rjem_sdallocx' follow
          /usr/bin/ld: /home/tkloczko/rpmbuild/BUILD/ruff-0.2.1/target/release/deps/ruff-6d703e2198de8ada.aho_corasick-cc456bfcda578d2b.aho_corasick.a96386eebe4dfdd5-cgu.0.rcgu.o.rcgu.o: in function `&lt;tikv_jemallocator::Jemalloc as core::alloc::global::GlobalAlloc&gt;::realloc':
          /home/tkloczko/.cargo/registry/src/index.crates.io-6f17d22bba15001f/tikv-jemallocator-0.5.4/src/lib.rs:140:(.text._ZN5alloc7raw_vec11finish_grow17hcf0e7d4ef02a5285E+0x47): undefined reference to `_rjem_rallocx'
          /usr/bin/ld: /home/tkloczko/rpmbuild/BUILD/ruff-0.2.1/target/release/deps/ruff-6d703e2198de8ada.aho_corasick-cc456bfcda578d2b.aho_corasick.a96386eebe4dfdd5-cgu.0.rcgu.o.rcgu.o: in function `alloc::raw_vec::finish_grow':
          /builddir/build/BUILD/rustc-1.76.0-src/library/alloc/src/raw_vec.rs:(.text._ZN5alloc7raw_vec11finish_grow17hcf0e7d4ef02a5285E+0x84): undefined reference to `_rjem_mallocx'
          /usr/bin/ld: /home/tkloczko/rpmbuild/BUILD/ruff-0.2.1/target/release/deps/ruff-6d703e2198de8ada.aho_corasick-cc456bfcda578d2b.aho_corasick.a96386eebe4dfdd5-cgu.0.rcgu.o.rcgu.o: in function `&lt;tikv_jemallocator::Jemalloc as core::alloc::global::GlobalAlloc&gt;::realloc':
          /home/tkloczko/.cargo/registry/src/index.crates.io-6f17d22bba15001f/tikv-jemallocator-0.5.4/src/lib.rs:138:(.text._ZN5alloc7raw_vec11finish_grow17hcf0e7d4ef02a5285E+0xc1): undefined reference to `_rjem_realloc'
          /usr/bin/ld: /home/tkloczko/rpmbuild/BUILD/ruff-0.2.1/target/release/deps/ruff-6d703e2198de8ada.aho_corasick-cc456bfcda578d2b.aho_corasick.a96386eebe4dfdd5-cgu.0.rcgu.o.rcgu.o: in function `alloc::raw_vec::finish_grow':
          /builddir/build/BUILD/rustc-1.76.0-src/library/alloc/src/raw_vec.rs:(.text._ZN5alloc7raw_vec11finish_grow17hcf0e7d4ef02a5285E+0xd1): undefined reference to `_rjem_malloc'
          /usr/bin/ld: /home/tkloczko/rpmbuild/BUILD/ruff-0.2.1/target/release/deps/ruff-6d703e2198de8ada.aho_corasick-cc456bfcda578d2b.aho_corasick.a96386eebe4dfdd5-cgu.0.rcgu.o.rcgu.o: in function `&lt;tikv_jemallocator::Jemalloc as core::alloc::global::GlobalAlloc&gt;::alloc':
          /home/tkloczko/.cargo/registry/src/index.crates.io-6f17d22bba15001f/tikv-jemallocator-0.5.4/src/lib.rs:105:(.text._ZN62_$LT$T$u20$as$u20$alloc..vec..spec_from_elem..SpecFromElem$GT$9from_elem17h9d7327dd6e8f8984E+0x4e): undefined reference to `_rjem_malloc'
          /usr/bin/ld: /home/tkloczko/.cargo/registry/src/index.crates.io-6f17d22bba15001f/tikv-jemallocator-0.5.4/src/lib.rs:105:(.text._ZN62_$LT$T$u20$as$u20$alloc..vec..spec_from_elem..SpecFromElem$GT$9from_elem17h9d7327dd6e8f8984E+0xef): undefined reference to `_rjem_malloc'
          /usr/bin/ld: /home/tkloczko/rpmbuild/BUILD/ruff-0.2.1/target/release/deps/ruff-6d703e2198de8ada.aho_corasick-cc456bfcda578d2b.aho_corasick.a96386eebe4dfdd5-cgu.0.rcgu.o.rcgu.o: in function `&lt;tikv_jemallocator::Jemalloc as core::alloc::global::GlobalAlloc&gt;::dealloc':
          /home/tkloczko/.cargo/registry/src/index.crates.io-6f17d22bba15001f/tikv-jemallocator-0.5.4/src/lib.rs:129:(.text._ZN62_$LT$T$u20$as$u20$alloc..vec..spec_from_elem..SpecFromElem$GT$9from_elem17h9d7327dd6e8f8984E+0x141): undefined reference to `_rjem_sdallocx'
          /usr/bin/ld: /home/tkloczko/.cargo/registry/src/index.crates.io-6f17d22bba15001f/tikv-jemallocator-0.5.4/src/lib.rs:129:(.text._ZN62_$LT$T$u20$as$u20$alloc..vec..spec_from_elem..SpecFromElem$GT$9from_elem17h9d7327dd6e8f8984E+0x1cf): undefined reference to `_rjem_sdallocx'
          /usr/bin/ld: /home/tkloczko/.cargo/registry/src/index.crates.io-6f17d22bba15001f/tikv-jemallocator-0.5.4/src/lib.rs:129:(.text._ZN62_$LT$T$u20$as$u20$alloc..vec..spec_from_elem..SpecFromElem$GT$9from_elem17h9d7327dd6e8f8984E+0x1fb): undefined reference to `_rjem_sdallocx'
          /usr/bin/ld: /home/tkloczko/rpmbuild/BUILD/ruff-0.2.1/target/release/deps/ruff-6d703e2198de8ada.aho_corasick-cc456bfcda578d2b.aho_corasick.a96386eebe4dfdd5-cgu.0.rcgu.o.rcgu.o: in function `&lt;tikv_jemallocator::Jemalloc as core::alloc::global::GlobalAlloc&gt;::alloc':
          /home/tkloczko/.cargo/registry/src/index.crates.io-6f17d22bba15001f/tikv-jemallocator-0.5.4/src/lib.rs:105:(.text._ZN12aho_corasick11ahocorasick18AhoCorasickBuilder10build_auto17h7c77799f2a6894b7E+0xac): undefined reference to `_rjem_malloc'
          /usr/bin/ld: /home/tkloczko/.cargo/registry/src/index.crates.io-6f17d22bba15001f/tikv-jemallocator-0.5.4/src/lib.rs:105:(.text._ZN12aho_corasick11ahocorasick18AhoCorasickBuilder10build_auto17h7c77799f2a6894b7E+0x122): undefined reference to `_rjem_malloc'
          /usr/bin/ld: /home/tkloczko/.cargo/registry/src/index.crates.io-6f17d22bba15001f/tikv-jemallocator-0.5.4/src/lib.rs:105:(.text._ZN12aho_corasick11ahocorasick18AhoCorasickBuilder10build_auto17h7c77799f2a6894b7E+0x198): undefined reference to `_rjem_malloc'
          /usr/bin/ld: /home/tkloczko/.cargo/registry/src/index.crates.io-6f17d22bba15001f/tikv-jemallocator-0.5.4/src/lib.rs:105:(.text._ZN12aho_corasick9automaton12try_find_fwd17h11de0b250ff99f8bE+0x165): undefined reference to `_rjem_malloc'
          /usr/bin/ld: /home/tkloczko/.cargo/registry/src/index.crates.io-6f17d22bba15001f/tikv-jemallocator-0.5.4/src/lib.rs:105:(.text._ZN12aho_corasick9automaton12try_find_fwd17h11de0b250ff99f8bE+0x453): undefined reference to `_rjem_malloc'
          /usr/bin/ld: /home/tkloczko/rpmbuild/BUILD/ruff-0.2.1/target/release/deps/ruff-6d703e2198de8ada.aho_corasick-cc456bfcda578d2b.aho_corasick.a96386eebe4dfdd5-cgu.0.rcgu.o.rcgu.o:/home/tkloczko/.cargo/registry/src/index.crates.io-6f17d22bba15001f/tikv-jemallocator-0.5.4/src/lib.rs:105: more undefined references to `_rjem_malloc' follow
          /usr/bin/ld: /home/tkloczko/rpmbuild/BUILD/ruff-0.2.1/target/release/deps/ruff-6d703e2198de8ada.aho_corasick-cc456bfcda578d2b.aho_corasick.a96386eebe4dfdd5-cgu.0.rcgu.o.rcgu.o: in function `&lt;tikv_jemallocator::Jemalloc as core::alloc::global::GlobalAlloc&gt;::alloc_zeroed':
          /home/tkloczko/.cargo/registry/src/index.crates.io-6f17d22bba15001f/tikv-jemallocator-0.5.4/src/lib.rs:117:(.text._ZN12aho_corasick3dfa7Builder24build_from_noncontiguous17hc77c5e25f35c5c28E+0xb00): undefined reference to `_rjem_calloc'
          /usr/bin/ld: /home/tkloczko/rpmbuild/BUILD/ruff-0.2.1/target/release/deps/ruff-6d703e2198de8ada.aho_corasick-cc456bfcda578d2b.aho_corasick.a96386eebe4dfdd5-cgu.0.rcgu.o.rcgu.o: in function `&lt;tikv_jemallocator::Jemalloc as core::alloc::global::GlobalAlloc&gt;::dealloc':
          /home/tkloczko/.cargo/registry/src/index.crates.io-6f17d22bba15001f/tikv-jemallocator-0.5.4/src/lib.rs:129:(.text._ZN12aho_corasick3dfa7Builder24build_from_noncontiguous17hc77c5e25f35c5c28E+0x12c9): undefined reference to `_rjem_sdallocx'
          /usr/bin/ld: /home/tkloczko/.cargo/registry/src/index.crates.io-6f17d22bba15001f/tikv-jemallocator-0.5.4/src/lib.rs:129:(.text._ZN12aho_corasick3dfa7Builder24build_from_noncontiguous17hc77c5e25f35c5c28E+0x12d4): undefined reference to `_rjem_sdallocx'
          /usr/bin/ld: /home/tkloczko/rpmbuild/BUILD/ruff-0.2.1/target/release/deps/ruff-6d703e2198de8ada.aho_corasick-cc456bfcda578d2b.aho_corasick.a96386eebe4dfdd5-cgu.0.rcgu.o.rcgu.o: in function `&lt;tikv_jemallocator::Jemalloc as core::alloc::global::GlobalAlloc&gt;::realloc':
          /home/tkloczko/.cargo/registry/src/index.crates.io-6f17d22bba15001f/tikv-jemallocator-0.5.4/src/lib.rs:138:(.text._ZN12aho_corasick3dfa7Builder24build_from_noncontiguous17hc77c5e25f35c5c28E+0x131b): undefined reference to `_rjem_realloc'
          /usr/bin/ld: /home/tkloczko/rpmbuild/BUILD/ruff-0.2.1/target/release/deps/ruff-6d703e2198de8ada.aho_corasick-cc456bfcda578d2b.aho_corasick.a96386eebe4dfdd5-cgu.0.rcgu.o.rcgu.o: in function `&lt;tikv_jemallocator::Jemalloc as core::alloc::global::GlobalAlloc&gt;::dealloc':
          /home/tkloczko/.cargo/registry/src/index.crates.io-6f17d22bba15001f/tikv-jemallocator-0.5.4/src/lib.rs:129:(.text._ZN12aho_corasick3dfa7Builder24build_from_noncontiguous17hc77c5e25f35c5c28E+0x132e): undefined reference to `_rjem_sdallocx'
          /usr/bin/ld: /home/tkloczko/rpmbuild/BUILD/ruff-0.2.1/target/release/deps/ruff-6d703e2198de8ada.aho_corasick-cc456bfcda578d2b.aho_corasick.a96386eebe4dfdd5-cgu.0.rcgu.o.rcgu.o: in function `&lt;tikv_jemallocator::Jemalloc as core::alloc::global::GlobalAlloc&gt;::realloc':
          /home/tkloczko/.cargo/registry/src/index.crates.io-6f17d22bba15001f/tikv-jemallocator-0.5.4/src/lib.rs:138:(.text._ZN12aho_corasick3dfa7Builder24build_from_noncontiguous17hc77c5e25f35c5c28E+0x1376): undefined reference to `_rjem_realloc'
          /usr/bin/ld: /home/tkloczko/rpmbuild/BUILD/ruff-0.2.1/target/release/deps/ruff-6d703e2198de8ada.aho_corasick-cc456bfcda578d2b.aho_corasick.a96386eebe4dfdd5-cgu.0.rcgu.o.rcgu.o: in function `&lt;tikv_jemallocator::Jemalloc as core::alloc::global::GlobalAlloc&gt;::dealloc':
          /home/tkloczko/.cargo/registry/src/index.crates.io-6f17d22bba15001f/tikv-jemallocator-0.5.4/src/lib.rs:129:(.text._ZN12aho_corasick3dfa7Builder24build_from_noncontiguous17hc77c5e25f35c5c28E+0x138e): undefined reference to `_rjem_sdallocx'
          /usr/bin/ld: /home/tkloczko/rpmbuild/BUILD/ruff-0.2.1/target/release/deps/ruff-6d703e2198de8ada.aho_corasick-cc456bfcda578d2b.aho_corasick.a96386eebe4dfdd5-cgu.0.rcgu.o.rcgu.o: in function `&lt;tikv_jemallocator::Jemalloc as core::alloc::global::GlobalAlloc&gt;::realloc':
          /home/tkloczko/.cargo/registry/src/index.crates.io-6f17d22bba15001f/tikv-jemallocator-0.5.4/src/lib.rs:138:(.text._ZN12aho_corasick3dfa7Builder24build_from_noncontiguous17hc77c5e25f35c5c28E+0x13da): undefined reference to `_rjem_realloc'
          /usr/bin/ld: /home/tkloczko/rpmbuild/BUILD/ruff-0.2.1/target/release/deps/ruff-6d703e2198de8ada.aho_corasick-cc456bfcda578d2b.aho_corasick.a96386eebe4dfdd5-cgu.0.rcgu.o.rcgu.o: in function `&lt;tikv_jemallocator::Jemalloc as core::alloc::global::GlobalAlloc&gt;::dealloc':
          /home/tkloczko/.cargo/registry/src/index.crates.io-6f17d22bba15001f/tikv-jemallocator-0.5.4/src/lib.rs:129:(.text._ZN12aho_corasick3dfa7Builder24build_from_noncontiguous17hc77c5e25f35c5c28E+0x1402): undefined reference to `_rjem_sdallocx'
          /usr/bin/ld: /home/tkloczko/.cargo/registry/src/index.crates.io-6f17d22bba15001f/tikv-jemallocator-0.5.4/src/lib.rs:129:(.text._ZN12aho_corasick3dfa7Builder24build_from_noncontiguous17hc77c5e25f35c5c28E+0x1850): undefined reference to `_rjem_sdallocx'
          /usr/bin/ld: /home/tkloczko/.cargo/registry/src/index.crates.io-6f17d22bba15001f/tikv-jemallocator-0.5.4/src/lib.rs:129:(.text._ZN12aho_corasick3dfa7Builder24build_from_noncontiguous17hc77c5e25f35c5c28E+0x18b9): undefined reference to `_rjem_sdallocx'
          /usr/bin/ld: /home/tkloczko/.cargo/registry/src/index.crates.io-6f17d22bba15001f/tikv-jemallocator-0.5.4/src/lib.rs:129:(.text._ZN12aho_corasick3dfa7Builder24build_from_noncontiguous17hc77c5e25f35c5c28E+0x18d0): undefined reference to `_rjem_sdallocx'
          /usr/bin/ld: /home/tkloczko/.cargo/registry/src/index.crates.io-6f17d22bba15001f/tikv-jemallocator-0.5.4/src/lib.rs:129:(.text._ZN12aho_corasick3dfa7Builder24build_from_noncontiguous17hc77c5e25f35c5c28E+0x18e3): undefined reference to `_rjem_sdallocx'
          /usr/bin/ld: /home/tkloczko/rpmbuild/BUILD/ruff-0.2.1/target/release/deps/ruff-6d703e2198de8ada.aho_corasick-cc456bfcda578d2b.aho_corasick.a96386eebe4dfdd5-cgu.0.rcgu.o.rcgu.o: in function `&lt;tikv_jemallocator::Jemalloc as core::alloc::global::GlobalAlloc&gt;::alloc':
          /home/tkloczko/.cargo/registry/src/index.crates.io-6f17d22bba15001f/tikv-jemallocator-0.5.4/src/lib.rs:105:(.text._ZN12aho_corasick3nfa10contiguous7Builder24build_from_noncontiguous17h0ccefbb147aca1a7E+0x246): undefined reference to `_rjem_malloc'
          /usr/bin/ld: /home/tkloczko/.cargo/registry/src/index.crates.io-6f17d22bba15001f/tikv-jemallocator-0.5.4/src/lib.rs:105:(.text._ZN12aho_corasick3nfa10contiguous7Builder24build_from_noncontiguous17h0ccefbb147aca1a7E+0x2ca): undefined reference to `_rjem_malloc'
          /usr/bin/ld: /home/tkloczko/rpmbuild/BUILD/ruff-0.2.1/target/release/deps/ruff-6d703e2198de8ada.aho_corasick-cc456bfcda578d2b.aho_corasick.a96386eebe4dfdd5-cgu.0.rcgu.o.rcgu.o: in function `&lt;tikv_jemallocator::Jemalloc as core::alloc::global::GlobalAlloc&gt;::realloc':
          /home/tkloczko/.cargo/registry/src/index.crates.io-6f17d22bba15001f/tikv-jemallocator-0.5.4/src/lib.rs:138:(.text._ZN12aho_corasick3nfa10contiguous7Builder24build_from_noncontiguous17h0ccefbb147aca1a7E+0xff2): undefined reference to `_rjem_realloc'
          /usr/bin/ld: /home/tkloczko/rpmbuild/BUILD/ruff-0.2.1/target/release/deps/ruff-6d703e2198de8ada.aho_corasick-cc456bfcda578d2b.aho_corasick.a96386eebe4dfdd5-cgu.0.rcgu.o.rcgu.o: in function `&lt;tikv_jemallocator::Jemalloc as core::alloc::global::GlobalAlloc&gt;::dealloc':
          /home/tkloczko/.cargo/registry/src/index.crates.io-6f17d22bba15001f/tikv-jemallocator-0.5.4/src/lib.rs:129:(.text._ZN12aho_corasick3nfa10contiguous7Builder24build_from_noncontiguous17h0ccefbb147aca1a7E+0x1005): undefined reference to `_rjem_sdallocx'
          /usr/bin/ld: /home/tkloczko/rpmbuild/BUILD/ruff-0.2.1/target/release/deps/ruff-6d703e2198de8ada.aho_corasick-cc456bfcda578d2b.aho_corasick.a96386eebe4dfdd5-cgu.0.rcgu.o.rcgu.o: in function `&lt;tikv_jemallocator::Jemalloc as core::alloc::global::GlobalAlloc&gt;::realloc':
          /home/tkloczko/.cargo/registry/src/index.crates.io-6f17d22bba15001f/tikv-jemallocator-0.5.4/src/lib.rs:138:(.text._ZN12aho_corasick3nfa10contiguous7Builder24build_from_noncontiguous17h0ccefbb147aca1a7E+0x104d): undefined reference to `_rjem_realloc'
          /usr/bin/ld: /home/tkloczko/rpmbuild/BUILD/ruff-0.2.1/target/release/deps/ruff-6d703e2198de8ada.aho_corasick-cc456bfcda578d2b.aho_corasick.a96386eebe4dfdd5-cgu.0.rcgu.o.rcgu.o: in function `&lt;tikv_jemallocator::Jemalloc as core::alloc::global::GlobalAlloc&gt;::dealloc':
          /home/tkloczko/.cargo/registry/src/index.crates.io-6f17d22bba15001f/tikv-jemallocator-0.5.4/src/lib.rs:129:(.text._ZN12aho_corasick3nfa10contiguous7Builder24build_from_noncontiguous17h0ccefbb147aca1a7E+0x1071): undefined reference to `_rjem_sdallocx'
          /usr/bin/ld: /home/tkloczko/.cargo/registry/src/index.crates.io-6f17d22bba15001f/tikv-jemallocator-0.5.4/src/lib.rs:129:(.text._ZN12aho_corasick3nfa10contiguous7Builder24build_from_noncontiguous17h0ccefbb147aca1a7E+0x10b9): undefined reference to `_rjem_sdallocx'
          /usr/bin/ld: /home/tkloczko/.cargo/registry/src/index.crates.io-6f17d22bba15001f/tikv-jemallocator-0.5.4/src/lib.rs:129:(.text._ZN12aho_corasick3nfa10contiguous7Builder24build_from_noncontiguous17h0ccefbb147aca1a7E+0x1137): undefined reference to `_rjem_sdallocx'
          /usr/bin/ld: /home/tkloczko/.cargo/registry/src/index.crates.io-6f17d22bba15001f/tikv-jemallocator-0.5.4/src/lib.rs:129:(.text._ZN12aho_corasick3nfa10contiguous7Builder24build_from_noncontiguous17h0ccefbb147aca1a7E+0x1158): undefined reference to `_rjem_sdallocx'
          /usr/bin/ld: /home/tkloczko/.cargo/registry/src/index.crates.io-6f17d22bba15001f/tikv-jemallocator-0.5.4/src/lib.rs:129:(.text._ZN12aho_corasick3nfa10contiguous7Builder24build_from_noncontiguous17h0ccefbb147aca1a7E+0x1471): undefined reference to `_rjem_sdallocx'
          /usr/bin/ld: /home/tkloczko/rpmbuild/BUILD/ruff-0.2.1/target/release/deps/ruff-6d703e2198de8ada.aho_corasick-cc456bfcda578d2b.aho_corasick.a96386eebe4dfdd5-cgu.0.rcgu.o.rcgu.o:/home/tkloczko/.cargo/registry/src/index.crates.io-6f17d22bba15001f/tikv-jemallocator-0.5.4/src/lib.rs:129: more undefined references to `_rjem_sdallocx' follow
          /usr/bin/ld: /home/tkloczko/rpmbuild/BUILD/ruff-0.2.1/target/release/deps/ruff-6d703e2198de8ada.aho_corasick-cc456bfcda578d2b.aho_corasick.a96386eebe4dfdd5-cgu.0.rcgu.o.rcgu.o: in function `&lt;tikv_jemallocator::Jemalloc as core::alloc::global::GlobalAlloc&gt;::alloc_zeroed':
          /home/tkloczko/.cargo/registry/src/index.crates.io-6f17d22bba15001f/tikv-jemallocator-0.5.4/src/lib.rs:117:(.text._ZN12aho_corasick3nfa13noncontiguous8Compiler3new17hb800c36e1b02d238E+0xa3): undefined reference to `_rjem_calloc'
          /usr/bin/ld: /home/tkloczko/rpmbuild/BUILD/ruff-0.2.1/target/release/deps/ruff-6d703e2198de8ada.aho_corasick-cc456bfcda578d2b.aho_corasick.a96386eebe4dfdd5-cgu.0.rcgu.o.rcgu.o: in function `&lt;tikv_jemallocator::Jemalloc as core::alloc::global::GlobalAlloc&gt;::dealloc':
          /home/tkloczko/.cargo/registry/src/index.crates.io-6f17d22bba15001f/tikv-jemallocator-0.5.4/src/lib.rs:129:(.text._ZN12aho_corasick3nfa13noncontiguous8Compiler24fill_failure_transitions17hadaa564eb84d467aE+0x90b): undefined reference to `_rjem_sdallocx'
          /usr/bin/ld: /home/tkloczko/.cargo/registry/src/index.crates.io-6f17d22bba15001f/tikv-jemallocator-0.5.4/src/lib.rs:129:(.text._ZN12aho_corasick3nfa13noncontiguous8Compiler24fill_failure_transitions17hadaa564eb84d467aE+0x9da): undefined reference to `_rjem_sdallocx'
          /usr/bin/ld: /home/tkloczko/rpmbuild/BUILD/ruff-0.2.1/target/release/deps/ruff-6d703e2198de8ada.aho_corasick-cc456bfcda578d2b.aho_corasick.a96386eebe4dfdd5-cgu.0.rcgu.o.rcgu.o: in function `&lt;tikv_jemallocator::Jemalloc as core::alloc::global::GlobalAlloc&gt;::alloc':
          /home/tkloczko/.cargo/registry/src/index.crates.io-6f17d22bba15001f/tikv-jemallocator-0.5.4/src/lib.rs:105:(.text._ZN12aho_corasick3nfa13noncontiguous8Compiler7shuffle17hb73b0195e2a61489E+0x7c): undefined reference to `_rjem_malloc'
          /usr/bin/ld: /home/tkloczko/.cargo/registry/src/index.crates.io-6f17d22bba15001f/tikv-jemallocator-0.5.4/src/lib.rs:105:(.text._ZN12aho_corasick3nfa13noncontiguous8Compiler7shuffle17hb73b0195e2a61489E+0x2d8): undefined reference to `_rjem_malloc'
          /usr/bin/ld: /home/tkloczko/rpmbuild/BUILD/ruff-0.2.1/target/release/deps/ruff-6d703e2198de8ada.aho_corasick-cc456bfcda578d2b.aho_corasick.a96386eebe4dfdd5-cgu.0.rcgu.o.rcgu.o: in function `&lt;tikv_jemallocator::Jemalloc as core::alloc::global::GlobalAlloc&gt;::dealloc':
          /home/tkloczko/.cargo/registry/src/index.crates.io-6f17d22bba15001f/tikv-jemallocator-0.5.4/src/lib.rs:129:(.text._ZN12aho_corasick3nfa13noncontiguous8Compiler7shuffle17hb73b0195e2a61489E+0x446): undefined reference to `_rjem_sdallocx'
          /usr/bin/ld: /home/tkloczko/.cargo/registry/src/index.crates.io-6f17d22bba15001f/tikv-jemallocator-0.5.4/src/lib.rs:129:(.text._ZN12aho_corasick3nfa13noncontiguous8Compiler7shuffle17hb73b0195e2a61489E+0x6a2): undefined reference to `_rjem_sdallocx'
          /usr/bin/ld: /home/tkloczko/rpmbuild/BUILD/ruff-0.2.1/target/release/deps/ruff-6d703e2198de8ada.aho_corasick-cc456bfcda578d2b.aho_corasick.a96386eebe4dfdd5-cgu.0.rcgu.o.rcgu.o: in function `aho_corasick::nfa::noncontiguous::Compiler::shuffle':
          /home/tkloczko/.cargo/registry/src/index.crates.io-6f17d22bba15001f/aho-corasick-1.1.2/src/nfa/noncontiguous.rs:(.text._ZN12aho_corasick3nfa13noncontiguous8Compiler7shuffle17hb73b0195e2a61489E+0x6b0): undefined reference to `_rjem_sdallocx'
          /usr/bin/ld: /home/tkloczko/rpmbuild/BUILD/ruff-0.2.1/target/release/deps/ruff-6d703e2198de8ada.aho_corasick-cc456bfcda578d2b.aho_corasick.a96386eebe4dfdd5-cgu.0.rcgu.o.rcgu.o: in function `&lt;tikv_jemallocator::Jemalloc as core::alloc::global::GlobalAlloc&gt;::alloc':
          /home/tkloczko/.cargo/registry/src/index.crates.io-6f17d22bba15001f/tikv-jemallocator-0.5.4/src/lib.rs:105:(.text._ZN12aho_corasick3nfa13noncontiguous9QueuedSet6insert17hf70391e874d7841dE+0xa1): undefined reference to `_rjem_malloc'
          /usr/bin/ld: /home/tkloczko/.cargo/registry/src/index.crates.io-6f17d22bba15001f/tikv-jemallocator-0.5.4/src/lib.rs:105:(.text._ZN12aho_corasick3nfa13noncontiguous9QueuedSet6insert17hf70391e874d7841dE+0x177): undefined reference to `_rjem_malloc'
          /usr/bin/ld: /home/tkloczko/.cargo/registry/src/index.crates.io-6f17d22bba15001f/tikv-jemallocator-0.5.4/src/lib.rs:105:(.text._ZN12aho_corasick3nfa13noncontiguous9QueuedSet6insert17hf70391e874d7841dE+0x2bb): undefined reference to `_rjem_malloc'
          /usr/bin/ld: /home/tkloczko/.cargo/registry/src/index.crates.io-6f17d22bba15001f/tikv-jemallocator-0.5.4/src/lib.rs:105:(.text._ZN12aho_corasick3nfa13noncontiguous9QueuedSet6insert17hf70391e874d7841dE+0x4e6): undefined reference to `_rjem_malloc'
          /usr/bin/ld: /home/tkloczko/rpmbuild/BUILD/ruff-0.2.1/target/release/deps/ruff-6d703e2198de8ada.aho_corasick-cc456bfcda578d2b.aho_corasick.a96386eebe4dfdd5-cgu.0.rcgu.o.rcgu.o: in function `alloc::collections::btree::node::Handle&lt;alloc::collections::btree::node::NodeRef&lt;alloc::collections::btree::node::marker::Mut,K,V,alloc::collections::btree::node::marker::Leaf&gt;,alloc::collections::btree::node::marker::Edge&gt;::insert_recursing':
          /builddir/build/BUILD/rustc-1.76.0-src/library/alloc/src/collections/btree/node.rs:(.text._ZN12aho_corasick3nfa13noncontiguous9QueuedSet6insert17hf70391e874d7841dE+0x7ab): undefined reference to `_rjem_sdallocx'
          /usr/bin/ld: /home/tkloczko/rpmbuild/BUILD/ruff-0.2.1/target/release/deps/ruff-6d703e2198de8ada.aho_corasick-cc456bfcda578d2b.aho_corasick.a96386eebe4dfdd5-cgu.0.rcgu.o.rcgu.o: in function `&lt;tikv_jemallocator::Jemalloc as core::alloc::global::GlobalAlloc&gt;::alloc':
          /home/tkloczko/.cargo/registry/src/index.crates.io-6f17d22bba15001f/tikv-jemallocator-0.5.4/src/lib.rs:105:(.text._ZN12aho_corasick6packed3api7Builder5build17hfd3c40549949b3d6E+0x74): undefined reference to `_rjem_malloc'
          /usr/bin/ld: /home/tkloczko/.cargo/registry/src/index.crates.io-6f17d22bba15001f/tikv-jemallocator-0.5.4/src/lib.rs:105:(.text._ZN12aho_corasick6packed3api7Builder5build17hfd3c40549949b3d6E+0x106): undefined reference to `_rjem_malloc'
          /usr/bin/ld: /home/tkloczko/.cargo/registry/src/index.crates.io-6f17d22bba15001f/tikv-jemallocator-0.5.4/src/lib.rs:105:(.text._ZN12aho_corasick6packed3api7Builder5build17hfd3c40549949b3d6E+0x188): undefined reference to `_rjem_malloc'
          /usr/bin/ld: /home/tkloczko/.cargo/registry/src/index.crates.io-6f17d22bba15001f/tikv-jemallocator-0.5.4/src/lib.rs:105:(.text._ZN12aho_corasick6packed3api7Builder5build17hfd3c40549949b3d6E+0x2ba): undefined reference to `_rjem_malloc'
          /usr/bin/ld: /home/tkloczko/.cargo/registry/src/index.crates.io-6f17d22bba15001f/tikv-jemallocator-0.5.4/src/lib.rs:105:(.text._ZN12aho_corasick6packed3api7Builder5build17hfd3c40549949b3d6E+0x2d4): undefined reference to `_rjem_malloc'
          /usr/bin/ld: /home/tkloczko/rpmbuild/BUILD/ruff-0.2.1/target/release/deps/ruff-6d703e2198de8ada.aho_corasick-cc456bfcda578d2b.aho_corasick.a96386eebe4dfdd5-cgu.0.rcgu.o.rcgu.o:/home/tkloczko/.cargo/registry/src/index.crates.io-6f17d22bba15001f/tikv-jemallocator-0.5.4/src/lib.rs:105: more undefined references to `_rjem_malloc' follow
          /usr/bin/ld: /home/tkloczko/rpmbuild/BUILD/ruff-0.2.1/target/release/deps/ruff-6d703e2198de8ada.aho_corasick-cc456bfcda578d2b.aho_corasick.a96386eebe4dfdd5-cgu.0.rcgu.o.rcgu.o: in function `&lt;tikv_jemallocator::Jemalloc as core::alloc::global::GlobalAlloc&gt;::dealloc':
          /home/tkloczko/.cargo/registry/src/index.crates.io-6f17d22bba15001f/tikv-jemallocator-0.5.4/src/lib.rs:129:(.text._ZN12aho_corasick6packed3api7Builder5build17hfd3c40549949b3d6E+0x425): undefined reference to `_rjem_sdallocx'

[.and soon.]
</code></pre>
</details>

<p>BTW do you know how to increase level of the wyboisty printed warnings? ü§î</p>
</div>
        </div>
        <div class="timeline-entry">
            <div class="timeline-header">Comment by <a href="https://github.com/kloczek">@kloczek</a> on 2024-02-11 20:19</div>
            <div class="timeline-body"><pre><code>error: linking with `cc` failed: exit status: 1
  |
  = note: LC_ALL=&quot;C&quot; PATH=&quot;/usr/lib/rustlib/x86_64-unknown-linux-gnu/bin:/usr/bin:/usr/sbin:/usr/local/sbin&quot; VSLANG=&quot;1033&quot; &quot;cc&quot; &quot;-m64&quot; [..]
</code></pre>
<p>Hmm .. why on linking is used 'cc' and not what is passed in <code>$CC</code> env variable?
It trashes LTO.ü§î</p>
</div>
        </div>
        <div class="timeline-entry">
            <div class="timeline-header">Comment by <a href="https://github.com/charliermarsh">@charliermarsh</a> on 2024-02-11 20:48</div>
            <div class="timeline-body"><p>Huh, I'm not sure, I don't think we control much of these aspects of the build.</p>
</div>
        </div>
        <div class="timeline-entry">
            <div class="event">Referenced in <a href="../../NixOS/nixpkgs/pulls/341674.html">NixOS/nixpkgs#341674</a> on 2024-09-14 21:56</div>
        </div>
    </div>

    <footer>
        Synced at 2026-01-10 01:30:11 UTC
    </footer>
</body>
</html>
