<!DOCTYPE html>
<html lang="en">
<head>
    <meta charset="UTF-8">
    <meta name="viewport" content="width=device-width, initial-scale=1.0">
    <title>Can't compile with 3.0.0-beta.1: &quot;error: linking with `cc` failed: exit code: 1 [...]&quot; - clap-rs/clap #2042</title>
    <link rel="stylesheet" href="../../../style.css">
</head>
<body>
    <div class="back-link">
        <a href="../../../index.html">Back to index</a>
    </div>

    <h1>Can&#x27;t compile with 3.0.0-beta.1: &quot;error: linking with <code>cc</code> failed: exit code: 1 [...]&quot;</h1>

    <div class="meta">
        <span class="state-icon state-closed"></span>
        <a href="https://github.com/clap-rs/clap/issues/2042">#2042</a>
        opened by <a href="https://github.com/bbergeron0">@bbergeron0</a>
        on 2020-07-31 16:54
    </div>

    <div class="timeline">
        <div class="timeline-entry">
            <div class="timeline-header"><a href="https://github.com/bbergeron0">@bbergeron0</a></div>
            <div class="timeline-body"><p>When trying to build a project using &quot;3.0.0-beta.1&quot;, I get the following error:</p>
<pre><code>error: linking with `cc` failed: exit code: 1
  |
  = note: &quot;cc&quot; &quot;-Wl,--as-needed&quot; &quot;-Wl,-z,noexecstack&quot; &quot;-m64&quot; &quot;-L&quot; &quot;/home/dev-user/.rustup/toolchains/stable-x86_64-unknown-linux-gnu/lib/rustlib/x86_64-unknown-linux-gnu/lib&quot; &quot;/home/dev-user/Projects/application/target/debug/build/proc-macro-error-attr-293e3d21843d85e8/build_script_build-293e3d21843d85e8.build_script_build.4g6dr5ko-cgu.0.rcgu.o&quot; &quot;/home/dev-user/Projects/application/target/debug/build/proc-macro-error-attr-293e3d21843d85e8/build_script_build-293e3d21843d85e8.build_script_build.4g6dr5ko-cgu.1.rcgu.o&quot; &quot;/home/dev-user/Projects/application/target/debug/build/proc-macro-error-attr-293e3d21843d85e8/build_script_build-293e3d21843d85e8.build_script_build.4g6dr5ko-cgu.2.rcgu.o&quot; &quot;/home/dev-user/Projects/application/target/debug/build/proc-macro-error-attr-293e3d21843d85e8/build_script_build-293e3d21843d85e8.build_script_build.4g6dr5ko-cgu.3.rcgu.o&quot; &quot;/home/dev-user/Projects/application/target/debug/build/proc-macro-error-attr-293e3d21843d85e8/build_script_build-293e3d21843d85e8.build_script_build.4g6dr5ko-cgu.4.rcgu.o&quot; &quot;/home/dev-user/Projects/application/target/debug/build/proc-macro-error-attr-293e3d21843d85e8/build_script_build-293e3d21843d85e8.build_script_build.4g6dr5ko-cgu.5.rcgu.o&quot; &quot;-o&quot; &quot;/home/dev-user/Projects/application/target/debug/build/proc-macro-error-attr-293e3d21843d85e8/build_script_build-293e3d21843d85e8&quot; &quot;/home/dev-user/Projects/application/target/debug/build/proc-macro-error-attr-293e3d21843d85e8/build_script_build-293e3d21843d85e8.30tmyzw1ov0vl2ft.rcgu.o&quot; &quot;-Wl,--gc-sections&quot; &quot;-pie&quot; &quot;-Wl,-zrelro&quot; &quot;-Wl,-znow&quot; &quot;-nodefaultlibs&quot; &quot;-L&quot; &quot;/home/dev-user/Projects/application/target/debug/deps&quot; &quot;-L&quot; &quot;/home/dev-user/.rustup/toolchains/stable-x86_64-unknown-linux-gnu/lib/rustlib/x86_64-unknown-linux-gnu/lib&quot; &quot;-Wl,-Bstatic&quot; &quot;/home/dev-user/Projects/application/target/debug/deps/libversion_check-6d101f1b9670aa86.rlib&quot; &quot;-Wl,--start-group&quot; &quot;/home/dev-user/.rustup/toolchains/stable-x86_64-unknown-linux-gnu/lib/rustlib/x86_64-unknown-linux-gnu/lib/libstd-6640d3868fa846e8.rlib&quot; &quot;/home/dev-user/.rustup/toolchains/stable-x86_64-unknown-linux-gnu/lib/rustlib/x86_64-unknown-linux-gnu/lib/libpanic_unwind-48481e446108229f.rlib&quot; &quot;/home/dev-user/.rustup/toolchains/stable-x86_64-unknown-linux-gnu/lib/rustlib/x86_64-unknown-linux-gnu/lib/libhashbrown-bfdf9e1c331f914a.rlib&quot; &quot;/home/dev-user/.rustup/toolchains/stable-x86_64-unknown-linux-gnu/lib/rustlib/x86_64-unknown-linux-gnu/lib/librustc_std_workspace_alloc-991e68a3d0300af6.rlib&quot; &quot;/home/dev-user/.rustup/toolchains/stable-x86_64-unknown-linux-gnu/lib/rustlib/x86_64-unknown-linux-gnu/lib/libbacktrace-74304cfed66bbabf.rlib&quot; &quot;/home/dev-user/.rustup/toolchains/stable-x86_64-unknown-linux-gnu/lib/rustlib/x86_64-unknown-linux-gnu/lib/libbacktrace_sys-5db30a83f5489d12.rlib&quot; &quot;/home/dev-user/.rustup/toolchains/stable-x86_64-unknown-linux-gnu/lib/rustlib/x86_64-unknown-linux-gnu/lib/librustc_demangle-a106c3f62654e72c.rlib&quot; &quot;/home/dev-user/.rustup/toolchains/stable-x86_64-unknown-linux-gnu/lib/rustlib/x86_64-unknown-linux-gnu/lib/libunwind-3d6b30695af38106.rlib&quot; &quot;/home/dev-user/.rustup/toolchains/stable-x86_64-unknown-linux-gnu/lib/rustlib/x86_64-unknown-linux-gnu/lib/libcfg_if-d8f11f6bb46ba3ee.rlib&quot; &quot;/home/dev-user/.rustup/toolchains/stable-x86_64-unknown-linux-gnu/lib/rustlib/x86_64-unknown-linux-gnu/lib/liblibc-60c81ab95e289dd1.rlib&quot; &quot;/home/dev-user/.rustup/toolchains/stable-x86_64-unknown-linux-gnu/lib/rustlib/x86_64-unknown-linux-gnu/lib/liballoc-fd1a416f10d6c43d.rlib&quot; &quot;/home/dev-user/.rustup/toolchains/stable-x86_64-unknown-linux-gnu/lib/rustlib/x86_64-unknown-linux-gnu/lib/librustc_std_workspace_core-4a2bd2b60cccd1fb.rlib&quot; &quot;/home/dev-user/.rustup/toolchains/stable-x86_64-unknown-linux-gnu/lib/rustlib/x86_64-unknown-linux-gnu/lib/libcore-7ea8ebc630055039.rlib&quot; &quot;-Wl,--end-group&quot; &quot;/home/dev-user/.rustup/toolchains/stable-x86_64-unknown-linux-gnu/lib/rustlib/x86_64-unknown-linux-gnu/lib/libcompiler_builtins-f7cd12d3ecd59a89.rlib&quot; &quot;-Wl,-Bdynamic&quot; &quot;-ldl&quot; &quot;-lrt&quot; &quot;-lpthread&quot; &quot;-lgcc_s&quot; &quot;-lc&quot; &quot;-lm&quot; &quot;-lrt&quot; &quot;-lpthread&quot; &quot;-lutil&quot; &quot;-ldl&quot; &quot;-lutil&quot;
  = note: /home/dev-user/Projects/application/target/debug/deps/libversion_check-6d101f1b9670aa86.rlib(version_check-6d101f1b9670aa86.version_check.3hgk8ibb-cgu.5.rcgu.o): In function `version_check::is_max_version&#x27;:
          /home/dev-user/.cargo/registry/src/github.com-1ecc6299db9ec823/version_check-0.9.2/src/lib.rs:206: undefined reference to `version_check::version::Version::read&#x27;
          /home/dev-user/.cargo/registry/src/github.com-1ecc6299db9ec823/version_check-0.9.2/src/lib.rs:206: undefined reference to `version_check::version::Version::parse&#x27;
          /home/dev-user/.cargo/registry/src/github.com-1ecc6299db9ec823/version_check-0.9.2/src/lib.rs:207: undefined reference to `&lt;version_check::version::Version as core::cmp::PartialOrd&gt;::le&#x27;
          /usr/bin/ld: /home/dev-user/Projects/application/target/debug/build/proc-macro-error-attr-293e3d21843d85e8/build_script_build-293e3d21843d85e8: hidden symbol `_ZN73_$LT$version_check..version..Version$u20$as$u20$core..cmp..PartialOrd$GT$2le17hce324ff59318ace4E&#x27; isn&#x27;t defined
          /usr/bin/ld: final link failed: Bad value
          collect2: error: ld returned 1 exit status
          

error: aborting due to previous error

error: could not compile `proc-macro-error-attr`.

To learn more, run the command again with --verbose.
warning: build failed, waiting for other jobs to finish...
error: linking with `cc` failed: exit code: 1
  |
  = note: &quot;cc&quot; &quot;-Wl,--as-needed&quot; &quot;-Wl,-z,noexecstack&quot; &quot;-m64&quot; &quot;-L&quot; &quot;/home/dev-user/.rustup/toolchains/stable-x86_64-unknown-linux-gnu/lib/rustlib/x86_64-unknown-linux-gnu/lib&quot; &quot;/home/dev-user/Projects/application/target/debug/build/proc-macro-error-3d01fc0f96fb1a12/build_script_build-3d01fc0f96fb1a12.build_script_build.67kbu6v9-cgu.0.rcgu.o&quot; &quot;/home/dev-user/Projects/application/target/debug/build/proc-macro-error-3d01fc0f96fb1a12/build_script_build-3d01fc0f96fb1a12.build_script_build.67kbu6v9-cgu.1.rcgu.o&quot; &quot;/home/dev-user/Projects/application/target/debug/build/proc-macro-error-3d01fc0f96fb1a12/build_script_build-3d01fc0f96fb1a12.build_script_build.67kbu6v9-cgu.2.rcgu.o&quot; &quot;/home/dev-user/Projects/application/target/debug/build/proc-macro-error-3d01fc0f96fb1a12/build_script_build-3d01fc0f96fb1a12.build_script_build.67kbu6v9-cgu.3.rcgu.o&quot; &quot;/home/dev-user/Projects/application/target/debug/build/proc-macro-error-3d01fc0f96fb1a12/build_script_build-3d01fc0f96fb1a12.build_script_build.67kbu6v9-cgu.4.rcgu.o&quot; &quot;/home/dev-user/Projects/application/target/debug/build/proc-macro-error-3d01fc0f96fb1a12/build_script_build-3d01fc0f96fb1a12.build_script_build.67kbu6v9-cgu.5.rcgu.o&quot; &quot;/home/dev-user/Projects/application/target/debug/build/proc-macro-error-3d01fc0f96fb1a12/build_script_build-3d01fc0f96fb1a12.build_script_build.67kbu6v9-cgu.6.rcgu.o&quot; &quot;-o&quot; &quot;/home/dev-user/Projects/application/target/debug/build/proc-macro-error-3d01fc0f96fb1a12/build_script_build-3d01fc0f96fb1a12&quot; &quot;/home/dev-user/Projects/application/target/debug/build/proc-macro-error-3d01fc0f96fb1a12/build_script_build-3d01fc0f96fb1a12.4zz0kqsavf11fnqn.rcgu.o&quot; &quot;-Wl,--gc-sections&quot; &quot;-pie&quot; &quot;-Wl,-zrelro&quot; &quot;-Wl,-znow&quot; &quot;-nodefaultlibs&quot; &quot;-L&quot; &quot;/home/dev-user/Projects/application/target/debug/deps&quot; &quot;-L&quot; &quot;/home/dev-user/.rustup/toolchains/stable-x86_64-unknown-linux-gnu/lib/rustlib/x86_64-unknown-linux-gnu/lib&quot; &quot;-Wl,-Bstatic&quot; &quot;/home/dev-user/Projects/application/target/debug/deps/libversion_check-6d101f1b9670aa86.rlib&quot; &quot;-Wl,--start-group&quot; &quot;/home/dev-user/.rustup/toolchains/stable-x86_64-unknown-linux-gnu/lib/rustlib/x86_64-unknown-linux-gnu/lib/libstd-6640d3868fa846e8.rlib&quot; &quot;/home/dev-user/.rustup/toolchains/stable-x86_64-unknown-linux-gnu/lib/rustlib/x86_64-unknown-linux-gnu/lib/libpanic_unwind-48481e446108229f.rlib&quot; &quot;/home/dev-user/.rustup/toolchains/stable-x86_64-unknown-linux-gnu/lib/rustlib/x86_64-unknown-linux-gnu/lib/libhashbrown-bfdf9e1c331f914a.rlib&quot; &quot;/home/dev-user/.rustup/toolchains/stable-x86_64-unknown-linux-gnu/lib/rustlib/x86_64-unknown-linux-gnu/lib/librustc_std_workspace_alloc-991e68a3d0300af6.rlib&quot; &quot;/home/dev-user/.rustup/toolchains/stable-x86_64-unknown-linux-gnu/lib/rustlib/x86_64-unknown-linux-gnu/lib/libbacktrace-74304cfed66bbabf.rlib&quot; &quot;/home/dev-user/.rustup/toolchains/stable-x86_64-unknown-linux-gnu/lib/rustlib/x86_64-unknown-linux-gnu/lib/libbacktrace_sys-5db30a83f5489d12.rlib&quot; &quot;/home/dev-user/.rustup/toolchains/stable-x86_64-unknown-linux-gnu/lib/rustlib/x86_64-unknown-linux-gnu/lib/librustc_demangle-a106c3f62654e72c.rlib&quot; &quot;/home/dev-user/.rustup/toolchains/stable-x86_64-unknown-linux-gnu/lib/rustlib/x86_64-unknown-linux-gnu/lib/libunwind-3d6b30695af38106.rlib&quot; &quot;/home/dev-user/.rustup/toolchains/stable-x86_64-unknown-linux-gnu/lib/rustlib/x86_64-unknown-linux-gnu/lib/libcfg_if-d8f11f6bb46ba3ee.rlib&quot; &quot;/home/dev-user/.rustup/toolchains/stable-x86_64-unknown-linux-gnu/lib/rustlib/x86_64-unknown-linux-gnu/lib/liblibc-60c81ab95e289dd1.rlib&quot; &quot;/home/dev-user/.rustup/toolchains/stable-x86_64-unknown-linux-gnu/lib/rustlib/x86_64-unknown-linux-gnu/lib/liballoc-fd1a416f10d6c43d.rlib&quot; &quot;/home/dev-user/.rustup/toolchains/stable-x86_64-unknown-linux-gnu/lib/rustlib/x86_64-unknown-linux-gnu/lib/librustc_std_workspace_core-4a2bd2b60cccd1fb.rlib&quot; &quot;/home/dev-user/.rustup/toolchains/stable-x86_64-unknown-linux-gnu/lib/rustlib/x86_64-unknown-linux-gnu/lib/libcore-7ea8ebc630055039.rlib&quot; &quot;-Wl,--end-group&quot; &quot;/home/dev-user/.rustup/toolchains/stable-x86_64-unknown-linux-gnu/lib/rustlib/x86_64-unknown-linux-gnu/lib/libcompiler_builtins-f7cd12d3ecd59a89.rlib&quot; &quot;-Wl,-Bdynamic&quot; &quot;-ldl&quot; &quot;-lrt&quot; &quot;-lpthread&quot; &quot;-lgcc_s&quot; &quot;-lc&quot; &quot;-lm&quot; &quot;-lrt&quot; &quot;-lpthread&quot; &quot;-lutil&quot; &quot;-ldl&quot; &quot;-lutil&quot;
  = note: /home/dev-user/Projects/application/target/debug/deps/libversion_check-6d101f1b9670aa86.rlib(version_check-6d101f1b9670aa86.version_check.3hgk8ibb-cgu.5.rcgu.o): In function `version_check::is_max_version&#x27;:
          /home/dev-user/.cargo/registry/src/github.com-1ecc6299db9ec823/version_check-0.9.2/src/lib.rs:206: undefined reference to `version_check::version::Version::read&#x27;
          /home/dev-user/.cargo/registry/src/github.com-1ecc6299db9ec823/version_check-0.9.2/src/lib.rs:206: undefined reference to `version_check::version::Version::parse&#x27;
          /home/dev-user/.cargo/registry/src/github.com-1ecc6299db9ec823/version_check-0.9.2/src/lib.rs:207: undefined reference to `&lt;version_check::version::Version as core::cmp::PartialOrd&gt;::le&#x27;
          /usr/bin/ld: /home/dev-user/Projects/application/target/debug/build/proc-macro-error-3d01fc0f96fb1a12/build_script_build-3d01fc0f96fb1a12: hidden symbol `_ZN73_$LT$version_check..version..Version$u20$as$u20$core..cmp..PartialOrd$GT$2le17hce324ff59318ace4E&#x27; isn&#x27;t defined
          /usr/bin/ld: final link failed: Bad value
          collect2: error: ld returned 1 exit status
          

error: aborting due to previous error

error: could not compile `proc-macro-error`.

To learn more, run the command again with --verbose.
warning: build failed, waiting for other jobs to finish...
error: build failed
</code></pre>
<p>Am I missing any library or config?</p>
Code relevant to clap
<pre><code>#[derive(Clap)]
#[clap(version = APP_VERSION, author = APP_AUTHOR)]
struct Opts {
    #[clap(short, long)]
    config: Option&lt;String&gt;,

    #[clap(short, long)]
    address: Option&lt;String&gt;,

    #[clap(short, long)]
    port: Option&lt;u16&gt;,

    #[clap(short, long)]
    enable_https: Option&lt;bool&gt;,

    #[clap(short, long)]
    log_level: Option&lt;u8&gt;,
}

fn main() {
    let opts: Opts = Opts::parse();
    println!(&quot;{:#?}&quot;, opts);

    // ...
}
</code></pre>
Environments
<p>cargo 1.44.1 (88ba85757 2020-06-11)
rustc 1.44.1 (c7087fe00 2020-06-17)
clap 3.0.0-beta.1</p>
</div>
        </div>
        <div class="timeline-entry">
            <div class="event">Label <span class="label">T: bug</span> added by <a href="https://github.com/bbergeron0">@bbergeron0</a> on 2020-07-31 16:54</div>
        </div>
        <div class="timeline-entry">
            <div class="timeline-header">Comment by <a href="https://github.com/CreepySkeleton">@CreepySkeleton</a> on 2020-07-31 18:12</div>
            <div class="timeline-body"><p>That&#x27;s weird. Could you run<code> cargo clean</code> and try again? And what is your OS?</p>
</div>
        </div>
        <div class="timeline-entry">
            <div class="timeline-header">Comment by <a href="https://github.com/bbergeron0">@bbergeron0</a> on 2020-07-31 19:51</div>
            <div class="timeline-body"><p>@CreepySkeleton <code>cargo clean</code> solved the issue, thanks a lot!</p>
</div>
        </div>
        <div class="timeline-entry">
            <div class="event">Closed by <a href="https://github.com/CreepySkeleton">@CreepySkeleton</a> on 2020-07-31 20:04</div>
        </div>
    </div>

    <footer>
        Synced at 2026-01-20 19:57:52 UTC
    </footer>
</body>
</html>
