<!DOCTYPE html>
<html lang="en">
<head>
    <meta charset="UTF-8">
    <meta name="viewport" content="width=device-width, initial-scale=1.0">
    <title>Argument conflicts with subcommand name - clap-rs/clap #2375</title>
    <link rel="stylesheet" href="../../../style.css">
</head>
<body>
    <div class="back-link">
        <a href="../../../index.html">Back to index</a>
    </div>

    <h1>Argument conflicts with subcommand name</h1>

    <div class="meta">
        <span class="state state-open">Open</span>
        <a href="https://github.com/clap-rs/clap/issues/2375">#2375</a>
        opened by <a href="https://github.com/x3rAx">@x3rAx</a>
        on 2021-03-02 11:04
    </div>

    <div class="timeline">
        <div class="timeline-entry">
            <div class="timeline-header">Issue opened by <a href="https://github.com/x3rAx">@x3rAx</a> on 2021-03-02 11:04</div>
            <div class="timeline-body"><h3>Please complete the following tasks</h3>
<ul>
<li>[X] I have searched the <a href="https://github.com/clap-rs/clap/discussions">discussions</a></li>
<li>[X] I have searched the existing issues</li>
</ul>
<h3>Rust Version</h3>
<p>rustc 1.50.0 (cb75ad5db 2021-02-10)</p>
<h3>Clap Version</h3>
<p>clap = &quot;3.0.0-beta.2&quot;</p>
<h3>Minimal reproducible code</h3>
<pre><code class="language-rust">use std::path::PathBuf;
use clap::Clap;

fn main() {
    let _opts = Opts::parse();
}

/// This is a test
#[derive(Clap)]
struct Opts {
    #[clap(subcommand)]
    subcmd: SubCommand,
}

#[derive(Clap)]
enum SubCommand {
    File(File),
}

/// Work with a file
#[derive(Clap)]
struct File {
    /// An argument before another sub command
    file: PathBuf,
    #[clap(subcommand)]
    subcmd: TestSubCommand,
}

#[derive(Clap)]
enum TestSubCommand {
    Test(Test),
}

/// Work with a file
#[derive(Clap)]
struct Test {
    /// An argument of the `test` subcommand
    value: i32
}
</code></pre>
<h3>Steps to reproduce the bug with the above code</h3>
<ul>
<li><code>cargo run -- file test test 1</code></li>
<li><code>cargo run -- file xtest test 1</code></li>
</ul>
<h3>Actual Behaviour</h3>
<p>The first argument <code>file</code> is a subcommand, that accepts a filename and a sub-subcommand <code>test</code> which accepts a number.
If the filename is the same as the sub-subcommand, it fails with the following error:</p>
<pre><code class="language-txt">error: Found argument '1' which wasn't expected, or isn't valid in this context

If you tried to supply `1` as a PATTERN use `-- 1`

USAGE:
    clap-test file &lt;file&gt; test &lt;value&gt;

For more information try --help
</code></pre>
<p>Putting  <code>--</code> anywhere between the arguments does not fix it but produces other errors.</p>
<p>If the filename is similar to the subcommand name, then it fails and proposes the &quot;correct&quot; subcommand:</p>
<pre><code class="language-txt">error: The subcommand 'xtest' wasn't recognized

        Did you mean 'test'?

If you believe you received this message in error, try re-running with 'clap-test file -- xtest'

USAGE:
    clap-test file &lt;file&gt; &lt;SUBCOMMAND&gt;

For more information try --help
</code></pre>
<p>Again putting  <code>--</code> anywhere between the arguments does not fix it but produces other errors.</p>
<h3>Expected Behaviour</h3>
<p>The argument after <code>file</code> should be treated as an argument (as it is not optional), not as a subcommand, just as the help text suggests:</p>
<pre><code class="language-txt">USAGE:
    clap-test file &lt;file&gt; test &lt;value&gt;
</code></pre>
<h3>Additional Context</h3>
<p><em>No response</em></p>
<h3>Debug Output</h3>
<pre><code class="language-txt">[            clap::build::app]  App::_do_parse
[            clap::build::app]  App::_build
[            clap::build::app]  App::_propagate:clap-test
[            clap::build::app]  App::_propagate:file
[            clap::build::app]  App::_propagate:test
[            clap::build::app]  App::_derive_display_order:clap-test
[            clap::build::app]  App::_derive_display_order:file
[            clap::build::app]  App::_derive_display_order:test
[            clap::build::app]  App::_create_help_and_version
[            clap::build::app]  App::_create_help_and_version: Building --help
[            clap::build::app]  App::_create_help_and_version: Building --version
[            clap::build::app]  App::_create_help_and_version: Building help
[clap::build::app::debug_asserts]       App::_debug_asserts
[            clap::build::arg]  Arg::_debug_asserts:help
[            clap::build::arg]  Arg::_debug_asserts:version
[         clap::parse::parser]  Parser::get_matches_with
[         clap::parse::parser]  Parser::_build
[         clap::parse::parser]  Parser::_verify_positionals
[         clap::parse::parser]  Parser::get_matches_with: Begin parsing '&quot;file&quot;' ([102, 105, 108, 101])
[         clap::parse::parser]  Parser::is_new_arg: &quot;file&quot;:NotFound
[         clap::parse::parser]  Parser::is_new_arg: arg_allows_tac=false
[         clap::parse::parser]  Parser::is_new_arg: probably value
[         clap::parse::parser]  Parser::is_new_arg: starts_new_arg=false
[         clap::parse::parser]  Parser::possible_subcommand: arg=&quot;file&quot;
[         clap::parse::parser]  Parser::get_matches_with: possible_sc=true, sc=Some(&quot;file&quot;)
[         clap::parse::parser]  Parser::parse_subcommand
[         clap::output::usage]  Usage::get_required_usage_from: incls=[], matcher=false, incl_last=true
[         clap::output::usage]  Usage::get_required_usage_from: unrolled_reqs=[]
[         clap::output::usage]  Usage::get_required_usage_from: ret_val=[]
[            clap::build::app]  App::_propagate:clap-test
[            clap::build::app]  App::_build
[            clap::build::app]  App::_propagate:file
[            clap::build::app]  App::_propagate:test
[            clap::build::app]  App::_derive_display_order:file
[            clap::build::app]  App::_derive_display_order:test
[            clap::build::app]  App::_create_help_and_version
[            clap::build::app]  App::_create_help_and_version: Building --help
[            clap::build::app]  App::_create_help_and_version: Building --version
[            clap::build::app]  App::_create_help_and_version: Building help
[clap::build::app::debug_asserts]       App::_debug_asserts
[            clap::build::arg]  Arg::_debug_asserts:file
[            clap::build::arg]  Arg::_debug_asserts:help
[            clap::build::arg]  Arg::_debug_asserts:version
[         clap::parse::parser]  Parser::parse_subcommand: About to parse sc=file
[         clap::parse::parser]  Parser::get_matches_with
[         clap::parse::parser]  Parser::_build
[         clap::parse::parser]  Parser::_verify_positionals
[         clap::parse::parser]  Parser::get_matches_with: Begin parsing '&quot;file&quot;' ([102, 105, 108, 101])
[         clap::parse::parser]  Parser::is_new_arg: &quot;file&quot;:NotFound
[         clap::parse::parser]  Parser::is_new_arg: arg_allows_tac=false
[         clap::parse::parser]  Parser::is_new_arg: probably value
[         clap::parse::parser]  Parser::is_new_arg: starts_new_arg=false
[         clap::parse::parser]  Parser::possible_subcommand: arg=&quot;file&quot;
[         clap::parse::parser]  Parser::get_matches_with: possible_sc=false, sc=None
[         clap::parse::parser]  Parser::get_matches_with: Positional counter...1
[         clap::parse::parser]  Parser::get_matches_with: Low index multiples...false
[         clap::parse::parser]  Parser::add_val_to_arg; arg=file, val=&quot;file&quot;
[         clap::parse::parser]  Parser::add_val_to_arg; trailing_vals=false, DontDelimTrailingVals=false
[         clap::parse::parser]  Parser::add_single_val_to_arg: adding val...&quot;file&quot;
[            clap::build::app]  App::groups_for_arg: id=file
[    clap::parse::arg_matcher]  ArgMatcher::needs_more_vals: o=file
[    clap::parse::arg_matcher]  ArgMatcher::inc_occurrence_of: arg=file
[            clap::build::app]  App::groups_for_arg: id=file
[         clap::parse::parser]  Parser::get_matches_with: Begin parsing '&quot;test&quot;' ([116, 101, 115, 116])
[         clap::parse::parser]  Parser::is_new_arg: &quot;test&quot;:NotFound
[         clap::parse::parser]  Parser::is_new_arg: arg_allows_tac=false
[         clap::parse::parser]  Parser::is_new_arg: probably value
[         clap::parse::parser]  Parser::is_new_arg: starts_new_arg=false
[         clap::parse::parser]  Parser::possible_subcommand: arg=&quot;test&quot;
[         clap::parse::parser]  Parser::get_matches_with: possible_sc=true, sc=Some(&quot;test&quot;)
[         clap::parse::parser]  Parser::parse_subcommand
[         clap::output::usage]  Usage::get_required_usage_from: incls=[], matcher=false, incl_last=true
[         clap::output::usage]  Usage::get_required_usage_from: unrolled_reqs=[file]
[         clap::output::usage]  Usage::get_required_usage_from:iter:file
[         clap::output::usage]  Usage::get_required_usage_from: ret_val=[&quot;&lt;file&gt;&quot;]
[            clap::build::app]  App::_propagate:file
[            clap::build::app]  App::_build
[            clap::build::app]  App::_propagate:test
[            clap::build::app]  App::_derive_display_order:test
[            clap::build::app]  App::_create_help_and_version
[            clap::build::app]  App::_create_help_and_version: Building --help
[            clap::build::app]  App::_create_help_and_version: Building --version
[clap::build::app::debug_asserts]       App::_debug_asserts
[            clap::build::arg]  Arg::_debug_asserts:value
[            clap::build::arg]  Arg::_debug_asserts:help
[            clap::build::arg]  Arg::_debug_asserts:version
[         clap::parse::parser]  Parser::parse_subcommand: About to parse sc=test
[         clap::parse::parser]  Parser::get_matches_with
[         clap::parse::parser]  Parser::_build
[         clap::parse::parser]  Parser::_verify_positionals
[         clap::parse::parser]  Parser::get_matches_with: Begin parsing '&quot;1&quot;' ([49])
[         clap::parse::parser]  Parser::is_new_arg: &quot;1&quot;:NotFound
[         clap::parse::parser]  Parser::is_new_arg: arg_allows_tac=false
[         clap::parse::parser]  Parser::is_new_arg: probably value
[         clap::parse::parser]  Parser::is_new_arg: starts_new_arg=false
[         clap::parse::parser]  Parser::possible_subcommand: arg=&quot;1&quot;
[         clap::parse::parser]  Parser::get_matches_with: possible_sc=false, sc=None
[         clap::parse::parser]  Parser::get_matches_with: Positional counter...1
[         clap::parse::parser]  Parser::get_matches_with: Low index multiples...false
[         clap::parse::parser]  Parser::add_val_to_arg; arg=value, val=&quot;1&quot;
[         clap::parse::parser]  Parser::add_val_to_arg; trailing_vals=false, DontDelimTrailingVals=false
[         clap::parse::parser]  Parser::add_single_val_to_arg: adding val...&quot;1&quot;
[            clap::build::app]  App::groups_for_arg: id=value
[    clap::parse::arg_matcher]  ArgMatcher::needs_more_vals: o=value
[    clap::parse::arg_matcher]  ArgMatcher::inc_occurrence_of: arg=value
[            clap::build::app]  App::groups_for_arg: id=value
[         clap::parse::parser]  Parser::remove_overrides
[         clap::parse::parser]  Parser::remove_overrides:iter:value
[      clap::parse::validator]  Validator::validate
[         clap::parse::parser]  Parser::add_defaults
[         clap::parse::parser]  Parser::add_defaults:iter:value:
[         clap::parse::parser]  Parser::add_value: doesn't have conditional defaults
[         clap::parse::parser]  Parser::add_value:iter:value: doesn't have default vals
[      clap::parse::validator]  Validator::validate_conflicts
[      clap::parse::validator]  Validator::validate_exclusive
[      clap::parse::validator]  Validator::validate_exclusive:iter:value
[      clap::parse::validator]  Validator::gather_conflicts
[      clap::parse::validator]  Validator::gather_conflicts:iter: id=value
[            clap::build::app]  App::groups_for_arg: id=value
[      clap::parse::validator]  Validator::validate_required: required=ChildGraph([Child { id: value, children: [] }])
[      clap::parse::validator]  Validator::gather_requirements
[      clap::parse::validator]  Validator::gather_requirements:iter:value
[      clap::parse::validator]  Validator::validate_required_unless
[      clap::parse::validator]  Validator::validate_matched_args
[      clap::parse::validator]  Validator::validate_matched_args:iter:value: vals=[
    &quot;1&quot;,
]
[      clap::parse::validator]  Validator::validate_arg_num_vals
[      clap::parse::validator]  Validator::validate_arg_values: arg=&quot;value&quot;
[      clap::parse::validator]  Validator::validate_arg_values: checking validator...
[      clap::parse::validator]  good
[      clap::parse::validator]  Validator::validate_arg_requires:&quot;value&quot;
[      clap::parse::validator]  Validator::validate_arg_num_occurs: &quot;value&quot;=1
[         clap::parse::parser]  Parser::remove_overrides
[         clap::parse::parser]  Parser::remove_overrides:iter:file
[      clap::parse::validator]  Validator::validate
[         clap::parse::parser]  Parser::add_defaults
[         clap::parse::parser]  Parser::add_defaults:iter:file:
[         clap::parse::parser]  Parser::add_value: doesn't have conditional defaults
[         clap::parse::parser]  Parser::add_value:iter:file: doesn't have default vals
[      clap::parse::validator]  Validator::validate_conflicts
[      clap::parse::validator]  Validator::validate_exclusive
[      clap::parse::validator]  Validator::validate_exclusive:iter:file
[      clap::parse::validator]  Validator::gather_conflicts
[      clap::parse::validator]  Validator::gather_conflicts:iter: id=file
[            clap::build::app]  App::groups_for_arg: id=file
[      clap::parse::validator]  Validator::validate_required: required=ChildGraph([Child { id: file, children: [] }])
[      clap::parse::validator]  Validator::gather_requirements
[      clap::parse::validator]  Validator::gather_requirements:iter:file
[      clap::parse::validator]  Validator::validate_required_unless
[      clap::parse::validator]  Validator::validate_matched_args
[      clap::parse::validator]  Validator::validate_matched_args:iter:file: vals=[
    &quot;file&quot;,
]
[      clap::parse::validator]  Validator::validate_arg_num_vals
[      clap::parse::validator]  Validator::validate_arg_values: arg=&quot;file&quot;
[      clap::parse::validator]  Validator::validate_arg_values: checking validator...
[      clap::parse::validator]  good
[      clap::parse::validator]  Validator::validate_arg_requires:&quot;file&quot;
[      clap::parse::validator]  Validator::validate_arg_num_occurs: &quot;file&quot;=1
[         clap::parse::parser]  Parser::remove_overrides
[      clap::parse::validator]  Validator::validate
[         clap::parse::parser]  Parser::add_defaults
[      clap::parse::validator]  Validator::validate_conflicts
[      clap::parse::validator]  Validator::validate_exclusive
[      clap::parse::validator]  Validator::gather_conflicts
[      clap::parse::validator]  Validator::validate_required: required=ChildGraph([])
[      clap::parse::validator]  Validator::gather_requirements
[      clap::parse::validator]  Validator::validate_required_unless
[      clap::parse::validator]  Validator::validate_matched_args
[    clap::parse::arg_matcher]  ArgMatcher::get_global_values: global_arg_vec=[]
</code></pre>
</div>
        </div>
        <div class="timeline-entry">
            <div class="event">Label <span class="label">T: bug</span> added by @x3rAx on 2021-03-02 11:04</div>
        </div>
        <div class="timeline-entry">
            <div class="timeline-header">Comment by <a href="https://github.com/pksunkara">@pksunkara</a> on 2021-03-02 11:06</div>
            <div class="timeline-body"><p>Can you please run this with the master branch?</p>
</div>
        </div>
        <div class="timeline-entry">
            <div class="timeline-header">Comment by <a href="https://github.com/x3rAx">@x3rAx</a> on 2021-03-02 11:39</div>
            <div class="timeline-body"><p>I'm sorry, but I am not sure how to do this. I added</p>
<pre><code class="language-txt">clap = { git = &quot;https://github.com/clap-rs/clap.git&quot;, branch = &quot;master&quot; }
</code></pre>
<p>to <code>cargo.toml</code> and now I get the following errors and I don't understand how I can fix them (I'm new to Rust so please forgive me if this is actually pretty obvious):</p>
<pre><code class="language-txt">error[E0308]: mismatched types
  --&gt; src/main.rs:27:13
   |
27 |     subcmd: SubCommand,
   |             ^^^^^^^^^^ expected enum `Option`, found `&amp;mut SubCommand`
   |
   = note:           expected enum `Option&lt;(&amp;str, &amp;ArgMatches)&gt;`
           found mutable reference `&amp;mut SubCommand`

error[E0308]: mismatched types
  --&gt; src/main.rs:42:13
   |
42 |     subcmd: TestSubCommand,
   |             ^^^^^^^^^^^^^^ expected enum `Option`, found `&amp;mut TestSubCommand`
   |
   = note:           expected enum `Option&lt;(&amp;str, &amp;ArgMatches)&gt;`
           found mutable reference `&amp;mut TestSubCommand`
</code></pre>
<p>What I tried was changing <code>subcmd</code> of the <code>Opts</code> struct to <code>subcmd: Option&lt;SubCommand&gt;,</code> and <code>subcmd: Option&lt;(&amp;str, &amp;SubCommand)&gt;,</code> but with no success...</p>
</div>
        </div>
        <div class="timeline-entry">
            <div class="timeline-header">Comment by <a href="https://github.com/pksunkara">@pksunkara</a> on 2021-03-02 12:30</div>
            <div class="timeline-body"><p>You would need to clone the repo locally and point to it using <code>path = &quot;../clap&quot;</code> instead of <code>git</code>/<code>branch</code>/<code>version</code>.</p>
</div>
        </div>
        <div class="timeline-entry">
            <div class="timeline-header">Comment by <a href="https://github.com/x3rAx">@x3rAx</a> on 2021-03-02 12:50</div>
            <div class="timeline-body"><p>From the project root, I ran</p>
<pre><code class="language-txt">git clone https://github.com/clap-rs/clap.git
</code></pre>
<p>then changed the dependency in <code>cargo.toml</code> to</p>
<pre><code class="language-txt">clap = { path = &quot;./clap&quot; }
</code></pre>
<p>but I still get the same compile error as above.</p>
</div>
        </div>
        <div class="timeline-entry">
            <div class="event">Added to milestone "3.0" by @pksunkara on 2021-03-02 17:56</div>
        </div>
        <div class="timeline-entry">
            <div class="event">Label <span class="label">C: derive macros</span> added by @pksunkara on 2021-03-09 16:57</div>
        </div>
        <div class="timeline-entry">
            <div class="event">Label <span class="label">:money_with_wings: $5</span> added by @pksunkara on 2021-03-09 16:57</div>
        </div>
        <div class="timeline-entry">
            <div class="timeline-header">Comment by <a href="https://github.com/omar25h">@omar25h</a> on 2021-03-10 11:12</div>
            <div class="timeline-body"><blockquote>
<p>I'm sorry, but I am not sure how to do this. I added</p>
<pre><code>clap = { git = &quot;https://github.com/clap-rs/clap.git&quot;, branch = &quot;master&quot; }
</code></pre>
<p>to <code>cargo.toml</code> and now I get the following errors and I don't understand how I can fix them (I'm new to Rust so please forgive me if this is actually pretty obvious):</p>
<pre><code>error[E0308]: mismatched types
  --&gt; src/main.rs:27:13
   |
27 |     subcmd: SubCommand,
   |             ^^^^^^^^^^ expected enum `Option`, found `&amp;mut SubCommand`
   |
   = note:           expected enum `Option&lt;(&amp;str, &amp;ArgMatches)&gt;`
           found mutable reference `&amp;mut SubCommand`

error[E0308]: mismatched types
  --&gt; src/main.rs:42:13
   |
42 |     subcmd: TestSubCommand,
   |             ^^^^^^^^^^^^^^ expected enum `Option`, found `&amp;mut TestSubCommand`
   |
   = note:           expected enum `Option&lt;(&amp;str, &amp;ArgMatches)&gt;`
           found mutable reference `&amp;mut TestSubCommand`
</code></pre>
<p>What I tried was changing <code>subcmd</code> of the <code>Opts</code> struct to <code>subcmd: Option&lt;SubCommand&gt;,</code> and <code>subcmd: Option&lt;(&amp;str, &amp;SubCommand)&gt;,</code> but with no success...</p>
</blockquote>
<p>I noticed that this only happens when the field is named <code>subcmd</code>. Renaming this field to anything else like <code>sub</code> would fix the compilation issue. Not sure about the reason though</p>
</div>
        </div>
        <div class="timeline-entry">
            <div class="timeline-header">Comment by <a href="https://github.com/pksunkara">@pksunkara</a> on 2021-03-10 11:45</div>
            <div class="timeline-body"><p>@omar25h Does his original code compile and it is giving the expected behaviour after that change?</p>
<p>If yes, in that case, we need to turn this issue into solving the <code>subcmd</code> field name problem.</p>
</div>
        </div>
        <div class="timeline-entry">
            <div class="timeline-header">Comment by <a href="https://github.com/omar25h">@omar25h</a> on 2021-03-10 12:16</div>
            <div class="timeline-body"><p>@pksunkara The original code compiles, but the behavior is still the same as <code>3.0.0-beta.2</code>, so the issue can be reproduced.</p>
<p>However, the <code>subcmd</code> field name looks like a different problem. The code compiles on <code>3.0.0-beta.2</code>, but not on <code>master</code></p>
</div>
        </div>
        <div class="timeline-entry">
            <div class="event">Referenced in <a href="../issues/2405.html">clap-rs/clap#2405</a> on 2021-03-10 18:06</div>
        </div>
        <div class="timeline-entry">
            <div class="timeline-header">Comment by <a href="https://github.com/pksunkara">@pksunkara</a> on 2021-03-10 20:17</div>
            <div class="timeline-body"><p>Now that the error has been fixed, can someone paste what the actual behaviour is on master?</p>
</div>
        </div>
        <div class="timeline-entry">
            <div class="event">Label <span class="label">C: derive macros</span> removed by @pksunkara on 2021-03-10 20:17</div>
        </div>
        <div class="timeline-entry">
            <div class="timeline-header">Comment by <a href="https://github.com/logansquirel">@logansquirel</a> on 2021-03-11 09:15</div>
            <div class="timeline-body"><blockquote>
<p>Now that the error has been fixed, can someone paste what the actual behaviour is on master?</p>
</blockquote>
<h1>Actual behavior</h1>
<pre><code class="language-console">❯ tree .
.
├── Cargo.lock
├── Cargo.toml
├── src
│   └── main.rs
├── test
└── xtest

1 directory, 5 files

❯ cat src/main.rs
use std::path::PathBuf;
use clap::Clap;

fn main() {
    let _opts = Opts::parse();
}

#[derive(Clap)]
struct Opts {
    #[clap(subcommand)]
    subcmd: SubCommand,
}

#[derive(Clap)]
enum SubCommand {
    File(File),
}

#[derive(Clap)]
struct File {
    file: PathBuf,
    #[clap(subcommand)]
    subcmd: TestSubCommand,
}

#[derive(Clap)]
enum TestSubCommand {
    Test(Test),
}

#[derive(Clap)]
struct Test {
    value: i32
}

❯ cat test xtest
test file
xtest file

❯ cargo run --quiet -- file test test 1; echo $status
error: Found argument '1' which wasn't expected, or isn't valid in this context

USAGE:
    clap_issue_2375 file &lt;file&gt; test &lt;value&gt;

For more information try --help
2

❯ cargo run --quiet -- file xtest test 1; echo $status
0

❯ cargo tree | rg &quot;clap v&quot; | head -1
├── clap v3.0.0-beta.2 (https://github.com/clap-rs/clap#2952fd6d)
</code></pre>
</div>
        </div>
        <div class="timeline-entry">
            <div class="timeline-header">Comment by <a href="https://github.com/pksunkara">@pksunkara</a> on 2021-03-11 09:24</div>
            <div class="timeline-body"><p>So, the second case has been fixed (probably by @ldm0), but not the first case.</p>
</div>
        </div>
        <div class="timeline-entry">
            <div class="event">Removed from milestone "3.0" by @pksunkara on 2021-05-26 12:05</div>
        </div>
        <div class="timeline-entry">
            <div class="event">Label <span class="label">C: parsing</span> added by @pksunkara on 2021-05-26 12:05</div>
        </div>
        <div class="timeline-entry">
            <div class="event">Label <span class="label">:money_with_wings: $5</span> removed by @pksunkara on 2021-05-26 12:05</div>
        </div>
        <div class="timeline-entry">
            <div class="event">Label <span class="label">:money_with_wings: $10</span> added by @pksunkara on 2021-05-26 12:05</div>
        </div>
        <div class="timeline-entry">
            <div class="event">Referenced in <a href="../../epage/clapng/issues/180.html">epage/clapng#180</a> on 2021-12-06 21:12</div>
        </div>
        <div class="timeline-entry">
            <div class="event">Label <span class="label">S-waiting-on-design</span> added by @epage on 2021-12-13 16:31</div>
        </div>
        <div class="timeline-entry">
            <div class="event">Referenced in <a href="../../jj-vcs/jj/issues/101.html">jj-vcs/jj#101</a> on 2022-03-02 18:49</div>
        </div>
        <div class="timeline-entry">
            <div class="event">Label <span class="label">:money_with_wings: $10</span> removed by @pksunkara on 2024-06-07 06:53</div>
        </div>
    </div>

    <footer>
        Synced at 2026-01-09 23:35:08 UTC
    </footer>
</body>
</html>
