<!DOCTYPE html>
<html lang="en">
<head>
    <meta charset="UTF-8">
    <meta name="viewport" content="width=device-width, initial-scale=1.0">
    <title>.h not found when building with `uv` but found when using pip and a virtual env - astral-sh/uv #10052</title>
    <link rel="stylesheet" href="../../../style.css">
</head>
<body>
    <div class="back-link">
        <a href="../../../index.html">Back to index</a>
    </div>

    <h1>.h not found when building with <code>uv</code> but found when using pip and a virtual env</h1>

    <div class="meta">
        <span class="state-icon state-closed"></span>
        <a href="https://github.com/astral-sh/uv/issues/10052">#10052</a>
        opened by <a href="https://github.com/MalcolmMielle">@MalcolmMielle</a>
        on 2024-12-20 10:33
    </div>

    <div class="timeline">
        <div class="timeline-entry">
            <div class="timeline-header"><a href="https://github.com/MalcolmMielle">@MalcolmMielle</a></div>
            <div class="timeline-body"><p>I am trying to install the package <code>petsc4py</code>. When trying to build using uv I have the error:</p>
<pre><code class="language-bash">$uv add petsc4py
× Failed to download and build `petsc4py==3.22.1`
  ╰─▶ Build backend failed to build wheel through `build_wheel` (exit status: 1)

      [stdout]
      running bdist_wheel
      running build
      running build_src
      running build_py
      copying src/petsc4py/PETSc.py -&gt; build/lib.linux-x86_64-cpython-312/petsc4py
      copying src/petsc4py/__init__.py -&gt; build/lib.linux-x86_64-cpython-312/petsc4py
      copying src/petsc4py/__main__.py -&gt; build/lib.linux-x86_64-cpython-312/petsc4py
      copying src/petsc4py/typing.py -&gt; build/lib.linux-x86_64-cpython-312/petsc4py
      copying src/petsc4py/lib/__init__.py -&gt; build/lib.linux-x86_64-cpython-312/petsc4py/lib
      copying src/petsc4py/__init__.pyi -&gt; build/lib.linux-x86_64-cpython-312/petsc4py
      copying src/petsc4py/__main__.pyi -&gt; build/lib.linux-x86_64-cpython-312/petsc4py
      copying src/petsc4py/py.typed -&gt; build/lib.linux-x86_64-cpython-312/petsc4py
      copying src/petsc4py/PETSc.pxd -&gt; build/lib.linux-x86_64-cpython-312/petsc4py
      copying src/petsc4py/PETSc.h -&gt; build/lib.linux-x86_64-cpython-312/petsc4py
      copying src/petsc4py/PETSc_api.h -&gt; build/lib.linux-x86_64-cpython-312/petsc4py
      copying src/petsc4py/include/petsc4py/numpy.h -&gt;
      build/lib.linux-x86_64-cpython-312/petsc4py/include/petsc4py
      copying src/petsc4py/include/petsc4py/petsc4py.h -&gt;
      build/lib.linux-x86_64-cpython-312/petsc4py/include/petsc4py
      copying src/petsc4py/include/petsc4py/pybuffer.h -&gt;
      build/lib.linux-x86_64-cpython-312/petsc4py/include/petsc4py
      copying src/petsc4py/include/petsc4py/pyscalar.h -&gt;
      build/lib.linux-x86_64-cpython-312/petsc4py/include/petsc4py
      copying src/petsc4py/include/petsc4py/petsc4py.i -&gt;
      build/lib.linux-x86_64-cpython-312/petsc4py/include/petsc4py
      copying src/petsc4py/lib/__init__.pyi -&gt; build/lib.linux-x86_64-cpython-312/petsc4py/lib
      copying src/petsc4py/lib/__init__.pyi -&gt; build/lib.linux-x86_64-cpython-312/petsc4py/lib
      copying src/petsc4py/lib/petsc.cfg -&gt; build/lib.linux-x86_64-cpython-312/petsc4py/lib
      running build_ext
      PETSC_DIR:    /home/malcolm/.cache/uv/builds-v0/.tmpIYB9qQ/lib64/python3.12/site-packages/petsc
      PETSC_ARCH:
      version:      3.22.1 release
      integer-size: 32-bit
      scalar-type:  real
      precision:    double
      language:     CONLY
      compiler:     gcc
      linker:       gcc
      building 'PETSc' extension
      gcc -fPIC -Wall -Wwrite-strings -Wno-unknown-pragmas -Wno-lto-type-mismatch -Wno-stringop-overflow
      -fstack-protector -Wall -Wwrite-strings -Wno-unknown-pragmas -Wno-lto-type-mismatch -Wno-stringop-overflow
      -fstack-protector -g -O -fPIC -fno-strict-overflow -Wsign-compare -DDYNAMIC_ANNOTATIONS_ENABLED=1 -DNDEBUG
      -fcf-protection -fexceptions -fcf-protection -fexceptions -fcf-protection -fexceptions -DMPICH_SKIP_MPICXX=1
      -DOMPI_SKIP_MPICXX=1 -DNPY_NO_DEPRECATED_API=NPY_1_7_API_VERSION -Isrc -Isrc/petsc4py/include
      -I/home/malcolm/.cache/uv/builds-v0/.tmpIYB9qQ/lib64/python3.12/site-packages/numpy/_core/include
      -I/home/malcolm/.cache/uv/sdists-v6/pypi/petsc/3.22.1/wE68-1CFx8eRBCppGL6ik/src/build/bdist.linux-x86_64/wheel/petsc/include
      -I/home/malcolm/.cache/uv/builds-v0/.tmpIYB9qQ/include -I/usr/include/python3.12 -c src/petsc4py/PETSc.c -o
      build/temp.linux-x86_64-cpython-312/src/petsc4py/PETSc.o

      [stderr]
      src/petsc4py/PETSc.c:1222:10: fatal error: petsc.h: No such file or directory
       1222 | #include &lt;petsc.h&gt;
            |          ^~~~~~~~~
      compilation terminated.
      error: command '/usr/bin/gcc' failed with exit code 1

      hint: This error likely indicates that you need to install a library that provides &quot;petsc.h&quot; for
      `petsc4py@3.22.1`
  help: `petsc4py` (v3.22.1) was included because `your-package` (v0.1.0) depends on `petsc4py`
</code></pre>
<p>On the other hand, using <code>pip install --use-pep517 --force-reinstall --no-cache  petsc4py</code> in a python 3.12 environment works just fine:</p>
<pre><code class="language-bash">$pip install --use-pep517 --force-reinstall --no-cache  petsc4py 
Collecting petsc4py
  Downloading petsc4py-3.22.1.tar.gz (428 kB)
  Installing build dependencies ... done
  Getting requirements to build wheel ... done
  Installing backend dependencies ... done
  Preparing metadata (pyproject.toml) ... done
Collecting numpy&gt;=1.19 (from petsc4py)
  Downloading numpy-2.2.0-cp312-cp312-manylinux_2_17_x86_64.manylinux2014_x86_64.whl.metadata (62 kB)
Collecting petsc&lt;3.23,&gt;=3.22 (from petsc4py)
  Downloading petsc-3.22.1.tar.gz (16.8 MB)
     ━━━━━━━━━━━━━━━━━━━━━━━━━━━━━━━━━━━━━━━━ 16.8/16.8 MB 2.6 MB/s eta 0:00:00
  Installing build dependencies ... done
  Getting requirements to build wheel ... done
  Preparing metadata (pyproject.toml) ... done
Downloading numpy-2.2.0-cp312-cp312-manylinux_2_17_x86_64.manylinux2014_x86_64.whl (16.1 MB)
   ━━━━━━━━━━━━━━━━━━━━━━━━━━━━━━━━━━━━━━━━ 16.1/16.1 MB 4.3 MB/s eta 0:00:00
Building wheels for collected packages: petsc4py, petsc
  Building wheel for petsc4py (pyproject.toml) ... done
  Created wheel for petsc4py: filename=petsc4py-3.22.1-cp312-cp312-linux_x86_64.whl size=9602637 sha256=ec793de0818cd5906d6e93efd16fd1731c870c7f8ae9a583a28c403816dcf4ce
  Stored in directory: /tmp/pip-ephem-wheel-cache-p_h_edn5/wheels/a7/75/c4/ec901515d0c5d403c7a6427a4901783c107199972d0db5e327
  Building wheel for petsc (pyproject.toml) ... done
  Created wheel for petsc: filename=petsc-3.22.1-py3-none-linux_x86_64.whl size=71577168 sha256=8b6c91557f6fcdd00b2ee82e7eb8cf3db9bfc5a066dfbab6445b05ef218eec9a
  Stored in directory: /tmp/pip-ephem-wheel-cache-p_h_edn5/wheels/1f/d8/38/baccdf720fb3f9fba2099a252677d5e2ceca92c4c9c6045aa3
Successfully built petsc4py petsc
Installing collected packages: petsc, numpy, petsc4py
  Attempting uninstall: petsc
    Found existing installation: petsc 3.22.1
    Uninstalling petsc-3.22.1:
      Successfully uninstalled petsc-3.22.1
  Attempting uninstall: numpy
    Found existing installation: numpy 2.2.0
    Uninstalling numpy-2.2.0:
      Successfully uninstalled numpy-2.2.0
  Attempting uninstall: petsc4py
    Found existing installation: petsc4py 3.22.1
    Uninstalling petsc4py-3.22.1:
      Successfully uninstalled petsc4py-3.22.1
Successfully installed numpy-2.2.0 petsc-3.22.1 petsc4py-3.22.1

[notice] A new release of pip is available: 24.2 -&gt; 24.3.1
[notice] To update, run: pip install --upgrade pip
</code></pre>
<p>My system is:</p>
<ul>
<li>Fedora 41</li>
<li>uv: 0.5.11</li>
<li>python 3.12</li>
</ul>
</div>
        </div>
        <div class="timeline-entry">
            <div class="timeline-header">Comment by <a href="https://github.com/samypr100">@samypr100</a> on 2024-12-22 00:56</div>
            <div class="timeline-body"><p>I also had a similar outcome. I haven't really looked at the documentation or the recommended ways to build it, but it's interesting that it does work with build isolation with <code>pip</code> and not <code>uv pip</code>.</p>
<pre><code class="language-shell">~ uv pip install petsc4py==3.22.1
Resolved 3 packages in 3m 17s
  × Failed to build `petsc4py==3.22.1`
  ├─▶ The build backend returned an error
  ╰─▶ Call to `setuptools.build_meta.build_wheel` failed (exit status: 1)

      [stdout]
      running bdist_wheel
      running build
      running build_src
      using Cython 3.0.11
      cythonizing 'petsc4py/PETSc.pyx' -&gt; 'petsc4py/PETSc.c'
      running build_py
      creating build/lib.linux-x86_64-cpython-312/petsc4py
      copying src/petsc4py/__init__.py -&gt; build/lib.linux-x86_64-cpython-312/petsc4py
      copying src/petsc4py/PETSc.py -&gt; build/lib.linux-x86_64-cpython-312/petsc4py
      copying src/petsc4py/typing.py -&gt; build/lib.linux-x86_64-cpython-312/petsc4py
      copying src/petsc4py/__main__.py -&gt; build/lib.linux-x86_64-cpython-312/petsc4py
      creating build/lib.linux-x86_64-cpython-312/petsc4py/lib
      copying src/petsc4py/lib/__init__.py -&gt; build/lib.linux-x86_64-cpython-312/petsc4py/lib
      copying src/petsc4py/__init__.pyi -&gt; build/lib.linux-x86_64-cpython-312/petsc4py
      copying src/petsc4py/__main__.pyi -&gt; build/lib.linux-x86_64-cpython-312/petsc4py
      copying src/petsc4py/py.typed -&gt; build/lib.linux-x86_64-cpython-312/petsc4py
      copying src/petsc4py/PETSc.pxd -&gt; build/lib.linux-x86_64-cpython-312/petsc4py
      copying src/petsc4py/PETSc.h -&gt; build/lib.linux-x86_64-cpython-312/petsc4py
      copying src/petsc4py/PETSc_api.h -&gt; build/lib.linux-x86_64-cpython-312/petsc4py
      creating build/lib.linux-x86_64-cpython-312/petsc4py/include/petsc4py
      copying src/petsc4py/include/petsc4py/pyscalar.h -&gt; build/lib.linux-x86_64-cpython-312/petsc4py/include/petsc4py
      copying src/petsc4py/include/petsc4py/pybuffer.h -&gt; build/lib.linux-x86_64-cpython-312/petsc4py/include/petsc4py
      copying src/petsc4py/include/petsc4py/numpy.h -&gt; build/lib.linux-x86_64-cpython-312/petsc4py/include/petsc4py
      copying src/petsc4py/include/petsc4py/petsc4py.h -&gt; build/lib.linux-x86_64-cpython-312/petsc4py/include/petsc4py
      copying src/petsc4py/include/petsc4py/petsc4py.i -&gt; build/lib.linux-x86_64-cpython-312/petsc4py/include/petsc4py
      copying src/petsc4py/lib/__init__.pyi -&gt; build/lib.linux-x86_64-cpython-312/petsc4py/lib
      copying src/petsc4py/lib/__init__.pyi -&gt; build/lib.linux-x86_64-cpython-312/petsc4py/lib
      copying src/petsc4py/lib/petsc.cfg -&gt; build/lib.linux-x86_64-cpython-312/petsc4py/lib
      running build_ext
      PETSC_DIR:    /root/.cache/uv/builds-v0/.tmpYkB4Yy/lib/python3.12/site-packages/petsc
      PETSC_ARCH:
      version:      3.22.1 release
      integer-size: 32-bit
      scalar-type:  real
      precision:    double
      language:     CONLY
      compiler:     clang
      linker:       clang
      building 'PETSc' extension
      creating build/temp.linux-x86_64-cpython-312/src/petsc4py
      clang -fPIC -Wall -Wwrite-strings -Wno-unknown-pragmas -Wconversion -Wno-sign-conversion -Wno-float-conversion
      -Wno-implicit-float-conversion -fstack-protector -Qunused-arguments -Wall -Wwrite-strings
      -Wno-unknown-pragmas -Wconversion -Wno-sign-conversion -Wno-float-conversion -Wno-implicit-float-conversion
      -fstack-protector -Qunused-arguments -g -O3 -fPIC -fno-strict-overflow -Wsign-compare -DNDEBUG -g -O3
      -Wall -DMPICH_SKIP_MPICXX=1 -DOMPI_SKIP_MPICXX=1 -DNPY_NO_DEPRECATED_API=NPY_1_7_API_VERSION -Isrc
      -Isrc/petsc4py/include -I/root/.cache/uv/builds-v0/.tmpYkB4Yy/lib/python3.12/site-packages/numpy/_core/include
      -I/root/.cache/uv/sdists-v6/pypi/petsc/3.22.1/hJkKH1sasJwoixz03FvId/src/build/bdist.linux-x86_64/wheel/petsc/include
      -I/root/.cache/uv/builds-v0/.tmpYkB4Yy/include -I/usr/local/include/python3.12 -c src/petsc4py/PETSc.c -o
      build/temp.linux-x86_64-cpython-312/src/petsc4py/PETSc.o

      [stderr]
      src/petsc4py/PETSc.c:1222:10: fatal error: 'petsc.h' file not found
      #include &lt;petsc.h&gt;
               ^~~~~~~~~
      1 error generated.
      error: command '/usr/bin/clang' failed with exit code 1

      hint: This error likely indicates that you need to install a library that provides &quot;petsc.h&quot; for
      `petsc4py@3.22.1`
</code></pre>
</div>
        </div>
        <div class="timeline-entry">
            <div class="timeline-header">Comment by <a href="https://github.com/samypr100">@samypr100</a> on 2024-12-22 03:35</div>
            <div class="timeline-body"><p>Looking at their <a href="https://gitlab.com/petsc/petsc/-/blob/d592c015e24ee7043a1fb8aad411190b0638a646/setup.py#L194-L217">setup.py</a> I notice they leverage <code>PEP517_BUILD_BACKEND</code> environment variable being set to patch the include files (this variable seems to be <a href="https://github.com/pypa/pip/blob/c10dda5172c48f3abb285fec02360a982fdce350/src/pip/_vendor/pyproject_hooks/_impl.py#L298">set by pip</a>). I think this would be set to <code>setuptools.build_meta</code> for this project and <code>using_build_backend</code> will be <code>True</code> in their build script. When using <code>uv</code> this would be <code>False</code> as those environment variables will not be set.</p>
<p>TL;DR try setting <code>PEP517_BUILD_BACKEND=setuptools.build_meta</code> before your commands.</p>
<p>CC @konstin</p>
</div>
        </div>
        <div class="timeline-entry">
            <div class="event">Label <span class="label">compatibility</span> added by @samypr100 on 2024-12-22 03:35</div>
        </div>
        <div class="timeline-entry">
            <div class="timeline-header">Comment by <a href="https://github.com/MalcolmMielle">@MalcolmMielle</a> on 2024-12-23 16:50</div>
            <div class="timeline-body"><p>I'll have a try when I'm back from holidays. Thanks!</p>
</div>
        </div>
        <div class="timeline-entry">
            <div class="timeline-header">Comment by <a href="https://github.com/samypr100">@samypr100</a> on 2025-01-09 03:52</div>
            <div class="timeline-body"><p>@zanieb I think we can close this and https://github.com/astral-sh/uv/issues/6088</p>
<p>I'm not sure we should be setting this env var in uv at all despite it's usage in pip and across different packages for PEP517 detection, so this would likely need a decision.</p>
<p>It's also worthy to mention <code>PEP517_BUILD_BACKEND</code> got renamed by @pradyunsg to <code>_PYPROJECT_HOOKS_BUILD_BACKEND</code> in https://github.com/pypa/pyproject-hooks/pull/166, although pip still uses the old name due to vendoring for the time being.</p>
<p>I'm curious on the rationale of projects like <code>petsc4py</code> relying on <code>PEP517_BUILD_BACKEND</code> being set and making the build process behave differently.</p>
</div>
        </div>
        <div class="timeline-entry">
            <div class="timeline-header">Comment by <a href="https://github.com/zanieb">@zanieb</a> on 2025-01-09 14:59</div>
            <div class="timeline-body"><p>Thanks!</p>
</div>
        </div>
        <div class="timeline-entry">
            <div class="event">Closed by @zanieb on 2025-01-09 14:59</div>
        </div>
        <div class="timeline-entry">
            <div class="timeline-header">Comment by <a href="https://github.com/lucsorel">@lucsorel</a> on 2025-08-28 14:28</div>
            <div class="timeline-body"><p>it seems that petsc4py can read both environment variables now (https://gitlab.com/search?search=PEP517&amp;nav_source=navbar&amp;project_id=13882401&amp;group_id=5422456&amp;search_code=true&amp;repository_ref=main): <code>_PYPROJECT_HOOKS_BUILD_BACKEND</code> and <code>PEP517_BUILD_BACKEND</code>.</p>
<p>However, I'm still facing the same error message:</p>
<pre><code class="language-sh">uv add petsc4py                 
Resolved 73 packages in 5m 57s
      Built petsc==3.23.6                                                                                                                                            × Failed to build `petsc4py==3.23.6`
  ├─▶ The build backend returned an error
  ╰─▶ Call to `setuptools.build_meta.build_wheel` failed (exit status: 1)

      [stdout]
      running bdist_wheel
      running build
      running build_src
      using Cython 3.1.3
      cythonizing 'petsc4py/PETSc.pyx' -&gt; 'petsc4py/PETSc.c'
      running build_py
      creating build/lib.linux-x86_64-cpython-312/petsc4py
      copying src/petsc4py/__init__.py -&gt; build/lib.linux-x86_64-cpython-312/petsc4py
      copying src/petsc4py/typing.py -&gt; build/lib.linux-x86_64-cpython-312/petsc4py
      copying src/petsc4py/__main__.py -&gt; build/lib.linux-x86_64-cpython-312/petsc4py
      copying src/petsc4py/PETSc.py -&gt; build/lib.linux-x86_64-cpython-312/petsc4py
      creating build/lib.linux-x86_64-cpython-312/petsc4py/lib
      copying src/petsc4py/lib/__init__.py -&gt; build/lib.linux-x86_64-cpython-312/petsc4py/lib
      creating build/lib.linux-x86_64-cpython-312/petsc4py/lib/_pytypes
      copying src/petsc4py/lib/_pytypes/__init__.py -&gt; build/lib.linux-x86_64-cpython-312/petsc4py/lib/_pytypes
      creating build/lib.linux-x86_64-cpython-312/petsc4py/lib/_pytypes/viewer
      copying src/petsc4py/lib/_pytypes/viewer/__init__.py -&gt; build/lib.linux-x86_64-cpython-312/petsc4py/lib/_pytypes/viewer
      copying src/petsc4py/lib/_pytypes/viewer/petscpyvista.py -&gt; build/lib.linux-x86_64-cpython-312/petsc4py/lib/_pytypes/viewer
      copying src/petsc4py/__init__.pyi -&gt; build/lib.linux-x86_64-cpython-312/petsc4py
      copying src/petsc4py/__main__.pyi -&gt; build/lib.linux-x86_64-cpython-312/petsc4py
      copying src/petsc4py/py.typed -&gt; build/lib.linux-x86_64-cpython-312/petsc4py
      copying src/petsc4py/PETSc.pxd -&gt; build/lib.linux-x86_64-cpython-312/petsc4py
      copying src/petsc4py/PETSc_api.h -&gt; build/lib.linux-x86_64-cpython-312/petsc4py
      copying src/petsc4py/PETSc.h -&gt; build/lib.linux-x86_64-cpython-312/petsc4py
      creating build/lib.linux-x86_64-cpython-312/petsc4py/include/petsc4py
      copying src/petsc4py/include/petsc4py/pybuffer.h -&gt; build/lib.linux-x86_64-cpython-312/petsc4py/include/petsc4py
      copying src/petsc4py/include/petsc4py/petsc4py.h -&gt; build/lib.linux-x86_64-cpython-312/petsc4py/include/petsc4py
      copying src/petsc4py/include/petsc4py/numpy.h -&gt; build/lib.linux-x86_64-cpython-312/petsc4py/include/petsc4py
      copying src/petsc4py/include/petsc4py/pyscalar.h -&gt; build/lib.linux-x86_64-cpython-312/petsc4py/include/petsc4py
      copying src/petsc4py/include/petsc4py/petsc4py.i -&gt; build/lib.linux-x86_64-cpython-312/petsc4py/include/petsc4py
      copying src/petsc4py/lib/__init__.pyi -&gt; build/lib.linux-x86_64-cpython-312/petsc4py/lib
      copying src/petsc4py/lib/__init__.pyi -&gt; build/lib.linux-x86_64-cpython-312/petsc4py/lib
      copying src/petsc4py/lib/petsc.cfg -&gt; build/lib.linux-x86_64-cpython-312/petsc4py/lib
      running build_ext
      PETSC_DIR:    /home/{...}/.cache/uv/builds-v0/.tmprLWR8u/lib/python3.12/site-packages/petsc
      PETSC_ARCH:
      version:      3.23.6 release
      integer-size: 32-bit
      scalar-type:  real
      precision:    double
      language:     CONLY
      compiler:     gcc
      linker:       gcc
      building 'PETSc' extension
      creating build/temp.linux-x86_64-cpython-312/src/petsc4py
      gcc -pthread -fPIC -Wall -Wwrite-strings -Wno-unknown-pragmas -Wno-lto-type-mismatch -Wno-stringop-overflow -fstack-protector -g -O -fPIC -fno-strict-overflow
      -Wsign-compare -Wunreachable-code -DNDEBUG -g -O3 -Wall -fPIC -DMPICH_SKIP_MPICXX=1 -DOMPI_SKIP_MPICXX=1 -DNPY_NO_DEPRECATED_API=NPY_1_7_API_VERSION
      -Isrc -Isrc/petsc4py/include -I/home/{...}/.cache/uv/builds-v0/.tmprLWR8u/lib/python3.12/site-packages/numpy/_core/include
      -I/home/lsorelgiffo/.cache/uv/sdists-v9/pypi/petsc/3.23.6/Vt-PYoiHFRpY792HYGxub/src/build/bdist.linux-x86_64/wheel/petsc/include
      -I/home/{...}/.cache/uv/builds-v0/.tmprLWR8u/include -I/home/{...}/.local/share/uv/python/cpython-3.12.9-linux-x86_64-gnu/include/python3.12 -c
      src/petsc4py/PETSc.c -o build/temp.linux-x86_64-cpython-312/src/petsc4py/PETSc.o

      [stderr]
      src/petsc4py/PETSc.c:1121:10: fatal error: petsc.h: No such file or directory
       1121 | #include &lt;petsc.h&gt;
            |          ^~~~~~~~~
      compilation terminated.
      error: command '/usr/bin/gcc' failed with exit code 1

      hint: This error likely indicates that you need to install a library that provides &quot;petsc.h&quot; for `petsc4py@3.23.6`
</code></pre>
</div>
        </div>
        <div class="timeline-entry">
            <div class="timeline-header">Comment by <a href="https://github.com/zanieb">@zanieb</a> on 2025-08-28 14:50</div>
            <div class="timeline-body"><p>I don't think they should be relying on those variables. They're not a part of the spec — they're just relying on <code>pip</code>-specific behavior.</p>
</div>
        </div>
        <div class="timeline-entry">
            <div class="timeline-header">Comment by <a href="https://github.com/lucsorel">@lucsorel</a> on 2025-08-29 07:40</div>
            <div class="timeline-body"><p>Thank you @zanieb for your answer.</p>
<p>I would like to make the petsc project move forward on this issue, what would you suggest they should use to specify the build backend instead of these 2 environment variables?</p>
<p>Have a nice day.</p>
</div>
        </div>
    </div>

    <footer>
        Synced at 2026-01-12 17:29:00 UTC
    </footer>
</body>
</html>
