<!DOCTYPE html>
<html lang="en">
<head>
    <meta charset="UTF-8">
    <meta name="viewport" content="width=device-width, initial-scale=1.0">
    <title>Tests hang (waiting for username) in 0.5.17 - astral-sh/uv #10493</title>
    <link rel="stylesheet" href="../../../style.css">
</head>
<body>
    <div class="back-link">
        <a href="../../../index.html">Back to index</a>
    </div>

    <h1>Tests hang (waiting for username) in 0.5.17</h1>

    <div class="meta">
        <span class="state-icon state-closed"></span>
        <a href="https://github.com/astral-sh/uv/issues/10493">#10493</a>
        opened by <a href="https://github.com/mgorny">@mgorny</a>
        on 2025-01-11 05:38
    </div>

    <div class="timeline">
        <div class="timeline-entry">
            <div class="timeline-header"><a href="https://github.com/mgorny">@mgorny</a></div>
            <div class="timeline-body"><pre><code>     Running `/var/tmp/portage/dev-python/uv-0.5.17/work/uv-0.5.17/target/x86_64-unknown-linux-gnu/debug/deps/uv-4b4c36941a62e59d`

running 1 test
Enter username ('__token__' if using a token): test commands::publish::tests::username_password_sources has been running for over 60 seconds
</code></pre>
<p>This is on non-interactive terminal. Tried adding <code>&lt;/dev/null</code>, didn't help.</p>
</div>
        </div>
        <div class="timeline-entry">
            <div class="timeline-header">Comment by <a href="https://github.com/mgorny">@mgorny</a> on 2025-01-11 05:43</div>
            <div class="timeline-body"><p>Can also reproduce on a regular terminal, with failure when i type anything:</p>
<pre><code>     Running unittests src/lib.rs (target/debug/deps/uv-58c2e9e5d6669689)

running 1 test
Enter username ('__token__' if using a token): 
Enter password: 
test commands::publish::tests::username_password_sources ... FAILED

failures:

---- commands::publish::tests::username_password_sources stdout ----
thread 'commands::publish::tests::username_password_sources' panicked at crates/uv/src/commands/publish.rs:325:9:
assertion `left == right` failed
  left: Some(&quot;&quot;)
 right: None
note: run with `RUST_BACKTRACE=1` environment variable to display a backtrace


failures:
    commands::publish::tests::username_password_sources

test result: FAILED. 0 passed; 1 failed; 0 ignored; 0 measured; 0 filtered out; finished in 27.95s

error: test failed, to rerun pass `-p uv --lib`
</code></pre>
</div>
        </div>
        <div class="timeline-entry">
            <div class="timeline-header">Comment by <a href="https://github.com/charliermarsh">@charliermarsh</a> on 2025-01-11 13:37</div>
            <div class="timeline-body"><p>Thanks, we'll fix this!</p>
</div>
        </div>
        <div class="timeline-entry">
            <div class="event">Label <span class="label">bug</span> added by @charliermarsh on 2025-01-11 13:37</div>
        </div>
        <div class="timeline-entry">
            <div class="event">Label <span class="label">testing</span> added by @charliermarsh on 2025-01-11 13:37</div>
        </div>
        <div class="timeline-entry">
            <div class="event">Closed by @charliermarsh on 2025-01-11 14:06</div>
        </div>
        <div class="timeline-entry">
            <div class="event">Closed by @charliermarsh on 2025-01-11 14:06</div>
        </div>
        <div class="timeline-entry">
            <div class="timeline-header">Comment by <a href="https://github.com/mgorny">@mgorny</a> on 2025-01-11 14:08</div>
            <div class="timeline-body"><p>Thanks a lot!</p>
</div>
        </div>
    </div>

    <footer>
        Synced at 2026-01-12 17:29:15 UTC
    </footer>
</body>
</html>
