<!DOCTYPE html>
<html lang="en">
<head>
    <meta charset="UTF-8">
    <meta name="viewport" content="width=device-width, initial-scale=1.0">
    <title>Issues installing snowflake-connector-python==3.12.4 - astral-sh/uv #10780</title>
    <link rel="stylesheet" href="../../style.css">
</head>
<body>
    <div class="back-link">
        <a href="../../index.html">Back to index</a>
    </div>

    <h1>Issues installing snowflake-connector-python==3.12.4</h1>

    <div class="meta">
        <span class="state state-closed">Closed</span>
        <a href="https://github.com/astral-sh/uv/issues/10780">#10780</a>
        opened by <a href="https://github.com/ndrezn">@ndrezn</a>
        on 2025-01-20 15:06
    </div>

    <div class="timeline">
        <div class="timeline-entry">
            <div class="timeline-header">Issue opened by <a href="https://github.com/ndrezn">@ndrezn</a> on 2025-01-20 15:06</div>
            <div class="timeline-body"><p>Running into issues when installing <code>snowflake-connector-python==3.12.4</code> using <code>uv</code> with an existing cache.</p>
<p>Using <code>pip</code>:</p>
<details>
<summary>Log output from <code>pip</code></summary>

<pre><code class="language-log">(test) ➜  test pip list
Package Version
------- -------
pip     24.3.1
(test) ➜  test pip install snowflake-connector-python==3.12.4
Collecting snowflake-connector-python==3.12.4
  Downloading snowflake_connector_python-3.12.4.tar.gz (743 kB)
     ━━━━━━━━━━━━━━━━━━━━━━━━━━━━━━━━━━━━━━━━ 743.4/743.4 kB 10.6 MB/s eta 0:00:00
  Installing build dependencies ... done
  Getting requirements to build wheel ... done
  Preparing metadata (pyproject.toml) ... done
Collecting asn1crypto&lt;2.0.0,&gt;0.24.0 (from snowflake-connector-python==3.12.4)
  Downloading asn1crypto-1.5.1-py2.py3-none-any.whl.metadata (13 kB)
Collecting cffi&lt;2.0.0,&gt;=1.9 (from snowflake-connector-python==3.12.4)
  Downloading cffi-1.17.1-cp313-cp313-macosx_11_0_arm64.whl.metadata (1.5 kB)
Collecting cryptography&gt;=3.1.0 (from snowflake-connector-python==3.12.4)
  Downloading cryptography-44.0.0-cp39-abi3-macosx_10_9_universal2.whl.metadata (5.7 kB)
Collecting pyOpenSSL&lt;25.0.0,&gt;=22.0.0 (from snowflake-connector-python==3.12.4)
  Downloading pyOpenSSL-24.3.0-py3-none-any.whl.metadata (15 kB)
Collecting pyjwt&lt;3.0.0 (from snowflake-connector-python==3.12.4)
  Downloading PyJWT-2.10.1-py3-none-any.whl.metadata (4.0 kB)
Collecting pytz (from snowflake-connector-python==3.12.4)
  Downloading pytz-2024.2-py2.py3-none-any.whl.metadata (22 kB)
Collecting requests&lt;3.0.0 (from snowflake-connector-python==3.12.4)
  Downloading requests-2.32.3-py3-none-any.whl.metadata (4.6 kB)
Collecting packaging (from snowflake-connector-python==3.12.4)
  Downloading packaging-24.2-py3-none-any.whl.metadata (3.2 kB)
Collecting charset_normalizer&lt;4,&gt;=2 (from snowflake-connector-python==3.12.4)
  Downloading charset_normalizer-3.4.1-cp313-cp313-macosx_10_13_universal2.whl.metadata (35 kB)
Collecting idna&lt;4,&gt;=2.5 (from snowflake-connector-python==3.12.4)
  Downloading idna-3.10-py3-none-any.whl.metadata (10 kB)
Collecting certifi&gt;=2017.4.17 (from snowflake-connector-python==3.12.4)
  Downloading certifi-2024.12.14-py3-none-any.whl.metadata (2.3 kB)
Collecting typing_extensions&lt;5,&gt;=4.3 (from snowflake-connector-python==3.12.4)
  Downloading typing_extensions-4.12.2-py3-none-any.whl.metadata (3.0 kB)
Collecting filelock&lt;4,&gt;=3.5 (from snowflake-connector-python==3.12.4)
  Downloading filelock-3.16.1-py3-none-any.whl.metadata (2.9 kB)
Collecting sortedcontainers&gt;=2.4.0 (from snowflake-connector-python==3.12.4)
  Downloading sortedcontainers-2.4.0-py2.py3-none-any.whl.metadata (10 kB)
Collecting platformdirs&lt;5.0.0,&gt;=2.6.0 (from snowflake-connector-python==3.12.4)
  Downloading platformdirs-4.3.6-py3-none-any.whl.metadata (11 kB)
Collecting tomlkit (from snowflake-connector-python==3.12.4)
  Downloading tomlkit-0.13.2-py3-none-any.whl.metadata (2.7 kB)
Collecting pycparser (from cffi&lt;2.0.0,&gt;=1.9-&gt;snowflake-connector-python==3.12.4)
  Downloading pycparser-2.22-py3-none-any.whl.metadata (943 bytes)
Collecting urllib3&lt;3,&gt;=1.21.1 (from requests&lt;3.0.0-&gt;snowflake-connector-python==3.12.4)
  Downloading urllib3-2.3.0-py3-none-any.whl.metadata (6.5 kB)
Downloading asn1crypto-1.5.1-py2.py3-none-any.whl (105 kB)
Downloading certifi-2024.12.14-py3-none-any.whl (164 kB)
Downloading cffi-1.17.1-cp313-cp313-macosx_11_0_arm64.whl (178 kB)
Downloading charset_normalizer-3.4.1-cp313-cp313-macosx_10_13_universal2.whl (195 kB)
Downloading cryptography-44.0.0-cp39-abi3-macosx_10_9_universal2.whl (6.5 MB)
   ━━━━━━━━━━━━━━━━━━━━━━━━━━━━━━━━━━━━━━━━ 6.5/6.5 MB 18.5 MB/s eta 0:00:00
Downloading filelock-3.16.1-py3-none-any.whl (16 kB)
Downloading idna-3.10-py3-none-any.whl (70 kB)
Downloading platformdirs-4.3.6-py3-none-any.whl (18 kB)
Downloading PyJWT-2.10.1-py3-none-any.whl (22 kB)
Downloading pyOpenSSL-24.3.0-py3-none-any.whl (56 kB)
Downloading requests-2.32.3-py3-none-any.whl (64 kB)
Downloading sortedcontainers-2.4.0-py2.py3-none-any.whl (29 kB)
Downloading typing_extensions-4.12.2-py3-none-any.whl (37 kB)
Downloading packaging-24.2-py3-none-any.whl (65 kB)
Downloading pytz-2024.2-py2.py3-none-any.whl (508 kB)
Downloading tomlkit-0.13.2-py3-none-any.whl (37 kB)
Downloading urllib3-2.3.0-py3-none-any.whl (128 kB)
Downloading pycparser-2.22-py3-none-any.whl (117 kB)
Building wheels for collected packages: snowflake-connector-python
  Building wheel for snowflake-connector-python (pyproject.toml) ... done
  Created wheel for snowflake-connector-python: filename=snowflake_connector_python-3.12.4-cp313-cp313-macosx_11_0_arm64.whl size=952842 sha256=853068228179468f3a1281280537fd03aae505403d75fdd0f8f70d80c3c0a81a
  Stored in directory: /Users/nathandrezner/Library/Caches/pip/wheels/7a/3d/96/4d17a084281f7f84129fb421ca75afcaf0dc6b4ddabd029a23
Successfully built snowflake-connector-python
Installing collected packages: sortedcontainers, pytz, asn1crypto, urllib3, typing_extensions, tomlkit, pyjwt, pycparser, platformdirs, packaging, idna, filelock, charset_normalizer, certifi, requests, cffi, cryptography, pyOpenSSL, snowflake-connector-python
Successfully installed asn1crypto-1.5.1 certifi-2024.12.14 cffi-1.17.1 charset_normalizer-3.4.1 cryptography-44.0.0 filelock-3.16.1 idna-3.10 packaging-24.2 platformdirs-4.3.6 pyOpenSSL-24.3.0 pycparser-2.22 pyjwt-2.10.1 pytz-2024.2 requests-2.32.3 snowflake-connector-python-3.12.4 sortedcontainers-2.4.0 tomlkit-0.13.2 typing_extensions-4.12.2 urllib3-2.3.0
</code></pre>
</details>

<p>Using <code>uv pip</code> (with a cache):</p>
<details>
<summary>Log output from <code>uv pip</code></summary>

<pre><code>(test) ➜  test uv pip list                                      
(test) ➜  test uv pip install snowflake-connector-python==3.12.4
Resolved 19 packages in 22ms
  × Failed to build `snowflake-connector-python==3.12.4`
  ├─▶ The build backend returned an error
  ╰─▶ Call to `setuptools.build_meta:__legacy__.build_wheel` failed (exit status: 1)

      [stdout]
      running bdist_wheel
      running build
      running build_py
      copying src/snowflake/connector/secret_detector.py -&gt;
      build/lib.macosx-11.0-arm64-cpython-313/snowflake/connector
      copying src/snowflake/connector/azure_storage_client.py -&gt;
      build/lib.macosx-11.0-arm64-cpython-313/snowflake/connector
      copying src/snowflake/connector/ssl_wrap_socket.py -&gt;
      build/lib.macosx-11.0-arm64-cpython-313/snowflake/connector
      copying src/snowflake/connector/telemetry_oob.py -&gt;
      build/lib.macosx-11.0-arm64-cpython-313/snowflake/connector
      copying src/snowflake/connector/file_compression_type.py -&gt;
      build/lib.macosx-11.0-arm64-cpython-313/snowflake/connector
      copying src/snowflake/connector/options.py -&gt; build/lib.macosx-11.0-arm64-cpython-313/snowflake/connector
      copying src/snowflake/connector/arrow_context.py -&gt;
      build/lib.macosx-11.0-arm64-cpython-313/snowflake/connector
      copying src/snowflake/connector/sfdatetime.py -&gt; build/lib.macosx-11.0-arm64-cpython-313/snowflake/connector
      copying src/snowflake/connector/sqlstate.py -&gt; build/lib.macosx-11.0-arm64-cpython-313/snowflake/connector
      copying src/snowflake/connector/description.py -&gt; build/lib.macosx-11.0-arm64-cpython-313/snowflake/connector
      copying src/snowflake/connector/version.py -&gt; build/lib.macosx-11.0-arm64-cpython-313/snowflake/connector
      copying src/snowflake/connector/compat.py -&gt; build/lib.macosx-11.0-arm64-cpython-313/snowflake/connector
      copying src/snowflake/connector/config_manager.py -&gt;
      build/lib.macosx-11.0-arm64-cpython-313/snowflake/connector
      copying src/snowflake/connector/storage_client.py -&gt;
      build/lib.macosx-11.0-arm64-cpython-313/snowflake/connector
      copying src/snowflake/connector/result_batch.py -&gt;
      build/lib.macosx-11.0-arm64-cpython-313/snowflake/connector
      copying src/snowflake/connector/bind_upload_agent.py -&gt;
      build/lib.macosx-11.0-arm64-cpython-313/snowflake/connector
      copying src/snowflake/connector/connection_diagnostic.py -&gt;
      build/lib.macosx-11.0-arm64-cpython-313/snowflake/connector
      copying src/snowflake/connector/dbapi.py -&gt; build/lib.macosx-11.0-arm64-cpython-313/snowflake/connector
      copying src/snowflake/connector/_sql_util.py -&gt; build/lib.macosx-11.0-arm64-cpython-313/snowflake/connector
      copying src/snowflake/connector/proxy.py -&gt; build/lib.macosx-11.0-arm64-cpython-313/snowflake/connector
      copying src/snowflake/connector/sf_dirs.py -&gt; build/lib.macosx-11.0-arm64-cpython-313/snowflake/connector
      copying src/snowflake/connector/constants.py -&gt; build/lib.macosx-11.0-arm64-cpython-313/snowflake/connector
      copying src/snowflake/connector/gzip_decoder.py -&gt;
      build/lib.macosx-11.0-arm64-cpython-313/snowflake/connector
      copying src/snowflake/connector/_query_context_cache.py -&gt;
      build/lib.macosx-11.0-arm64-cpython-313/snowflake/connector
      copying src/snowflake/connector/s3_storage_client.py -&gt;
      build/lib.macosx-11.0-arm64-cpython-313/snowflake/connector
      copying src/snowflake/connector/sfbinaryformat.py -&gt;
      build/lib.macosx-11.0-arm64-cpython-313/snowflake/connector
      copying src/snowflake/connector/cache.py -&gt; build/lib.macosx-11.0-arm64-cpython-313/snowflake/connector
      copying src/snowflake/connector/converter.py -&gt; build/lib.macosx-11.0-arm64-cpython-313/snowflake/connector
      copying src/snowflake/connector/__init__.py -&gt; build/lib.macosx-11.0-arm64-cpython-313/snowflake/connector
      copying src/snowflake/connector/telemetry.py -&gt; build/lib.macosx-11.0-arm64-cpython-313/snowflake/connector
      copying src/snowflake/connector/file_util.py -&gt; build/lib.macosx-11.0-arm64-cpython-313/snowflake/connector
      copying src/snowflake/connector/encryption_util.py -&gt;
      build/lib.macosx-11.0-arm64-cpython-313/snowflake/connector
      copying src/snowflake/connector/gcs_storage_client.py -&gt;
      build/lib.macosx-11.0-arm64-cpython-313/snowflake/connector
      copying src/snowflake/connector/feature.py -&gt; build/lib.macosx-11.0-arm64-cpython-313/snowflake/connector
      copying src/snowflake/connector/test_util.py -&gt; build/lib.macosx-11.0-arm64-cpython-313/snowflake/connector
      copying src/snowflake/connector/backoff_policies.py -&gt;
      build/lib.macosx-11.0-arm64-cpython-313/snowflake/connector
      copying src/snowflake/connector/connection.py -&gt; build/lib.macosx-11.0-arm64-cpython-313/snowflake/connector
      copying src/snowflake/connector/ocsp_snowflake.py -&gt;
      build/lib.macosx-11.0-arm64-cpython-313/snowflake/connector
      copying src/snowflake/connector/ocsp_asn1crypto.py -&gt;
      build/lib.macosx-11.0-arm64-cpython-313/snowflake/connector
      copying src/snowflake/connector/util_text.py -&gt; build/lib.macosx-11.0-arm64-cpython-313/snowflake/connector
      copying src/snowflake/connector/converter_snowsql.py -&gt;
      build/lib.macosx-11.0-arm64-cpython-313/snowflake/connector
      copying src/snowflake/connector/file_transfer_agent.py -&gt;
      build/lib.macosx-11.0-arm64-cpython-313/snowflake/connector
      copying src/snowflake/connector/network.py -&gt; build/lib.macosx-11.0-arm64-cpython-313/snowflake/connector
      copying src/snowflake/connector/converter_issue23517.py -&gt;
      build/lib.macosx-11.0-arm64-cpython-313/snowflake/connector
      copying src/snowflake/connector/local_storage_client.py -&gt;
      build/lib.macosx-11.0-arm64-cpython-313/snowflake/connector
      copying src/snowflake/connector/errors.py -&gt; build/lib.macosx-11.0-arm64-cpython-313/snowflake/connector
      copying src/snowflake/connector/pandas_tools.py -&gt;
      build/lib.macosx-11.0-arm64-cpython-313/snowflake/connector
      copying src/snowflake/connector/time_util.py -&gt; build/lib.macosx-11.0-arm64-cpython-313/snowflake/connector
      copying src/snowflake/connector/ssd_internal_keys.py -&gt;
      build/lib.macosx-11.0-arm64-cpython-313/snowflake/connector
      copying src/snowflake/connector/snow_logging.py -&gt;
      build/lib.macosx-11.0-arm64-cpython-313/snowflake/connector
      copying src/snowflake/connector/result_set.py -&gt; build/lib.macosx-11.0-arm64-cpython-313/snowflake/connector
      copying src/snowflake/connector/log_configuration.py -&gt;
      build/lib.macosx-11.0-arm64-cpython-313/snowflake/connector
      copying src/snowflake/connector/errorcode.py -&gt; build/lib.macosx-11.0-arm64-cpython-313/snowflake/connector
      copying src/snowflake/connector/url_util.py -&gt; build/lib.macosx-11.0-arm64-cpython-313/snowflake/connector
      copying src/snowflake/connector/converter_null.py -&gt;
      build/lib.macosx-11.0-arm64-cpython-313/snowflake/connector
      copying src/snowflake/connector/_utils.py -&gt; build/lib.macosx-11.0-arm64-cpython-313/snowflake/connector
      copying src/snowflake/connector/cursor.py -&gt; build/lib.macosx-11.0-arm64-cpython-313/snowflake/connector
      copying src/snowflake/connector/auth/idtoken.py -&gt;
      build/lib.macosx-11.0-arm64-cpython-313/snowflake/connector/auth
      copying src/snowflake/connector/auth/webbrowser.py -&gt;
      build/lib.macosx-11.0-arm64-cpython-313/snowflake/connector/auth
      copying src/snowflake/connector/auth/by_plugin.py -&gt;
      build/lib.macosx-11.0-arm64-cpython-313/snowflake/connector/auth
      copying src/snowflake/connector/auth/okta.py -&gt;
      build/lib.macosx-11.0-arm64-cpython-313/snowflake/connector/auth
      copying src/snowflake/connector/auth/usrpwdmfa.py -&gt;
      build/lib.macosx-11.0-arm64-cpython-313/snowflake/connector/auth
      copying src/snowflake/connector/auth/__init__.py -&gt;
      build/lib.macosx-11.0-arm64-cpython-313/snowflake/connector/auth
      copying src/snowflake/connector/auth/default.py -&gt;
      build/lib.macosx-11.0-arm64-cpython-313/snowflake/connector/auth
      copying src/snowflake/connector/auth/keypair.py -&gt;
      build/lib.macosx-11.0-arm64-cpython-313/snowflake/connector/auth
      copying src/snowflake/connector/auth/_auth.py -&gt;
      build/lib.macosx-11.0-arm64-cpython-313/snowflake/connector/auth
      copying src/snowflake/connector/auth/oauth.py -&gt;
      build/lib.macosx-11.0-arm64-cpython-313/snowflake/connector/auth
      copying src/snowflake/connector/vendored/__init__.py -&gt;
      build/lib.macosx-11.0-arm64-cpython-313/snowflake/connector/vendored
      copying src/snowflake/connector/tool/dump_ocsp_response.py -&gt;
      build/lib.macosx-11.0-arm64-cpython-313/snowflake/connector/tool
      copying src/snowflake/connector/tool/dump_ocsp_response_cache.py -&gt;
      build/lib.macosx-11.0-arm64-cpython-313/snowflake/connector/tool
      copying src/snowflake/connector/tool/__init__.py -&gt;
      build/lib.macosx-11.0-arm64-cpython-313/snowflake/connector/tool
      copying src/snowflake/connector/tool/dump_certs.py -&gt;
      build/lib.macosx-11.0-arm64-cpython-313/snowflake/connector/tool
      copying src/snowflake/connector/tool/probe_connection.py -&gt;
      build/lib.macosx-11.0-arm64-cpython-313/snowflake/connector/tool
      copying src/snowflake/connector/vendored/requests/cookies.py -&gt;
      build/lib.macosx-11.0-arm64-cpython-313/snowflake/connector/vendored/requests
      copying src/snowflake/connector/vendored/requests/auth.py -&gt;
      build/lib.macosx-11.0-arm64-cpython-313/snowflake/connector/vendored/requests
      copying src/snowflake/connector/vendored/requests/sessions.py -&gt;
      build/lib.macosx-11.0-arm64-cpython-313/snowflake/connector/vendored/requests
      copying src/snowflake/connector/vendored/requests/hooks.py -&gt;
      build/lib.macosx-11.0-arm64-cpython-313/snowflake/connector/vendored/requests
      copying src/snowflake/connector/vendored/requests/compat.py -&gt;
      build/lib.macosx-11.0-arm64-cpython-313/snowflake/connector/vendored/requests
      copying src/snowflake/connector/vendored/requests/models.py -&gt;
      build/lib.macosx-11.0-arm64-cpython-313/snowflake/connector/vendored/requests
      copying src/snowflake/connector/vendored/requests/certs.py -&gt;
      build/lib.macosx-11.0-arm64-cpython-313/snowflake/connector/vendored/requests
      copying src/snowflake/connector/vendored/requests/__init__.py -&gt;
      build/lib.macosx-11.0-arm64-cpython-313/snowflake/connector/vendored/requests
      copying src/snowflake/connector/vendored/requests/status_codes.py -&gt;
      build/lib.macosx-11.0-arm64-cpython-313/snowflake/connector/vendored/requests
      copying src/snowflake/connector/vendored/requests/__version__.py -&gt;
      build/lib.macosx-11.0-arm64-cpython-313/snowflake/connector/vendored/requests
      copying src/snowflake/connector/vendored/requests/api.py -&gt;
      build/lib.macosx-11.0-arm64-cpython-313/snowflake/connector/vendored/requests
      copying src/snowflake/connector/vendored/requests/_internal_utils.py -&gt;
      build/lib.macosx-11.0-arm64-cpython-313/snowflake/connector/vendored/requests
      copying src/snowflake/connector/vendored/requests/utils.py -&gt;
      build/lib.macosx-11.0-arm64-cpython-313/snowflake/connector/vendored/requests
      copying src/snowflake/connector/vendored/requests/exceptions.py -&gt;
      build/lib.macosx-11.0-arm64-cpython-313/snowflake/connector/vendored/requests
      copying src/snowflake/connector/vendored/requests/structures.py -&gt;
      build/lib.macosx-11.0-arm64-cpython-313/snowflake/connector/vendored/requests
      copying src/snowflake/connector/vendored/requests/help.py -&gt;
      build/lib.macosx-11.0-arm64-cpython-313/snowflake/connector/vendored/requests
      copying src/snowflake/connector/vendored/requests/adapters.py -&gt;
      build/lib.macosx-11.0-arm64-cpython-313/snowflake/connector/vendored/requests
      copying src/snowflake/connector/vendored/urllib3/filepost.py -&gt;
      build/lib.macosx-11.0-arm64-cpython-313/snowflake/connector/vendored/urllib3
      copying src/snowflake/connector/vendored/urllib3/fields.py -&gt;
      build/lib.macosx-11.0-arm64-cpython-313/snowflake/connector/vendored/urllib3
      copying src/snowflake/connector/vendored/urllib3/_version.py -&gt;
      build/lib.macosx-11.0-arm64-cpython-313/snowflake/connector/vendored/urllib3
      copying src/snowflake/connector/vendored/urllib3/request.py -&gt;
      build/lib.macosx-11.0-arm64-cpython-313/snowflake/connector/vendored/urllib3
      copying src/snowflake/connector/vendored/urllib3/__init__.py -&gt;
      build/lib.macosx-11.0-arm64-cpython-313/snowflake/connector/vendored/urllib3
      copying src/snowflake/connector/vendored/urllib3/poolmanager.py -&gt;
      build/lib.macosx-11.0-arm64-cpython-313/snowflake/connector/vendored/urllib3
      copying src/snowflake/connector/vendored/urllib3/response.py -&gt;
      build/lib.macosx-11.0-arm64-cpython-313/snowflake/connector/vendored/urllib3
      copying src/snowflake/connector/vendored/urllib3/connection.py -&gt;
      build/lib.macosx-11.0-arm64-cpython-313/snowflake/connector/vendored/urllib3
      copying src/snowflake/connector/vendored/urllib3/_collections.py -&gt;
      build/lib.macosx-11.0-arm64-cpython-313/snowflake/connector/vendored/urllib3
      copying src/snowflake/connector/vendored/urllib3/exceptions.py -&gt;
      build/lib.macosx-11.0-arm64-cpython-313/snowflake/connector/vendored/urllib3
      copying src/snowflake/connector/vendored/urllib3/connectionpool.py -&gt;
      build/lib.macosx-11.0-arm64-cpython-313/snowflake/connector/vendored/urllib3
      copying src/snowflake/connector/vendored/urllib3/util/queue.py -&gt;
      build/lib.macosx-11.0-arm64-cpython-313/snowflake/connector/vendored/urllib3/util
      copying src/snowflake/connector/vendored/urllib3/util/ssltransport.py -&gt;
      build/lib.macosx-11.0-arm64-cpython-313/snowflake/connector/vendored/urllib3/util
      copying src/snowflake/connector/vendored/urllib3/util/proxy.py -&gt;
      build/lib.macosx-11.0-arm64-cpython-313/snowflake/connector/vendored/urllib3/util
      copying src/snowflake/connector/vendored/urllib3/util/wait.py -&gt;
      build/lib.macosx-11.0-arm64-cpython-313/snowflake/connector/vendored/urllib3/util
      copying src/snowflake/connector/vendored/urllib3/util/request.py -&gt;
      build/lib.macosx-11.0-arm64-cpython-313/snowflake/connector/vendored/urllib3/util
      copying src/snowflake/connector/vendored/urllib3/util/timeout.py -&gt;
      build/lib.macosx-11.0-arm64-cpython-313/snowflake/connector/vendored/urllib3/util
      copying src/snowflake/connector/vendored/urllib3/util/__init__.py -&gt;
      build/lib.macosx-11.0-arm64-cpython-313/snowflake/connector/vendored/urllib3/util
      copying src/snowflake/connector/vendored/urllib3/util/response.py -&gt;
      build/lib.macosx-11.0-arm64-cpython-313/snowflake/connector/vendored/urllib3/util
      copying src/snowflake/connector/vendored/urllib3/util/ssl_.py -&gt;
      build/lib.macosx-11.0-arm64-cpython-313/snowflake/connector/vendored/urllib3/util
      copying src/snowflake/connector/vendored/urllib3/util/retry.py -&gt;
      build/lib.macosx-11.0-arm64-cpython-313/snowflake/connector/vendored/urllib3/util
      copying src/snowflake/connector/vendored/urllib3/util/url.py -&gt;
      build/lib.macosx-11.0-arm64-cpython-313/snowflake/connector/vendored/urllib3/util
      copying src/snowflake/connector/vendored/urllib3/util/connection.py -&gt;
      build/lib.macosx-11.0-arm64-cpython-313/snowflake/connector/vendored/urllib3/util
      copying src/snowflake/connector/vendored/urllib3/util/ssl_match_hostname.py -&gt;
      build/lib.macosx-11.0-arm64-cpython-313/snowflake/connector/vendored/urllib3/util
      copying src/snowflake/connector/vendored/urllib3/contrib/securetransport.py -&gt;
      build/lib.macosx-11.0-arm64-cpython-313/snowflake/connector/vendored/urllib3/contrib
      copying src/snowflake/connector/vendored/urllib3/contrib/__init__.py -&gt;
      build/lib.macosx-11.0-arm64-cpython-313/snowflake/connector/vendored/urllib3/contrib
      copying src/snowflake/connector/vendored/urllib3/contrib/socks.py -&gt;
      build/lib.macosx-11.0-arm64-cpython-313/snowflake/connector/vendored/urllib3/contrib
      copying src/snowflake/connector/vendored/urllib3/contrib/_appengine_environ.py -&gt;
      build/lib.macosx-11.0-arm64-cpython-313/snowflake/connector/vendored/urllib3/contrib
      copying src/snowflake/connector/vendored/urllib3/contrib/pyopenssl.py -&gt;
      build/lib.macosx-11.0-arm64-cpython-313/snowflake/connector/vendored/urllib3/contrib
      copying src/snowflake/connector/vendored/urllib3/contrib/appengine.py -&gt;
      build/lib.macosx-11.0-arm64-cpython-313/snowflake/connector/vendored/urllib3/contrib
      copying src/snowflake/connector/vendored/urllib3/contrib/ntlmpool.py -&gt;
      build/lib.macosx-11.0-arm64-cpython-313/snowflake/connector/vendored/urllib3/contrib
      copying src/snowflake/connector/vendored/urllib3/packages/__init__.py -&gt;
      build/lib.macosx-11.0-arm64-cpython-313/snowflake/connector/vendored/urllib3/packages
      copying src/snowflake/connector/vendored/urllib3/packages/six.py -&gt;
      build/lib.macosx-11.0-arm64-cpython-313/snowflake/connector/vendored/urllib3/packages
      copying src/snowflake/connector/vendored/urllib3/contrib/_securetransport/__init__.py -&gt;
      build/lib.macosx-11.0-arm64-cpython-313/snowflake/connector/vendored/urllib3/contrib/_securetransport
      copying src/snowflake/connector/vendored/urllib3/contrib/_securetransport/low_level.py -&gt;
      build/lib.macosx-11.0-arm64-cpython-313/snowflake/connector/vendored/urllib3/contrib/_securetransport
      copying src/snowflake/connector/vendored/urllib3/contrib/_securetransport/bindings.py -&gt;
      build/lib.macosx-11.0-arm64-cpython-313/snowflake/connector/vendored/urllib3/contrib/_securetransport
      copying src/snowflake/connector/vendored/urllib3/packages/backports/__init__.py -&gt;
      build/lib.macosx-11.0-arm64-cpython-313/snowflake/connector/vendored/urllib3/packages/backports
      copying src/snowflake/connector/vendored/urllib3/packages/backports/makefile.py -&gt;
      build/lib.macosx-11.0-arm64-cpython-313/snowflake/connector/vendored/urllib3/packages/backports
      copying src/snowflake/connector/vendored/urllib3/packages/backports/weakref_finalize.py -&gt;
      build/lib.macosx-11.0-arm64-cpython-313/snowflake/connector/vendored/urllib3/packages/backports
      running egg_info
      writing src/snowflake_connector_python.egg-info/PKG-INFO
      writing dependency_links to src/snowflake_connector_python.egg-info/dependency_links.txt
      writing entry points to src/snowflake_connector_python.egg-info/entry_points.txt
      writing requirements to src/snowflake_connector_python.egg-info/requires.txt
      writing top-level names to src/snowflake_connector_python.egg-info/top_level.txt
      reading manifest file 'src/snowflake_connector_python.egg-info/SOURCES.txt'
      reading manifest template 'MANIFEST.in'
      adding license file 'LICENSE.txt'
      adding license file 'NOTICE'
      writing manifest file 'src/snowflake_connector_python.egg-info/SOURCES.txt'
      copying src/snowflake/connector/py.typed -&gt; build/lib.macosx-11.0-arm64-cpython-313/snowflake/connector
      copying src/snowflake/connector/nanoarrow_cpp/ArrowIterator/ArrayConverter.cpp -&gt;
      build/lib.macosx-11.0-arm64-cpython-313/snowflake/connector/nanoarrow_cpp/ArrowIterator
      copying src/snowflake/connector/nanoarrow_cpp/ArrowIterator/ArrayConverter.hpp -&gt;
      build/lib.macosx-11.0-arm64-cpython-313/snowflake/connector/nanoarrow_cpp/ArrowIterator
      copying src/snowflake/connector/nanoarrow_cpp/ArrowIterator/BinaryConverter.cpp -&gt;
      build/lib.macosx-11.0-arm64-cpython-313/snowflake/connector/nanoarrow_cpp/ArrowIterator
      copying src/snowflake/connector/nanoarrow_cpp/ArrowIterator/BinaryConverter.hpp -&gt;
      build/lib.macosx-11.0-arm64-cpython-313/snowflake/connector/nanoarrow_cpp/ArrowIterator
      copying src/snowflake/connector/nanoarrow_cpp/ArrowIterator/BooleanConverter.cpp -&gt;
      build/lib.macosx-11.0-arm64-cpython-313/snowflake/connector/nanoarrow_cpp/ArrowIterator
      copying src/snowflake/connector/nanoarrow_cpp/ArrowIterator/BooleanConverter.hpp -&gt;
      build/lib.macosx-11.0-arm64-cpython-313/snowflake/connector/nanoarrow_cpp/ArrowIterator
      copying src/snowflake/connector/nanoarrow_cpp/ArrowIterator/CArrowChunkIterator.cpp -&gt;
      build/lib.macosx-11.0-arm64-cpython-313/snowflake/connector/nanoarrow_cpp/ArrowIterator
      copying src/snowflake/connector/nanoarrow_cpp/ArrowIterator/CArrowChunkIterator.hpp -&gt;
      build/lib.macosx-11.0-arm64-cpython-313/snowflake/connector/nanoarrow_cpp/ArrowIterator
      copying src/snowflake/connector/nanoarrow_cpp/ArrowIterator/CArrowIterator.cpp -&gt;
      build/lib.macosx-11.0-arm64-cpython-313/snowflake/connector/nanoarrow_cpp/ArrowIterator
      copying src/snowflake/connector/nanoarrow_cpp/ArrowIterator/CArrowIterator.hpp -&gt;
      build/lib.macosx-11.0-arm64-cpython-313/snowflake/connector/nanoarrow_cpp/ArrowIterator
      copying src/snowflake/connector/nanoarrow_cpp/ArrowIterator/CArrowTableIterator.cpp -&gt;
      build/lib.macosx-11.0-arm64-cpython-313/snowflake/connector/nanoarrow_cpp/ArrowIterator
      copying src/snowflake/connector/nanoarrow_cpp/ArrowIterator/CArrowTableIterator.hpp -&gt;
      build/lib.macosx-11.0-arm64-cpython-313/snowflake/connector/nanoarrow_cpp/ArrowIterator
      copying src/snowflake/connector/nanoarrow_cpp/ArrowIterator/DateConverter.cpp -&gt;
      build/lib.macosx-11.0-arm64-cpython-313/snowflake/connector/nanoarrow_cpp/ArrowIterator
      copying src/snowflake/connector/nanoarrow_cpp/ArrowIterator/DateConverter.hpp -&gt;
      build/lib.macosx-11.0-arm64-cpython-313/snowflake/connector/nanoarrow_cpp/ArrowIterator
      copying src/snowflake/connector/nanoarrow_cpp/ArrowIterator/DecimalConverter.cpp -&gt;
      build/lib.macosx-11.0-arm64-cpython-313/snowflake/connector/nanoarrow_cpp/ArrowIterator
      copying src/snowflake/connector/nanoarrow_cpp/ArrowIterator/DecimalConverter.hpp -&gt;
      build/lib.macosx-11.0-arm64-cpython-313/snowflake/connector/nanoarrow_cpp/ArrowIterator
      copying src/snowflake/connector/nanoarrow_cpp/ArrowIterator/FixedSizeListConverter.hpp -&gt;
      build/lib.macosx-11.0-arm64-cpython-313/snowflake/connector/nanoarrow_cpp/ArrowIterator
      copying src/snowflake/connector/nanoarrow_cpp/ArrowIterator/FloatConverter.cpp -&gt;
      build/lib.macosx-11.0-arm64-cpython-313/snowflake/connector/nanoarrow_cpp/ArrowIterator
      copying src/snowflake/connector/nanoarrow_cpp/ArrowIterator/FloatConverter.hpp -&gt;
      build/lib.macosx-11.0-arm64-cpython-313/snowflake/connector/nanoarrow_cpp/ArrowIterator
      copying src/snowflake/connector/nanoarrow_cpp/ArrowIterator/IColumnConverter.hpp -&gt;
      build/lib.macosx-11.0-arm64-cpython-313/snowflake/connector/nanoarrow_cpp/ArrowIterator
      copying src/snowflake/connector/nanoarrow_cpp/ArrowIterator/IntConverter.cpp -&gt;
      build/lib.macosx-11.0-arm64-cpython-313/snowflake/connector/nanoarrow_cpp/ArrowIterator
      copying src/snowflake/connector/nanoarrow_cpp/ArrowIterator/IntConverter.hpp -&gt;
      build/lib.macosx-11.0-arm64-cpython-313/snowflake/connector/nanoarrow_cpp/ArrowIterator
      copying src/snowflake/connector/nanoarrow_cpp/ArrowIterator/LICENSE.txt -&gt;
      build/lib.macosx-11.0-arm64-cpython-313/snowflake/connector/nanoarrow_cpp/ArrowIterator
      copying src/snowflake/connector/nanoarrow_cpp/ArrowIterator/MapConverter.cpp -&gt;
      build/lib.macosx-11.0-arm64-cpython-313/snowflake/connector/nanoarrow_cpp/ArrowIterator
      copying src/snowflake/connector/nanoarrow_cpp/ArrowIterator/MapConverter.hpp -&gt;
      build/lib.macosx-11.0-arm64-cpython-313/snowflake/connector/nanoarrow_cpp/ArrowIterator
      copying src/snowflake/connector/nanoarrow_cpp/ArrowIterator/ObjectConverter.cpp -&gt;
      build/lib.macosx-11.0-arm64-cpython-313/snowflake/connector/nanoarrow_cpp/ArrowIterator
      copying src/snowflake/connector/nanoarrow_cpp/ArrowIterator/ObjectConverter.hpp -&gt;
      build/lib.macosx-11.0-arm64-cpython-313/snowflake/connector/nanoarrow_cpp/ArrowIterator
      copying src/snowflake/connector/nanoarrow_cpp/ArrowIterator/SnowflakeType.cpp -&gt;
      build/lib.macosx-11.0-arm64-cpython-313/snowflake/connector/nanoarrow_cpp/ArrowIterator
      copying src/snowflake/connector/nanoarrow_cpp/ArrowIterator/SnowflakeType.hpp -&gt;
      build/lib.macosx-11.0-arm64-cpython-313/snowflake/connector/nanoarrow_cpp/ArrowIterator
      copying src/snowflake/connector/nanoarrow_cpp/ArrowIterator/StringConverter.cpp -&gt;
      build/lib.macosx-11.0-arm64-cpython-313/snowflake/connector/nanoarrow_cpp/ArrowIterator
      copying src/snowflake/connector/nanoarrow_cpp/ArrowIterator/StringConverter.hpp -&gt;
      build/lib.macosx-11.0-arm64-cpython-313/snowflake/connector/nanoarrow_cpp/ArrowIterator
      copying src/snowflake/connector/nanoarrow_cpp/ArrowIterator/TimeConverter.cpp -&gt;
      build/lib.macosx-11.0-arm64-cpython-313/snowflake/connector/nanoarrow_cpp/ArrowIterator
      copying src/snowflake/connector/nanoarrow_cpp/ArrowIterator/TimeConverter.hpp -&gt;
      build/lib.macosx-11.0-arm64-cpython-313/snowflake/connector/nanoarrow_cpp/ArrowIterator
      copying src/snowflake/connector/nanoarrow_cpp/ArrowIterator/TimeStampConverter.cpp -&gt;
      build/lib.macosx-11.0-arm64-cpython-313/snowflake/connector/nanoarrow_cpp/ArrowIterator
      copying src/snowflake/connector/nanoarrow_cpp/ArrowIterator/TimeStampConverter.hpp -&gt;
      build/lib.macosx-11.0-arm64-cpython-313/snowflake/connector/nanoarrow_cpp/ArrowIterator
      copying src/snowflake/connector/nanoarrow_cpp/ArrowIterator/flatcc.c -&gt;
      build/lib.macosx-11.0-arm64-cpython-313/snowflake/connector/nanoarrow_cpp/ArrowIterator
      copying src/snowflake/connector/nanoarrow_cpp/ArrowIterator/nanoarrow.c -&gt;
      build/lib.macosx-11.0-arm64-cpython-313/snowflake/connector/nanoarrow_cpp/ArrowIterator
      copying src/snowflake/connector/nanoarrow_cpp/ArrowIterator/nanoarrow.h -&gt;
      build/lib.macosx-11.0-arm64-cpython-313/snowflake/connector/nanoarrow_cpp/ArrowIterator
      copying src/snowflake/connector/nanoarrow_cpp/ArrowIterator/nanoarrow.hpp -&gt;
      build/lib.macosx-11.0-arm64-cpython-313/snowflake/connector/nanoarrow_cpp/ArrowIterator
      copying src/snowflake/connector/nanoarrow_cpp/ArrowIterator/nanoarrow_arrow_iterator.pyx -&gt;
      build/lib.macosx-11.0-arm64-cpython-313/snowflake/connector/nanoarrow_cpp/ArrowIterator
      copying src/snowflake/connector/nanoarrow_cpp/ArrowIterator/nanoarrow_device.c -&gt;
      build/lib.macosx-11.0-arm64-cpython-313/snowflake/connector/nanoarrow_cpp/ArrowIterator
      copying src/snowflake/connector/nanoarrow_cpp/ArrowIterator/nanoarrow_device.h -&gt;
      build/lib.macosx-11.0-arm64-cpython-313/snowflake/connector/nanoarrow_cpp/ArrowIterator
      copying src/snowflake/connector/nanoarrow_cpp/ArrowIterator/nanoarrow_ipc.c -&gt;
      build/lib.macosx-11.0-arm64-cpython-313/snowflake/connector/nanoarrow_cpp/ArrowIterator
      copying src/snowflake/connector/nanoarrow_cpp/ArrowIterator/nanoarrow_ipc.h -&gt;
      build/lib.macosx-11.0-arm64-cpython-313/snowflake/connector/nanoarrow_cpp/ArrowIterator
      copying src/snowflake/connector/nanoarrow_cpp/Logging/logging.cpp -&gt;
      build/lib.macosx-11.0-arm64-cpython-313/snowflake/connector/nanoarrow_cpp/Logging
      copying src/snowflake/connector/nanoarrow_cpp/Logging/logging.hpp -&gt;
      build/lib.macosx-11.0-arm64-cpython-313/snowflake/connector/nanoarrow_cpp/Logging
      copying src/snowflake/connector/nanoarrow_cpp/ArrowIterator/Util/macros.hpp -&gt;
      build/lib.macosx-11.0-arm64-cpython-313/snowflake/connector/nanoarrow_cpp/ArrowIterator/Util
      copying src/snowflake/connector/nanoarrow_cpp/ArrowIterator/Util/time.cpp -&gt;
      build/lib.macosx-11.0-arm64-cpython-313/snowflake/connector/nanoarrow_cpp/ArrowIterator/Util
      copying src/snowflake/connector/nanoarrow_cpp/ArrowIterator/Util/time.hpp -&gt;
      build/lib.macosx-11.0-arm64-cpython-313/snowflake/connector/nanoarrow_cpp/ArrowIterator/Util
      copying src/snowflake/connector/nanoarrow_cpp/ArrowIterator/Python/Common.cpp -&gt;
      build/lib.macosx-11.0-arm64-cpython-313/snowflake/connector/nanoarrow_cpp/ArrowIterator/Python
      copying src/snowflake/connector/nanoarrow_cpp/ArrowIterator/Python/Common.hpp -&gt;
      build/lib.macosx-11.0-arm64-cpython-313/snowflake/connector/nanoarrow_cpp/ArrowIterator/Python
      copying src/snowflake/connector/nanoarrow_cpp/ArrowIterator/Python/Helpers.cpp -&gt;
      build/lib.macosx-11.0-arm64-cpython-313/snowflake/connector/nanoarrow_cpp/ArrowIterator/Python
      copying src/snowflake/connector/nanoarrow_cpp/ArrowIterator/Python/Helpers.hpp -&gt;
      build/lib.macosx-11.0-arm64-cpython-313/snowflake/connector/nanoarrow_cpp/ArrowIterator/Python
      copying src/snowflake/connector/nanoarrow_cpp/ArrowIterator/flatcc/flatcc_accessors.h -&gt;
      build/lib.macosx-11.0-arm64-cpython-313/snowflake/connector/nanoarrow_cpp/ArrowIterator/flatcc
      copying src/snowflake/connector/nanoarrow_cpp/ArrowIterator/flatcc/flatcc_alloc.h -&gt;
      build/lib.macosx-11.0-arm64-cpython-313/snowflake/connector/nanoarrow_cpp/ArrowIterator/flatcc
      copying src/snowflake/connector/nanoarrow_cpp/ArrowIterator/flatcc/flatcc_assert.h -&gt;
      build/lib.macosx-11.0-arm64-cpython-313/snowflake/connector/nanoarrow_cpp/ArrowIterator/flatcc
      copying src/snowflake/connector/nanoarrow_cpp/ArrowIterator/flatcc/flatcc_builder.h -&gt;
      build/lib.macosx-11.0-arm64-cpython-313/snowflake/connector/nanoarrow_cpp/ArrowIterator/flatcc
      copying src/snowflake/connector/nanoarrow_cpp/ArrowIterator/flatcc/flatcc_emitter.h -&gt;
      build/lib.macosx-11.0-arm64-cpython-313/snowflake/connector/nanoarrow_cpp/ArrowIterator/flatcc
      copying src/snowflake/connector/nanoarrow_cpp/ArrowIterator/flatcc/flatcc_endian.h -&gt;
      build/lib.macosx-11.0-arm64-cpython-313/snowflake/connector/nanoarrow_cpp/ArrowIterator/flatcc
      copying src/snowflake/connector/nanoarrow_cpp/ArrowIterator/flatcc/flatcc_epilogue.h -&gt;
      build/lib.macosx-11.0-arm64-cpython-313/snowflake/connector/nanoarrow_cpp/ArrowIterator/flatcc
      copying src/snowflake/connector/nanoarrow_cpp/ArrowIterator/flatcc/flatcc_flatbuffers.h -&gt;
      build/lib.macosx-11.0-arm64-cpython-313/snowflake/connector/nanoarrow_cpp/ArrowIterator/flatcc
      copying src/snowflake/connector/nanoarrow_cpp/ArrowIterator/flatcc/flatcc_identifier.h -&gt;
      build/lib.macosx-11.0-arm64-cpython-313/snowflake/connector/nanoarrow_cpp/ArrowIterator/flatcc
      copying src/snowflake/connector/nanoarrow_cpp/ArrowIterator/flatcc/flatcc_iov.h -&gt;
      build/lib.macosx-11.0-arm64-cpython-313/snowflake/connector/nanoarrow_cpp/ArrowIterator/flatcc
      copying src/snowflake/connector/nanoarrow_cpp/ArrowIterator/flatcc/flatcc_prologue.h -&gt;
      build/lib.macosx-11.0-arm64-cpython-313/snowflake/connector/nanoarrow_cpp/ArrowIterator/flatcc
      copying src/snowflake/connector/nanoarrow_cpp/ArrowIterator/flatcc/flatcc_refmap.h -&gt;
      build/lib.macosx-11.0-arm64-cpython-313/snowflake/connector/nanoarrow_cpp/ArrowIterator/flatcc
      copying src/snowflake/connector/nanoarrow_cpp/ArrowIterator/flatcc/flatcc_rtconfig.h -&gt;
      build/lib.macosx-11.0-arm64-cpython-313/snowflake/connector/nanoarrow_cpp/ArrowIterator/flatcc
      copying src/snowflake/connector/nanoarrow_cpp/ArrowIterator/flatcc/flatcc_types.h -&gt;
      build/lib.macosx-11.0-arm64-cpython-313/snowflake/connector/nanoarrow_cpp/ArrowIterator/flatcc
      copying src/snowflake/connector/nanoarrow_cpp/ArrowIterator/flatcc/flatcc_verifier.h -&gt;
      build/lib.macosx-11.0-arm64-cpython-313/snowflake/connector/nanoarrow_cpp/ArrowIterator/flatcc
      copying src/snowflake/connector/nanoarrow_cpp/ArrowIterator/flatcc/portable/flatcc_portable.h -&gt;
      build/lib.macosx-11.0-arm64-cpython-313/snowflake/connector/nanoarrow_cpp/ArrowIterator/flatcc/portable
      copying src/snowflake/connector/nanoarrow_cpp/ArrowIterator/flatcc/portable/paligned_alloc.h -&gt;
      build/lib.macosx-11.0-arm64-cpython-313/snowflake/connector/nanoarrow_cpp/ArrowIterator/flatcc/portable
      copying src/snowflake/connector/nanoarrow_cpp/ArrowIterator/flatcc/portable/pattributes.h -&gt;
      build/lib.macosx-11.0-arm64-cpython-313/snowflake/connector/nanoarrow_cpp/ArrowIterator/flatcc/portable
      copying src/snowflake/connector/nanoarrow_cpp/ArrowIterator/flatcc/portable/pdiagnostic.h -&gt;
      build/lib.macosx-11.0-arm64-cpython-313/snowflake/connector/nanoarrow_cpp/ArrowIterator/flatcc/portable
      copying src/snowflake/connector/nanoarrow_cpp/ArrowIterator/flatcc/portable/pdiagnostic_pop.h -&gt;
      build/lib.macosx-11.0-arm64-cpython-313/snowflake/connector/nanoarrow_cpp/ArrowIterator/flatcc/portable
      copying src/snowflake/connector/nanoarrow_cpp/ArrowIterator/flatcc/portable/pdiagnostic_push.h -&gt;
      build/lib.macosx-11.0-arm64-cpython-313/snowflake/connector/nanoarrow_cpp/ArrowIterator/flatcc/portable
      copying src/snowflake/connector/nanoarrow_cpp/ArrowIterator/flatcc/portable/pendian.h -&gt;
      build/lib.macosx-11.0-arm64-cpython-313/snowflake/connector/nanoarrow_cpp/ArrowIterator/flatcc/portable
      copying src/snowflake/connector/nanoarrow_cpp/ArrowIterator/flatcc/portable/pendian_detect.h -&gt;
      build/lib.macosx-11.0-arm64-cpython-313/snowflake/connector/nanoarrow_cpp/ArrowIterator/flatcc/portable
      copying src/snowflake/connector/nanoarrow_cpp/ArrowIterator/flatcc/portable/pinline.h -&gt;
      build/lib.macosx-11.0-arm64-cpython-313/snowflake/connector/nanoarrow_cpp/ArrowIterator/flatcc/portable
      copying src/snowflake/connector/nanoarrow_cpp/ArrowIterator/flatcc/portable/pinttypes.h -&gt;
      build/lib.macosx-11.0-arm64-cpython-313/snowflake/connector/nanoarrow_cpp/ArrowIterator/flatcc/portable
      copying src/snowflake/connector/nanoarrow_cpp/ArrowIterator/flatcc/portable/portable.h -&gt;
      build/lib.macosx-11.0-arm64-cpython-313/snowflake/connector/nanoarrow_cpp/ArrowIterator/flatcc/portable
      copying src/snowflake/connector/nanoarrow_cpp/ArrowIterator/flatcc/portable/portable_basic.h -&gt;
      build/lib.macosx-11.0-arm64-cpython-313/snowflake/connector/nanoarrow_cpp/ArrowIterator/flatcc/portable
      copying src/snowflake/connector/nanoarrow_cpp/ArrowIterator/flatcc/portable/pstatic_assert.h -&gt;
      build/lib.macosx-11.0-arm64-cpython-313/snowflake/connector/nanoarrow_cpp/ArrowIterator/flatcc/portable
      copying src/snowflake/connector/nanoarrow_cpp/ArrowIterator/flatcc/portable/pstdalign.h -&gt;
      build/lib.macosx-11.0-arm64-cpython-313/snowflake/connector/nanoarrow_cpp/ArrowIterator/flatcc/portable
      copying src/snowflake/connector/nanoarrow_cpp/ArrowIterator/flatcc/portable/pstdint.h -&gt;
      build/lib.macosx-11.0-arm64-cpython-313/snowflake/connector/nanoarrow_cpp/ArrowIterator/flatcc/portable
      copying src/snowflake/connector/nanoarrow_cpp/ArrowIterator/flatcc/portable/punaligned.h -&gt;
      build/lib.macosx-11.0-arm64-cpython-313/snowflake/connector/nanoarrow_cpp/ArrowIterator/flatcc/portable
      copying src/snowflake/connector/nanoarrow_cpp/ArrowIterator/flatcc/portable/pversion.h -&gt;
      build/lib.macosx-11.0-arm64-cpython-313/snowflake/connector/nanoarrow_cpp/ArrowIterator/flatcc/portable
      copying src/snowflake/connector/nanoarrow_cpp/ArrowIterator/flatcc/portable/pwarnings.h -&gt;
      build/lib.macosx-11.0-arm64-cpython-313/snowflake/connector/nanoarrow_cpp/ArrowIterator/flatcc/portable
      copying src/snowflake/connector/vendored/requests/LICENSE -&gt;
      build/lib.macosx-11.0-arm64-cpython-313/snowflake/connector/vendored/requests
      copying src/snowflake/connector/vendored/urllib3/LICENSE.txt -&gt;
      build/lib.macosx-11.0-arm64-cpython-313/snowflake/connector/vendored/urllib3
      running build_ext
      building 'snowflake.connector.nanoarrow_arrow_iterator' extension
      c++ -fno-strict-overflow -Wsign-compare -Wunreachable-code -DNDEBUG -g -O3 -Wall -arch arm64
      -mmacosx-version-min=11.0 -Wno-nullability-completeness -Wno-expansion-to-defined -Wno-undef-prefix -fPIC
      -Isrc/snowflake/connector/nanoarrow_cpp/ArrowIterator -Isrc/snowflake/connector/nanoarrow_cpp/ArrowIterator
      -Isrc/snowflake/connector/nanoarrow_cpp/Logging -I/Users/nathandrezner/.cache/uv/builds-v0/.tmpHdJnUp/include
      -I/Users/nathandrezner/.local/share/uv/python/cpython-3.13.1-macos-aarch64-none/include/python3.13
      -c src/snowflake/connector/nanoarrow_cpp/ArrowIterator/ArrayConverter.cpp -o
      build/temp.macosx-11.0-arm64-cpython-313/src/snowflake/connector/nanoarrow_cpp/ArrowIterator/ArrayConverter.o
      -std=c++17 -D_GLIBCXX_USE_CXX11_ABI=0 -mmacosx-version-min=10.13
      c++ -fno-strict-overflow -Wsign-compare -Wunreachable-code -DNDEBUG -g -O3 -Wall -arch arm64
      -mmacosx-version-min=11.0 -Wno-nullability-completeness -Wno-expansion-to-defined -Wno-undef-prefix -fPIC
      -Isrc/snowflake/connector/nanoarrow_cpp/ArrowIterator -Isrc/snowflake/connector/nanoarrow_cpp/ArrowIterator
      -Isrc/snowflake/connector/nanoarrow_cpp/Logging -I/Users/nathandrezner/.cache/uv/builds-v0/.tmpHdJnUp/include
      -I/Users/nathandrezner/.local/share/uv/python/cpython-3.13.1-macos-aarch64-none/include/python3.13
      -c src/snowflake/connector/nanoarrow_cpp/ArrowIterator/BinaryConverter.cpp -o
      build/temp.macosx-11.0-arm64-cpython-313/src/snowflake/connector/nanoarrow_cpp/ArrowIterator/BinaryConverter.o
      -std=c++17 -D_GLIBCXX_USE_CXX11_ABI=0 -mmacosx-version-min=10.13
      c++ -fno-strict-overflow -Wsign-compare -Wunreachable-code -DNDEBUG -g -O3 -Wall -arch arm64
      -mmacosx-version-min=11.0 -Wno-nullability-completeness -Wno-expansion-to-defined -Wno-undef-prefix -fPIC
      -Isrc/snowflake/connector/nanoarrow_cpp/ArrowIterator -Isrc/snowflake/connector/nanoarrow_cpp/ArrowIterator
      -Isrc/snowflake/connector/nanoarrow_cpp/Logging -I/Users/nathandrezner/.cache/uv/builds-v0/.tmpHdJnUp/include
      -I/Users/nathandrezner/.local/share/uv/python/cpython-3.13.1-macos-aarch64-none/include/python3.13
      -c src/snowflake/connector/nanoarrow_cpp/ArrowIterator/BooleanConverter.cpp -o
      build/temp.macosx-11.0-arm64-cpython-313/src/snowflake/connector/nanoarrow_cpp/ArrowIterator/BooleanConverter.o
      -std=c++17 -D_GLIBCXX_USE_CXX11_ABI=0 -mmacosx-version-min=10.13
      c++ -fno-strict-overflow -Wsign-compare -Wunreachable-code -DNDEBUG -g -O3 -Wall -arch arm64
      -mmacosx-version-min=11.0 -Wno-nullability-completeness -Wno-expansion-to-defined -Wno-undef-prefix -fPIC
      -Isrc/snowflake/connector/nanoarrow_cpp/ArrowIterator -Isrc/snowflake/connector/nanoarrow_cpp/ArrowIterator
      -Isrc/snowflake/connector/nanoarrow_cpp/Logging -I/Users/nathandrezner/.cache/uv/builds-v0/.tmpHdJnUp/include
      -I/Users/nathandrezner/.local/share/uv/python/cpython-3.13.1-macos-aarch64-none/include/python3.13
      -c src/snowflake/connector/nanoarrow_cpp/ArrowIterator/CArrowChunkIterator.cpp -o
      build/temp.macosx-11.0-arm64-cpython-313/src/snowflake/connector/nanoarrow_cpp/ArrowIterator/CArrowChunkIterator.o
      -std=c++17 -D_GLIBCXX_USE_CXX11_ABI=0 -mmacosx-version-min=10.13
      c++ -fno-strict-overflow -Wsign-compare -Wunreachable-code -DNDEBUG -g -O3 -Wall -arch arm64
      -mmacosx-version-min=11.0 -Wno-nullability-completeness -Wno-expansion-to-defined -Wno-undef-prefix -fPIC
      -Isrc/snowflake/connector/nanoarrow_cpp/ArrowIterator -Isrc/snowflake/connector/nanoarrow_cpp/ArrowIterator
      -Isrc/snowflake/connector/nanoarrow_cpp/Logging -I/Users/nathandrezner/.cache/uv/builds-v0/.tmpHdJnUp/include
      -I/Users/nathandrezner/.local/share/uv/python/cpython-3.13.1-macos-aarch64-none/include/python3.13
      -c src/snowflake/connector/nanoarrow_cpp/ArrowIterator/CArrowIterator.cpp -o
      build/temp.macosx-11.0-arm64-cpython-313/src/snowflake/connector/nanoarrow_cpp/ArrowIterator/CArrowIterator.o
      -std=c++17 -D_GLIBCXX_USE_CXX11_ABI=0 -mmacosx-version-min=10.13
      c++ -fno-strict-overflow -Wsign-compare -Wunreachable-code -DNDEBUG -g -O3 -Wall -arch arm64
      -mmacosx-version-min=11.0 -Wno-nullability-completeness -Wno-expansion-to-defined -Wno-undef-prefix -fPIC
      -Isrc/snowflake/connector/nanoarrow_cpp/ArrowIterator -Isrc/snowflake/connector/nanoarrow_cpp/ArrowIterator
      -Isrc/snowflake/connector/nanoarrow_cpp/Logging -I/Users/nathandrezner/.cache/uv/builds-v0/.tmpHdJnUp/include
      -I/Users/nathandrezner/.local/share/uv/python/cpython-3.13.1-macos-aarch64-none/include/python3.13
      -c src/snowflake/connector/nanoarrow_cpp/ArrowIterator/CArrowTableIterator.cpp -o
      build/temp.macosx-11.0-arm64-cpython-313/src/snowflake/connector/nanoarrow_cpp/ArrowIterator/CArrowTableIterator.o
      -std=c++17 -D_GLIBCXX_USE_CXX11_ABI=0 -mmacosx-version-min=10.13
      c++ -fno-strict-overflow -Wsign-compare -Wunreachable-code -DNDEBUG -g -O3 -Wall -arch arm64
      -mmacosx-version-min=11.0 -Wno-nullability-completeness -Wno-expansion-to-defined -Wno-undef-prefix -fPIC
      -Isrc/snowflake/connector/nanoarrow_cpp/ArrowIterator -Isrc/snowflake/connector/nanoarrow_cpp/ArrowIterator
      -Isrc/snowflake/connector/nanoarrow_cpp/Logging -I/Users/nathandrezner/.cache/uv/builds-v0/.tmpHdJnUp/include
      -I/Users/nathandrezner/.local/share/uv/python/cpython-3.13.1-macos-aarch64-none/include/python3.13
      -c src/snowflake/connector/nanoarrow_cpp/ArrowIterator/DateConverter.cpp -o
      build/temp.macosx-11.0-arm64-cpython-313/src/snowflake/connector/nanoarrow_cpp/ArrowIterator/DateConverter.o
      -std=c++17 -D_GLIBCXX_USE_CXX11_ABI=0 -mmacosx-version-min=10.13
      c++ -fno-strict-overflow -Wsign-compare -Wunreachable-code -DNDEBUG -g -O3 -Wall -arch arm64
      -mmacosx-version-min=11.0 -Wno-nullability-completeness -Wno-expansion-to-defined -Wno-undef-prefix -fPIC
      -Isrc/snowflake/connector/nanoarrow_cpp/ArrowIterator -Isrc/snowflake/connector/nanoarrow_cpp/ArrowIterator
      -Isrc/snowflake/connector/nanoarrow_cpp/Logging -I/Users/nathandrezner/.cache/uv/builds-v0/.tmpHdJnUp/include
      -I/Users/nathandrezner/.local/share/uv/python/cpython-3.13.1-macos-aarch64-none/include/python3.13
      -c src/snowflake/connector/nanoarrow_cpp/ArrowIterator/DecimalConverter.cpp -o
      build/temp.macosx-11.0-arm64-cpython-313/src/snowflake/connector/nanoarrow_cpp/ArrowIterator/DecimalConverter.o
      -std=c++17 -D_GLIBCXX_USE_CXX11_ABI=0 -mmacosx-version-min=10.13
      c++ -fno-strict-overflow -Wsign-compare -Wunreachable-code -DNDEBUG -g -O3 -Wall -arch arm64
      -mmacosx-version-min=11.0 -Wno-nullability-completeness -Wno-expansion-to-defined -Wno-undef-prefix -fPIC
      -Isrc/snowflake/connector/nanoarrow_cpp/ArrowIterator -Isrc/snowflake/connector/nanoarrow_cpp/ArrowIterator
      -Isrc/snowflake/connector/nanoarrow_cpp/Logging -I/Users/nathandrezner/.cache/uv/builds-v0/.tmpHdJnUp/include
      -I/Users/nathandrezner/.local/share/uv/python/cpython-3.13.1-macos-aarch64-none/include/python3.13
      -c src/snowflake/connector/nanoarrow_cpp/ArrowIterator/FixedSizeListConverter.cpp -o
      build/temp.macosx-11.0-arm64-cpython-313/src/snowflake/connector/nanoarrow_cpp/ArrowIterator/FixedSizeListConverter.o
      -std=c++17 -D_GLIBCXX_USE_CXX11_ABI=0 -mmacosx-version-min=10.13

      [stderr]
      warning: no files found matching '*.rst'
      warning: no previously-included files found matching
      'src/snowflake/connector/nanoarrow_cpp/scripts/.clang-format'
      warning: no previously-included files found matching
      'src/snowflake/connector/nanoarrow_cpp/scripts/format.sh'
      warning: no previously-included files found matching '.git-blame-ignore-revs'
      warning: no previously-included files found matching '.pre-commit-config.yaml'
      warning: no previously-included files found matching 'license_header.txt'
      warning: no previously-included files found matching 'tox.ini'
      warning: no previously-included files found matching 'mypy.ini'
      warning: no previously-included files found matching '.clang-format'
      no previously-included directories found matching 'ci'
      no previously-included directories found matching 'benchmark'
      no previously-included directories found matching 'test'
      no previously-included directories found matching 'tested_requirements'
      no previously-included directories found matching 'src/snowflake/connector/nanoarrow_cpp/scripts'
      no previously-included directories found matching '__pycache__'
      no previously-included directories found matching 'samples'
      In file included from src/snowflake/connector/nanoarrow_cpp/ArrowIterator/DecimalConverter.cpp:5:
      src/snowflake/connector/nanoarrow_cpp/ArrowIterator/DecimalConverter.hpp:51:7: warning: private field
      'm_precision' is not used [-Wunused-private-field]
         51 |   int m_precision;  // looks like the precision here is not useful, and this
            |       ^
      src/snowflake/connector/nanoarrow_cpp/ArrowIterator/DecimalConverter.hpp:67:7: warning: private field
      'm_precision' is not used [-Wunused-private-field]
         67 |   int m_precision;
            |       ^
      2 warnings generated.
      clang++: error: no such file or directory:
      'src/snowflake/connector/nanoarrow_cpp/ArrowIterator/FixedSizeListConverter.cpp'
      clang++: error: no input files
      error: command '/usr/bin/c++' failed with exit code 1

      hint: This usually indicates a problem with the package or the build environment.
(test) ➜  test 
</code></pre>
</details>

<hr />
<p>The issue is something to do with my cache as when I cleared the cache or ran with <code>-n</code> the package installed correctly. <code>snowflake-connector-python==3.12.3</code> worked with no issues using the cache.</p>
<p>Unfortunately I've cleared my cache so I'm not sure how to reproduce this from a clean environment, but wanted to log the issue nonetheless. If the information here isn't sufficient feel free to close this ticket.</p>
<p>MacOS 15.2 with M1 Pro running using <code>zsh</code>.</p>
</div>
        </div>
        <div class="timeline-entry">
            <div class="timeline-header">Comment by <a href="https://github.com/charliermarsh">@charliermarsh</a> on 2025-01-20 15:11</div>
            <div class="timeline-body"><p>Unfortunately this builds fine for me on my M3:</p>
<pre><code>❯ uv pip install --python 3.13 snowflake-connector-python==3.12.3
Resolved 19 packages in 79ms
   Built snowflake-connector-python==3.12.3
Prepared 5 packages in 7.68s
Installed 19 packages in 88ms
 + asn1crypto==1.5.1
 + certifi==2024.12.14
 + cffi==1.17.1
 + charset-normalizer==3.4.1
 + cryptography==44.0.0
 + filelock==3.16.1
 + idna==3.10
 + packaging==24.2
 + platformdirs==4.3.6
 + pycparser==2.22
 + pyjwt==2.10.1
 + pyopenssl==24.3.0
 + pytz==2024.2
 + requests==2.32.3
 + snowflake-connector-python==3.12.3
 + sortedcontainers==2.4.0
 + tomlkit==0.13.2
 + typing-extensions==4.12.2
 + urllib3==2.3.0
</code></pre>
</div>
        </div>
        <div class="timeline-entry">
            <div class="event">Label <span class="label">needs-mre</span> added by @charliermarsh on 2025-01-20 15:12</div>
        </div>
        <div class="timeline-entry">
            <div class="timeline-header">Comment by <a href="https://github.com/ndrezn">@ndrezn</a> on 2025-01-20 15:15</div>
            <div class="timeline-body"><p>After running <code>uv cache clear</code> I was able to install correctly, but unfortunately (or fortunately) I'm also now unable to reproduce. It think my cache must have entered a bad state somehow but I'm not sure how to get it back there. It may be worth closing this as not planned but I wanted to share the trace in case anyone else experiences this.</p>
</div>
        </div>
        <div class="timeline-entry">
            <div class="timeline-header">Comment by <a href="https://github.com/charliermarsh">@charliermarsh</a> on 2025-01-20 15:15</div>
            <div class="timeline-body"><p>Okay, no problem, thanks for filing!</p>
</div>
        </div>
        <div class="timeline-entry">
            <div class="event">Closed by @charliermarsh on 2025-01-20 15:15</div>
        </div>
    </div>

    <footer>
        Synced at 2026-01-09 23:28:25 UTC
    </footer>
</body>
</html>
