<!DOCTYPE html>
<html lang="en">
<head>
    <meta charset="UTF-8">
    <meta name="viewport" content="width=device-width, initial-scale=1.0">
    <title>cannot install codecov-cli with uv - astral-sh/uv #11253</title>
    <link rel="stylesheet" href="../../../style.css">
</head>
<body>
    <div class="back-link">
        <a href="../../../index.html">Back to index</a>
    </div>

    <h1>cannot install codecov-cli with uv</h1>

    <div class="meta">
        <span class="state-icon state-closed"></span>
        <a href="https://github.com/astral-sh/uv/issues/11253">#11253</a>
        opened by <a href="https://github.com/superlopuh">@superlopuh</a>
        on 2025-02-05 17:41
    </div>

    <div class="timeline">
        <div class="timeline-entry">
            <div class="timeline-header">Issue opened by <a href="https://github.com/superlopuh">@superlopuh</a> on 2025-02-05 17:41</div>
            <div class="timeline-body"><h3>Summary</h3>
<p>I initially thought it was a bug on their end, but <code>pip install codecov-cli</code> works, and <code>uv pip install codecov-cli</code> doesn't on my machine.</p>
<pre><code>Resolved 22 packages in 6ms
  × Failed to build `codecov-cli==10.0.1`
  ├─▶ The build backend returned an error
  ╰─▶ Call to `setuptools.build_meta:__legacy__.build_wheel` failed (exit status: 1)

      [stdout]
      running bdist_wheel
      running build
      running build_py
      copying codecov_cli/__init__.py -&gt; build/lib.macosx-11.0-arm64-cpython-312/codecov_cli
      copying codecov_cli/opentelemetry.py -&gt; build/lib.macosx-11.0-arm64-cpython-312/codecov_cli
      copying codecov_cli/types.py -&gt; build/lib.macosx-11.0-arm64-cpython-312/codecov_cli
      copying codecov_cli/fallbacks.py -&gt; build/lib.macosx-11.0-arm64-cpython-312/codecov_cli
      copying codecov_cli/main.py -&gt; build/lib.macosx-11.0-arm64-cpython-312/codecov_cli
      copying codecov_cli/plugins/xcode.py -&gt; build/lib.macosx-11.0-arm64-cpython-312/codecov_cli/plugins
      copying codecov_cli/plugins/compress_pycoverage_contexts.py -&gt; build/lib.macosx-11.0-arm64-cpython-312/codecov_cli/plugins
      copying codecov_cli/plugins/__init__.py -&gt; build/lib.macosx-11.0-arm64-cpython-312/codecov_cli/plugins
      copying codecov_cli/plugins/types.py -&gt; build/lib.macosx-11.0-arm64-cpython-312/codecov_cli/plugins
      copying codecov_cli/plugins/pycoverage.py -&gt; build/lib.macosx-11.0-arm64-cpython-312/codecov_cli/plugins
      copying codecov_cli/plugins/gcov.py -&gt; build/lib.macosx-11.0-arm64-cpython-312/codecov_cli/plugins
      copying codecov_cli/runners/__init__.py -&gt; build/lib.macosx-11.0-arm64-cpython-312/codecov_cli/runners
      copying codecov_cli/runners/types.py -&gt; build/lib.macosx-11.0-arm64-cpython-312/codecov_cli/runners
      copying codecov_cli/runners/dan_runner.py -&gt; build/lib.macosx-11.0-arm64-cpython-312/codecov_cli/runners
      copying codecov_cli/runners/pytest_standard_runner.py -&gt; build/lib.macosx-11.0-arm64-cpython-312/codecov_cli/runners
      copying codecov_cli/commands/create_report_result.py -&gt; build/lib.macosx-11.0-arm64-cpython-312/codecov_cli/commands
      copying codecov_cli/commands/process_test_results.py -&gt; build/lib.macosx-11.0-arm64-cpython-312/codecov_cli/commands
      copying codecov_cli/commands/base_picking.py -&gt; build/lib.macosx-11.0-arm64-cpython-312/codecov_cli/commands
      copying codecov_cli/commands/upload.py -&gt; build/lib.macosx-11.0-arm64-cpython-312/codecov_cli/commands
      copying codecov_cli/commands/upload_process.py -&gt; build/lib.macosx-11.0-arm64-cpython-312/codecov_cli/commands
      copying codecov_cli/commands/commit.py -&gt; build/lib.macosx-11.0-arm64-cpython-312/codecov_cli/commands
      copying codecov_cli/commands/__init__.py -&gt; build/lib.macosx-11.0-arm64-cpython-312/codecov_cli/commands
      copying codecov_cli/commands/staticanalysis.py -&gt; build/lib.macosx-11.0-arm64-cpython-312/codecov_cli/commands
      copying codecov_cli/commands/labelanalysis.py -&gt; build/lib.macosx-11.0-arm64-cpython-312/codecov_cli/commands
      copying codecov_cli/commands/get_report_results.py -&gt; build/lib.macosx-11.0-arm64-cpython-312/codecov_cli/commands
      copying codecov_cli/commands/empty_upload.py -&gt; build/lib.macosx-11.0-arm64-cpython-312/codecov_cli/commands
      copying codecov_cli/commands/report.py -&gt; build/lib.macosx-11.0-arm64-cpython-312/codecov_cli/commands
      copying codecov_cli/commands/send_notifications.py -&gt; build/lib.macosx-11.0-arm64-cpython-312/codecov_cli/commands
      copying codecov_cli/commands/upload_coverage.py -&gt; build/lib.macosx-11.0-arm64-cpython-312/codecov_cli/commands
      copying codecov_cli/helpers/options.py -&gt; build/lib.macosx-11.0-arm64-cpython-312/codecov_cli/helpers
      copying codecov_cli/helpers/git.py -&gt; build/lib.macosx-11.0-arm64-cpython-312/codecov_cli/helpers
      copying codecov_cli/helpers/config.py -&gt; build/lib.macosx-11.0-arm64-cpython-312/codecov_cli/helpers
      copying codecov_cli/helpers/versioning_systems.py -&gt; build/lib.macosx-11.0-arm64-cpython-312/codecov_cli/helpers
      copying codecov_cli/helpers/validators.py -&gt; build/lib.macosx-11.0-arm64-cpython-312/codecov_cli/helpers
      copying codecov_cli/helpers/request.py -&gt; build/lib.macosx-11.0-arm64-cpython-312/codecov_cli/helpers
      copying codecov_cli/helpers/__init__.py -&gt; build/lib.macosx-11.0-arm64-cpython-312/codecov_cli/helpers
      copying codecov_cli/helpers/encoder.py -&gt; build/lib.macosx-11.0-arm64-cpython-312/codecov_cli/helpers
      copying codecov_cli/helpers/folder_searcher.py -&gt; build/lib.macosx-11.0-arm64-cpython-312/codecov_cli/helpers
      copying codecov_cli/helpers/args.py -&gt; build/lib.macosx-11.0-arm64-cpython-312/codecov_cli/helpers
      copying codecov_cli/helpers/logging_utils.py -&gt; build/lib.macosx-11.0-arm64-cpython-312/codecov_cli/helpers
      copying codecov_cli/services/__init__.py -&gt; build/lib.macosx-11.0-arm64-cpython-312/codecov_cli/services
      copying codecov_cli/helpers/git_services/__init__.py -&gt; build/lib.macosx-11.0-arm64-cpython-312/codecov_cli/helpers/git_services
      copying codecov_cli/helpers/git_services/github.py -&gt; build/lib.macosx-11.0-arm64-cpython-312/codecov_cli/helpers/git_services
      copying codecov_cli/helpers/ci_adapters/gitlab_ci.py -&gt; build/lib.macosx-11.0-arm64-cpython-312/codecov_cli/helpers/ci_adapters
      copying codecov_cli/helpers/ci_adapters/local.py -&gt; build/lib.macosx-11.0-arm64-cpython-312/codecov_cli/helpers/ci_adapters
      copying codecov_cli/helpers/ci_adapters/cloudbuild.py -&gt; build/lib.macosx-11.0-arm64-cpython-312/codecov_cli/helpers/ci_adapters
      copying codecov_cli/helpers/ci_adapters/cirrus_ci.py -&gt; build/lib.macosx-11.0-arm64-cpython-312/codecov_cli/helpers/ci_adapters
      copying codecov_cli/helpers/ci_adapters/azure_pipelines.py -&gt; build/lib.macosx-11.0-arm64-cpython-312/codecov_cli/helpers/ci_adapters
      copying codecov_cli/helpers/ci_adapters/__init__.py -&gt; build/lib.macosx-11.0-arm64-cpython-312/codecov_cli/helpers/ci_adapters
      copying codecov_cli/helpers/ci_adapters/github_actions.py -&gt; build/lib.macosx-11.0-arm64-cpython-312/codecov_cli/helpers/ci_adapters
      copying codecov_cli/helpers/ci_adapters/bitbucket_ci.py -&gt; build/lib.macosx-11.0-arm64-cpython-312/codecov_cli/helpers/ci_adapters
      copying codecov_cli/helpers/ci_adapters/codebuild.py -&gt; build/lib.macosx-11.0-arm64-cpython-312/codecov_cli/helpers/ci_adapters
      copying codecov_cli/helpers/ci_adapters/teamcity.py -&gt; build/lib.macosx-11.0-arm64-cpython-312/codecov_cli/helpers/ci_adapters
      copying codecov_cli/helpers/ci_adapters/woodpeckerci.py -&gt; build/lib.macosx-11.0-arm64-cpython-312/codecov_cli/helpers/ci_adapters
      copying codecov_cli/helpers/ci_adapters/heroku.py -&gt; build/lib.macosx-11.0-arm64-cpython-312/codecov_cli/helpers/ci_adapters
      copying codecov_cli/helpers/ci_adapters/jenkins.py -&gt; build/lib.macosx-11.0-arm64-cpython-312/codecov_cli/helpers/ci_adapters
      copying codecov_cli/helpers/ci_adapters/bitrise_ci.py -&gt; build/lib.macosx-11.0-arm64-cpython-312/codecov_cli/helpers/ci_adapters
      copying codecov_cli/helpers/ci_adapters/buildkite.py -&gt; build/lib.macosx-11.0-arm64-cpython-312/codecov_cli/helpers/ci_adapters
      copying codecov_cli/helpers/ci_adapters/droneci.py -&gt; build/lib.macosx-11.0-arm64-cpython-312/codecov_cli/helpers/ci_adapters
      copying codecov_cli/helpers/ci_adapters/circleci.py -&gt; build/lib.macosx-11.0-arm64-cpython-312/codecov_cli/helpers/ci_adapters
      copying codecov_cli/helpers/ci_adapters/appveyor_ci.py -&gt; build/lib.macosx-11.0-arm64-cpython-312/codecov_cli/helpers/ci_adapters
      copying codecov_cli/helpers/ci_adapters/travis_ci.py -&gt; build/lib.macosx-11.0-arm64-cpython-312/codecov_cli/helpers/ci_adapters
      copying codecov_cli/helpers/ci_adapters/base.py -&gt; build/lib.macosx-11.0-arm64-cpython-312/codecov_cli/helpers/ci_adapters
      copying codecov_cli/services/commit/base_picking.py -&gt; build/lib.macosx-11.0-arm64-cpython-312/codecov_cli/services/commit
      copying codecov_cli/services/commit/__init__.py -&gt; build/lib.macosx-11.0-arm64-cpython-312/codecov_cli/services/commit
      copying codecov_cli/services/empty_upload/__init__.py -&gt; build/lib.macosx-11.0-arm64-cpython-312/codecov_cli/services/empty_upload
      copying codecov_cli/services/upload_completion/__init__.py -&gt; build/lib.macosx-11.0-arm64-cpython-312/codecov_cli/services/upload_completion
      copying codecov_cli/services/upload_coverage/__init__.py -&gt; build/lib.macosx-11.0-arm64-cpython-312/codecov_cli/services/upload_coverage
      copying codecov_cli/services/staticanalysis/finders.py -&gt; build/lib.macosx-11.0-arm64-cpython-312/codecov_cli/services/staticanalysis
      copying codecov_cli/services/staticanalysis/__init__.py -&gt; build/lib.macosx-11.0-arm64-cpython-312/codecov_cli/services/staticanalysis
      copying codecov_cli/services/staticanalysis/types.py -&gt; build/lib.macosx-11.0-arm64-cpython-312/codecov_cli/services/staticanalysis
      copying codecov_cli/services/staticanalysis/exceptions.py -&gt; build/lib.macosx-11.0-arm64-cpython-312/codecov_cli/services/staticanalysis
      copying codecov_cli/services/report/__init__.py -&gt; build/lib.macosx-11.0-arm64-cpython-312/codecov_cli/services/report
      copying codecov_cli/services/upload/upload_sender.py -&gt; build/lib.macosx-11.0-arm64-cpython-312/codecov_cli/services/upload
      copying codecov_cli/services/upload/__init__.py -&gt; build/lib.macosx-11.0-arm64-cpython-312/codecov_cli/services/upload
      copying codecov_cli/services/upload/upload_collector.py -&gt; build/lib.macosx-11.0-arm64-cpython-312/codecov_cli/services/upload
      copying codecov_cli/services/upload/network_finder.py -&gt; build/lib.macosx-11.0-arm64-cpython-312/codecov_cli/services/upload
      copying codecov_cli/services/upload/legacy_upload_sender.py -&gt; build/lib.macosx-11.0-arm64-cpython-312/codecov_cli/services/upload
      copying codecov_cli/services/upload/file_finder.py -&gt; build/lib.macosx-11.0-arm64-cpython-312/codecov_cli/services/upload
      copying codecov_cli/services/staticanalysis/analyzers/__init__.py -&gt;
      build/lib.macosx-11.0-arm64-cpython-312/codecov_cli/services/staticanalysis/analyzers
      copying codecov_cli/services/staticanalysis/analyzers/general.py -&gt;
      build/lib.macosx-11.0-arm64-cpython-312/codecov_cli/services/staticanalysis/analyzers
      copying codecov_cli/services/staticanalysis/analyzers/python/node_wrappers.py -&gt;
      build/lib.macosx-11.0-arm64-cpython-312/codecov_cli/services/staticanalysis/analyzers/python
      copying codecov_cli/services/staticanalysis/analyzers/python/__init__.py -&gt;
      build/lib.macosx-11.0-arm64-cpython-312/codecov_cli/services/staticanalysis/analyzers/python
      copying codecov_cli/services/staticanalysis/analyzers/javascript_es6/node_wrappers.py -&gt;
      build/lib.macosx-11.0-arm64-cpython-312/codecov_cli/services/staticanalysis/analyzers/javascript_es6
      copying codecov_cli/services/staticanalysis/analyzers/javascript_es6/__init__.py -&gt;
      build/lib.macosx-11.0-arm64-cpython-312/codecov_cli/services/staticanalysis/analyzers/javascript_es6
      running build_ext
      building 'staticcodecov_languages' extension
      clang -fno-strict-overflow -Wsign-compare -Wunreachable-code -DNDEBUG -g -O3 -Wall -arch arm64 -mmacosx-version-min=11.0
      -Wno-nullability-completeness -Wno-expansion-to-defined -Wno-undef-prefix -fPIC -Werror=unguarded-availability-new
      -I/opt/homebrew/opt/llvm/include -Ilanguages/treesitterpython/src -Ilanguages/treesitterjavascript/src
      -Ilanguages/treesitterjavascript/src/tree_sitter -Ilanguages/treesitterpython/src/tree_sitter
      -I/Users/sasha/.cache/uv/builds-v0/.tmpikmw8h/include -I/Users/sasha/.local/share/uv/python/cpython-3.12.7-macos-aarch64-none/include/python3.12
      -c languages/languages.c -o build/temp.macosx-11.0-arm64-cpython-312/languages/languages.o -Wno-unused-variable
      clang -fno-strict-overflow -Wsign-compare -Wunreachable-code -DNDEBUG -g -O3 -Wall -arch arm64 -mmacosx-version-min=11.0
      -Wno-nullability-completeness -Wno-expansion-to-defined -Wno-undef-prefix -fPIC -Werror=unguarded-availability-new
      -I/opt/homebrew/opt/llvm/include -Ilanguages/treesitterpython/src -Ilanguages/treesitterjavascript/src
      -Ilanguages/treesitterjavascript/src/tree_sitter -Ilanguages/treesitterpython/src/tree_sitter
      -I/Users/sasha/.cache/uv/builds-v0/.tmpikmw8h/include -I/Users/sasha/.local/share/uv/python/cpython-3.12.7-macos-aarch64-none/include/python3.12
      -c languages/treesitterjavascript/src/parser.c -o build/temp.macosx-11.0-arm64-cpython-312/languages/treesitterjavascript/src/parser.o
      -Wno-unused-variable
      clang -fno-strict-overflow -Wsign-compare -Wunreachable-code -DNDEBUG -g -O3 -Wall -arch arm64 -mmacosx-version-min=11.0
      -Wno-nullability-completeness -Wno-expansion-to-defined -Wno-undef-prefix -fPIC -Werror=unguarded-availability-new
      -I/opt/homebrew/opt/llvm/include -Ilanguages/treesitterpython/src -Ilanguages/treesitterjavascript/src
      -Ilanguages/treesitterjavascript/src/tree_sitter -Ilanguages/treesitterpython/src/tree_sitter
      -I/Users/sasha/.cache/uv/builds-v0/.tmpikmw8h/include -I/Users/sasha/.local/share/uv/python/cpython-3.12.7-macos-aarch64-none/include/python3.12
      -c languages/treesitterjavascript/src/scanner.c -o build/temp.macosx-11.0-arm64-cpython-312/languages/treesitterjavascript/src/scanner.o
      -Wno-unused-variable
      clang -fno-strict-overflow -Wsign-compare -Wunreachable-code -DNDEBUG -g -O3 -Wall -arch arm64 -mmacosx-version-min=11.0
      -Wno-nullability-completeness -Wno-expansion-to-defined -Wno-undef-prefix -fPIC -Werror=unguarded-availability-new
      -I/opt/homebrew/opt/llvm/include -Ilanguages/treesitterpython/src -Ilanguages/treesitterjavascript/src
      -Ilanguages/treesitterjavascript/src/tree_sitter -Ilanguages/treesitterpython/src/tree_sitter
      -I/Users/sasha/.cache/uv/builds-v0/.tmpikmw8h/include -I/Users/sasha/.local/share/uv/python/cpython-3.12.7-macos-aarch64-none/include/python3.12
      -c languages/treesitterpython/src/parser.c -o build/temp.macosx-11.0-arm64-cpython-312/languages/treesitterpython/src/parser.o
      -Wno-unused-variable
      clang++ -fno-strict-overflow -Wsign-compare -Wunreachable-code -DNDEBUG -g -O3 -Wall -arch arm64 -mmacosx-version-min=11.0
      -Wno-nullability-completeness -Wno-expansion-to-defined -Wno-undef-prefix -fPIC -Werror=unguarded-availability-new
      -I/opt/homebrew/opt/llvm/include -Ilanguages/treesitterpython/src -Ilanguages/treesitterjavascript/src
      -Ilanguages/treesitterjavascript/src/tree_sitter -Ilanguages/treesitterpython/src/tree_sitter
      -I/Users/sasha/.cache/uv/builds-v0/.tmpikmw8h/include -I/Users/sasha/.local/share/uv/python/cpython-3.12.7-macos-aarch64-none/include/python3.12
      -c languages/treesitterpython/src/scanner.cc -o build/temp.macosx-11.0-arm64-cpython-312/languages/treesitterpython/src/scanner.o
      -Wno-unused-variable
      clang++ -fno-strict-overflow -Wsign-compare -Wunreachable-code -DNDEBUG -g -O3 -Wall -arch arm64 -mmacosx-version-min=11.0
      -Wno-nullability-completeness -Wno-expansion-to-defined -Wno-undef-prefix -fPIC -Werror=unguarded-availability-new
      -I/opt/homebrew/opt/llvm/include -bundle -undefined dynamic_lookup -arch arm64 -mmacosx-version-min=11.0 -isysroot
      /Applications/Xcode_15.2.app/Contents/Developer/Platforms/MacOSX.platform/Developer/SDKs/MacOSX14.2.sdk -LModules/_hacl
      -L/opt/homebrew/opt/llvm/lib -I/opt/homebrew/opt/llvm/include build/temp.macosx-11.0-arm64-cpython-312/languages/languages.o
      build/temp.macosx-11.0-arm64-cpython-312/languages/treesitterjavascript/src/parser.o
      build/temp.macosx-11.0-arm64-cpython-312/languages/treesitterjavascript/src/scanner.o
      build/temp.macosx-11.0-arm64-cpython-312/languages/treesitterpython/src/parser.o
      build/temp.macosx-11.0-arm64-cpython-312/languages/treesitterpython/src/scanner.o -L/install/lib -o
      build/lib.macosx-11.0-arm64-cpython-312/staticcodecov_languages.cpython-312-darwin.so

      [stderr]
      languages/languages.c:6:3: warning: suggest braces around initialization of subobject [-Wmissing-braces]
          6 |   NULL
            |   ^~~~
            |   {   }
      /Library/Developer/CommandLineTools/SDKs/MacOSX15.sdk/usr/include/sys/_types/_null.h:49:15: note: expanded from macro 'NULL'
         49 | #define NULL  __DARWIN_NULL
            |               ^~~~~~~~~~~~~
      /Library/Developer/CommandLineTools/SDKs/MacOSX15.sdk/usr/include/sys/_types.h:64:23: note: expanded from macro '__DARWIN_NULL'
         64 | #define __DARWIN_NULL ((void *)0)
            |                       ^~~~~~~~~~~
      1 warning generated.
      languages/treesitterjavascript/src/parser.c:3852:3: warning: variable 'eof' set but not used [-Wunused-but-set-variable]
       3852 |   START_LEXER();
            |   ^
      languages/treesitterpython/src/tree_sitter/parser.h:136:8: note: expanded from macro 'START_LEXER'
        136 |   bool eof = false;             \
            |        ^
      1 warning generated.
      languages/treesitterpython/src/parser.c:5049:3: warning: variable 'eof' set but not used [-Wunused-but-set-variable]
       5049 |   START_LEXER();
            |   ^
      languages/treesitterpython/src/tree_sitter/parser.h:136:8: note: expanded from macro 'START_LEXER'
        136 |   bool eof = false;             \
            |        ^
      1 warning generated.
      Compiling with an SDK that doesn't seem to exist:
      /Applications/Xcode_15.2.app/Contents/Developer/Platforms/MacOSX.platform/Developer/SDKs/MacOSX14.2.sdk
      Please check your Xcode installation
      clang++: warning: no such sysroot directory:
      '/Applications/Xcode_15.2.app/Contents/Developer/Platforms/MacOSX.platform/Developer/SDKs/MacOSX14.2.sdk' [-Wmissing-sysroot]
      ld: warning: search path 'Modules/_hacl' not found
      ld: warning: search path '/install/lib' not found
      ld: library 'c++' not found
      clang++: error: linker command failed with exit code 1 (use -v to see invocation)
      error: command '/opt/homebrew/opt/llvm/bin/clang++' failed with exit code 1

      hint: This usually indicates a problem with the package or the build environment.
</code></pre>
<h3>Platform</h3>
<p>macOS 15.3 arm</p>
<h3>Version</h3>
<p>uv 0.5.25 (Homebrew 2025-01-28)</p>
<h3>Python version</h3>
<p>3.12.7</p>
</div>
        </div>
        <div class="timeline-entry">
            <div class="event">Label <span class="label">bug</span> added by @superlopuh on 2025-02-05 17:41</div>
        </div>
        <div class="timeline-entry">
            <div class="timeline-header">Comment by <a href="https://github.com/superlopuh">@superlopuh</a> on 2025-02-05 17:42</div>
            <div class="timeline-body"><p>https://github.com/codecov/codecov-cli/issues/582#issuecomment-2637546374</p>
</div>
        </div>
        <div class="timeline-entry">
            <div class="timeline-header">Comment by <a href="https://github.com/charliermarsh">@charliermarsh</a> on 2025-02-05 17:42</div>
            <div class="timeline-body"><p>That looks like an old uv Python install. Can you try reinstalling? <code>uv python install --reinstall ${version}</code>.</p>
</div>
        </div>
        <div class="timeline-entry">
            <div class="timeline-header">Comment by <a href="https://github.com/superlopuh">@superlopuh</a> on 2025-02-05 17:58</div>
            <div class="timeline-body"><p>I reinstalled python 3.12, 3.12.7, 3.13, deleted the venv, ran <code>uv venv</code> and <code>uv pip install codecov-cli</code> and got a very similar error message:</p>
<pre><code>Resolved 21 packages in 110ms
   Built ijson==3.3.0                                                                                                                                   × Failed to build `codecov-cli==10.0.1`
  ├─▶ The build backend returned an error
  ╰─▶ Call to `setuptools.build_meta:__legacy__.build_wheel` failed (exit status: 1)

      [stdout]
      running bdist_wheel
      running build
      running build_py
      creating build/lib.macosx-11.0-arm64-cpython-313/codecov_cli
      copying codecov_cli/__init__.py -&gt; build/lib.macosx-11.0-arm64-cpython-313/codecov_cli
      copying codecov_cli/opentelemetry.py -&gt; build/lib.macosx-11.0-arm64-cpython-313/codecov_cli
      copying codecov_cli/types.py -&gt; build/lib.macosx-11.0-arm64-cpython-313/codecov_cli
      copying codecov_cli/fallbacks.py -&gt; build/lib.macosx-11.0-arm64-cpython-313/codecov_cli
      copying codecov_cli/main.py -&gt; build/lib.macosx-11.0-arm64-cpython-313/codecov_cli
      creating build/lib.macosx-11.0-arm64-cpython-313/codecov_cli/plugins
      copying codecov_cli/plugins/xcode.py -&gt; build/lib.macosx-11.0-arm64-cpython-313/codecov_cli/plugins
      copying codecov_cli/plugins/compress_pycoverage_contexts.py -&gt; build/lib.macosx-11.0-arm64-cpython-313/codecov_cli/plugins
      copying codecov_cli/plugins/__init__.py -&gt; build/lib.macosx-11.0-arm64-cpython-313/codecov_cli/plugins
      copying codecov_cli/plugins/types.py -&gt; build/lib.macosx-11.0-arm64-cpython-313/codecov_cli/plugins
      copying codecov_cli/plugins/pycoverage.py -&gt; build/lib.macosx-11.0-arm64-cpython-313/codecov_cli/plugins
      copying codecov_cli/plugins/gcov.py -&gt; build/lib.macosx-11.0-arm64-cpython-313/codecov_cli/plugins
      creating build/lib.macosx-11.0-arm64-cpython-313/codecov_cli/runners
      copying codecov_cli/runners/__init__.py -&gt; build/lib.macosx-11.0-arm64-cpython-313/codecov_cli/runners
      copying codecov_cli/runners/types.py -&gt; build/lib.macosx-11.0-arm64-cpython-313/codecov_cli/runners
      copying codecov_cli/runners/dan_runner.py -&gt; build/lib.macosx-11.0-arm64-cpython-313/codecov_cli/runners
      copying codecov_cli/runners/pytest_standard_runner.py -&gt; build/lib.macosx-11.0-arm64-cpython-313/codecov_cli/runners
      creating build/lib.macosx-11.0-arm64-cpython-313/codecov_cli/commands
      copying codecov_cli/commands/create_report_result.py -&gt; build/lib.macosx-11.0-arm64-cpython-313/codecov_cli/commands
      copying codecov_cli/commands/process_test_results.py -&gt; build/lib.macosx-11.0-arm64-cpython-313/codecov_cli/commands
      copying codecov_cli/commands/base_picking.py -&gt; build/lib.macosx-11.0-arm64-cpython-313/codecov_cli/commands
      copying codecov_cli/commands/upload.py -&gt; build/lib.macosx-11.0-arm64-cpython-313/codecov_cli/commands
      copying codecov_cli/commands/upload_process.py -&gt; build/lib.macosx-11.0-arm64-cpython-313/codecov_cli/commands
      copying codecov_cli/commands/commit.py -&gt; build/lib.macosx-11.0-arm64-cpython-313/codecov_cli/commands
      copying codecov_cli/commands/__init__.py -&gt; build/lib.macosx-11.0-arm64-cpython-313/codecov_cli/commands
      copying codecov_cli/commands/staticanalysis.py -&gt; build/lib.macosx-11.0-arm64-cpython-313/codecov_cli/commands
      copying codecov_cli/commands/labelanalysis.py -&gt; build/lib.macosx-11.0-arm64-cpython-313/codecov_cli/commands
      copying codecov_cli/commands/get_report_results.py -&gt; build/lib.macosx-11.0-arm64-cpython-313/codecov_cli/commands
      copying codecov_cli/commands/empty_upload.py -&gt; build/lib.macosx-11.0-arm64-cpython-313/codecov_cli/commands
      copying codecov_cli/commands/report.py -&gt; build/lib.macosx-11.0-arm64-cpython-313/codecov_cli/commands
      copying codecov_cli/commands/send_notifications.py -&gt; build/lib.macosx-11.0-arm64-cpython-313/codecov_cli/commands
      copying codecov_cli/commands/upload_coverage.py -&gt; build/lib.macosx-11.0-arm64-cpython-313/codecov_cli/commands
      creating build/lib.macosx-11.0-arm64-cpython-313/codecov_cli/helpers
      copying codecov_cli/helpers/options.py -&gt; build/lib.macosx-11.0-arm64-cpython-313/codecov_cli/helpers
      copying codecov_cli/helpers/git.py -&gt; build/lib.macosx-11.0-arm64-cpython-313/codecov_cli/helpers
      copying codecov_cli/helpers/config.py -&gt; build/lib.macosx-11.0-arm64-cpython-313/codecov_cli/helpers
      copying codecov_cli/helpers/versioning_systems.py -&gt; build/lib.macosx-11.0-arm64-cpython-313/codecov_cli/helpers
      copying codecov_cli/helpers/validators.py -&gt; build/lib.macosx-11.0-arm64-cpython-313/codecov_cli/helpers
      copying codecov_cli/helpers/request.py -&gt; build/lib.macosx-11.0-arm64-cpython-313/codecov_cli/helpers
      copying codecov_cli/helpers/__init__.py -&gt; build/lib.macosx-11.0-arm64-cpython-313/codecov_cli/helpers
      copying codecov_cli/helpers/encoder.py -&gt; build/lib.macosx-11.0-arm64-cpython-313/codecov_cli/helpers
      copying codecov_cli/helpers/folder_searcher.py -&gt; build/lib.macosx-11.0-arm64-cpython-313/codecov_cli/helpers
      copying codecov_cli/helpers/args.py -&gt; build/lib.macosx-11.0-arm64-cpython-313/codecov_cli/helpers
      copying codecov_cli/helpers/logging_utils.py -&gt; build/lib.macosx-11.0-arm64-cpython-313/codecov_cli/helpers
      creating build/lib.macosx-11.0-arm64-cpython-313/codecov_cli/services
      copying codecov_cli/services/__init__.py -&gt; build/lib.macosx-11.0-arm64-cpython-313/codecov_cli/services
      creating build/lib.macosx-11.0-arm64-cpython-313/codecov_cli/helpers/git_services
      copying codecov_cli/helpers/git_services/__init__.py -&gt; build/lib.macosx-11.0-arm64-cpython-313/codecov_cli/helpers/git_services
      copying codecov_cli/helpers/git_services/github.py -&gt; build/lib.macosx-11.0-arm64-cpython-313/codecov_cli/helpers/git_services
      creating build/lib.macosx-11.0-arm64-cpython-313/codecov_cli/helpers/ci_adapters
      copying codecov_cli/helpers/ci_adapters/gitlab_ci.py -&gt; build/lib.macosx-11.0-arm64-cpython-313/codecov_cli/helpers/ci_adapters
      copying codecov_cli/helpers/ci_adapters/local.py -&gt; build/lib.macosx-11.0-arm64-cpython-313/codecov_cli/helpers/ci_adapters
      copying codecov_cli/helpers/ci_adapters/cloudbuild.py -&gt; build/lib.macosx-11.0-arm64-cpython-313/codecov_cli/helpers/ci_adapters
      copying codecov_cli/helpers/ci_adapters/cirrus_ci.py -&gt; build/lib.macosx-11.0-arm64-cpython-313/codecov_cli/helpers/ci_adapters
      copying codecov_cli/helpers/ci_adapters/azure_pipelines.py -&gt; build/lib.macosx-11.0-arm64-cpython-313/codecov_cli/helpers/ci_adapters
      copying codecov_cli/helpers/ci_adapters/__init__.py -&gt; build/lib.macosx-11.0-arm64-cpython-313/codecov_cli/helpers/ci_adapters
      copying codecov_cli/helpers/ci_adapters/github_actions.py -&gt; build/lib.macosx-11.0-arm64-cpython-313/codecov_cli/helpers/ci_adapters
      copying codecov_cli/helpers/ci_adapters/bitbucket_ci.py -&gt; build/lib.macosx-11.0-arm64-cpython-313/codecov_cli/helpers/ci_adapters
      copying codecov_cli/helpers/ci_adapters/codebuild.py -&gt; build/lib.macosx-11.0-arm64-cpython-313/codecov_cli/helpers/ci_adapters
      copying codecov_cli/helpers/ci_adapters/teamcity.py -&gt; build/lib.macosx-11.0-arm64-cpython-313/codecov_cli/helpers/ci_adapters
      copying codecov_cli/helpers/ci_adapters/woodpeckerci.py -&gt; build/lib.macosx-11.0-arm64-cpython-313/codecov_cli/helpers/ci_adapters
      copying codecov_cli/helpers/ci_adapters/heroku.py -&gt; build/lib.macosx-11.0-arm64-cpython-313/codecov_cli/helpers/ci_adapters
      copying codecov_cli/helpers/ci_adapters/jenkins.py -&gt; build/lib.macosx-11.0-arm64-cpython-313/codecov_cli/helpers/ci_adapters
      copying codecov_cli/helpers/ci_adapters/bitrise_ci.py -&gt; build/lib.macosx-11.0-arm64-cpython-313/codecov_cli/helpers/ci_adapters
      copying codecov_cli/helpers/ci_adapters/buildkite.py -&gt; build/lib.macosx-11.0-arm64-cpython-313/codecov_cli/helpers/ci_adapters
      copying codecov_cli/helpers/ci_adapters/droneci.py -&gt; build/lib.macosx-11.0-arm64-cpython-313/codecov_cli/helpers/ci_adapters
      copying codecov_cli/helpers/ci_adapters/circleci.py -&gt; build/lib.macosx-11.0-arm64-cpython-313/codecov_cli/helpers/ci_adapters
      copying codecov_cli/helpers/ci_adapters/appveyor_ci.py -&gt; build/lib.macosx-11.0-arm64-cpython-313/codecov_cli/helpers/ci_adapters
      copying codecov_cli/helpers/ci_adapters/travis_ci.py -&gt; build/lib.macosx-11.0-arm64-cpython-313/codecov_cli/helpers/ci_adapters
      copying codecov_cli/helpers/ci_adapters/base.py -&gt; build/lib.macosx-11.0-arm64-cpython-313/codecov_cli/helpers/ci_adapters
      creating build/lib.macosx-11.0-arm64-cpython-313/codecov_cli/services/commit
      copying codecov_cli/services/commit/base_picking.py -&gt; build/lib.macosx-11.0-arm64-cpython-313/codecov_cli/services/commit
      copying codecov_cli/services/commit/__init__.py -&gt; build/lib.macosx-11.0-arm64-cpython-313/codecov_cli/services/commit
      creating build/lib.macosx-11.0-arm64-cpython-313/codecov_cli/services/empty_upload
      copying codecov_cli/services/empty_upload/__init__.py -&gt; build/lib.macosx-11.0-arm64-cpython-313/codecov_cli/services/empty_upload
      creating build/lib.macosx-11.0-arm64-cpython-313/codecov_cli/services/upload_completion
      copying codecov_cli/services/upload_completion/__init__.py -&gt; build/lib.macosx-11.0-arm64-cpython-313/codecov_cli/services/upload_completion
      creating build/lib.macosx-11.0-arm64-cpython-313/codecov_cli/services/upload_coverage
      copying codecov_cli/services/upload_coverage/__init__.py -&gt; build/lib.macosx-11.0-arm64-cpython-313/codecov_cli/services/upload_coverage
      creating build/lib.macosx-11.0-arm64-cpython-313/codecov_cli/services/staticanalysis
      copying codecov_cli/services/staticanalysis/finders.py -&gt; build/lib.macosx-11.0-arm64-cpython-313/codecov_cli/services/staticanalysis
      copying codecov_cli/services/staticanalysis/__init__.py -&gt; build/lib.macosx-11.0-arm64-cpython-313/codecov_cli/services/staticanalysis
      copying codecov_cli/services/staticanalysis/types.py -&gt; build/lib.macosx-11.0-arm64-cpython-313/codecov_cli/services/staticanalysis
      copying codecov_cli/services/staticanalysis/exceptions.py -&gt; build/lib.macosx-11.0-arm64-cpython-313/codecov_cli/services/staticanalysis
      creating build/lib.macosx-11.0-arm64-cpython-313/codecov_cli/services/report
      copying codecov_cli/services/report/__init__.py -&gt; build/lib.macosx-11.0-arm64-cpython-313/codecov_cli/services/report
      creating build/lib.macosx-11.0-arm64-cpython-313/codecov_cli/services/upload
      copying codecov_cli/services/upload/upload_sender.py -&gt; build/lib.macosx-11.0-arm64-cpython-313/codecov_cli/services/upload
      copying codecov_cli/services/upload/__init__.py -&gt; build/lib.macosx-11.0-arm64-cpython-313/codecov_cli/services/upload
      copying codecov_cli/services/upload/upload_collector.py -&gt; build/lib.macosx-11.0-arm64-cpython-313/codecov_cli/services/upload
      copying codecov_cli/services/upload/network_finder.py -&gt; build/lib.macosx-11.0-arm64-cpython-313/codecov_cli/services/upload
      copying codecov_cli/services/upload/legacy_upload_sender.py -&gt; build/lib.macosx-11.0-arm64-cpython-313/codecov_cli/services/upload
      copying codecov_cli/services/upload/file_finder.py -&gt; build/lib.macosx-11.0-arm64-cpython-313/codecov_cli/services/upload
      creating build/lib.macosx-11.0-arm64-cpython-313/codecov_cli/services/staticanalysis/analyzers
      copying codecov_cli/services/staticanalysis/analyzers/__init__.py -&gt;
      build/lib.macosx-11.0-arm64-cpython-313/codecov_cli/services/staticanalysis/analyzers
      copying codecov_cli/services/staticanalysis/analyzers/general.py -&gt;
      build/lib.macosx-11.0-arm64-cpython-313/codecov_cli/services/staticanalysis/analyzers
      creating build/lib.macosx-11.0-arm64-cpython-313/codecov_cli/services/staticanalysis/analyzers/python
      copying codecov_cli/services/staticanalysis/analyzers/python/node_wrappers.py -&gt;
      build/lib.macosx-11.0-arm64-cpython-313/codecov_cli/services/staticanalysis/analyzers/python
      copying codecov_cli/services/staticanalysis/analyzers/python/__init__.py -&gt;
      build/lib.macosx-11.0-arm64-cpython-313/codecov_cli/services/staticanalysis/analyzers/python
      creating build/lib.macosx-11.0-arm64-cpython-313/codecov_cli/services/staticanalysis/analyzers/javascript_es6
      copying codecov_cli/services/staticanalysis/analyzers/javascript_es6/node_wrappers.py -&gt;
      build/lib.macosx-11.0-arm64-cpython-313/codecov_cli/services/staticanalysis/analyzers/javascript_es6
      copying codecov_cli/services/staticanalysis/analyzers/javascript_es6/__init__.py -&gt;
      build/lib.macosx-11.0-arm64-cpython-313/codecov_cli/services/staticanalysis/analyzers/javascript_es6
      running build_ext
      building 'staticcodecov_languages' extension
      creating build/temp.macosx-11.0-arm64-cpython-313/languages
      creating build/temp.macosx-11.0-arm64-cpython-313/languages/treesitterjavascript/src
      creating build/temp.macosx-11.0-arm64-cpython-313/languages/treesitterpython/src
      cc -fno-strict-overflow -Wsign-compare -Wunreachable-code -DNDEBUG -g -O3 -Wall -arch arm64 -mmacosx-version-min=11.0
      -Wno-nullability-completeness -Wno-expansion-to-defined -Wno-undef-prefix -fPIC -I/opt/homebrew/opt/llvm/include
      -Ilanguages/treesitterpython/src -Ilanguages/treesitterjavascript/src -Ilanguages/treesitterjavascript/src/tree_sitter
      -Ilanguages/treesitterpython/src/tree_sitter -I/Users/sasha/.cache/uv/builds-v0/.tmpU1UxVt/include
      -I/Users/sasha/.local/share/uv/python/cpython-3.13.1-macos-aarch64-none/include/python3.13 -c languages/languages.c -o
      build/temp.macosx-11.0-arm64-cpython-313/languages/languages.o -Wno-unused-variable
      cc -fno-strict-overflow -Wsign-compare -Wunreachable-code -DNDEBUG -g -O3 -Wall -arch arm64 -mmacosx-version-min=11.0
      -Wno-nullability-completeness -Wno-expansion-to-defined -Wno-undef-prefix -fPIC -I/opt/homebrew/opt/llvm/include
      -Ilanguages/treesitterpython/src -Ilanguages/treesitterjavascript/src -Ilanguages/treesitterjavascript/src/tree_sitter
      -Ilanguages/treesitterpython/src/tree_sitter -I/Users/sasha/.cache/uv/builds-v0/.tmpU1UxVt/include
      -I/Users/sasha/.local/share/uv/python/cpython-3.13.1-macos-aarch64-none/include/python3.13 -c languages/treesitterjavascript/src/parser.c -o
      build/temp.macosx-11.0-arm64-cpython-313/languages/treesitterjavascript/src/parser.o -Wno-unused-variable
      cc -fno-strict-overflow -Wsign-compare -Wunreachable-code -DNDEBUG -g -O3 -Wall -arch arm64 -mmacosx-version-min=11.0
      -Wno-nullability-completeness -Wno-expansion-to-defined -Wno-undef-prefix -fPIC -I/opt/homebrew/opt/llvm/include
      -Ilanguages/treesitterpython/src -Ilanguages/treesitterjavascript/src -Ilanguages/treesitterjavascript/src/tree_sitter
      -Ilanguages/treesitterpython/src/tree_sitter -I/Users/sasha/.cache/uv/builds-v0/.tmpU1UxVt/include
      -I/Users/sasha/.local/share/uv/python/cpython-3.13.1-macos-aarch64-none/include/python3.13 -c languages/treesitterjavascript/src/scanner.c -o
      build/temp.macosx-11.0-arm64-cpython-313/languages/treesitterjavascript/src/scanner.o -Wno-unused-variable
      cc -fno-strict-overflow -Wsign-compare -Wunreachable-code -DNDEBUG -g -O3 -Wall -arch arm64 -mmacosx-version-min=11.0
      -Wno-nullability-completeness -Wno-expansion-to-defined -Wno-undef-prefix -fPIC -I/opt/homebrew/opt/llvm/include
      -Ilanguages/treesitterpython/src -Ilanguages/treesitterjavascript/src -Ilanguages/treesitterjavascript/src/tree_sitter
      -Ilanguages/treesitterpython/src/tree_sitter -I/Users/sasha/.cache/uv/builds-v0/.tmpU1UxVt/include
      -I/Users/sasha/.local/share/uv/python/cpython-3.13.1-macos-aarch64-none/include/python3.13 -c languages/treesitterpython/src/parser.c -o
      build/temp.macosx-11.0-arm64-cpython-313/languages/treesitterpython/src/parser.o -Wno-unused-variable
      c++ -fno-strict-overflow -Wsign-compare -Wunreachable-code -DNDEBUG -g -O3 -Wall -arch arm64 -mmacosx-version-min=11.0
      -Wno-nullability-completeness -Wno-expansion-to-defined -Wno-undef-prefix -fPIC -I/opt/homebrew/opt/llvm/include
      -Ilanguages/treesitterpython/src -Ilanguages/treesitterjavascript/src -Ilanguages/treesitterjavascript/src/tree_sitter
      -Ilanguages/treesitterpython/src/tree_sitter -I/Users/sasha/.cache/uv/builds-v0/.tmpU1UxVt/include
      -I/Users/sasha/.local/share/uv/python/cpython-3.13.1-macos-aarch64-none/include/python3.13 -c languages/treesitterpython/src/scanner.cc -o
      build/temp.macosx-11.0-arm64-cpython-313/languages/treesitterpython/src/scanner.o -Wno-unused-variable

      [stderr]
      languages/languages.c:6:3: warning: suggest braces around initialization of subobject [-Wmissing-braces]
          6 |   NULL
            |   ^~~~
            |   {   }
      /Library/Developer/CommandLineTools/SDKs/MacOSX.sdk/usr/include/sys/_types/_null.h:49:15: note: expanded from macro 'NULL'
         49 | #define NULL  __DARWIN_NULL
            |               ^~~~~~~~~~~~~
      /Library/Developer/CommandLineTools/SDKs/MacOSX.sdk/usr/include/sys/_types.h:64:23: note: expanded from macro '__DARWIN_NULL'
         64 | #define __DARWIN_NULL ((void *)0)
            |                       ^~~~~~~~~~~
      1 warning generated.
      languages/treesitterjavascript/src/parser.c:3852:3: warning: variable 'eof' set but not used [-Wunused-but-set-variable]
       3852 |   START_LEXER();
            |   ^
      languages/treesitterpython/src/tree_sitter/parser.h:136:8: note: expanded from macro 'START_LEXER'
        136 |   bool eof = false;             \
            |        ^
      1 warning generated.
      languages/treesitterpython/src/parser.c:5049:3: warning: variable 'eof' set but not used [-Wunused-but-set-variable]
       5049 |   START_LEXER();
            |   ^
      languages/treesitterpython/src/tree_sitter/parser.h:136:8: note: expanded from macro 'START_LEXER'
        136 |   bool eof = false;             \
            |        ^
      1 warning generated.
      languages/treesitterpython/src/scanner.cc:2:10: fatal error: 'vector' file not found
          2 | #include &lt;vector&gt;
            |          ^~~~~~~~
      1 error generated.
      error: command '/usr/bin/c++' failed with exit code 1

      hint: This usually indicates a problem with the package or the build environment.
</code></pre>
</div>
        </div>
        <div class="timeline-entry">
            <div class="timeline-header">Comment by <a href="https://github.com/zanieb">@zanieb</a> on 2025-02-05 18:02</div>
            <div class="timeline-body"><pre><code>      languages/treesitterpython/src/scanner.cc:2:10: fatal error: 'vector' file not found
          2 | #include &lt;vector&gt;
            |          ^~~~~~~~
      1 error generated.
</code></pre>
<p>It looks like you're missing some header file? Please refer to https://docs.astral.sh/uv/reference/troubleshooting/build-failures/</p>
<p>Does <code>pip install --use-pep517 --no-cache --force-reinstall</code> work?</p>
</div>
        </div>
        <div class="timeline-entry">
            <div class="timeline-header">Comment by <a href="https://github.com/zanieb">@zanieb</a> on 2025-02-05 18:04</div>
            <div class="timeline-body"><p>Looks like https://stackoverflow.com/questions/39199489/cannot-include-vector</p>
<p>What does <code>which cc</code> show? Presumably <code>gcc</code>? Looks like they require <code>g++</code>?</p>
</div>
        </div>
        <div class="timeline-entry">
            <div class="timeline-header">Comment by <a href="https://github.com/superlopuh">@superlopuh</a> on 2025-02-05 18:10</div>
            <div class="timeline-body"><p><code>which cc</code> -&gt; <code>/usr/bin/cc</code>
The <code>pip install</code> command you gave above doesn't work due to the environment being externally managed, do you mean that I should try that command in with the venv created by <code>python -m venv</code> activated?</p>
<p>Thank you for the link, I'll have a read now.</p>
</div>
        </div>
        <div class="timeline-entry">
            <div class="timeline-header">Comment by <a href="https://github.com/zanieb">@zanieb</a> on 2025-02-05 18:12</div>
            <div class="timeline-body"><p>mm it's actually using <code>/usr/bin/c++</code> (from the error)</p>
<p>Yeah sorry, you'd do <code>uv venv --seed &amp;&amp; ./.venv/bin/pip</code> (or activate)</p>
</div>
        </div>
        <div class="timeline-entry">
            <div class="timeline-header">Comment by <a href="https://github.com/zanieb">@zanieb</a> on 2025-02-05 18:14</div>
            <div class="timeline-body"><p>It might be helpful to invoke the compiler to see what it &quot;actually is&quot;, e.g.</p>
<pre><code>❯ /usr/bin/c++ --version
Apple clang version 16.0.0 (clang-1600.0.26.6)
Target: arm64-apple-darwin23.6.0
Thread model: posix
InstalledDir: /Library/Developer/CommandLineTools/usr/bin
</code></pre>
</div>
        </div>
        <div class="timeline-entry">
            <div class="timeline-header">Comment by <a href="https://github.com/zanieb">@zanieb</a> on 2025-02-05 18:19</div>
            <div class="timeline-body"><p>I think it might be the <code>-I/opt/homebrew/opt/llvm/include</code> flag in the compilation?</p>
<p>On my machine, that directory does not have <code>vector</code></p>
<pre><code>❯ ls /opt/homebrew/opt/llvm/include/
__libunwind_config.h	__pstl_numeric		libunwind.h		mach-o			unwind.h
__pstl_algorithm	c++			libunwind.modulemap	mlir			unwind_arm_ehabi.h
__pstl_config_site	clang			lldb			mlir-c			unwind_itanium.h
__pstl_execution	clang-c			llvm			polly
__pstl_memory		clang-tidy		llvm-c			pstl
</code></pre>
<p>It's in a subdirectory</p>
<pre><code>❯ ls /opt/homebrew/opt/llvm/include/c++/v1 | grep vector
vector
</code></pre>
</div>
        </div>
        <div class="timeline-entry">
            <div class="timeline-header">Comment by <a href="https://github.com/zanieb">@zanieb</a> on 2025-02-05 18:19</div>
            <div class="timeline-body"><p>I'm not sure how that LLVM directory is getting on your include path / how it's supposed to be correct populated.</p>
</div>
        </div>
        <div class="timeline-entry">
            <div class="timeline-header">Comment by <a href="https://github.com/superlopuh">@superlopuh</a> on 2025-02-05 19:45</div>
            <div class="timeline-body"><p>Steps that fixed the install for me:</p>
<ol>
<li>remove the line <code>export PATH=&quot;/opt/homebrew/opt/llvm/bin:$PATH;&quot;</code> from my .zshrc</li>
<li>reinstall python as above</li>
<li>make new venv</li>
<li><code>uv venv --seed</code></li>
<li><code>./.venv/bin/pip install codecov-cli</code></li>
</ol>
<p>But when I delete the venv and try to install codecov-cli with <code>uv pip install codecov-cli</code> it doesn't work.</p>
</div>
        </div>
        <div class="timeline-entry">
            <div class="timeline-header">Comment by <a href="https://github.com/zanieb">@zanieb</a> on 2025-02-05 19:59</div>
            <div class="timeline-body"><p>I need more than &quot;it doesn't work&quot;, can you share details?</p>
</div>
        </div>
        <div class="timeline-entry">
            <div class="event">Label <span class="label">bug</span> removed by @zanieb on 2025-02-05 19:59</div>
        </div>
        <div class="timeline-entry">
            <div class="event">Label <span class="label">question</span> added by @zanieb on 2025-02-05 19:59</div>
        </div>
        <div class="timeline-entry">
            <div class="timeline-header">Comment by <a href="https://github.com/superlopuh">@superlopuh</a> on 2025-02-05 23:02</div>
            <div class="timeline-body"><p>Sorry, I mean that I get exactly the same error message. If I do step 4 but then <code>uv pip install</code> it's the same error message. But directly calling <code>pip</code> works.</p>
</div>
        </div>
        <div class="timeline-entry">
            <div class="timeline-header">Comment by <a href="https://github.com/zanieb">@zanieb</a> on 2025-02-05 23:23</div>
            <div class="timeline-body"><p>Can you compare the <code>pip</code> build logs to the <code>uv pip</code> ones? Did it succeed with those extra flags I asked for? Did you confirm you're using clang?</p>
</div>
        </div>
        <div class="timeline-entry">
            <div class="timeline-header">Comment by <a href="https://github.com/superlopuh">@superlopuh</a> on 2025-02-06 08:32</div>
            <div class="timeline-body"><p>In my understanding, the <code>.venv/bin/pip</code> does not build at all, and finds a pre-built wheel:</p>
<pre><code>Collecting codecov-cli
  Using cached codecov_cli-10.0.1-cp313-cp313-macosx_14_0_arm64.whl
Requirement already satisfied: click==8.* in ./.venv/lib/python3.13/site-packages (from codecov-cli) (8.1.8)
Requirement already satisfied: httpx==0.27.* in ./.venv/lib/python3.13/site-packages (from codecov-cli) (0.27.2)
Requirement already satisfied: ijson==3.* in ./.venv/lib/python3.13/site-packages (from codecov-cli) (3.3.0)
Requirement already satisfied: pyyaml==6.* in ./.venv/lib/python3.13/site-packages (from codecov-cli) (6.0.2)
Requirement already satisfied: responses==0.21.* in ./.venv/lib/python3.13/site-packages (from codecov-cli) (0.21.0)
Requirement already satisfied: tree-sitter==0.20.* in ./.venv/lib/python3.13/site-packages (from codecov-cli) (0.20.4)
Requirement already satisfied: test-results-parser==0.5.* in ./.venv/lib/python3.13/site-packages (from codecov-cli) (0.5.1)
Requirement already satisfied: regex in ./.venv/lib/python3.13/site-packages (from codecov-cli) (2024.11.6)
Requirement already satisfied: sentry-sdk&gt;=2.20.0 in ./.venv/lib/python3.13/site-packages (from codecov-cli) (2.20.0)
Requirement already satisfied: wrapt&gt;=1.17.2 in ./.venv/lib/python3.13/site-packages (from codecov-cli) (1.17.2)
Requirement already satisfied: anyio in ./.venv/lib/python3.13/site-packages (from httpx==0.27.*-&gt;codecov-cli) (4.8.0)
Requirement already satisfied: certifi in ./.venv/lib/python3.13/site-packages (from httpx==0.27.*-&gt;codecov-cli) (2025.1.31)
Requirement already satisfied: httpcore==1.* in ./.venv/lib/python3.13/site-packages (from httpx==0.27.*-&gt;codecov-cli) (1.0.7)
Requirement already satisfied: idna in ./.venv/lib/python3.13/site-packages (from httpx==0.27.*-&gt;codecov-cli) (3.10)
Requirement already satisfied: sniffio in ./.venv/lib/python3.13/site-packages (from httpx==0.27.*-&gt;codecov-cli) (1.3.1)
Requirement already satisfied: requests&lt;3.0,&gt;=2.0 in ./.venv/lib/python3.13/site-packages (from responses==0.21.*-&gt;codecov-cli) (2.32.3)
Requirement already satisfied: urllib3&gt;=1.25.10 in ./.venv/lib/python3.13/site-packages (from responses==0.21.*-&gt;codecov-cli) (2.3.0)
Requirement already satisfied: setuptools&gt;=60.0.0 in ./.venv/lib/python3.13/site-packages (from tree-sitter==0.20.*-&gt;codecov-cli) (75.8.0)
Requirement already satisfied: h11&lt;0.15,&gt;=0.13 in ./.venv/lib/python3.13/site-packages (from httpcore==1.*-&gt;httpx==0.27.*-&gt;codecov-cli) (0.14.0)
Requirement already satisfied: charset-normalizer&lt;4,&gt;=2 in ./.venv/lib/python3.13/site-packages (from requests&lt;3.0,&gt;=2.0-&gt;responses==0.21.*-&gt;codecov-cli) (3.4.1)
Installing collected packages: codecov-cli
Successfully installed codecov-cli-10.0.1
</code></pre>
</div>
        </div>
        <div class="timeline-entry">
            <div class="timeline-header">Comment by <a href="https://github.com/zanieb">@zanieb</a> on 2025-02-06 14:33</div>
            <div class="timeline-body"><p>I see. You can force a build there with <code>--no-binary codecov-cli</code> — I can only presume it would fail in the same way as <code>uv pip</code>.</p>
<p>It looks like in the other example we're building for cp312 but here you're using cp313?</p>
</div>
        </div>
        <div class="timeline-entry">
            <div class="timeline-header">Comment by <a href="https://github.com/superlopuh">@superlopuh</a> on 2025-02-06 20:46</div>
            <div class="timeline-body"><p><code>uv run pip install --no-binary :all: codecov-cli</code> this seems to succeed just as without the <code>--no-binary :all:</code>, if that's what you meant.</p>
<p>I commented out the following lines in my zshrc and now there's really nothing left that's llvm related:</p>
<pre><code># export LDFLAGS=&quot;-L/opt/homebrew/opt/llvm/lib&quot;
# export CPPFLAGS=&quot;-I/opt/homebrew/opt/llvm/include&quot;
</code></pre>
<p>Indeed, I made a new venv with a different Python, here are the outputs of the invocations:</p>
<pre><code>❯ uv run pip install --no-binary :all: codecov-cli 
Collecting codecov-cli
  Using cached codecov_cli-10.0.1-cp313-cp313-macosx_14_0_arm64.whl
Requirement already satisfied: click==8.* in ./.venv/lib/python3.13/site-packages (from codecov-cli) (8.1.8)
Requirement already satisfied: httpx==0.27.* in ./.venv/lib/python3.13/site-packages (from codecov-cli) (0.27.2)
Requirement already satisfied: ijson==3.* in ./.venv/lib/python3.13/site-packages (from codecov-cli) (3.3.0)
Requirement already satisfied: pyyaml==6.* in ./.venv/lib/python3.13/site-packages (from codecov-cli) (6.0.2)
Requirement already satisfied: responses==0.21.* in ./.venv/lib/python3.13/site-packages (from codecov-cli) (0.21.0)
Requirement already satisfied: tree-sitter==0.20.* in ./.venv/lib/python3.13/site-packages (from codecov-cli) (0.20.4)
Requirement already satisfied: test-results-parser==0.5.* in ./.venv/lib/python3.13/site-packages (from codecov-cli) (0.5.1)
Requirement already satisfied: regex in ./.venv/lib/python3.13/site-packages (from codecov-cli) (2024.11.6)
Requirement already satisfied: sentry-sdk&gt;=2.20.0 in ./.venv/lib/python3.13/site-packages (from codecov-cli) (2.20.0)
Requirement already satisfied: wrapt&gt;=1.17.2 in ./.venv/lib/python3.13/site-packages (from codecov-cli) (1.17.2)
Requirement already satisfied: anyio in ./.venv/lib/python3.13/site-packages (from httpx==0.27.*-&gt;codecov-cli) (4.8.0)
Requirement already satisfied: certifi in ./.venv/lib/python3.13/site-packages (from httpx==0.27.*-&gt;codecov-cli) (2025.1.31)
Requirement already satisfied: httpcore==1.* in ./.venv/lib/python3.13/site-packages (from httpx==0.27.*-&gt;codecov-cli) (1.0.7)
Requirement already satisfied: idna in ./.venv/lib/python3.13/site-packages (from httpx==0.27.*-&gt;codecov-cli) (3.10)
Requirement already satisfied: sniffio in ./.venv/lib/python3.13/site-packages (from httpx==0.27.*-&gt;codecov-cli) (1.3.1)
Requirement already satisfied: requests&lt;3.0,&gt;=2.0 in ./.venv/lib/python3.13/site-packages (from responses==0.21.*-&gt;codecov-cli) (2.32.3)
Requirement already satisfied: urllib3&gt;=1.25.10 in ./.venv/lib/python3.13/site-packages (from responses==0.21.*-&gt;codecov-cli) (2.3.0)
Requirement already satisfied: setuptools&gt;=60.0.0 in ./.venv/lib/python3.13/site-packages (from tree-sitter==0.20.*-&gt;codecov-cli) (75.8.0)
Requirement already satisfied: h11&lt;0.15,&gt;=0.13 in ./.venv/lib/python3.13/site-packages (from httpcore==1.*-&gt;httpx==0.27.*-&gt;codecov-cli) (0.14.0)
Requirement already satisfied: charset-normalizer&lt;4,&gt;=2 in ./.venv/lib/python3.13/site-packages (from requests&lt;3.0,&gt;=2.0-&gt;responses==0.21.*-&gt;codecov-cli) (3.4.1)
Installing collected packages: codecov-cli
Successfully installed codecov-cli-10.0.1
</code></pre>
<pre><code>❯ uv pip install codecov-cli
Resolved 21 packages in 26ms
  × Failed to build `codecov-cli==10.0.1`
  ├─▶ The build backend returned an error
  ╰─▶ Call to `setuptools.build_meta:__legacy__.build_wheel` failed (exit status: 1)

      [stdout]
      running bdist_wheel
      running build
      running build_py
      copying codecov_cli/__init__.py -&gt; build/lib.macosx-11.0-arm64-cpython-313/codecov_cli
      copying codecov_cli/opentelemetry.py -&gt; build/lib.macosx-11.0-arm64-cpython-313/codecov_cli
      copying codecov_cli/types.py -&gt; build/lib.macosx-11.0-arm64-cpython-313/codecov_cli
      copying codecov_cli/fallbacks.py -&gt; build/lib.macosx-11.0-arm64-cpython-313/codecov_cli
      copying codecov_cli/main.py -&gt; build/lib.macosx-11.0-arm64-cpython-313/codecov_cli
      copying codecov_cli/plugins/xcode.py -&gt; build/lib.macosx-11.0-arm64-cpython-313/codecov_cli/plugins
      copying codecov_cli/plugins/compress_pycoverage_contexts.py -&gt; build/lib.macosx-11.0-arm64-cpython-313/codecov_cli/plugins
      copying codecov_cli/plugins/__init__.py -&gt; build/lib.macosx-11.0-arm64-cpython-313/codecov_cli/plugins
      copying codecov_cli/plugins/types.py -&gt; build/lib.macosx-11.0-arm64-cpython-313/codecov_cli/plugins
      copying codecov_cli/plugins/pycoverage.py -&gt; build/lib.macosx-11.0-arm64-cpython-313/codecov_cli/plugins
      copying codecov_cli/plugins/gcov.py -&gt; build/lib.macosx-11.0-arm64-cpython-313/codecov_cli/plugins
      copying codecov_cli/runners/__init__.py -&gt; build/lib.macosx-11.0-arm64-cpython-313/codecov_cli/runners
      copying codecov_cli/runners/types.py -&gt; build/lib.macosx-11.0-arm64-cpython-313/codecov_cli/runners
      copying codecov_cli/runners/dan_runner.py -&gt; build/lib.macosx-11.0-arm64-cpython-313/codecov_cli/runners
      copying codecov_cli/runners/pytest_standard_runner.py -&gt; build/lib.macosx-11.0-arm64-cpython-313/codecov_cli/runners
      copying codecov_cli/commands/create_report_result.py -&gt; build/lib.macosx-11.0-arm64-cpython-313/codecov_cli/commands
      copying codecov_cli/commands/process_test_results.py -&gt; build/lib.macosx-11.0-arm64-cpython-313/codecov_cli/commands
      copying codecov_cli/commands/base_picking.py -&gt; build/lib.macosx-11.0-arm64-cpython-313/codecov_cli/commands
      copying codecov_cli/commands/upload.py -&gt; build/lib.macosx-11.0-arm64-cpython-313/codecov_cli/commands
      copying codecov_cli/commands/upload_process.py -&gt; build/lib.macosx-11.0-arm64-cpython-313/codecov_cli/commands
      copying codecov_cli/commands/commit.py -&gt; build/lib.macosx-11.0-arm64-cpython-313/codecov_cli/commands
      copying codecov_cli/commands/__init__.py -&gt; build/lib.macosx-11.0-arm64-cpython-313/codecov_cli/commands
      copying codecov_cli/commands/staticanalysis.py -&gt; build/lib.macosx-11.0-arm64-cpython-313/codecov_cli/commands
      copying codecov_cli/commands/labelanalysis.py -&gt; build/lib.macosx-11.0-arm64-cpython-313/codecov_cli/commands
      copying codecov_cli/commands/get_report_results.py -&gt; build/lib.macosx-11.0-arm64-cpython-313/codecov_cli/commands
      copying codecov_cli/commands/empty_upload.py -&gt; build/lib.macosx-11.0-arm64-cpython-313/codecov_cli/commands
      copying codecov_cli/commands/report.py -&gt; build/lib.macosx-11.0-arm64-cpython-313/codecov_cli/commands
      copying codecov_cli/commands/send_notifications.py -&gt; build/lib.macosx-11.0-arm64-cpython-313/codecov_cli/commands
      copying codecov_cli/commands/upload_coverage.py -&gt; build/lib.macosx-11.0-arm64-cpython-313/codecov_cli/commands
      copying codecov_cli/helpers/options.py -&gt; build/lib.macosx-11.0-arm64-cpython-313/codecov_cli/helpers
      copying codecov_cli/helpers/git.py -&gt; build/lib.macosx-11.0-arm64-cpython-313/codecov_cli/helpers
      copying codecov_cli/helpers/config.py -&gt; build/lib.macosx-11.0-arm64-cpython-313/codecov_cli/helpers
      copying codecov_cli/helpers/versioning_systems.py -&gt; build/lib.macosx-11.0-arm64-cpython-313/codecov_cli/helpers
      copying codecov_cli/helpers/validators.py -&gt; build/lib.macosx-11.0-arm64-cpython-313/codecov_cli/helpers
      copying codecov_cli/helpers/request.py -&gt; build/lib.macosx-11.0-arm64-cpython-313/codecov_cli/helpers
      copying codecov_cli/helpers/__init__.py -&gt; build/lib.macosx-11.0-arm64-cpython-313/codecov_cli/helpers
      copying codecov_cli/helpers/encoder.py -&gt; build/lib.macosx-11.0-arm64-cpython-313/codecov_cli/helpers
      copying codecov_cli/helpers/folder_searcher.py -&gt; build/lib.macosx-11.0-arm64-cpython-313/codecov_cli/helpers
      copying codecov_cli/helpers/args.py -&gt; build/lib.macosx-11.0-arm64-cpython-313/codecov_cli/helpers
      copying codecov_cli/helpers/logging_utils.py -&gt; build/lib.macosx-11.0-arm64-cpython-313/codecov_cli/helpers
      copying codecov_cli/services/__init__.py -&gt; build/lib.macosx-11.0-arm64-cpython-313/codecov_cli/services
      copying codecov_cli/helpers/git_services/__init__.py -&gt; build/lib.macosx-11.0-arm64-cpython-313/codecov_cli/helpers/git_services
      copying codecov_cli/helpers/git_services/github.py -&gt; build/lib.macosx-11.0-arm64-cpython-313/codecov_cli/helpers/git_services
      copying codecov_cli/helpers/ci_adapters/gitlab_ci.py -&gt; build/lib.macosx-11.0-arm64-cpython-313/codecov_cli/helpers/ci_adapters
      copying codecov_cli/helpers/ci_adapters/local.py -&gt; build/lib.macosx-11.0-arm64-cpython-313/codecov_cli/helpers/ci_adapters
      copying codecov_cli/helpers/ci_adapters/cloudbuild.py -&gt; build/lib.macosx-11.0-arm64-cpython-313/codecov_cli/helpers/ci_adapters
      copying codecov_cli/helpers/ci_adapters/cirrus_ci.py -&gt; build/lib.macosx-11.0-arm64-cpython-313/codecov_cli/helpers/ci_adapters
      copying codecov_cli/helpers/ci_adapters/azure_pipelines.py -&gt; build/lib.macosx-11.0-arm64-cpython-313/codecov_cli/helpers/ci_adapters
      copying codecov_cli/helpers/ci_adapters/__init__.py -&gt; build/lib.macosx-11.0-arm64-cpython-313/codecov_cli/helpers/ci_adapters
      copying codecov_cli/helpers/ci_adapters/github_actions.py -&gt; build/lib.macosx-11.0-arm64-cpython-313/codecov_cli/helpers/ci_adapters
      copying codecov_cli/helpers/ci_adapters/bitbucket_ci.py -&gt; build/lib.macosx-11.0-arm64-cpython-313/codecov_cli/helpers/ci_adapters
      copying codecov_cli/helpers/ci_adapters/codebuild.py -&gt; build/lib.macosx-11.0-arm64-cpython-313/codecov_cli/helpers/ci_adapters
      copying codecov_cli/helpers/ci_adapters/teamcity.py -&gt; build/lib.macosx-11.0-arm64-cpython-313/codecov_cli/helpers/ci_adapters
      copying codecov_cli/helpers/ci_adapters/woodpeckerci.py -&gt; build/lib.macosx-11.0-arm64-cpython-313/codecov_cli/helpers/ci_adapters
      copying codecov_cli/helpers/ci_adapters/heroku.py -&gt; build/lib.macosx-11.0-arm64-cpython-313/codecov_cli/helpers/ci_adapters
      copying codecov_cli/helpers/ci_adapters/jenkins.py -&gt; build/lib.macosx-11.0-arm64-cpython-313/codecov_cli/helpers/ci_adapters
      copying codecov_cli/helpers/ci_adapters/bitrise_ci.py -&gt; build/lib.macosx-11.0-arm64-cpython-313/codecov_cli/helpers/ci_adapters
      copying codecov_cli/helpers/ci_adapters/buildkite.py -&gt; build/lib.macosx-11.0-arm64-cpython-313/codecov_cli/helpers/ci_adapters
      copying codecov_cli/helpers/ci_adapters/droneci.py -&gt; build/lib.macosx-11.0-arm64-cpython-313/codecov_cli/helpers/ci_adapters
      copying codecov_cli/helpers/ci_adapters/circleci.py -&gt; build/lib.macosx-11.0-arm64-cpython-313/codecov_cli/helpers/ci_adapters
      copying codecov_cli/helpers/ci_adapters/appveyor_ci.py -&gt; build/lib.macosx-11.0-arm64-cpython-313/codecov_cli/helpers/ci_adapters
      copying codecov_cli/helpers/ci_adapters/travis_ci.py -&gt; build/lib.macosx-11.0-arm64-cpython-313/codecov_cli/helpers/ci_adapters
      copying codecov_cli/helpers/ci_adapters/base.py -&gt; build/lib.macosx-11.0-arm64-cpython-313/codecov_cli/helpers/ci_adapters
      copying codecov_cli/services/commit/base_picking.py -&gt; build/lib.macosx-11.0-arm64-cpython-313/codecov_cli/services/commit
      copying codecov_cli/services/commit/__init__.py -&gt; build/lib.macosx-11.0-arm64-cpython-313/codecov_cli/services/commit
      copying codecov_cli/services/empty_upload/__init__.py -&gt; build/lib.macosx-11.0-arm64-cpython-313/codecov_cli/services/empty_upload
      copying codecov_cli/services/upload_completion/__init__.py -&gt; build/lib.macosx-11.0-arm64-cpython-313/codecov_cli/services/upload_completion
      copying codecov_cli/services/upload_coverage/__init__.py -&gt; build/lib.macosx-11.0-arm64-cpython-313/codecov_cli/services/upload_coverage
      copying codecov_cli/services/staticanalysis/finders.py -&gt; build/lib.macosx-11.0-arm64-cpython-313/codecov_cli/services/staticanalysis
      copying codecov_cli/services/staticanalysis/__init__.py -&gt; build/lib.macosx-11.0-arm64-cpython-313/codecov_cli/services/staticanalysis
      copying codecov_cli/services/staticanalysis/types.py -&gt; build/lib.macosx-11.0-arm64-cpython-313/codecov_cli/services/staticanalysis
      copying codecov_cli/services/staticanalysis/exceptions.py -&gt; build/lib.macosx-11.0-arm64-cpython-313/codecov_cli/services/staticanalysis
      copying codecov_cli/services/report/__init__.py -&gt; build/lib.macosx-11.0-arm64-cpython-313/codecov_cli/services/report
      copying codecov_cli/services/upload/upload_sender.py -&gt; build/lib.macosx-11.0-arm64-cpython-313/codecov_cli/services/upload
      copying codecov_cli/services/upload/__init__.py -&gt; build/lib.macosx-11.0-arm64-cpython-313/codecov_cli/services/upload
      copying codecov_cli/services/upload/upload_collector.py -&gt; build/lib.macosx-11.0-arm64-cpython-313/codecov_cli/services/upload
      copying codecov_cli/services/upload/network_finder.py -&gt; build/lib.macosx-11.0-arm64-cpython-313/codecov_cli/services/upload
      copying codecov_cli/services/upload/legacy_upload_sender.py -&gt; build/lib.macosx-11.0-arm64-cpython-313/codecov_cli/services/upload
      copying codecov_cli/services/upload/file_finder.py -&gt; build/lib.macosx-11.0-arm64-cpython-313/codecov_cli/services/upload
      copying codecov_cli/services/staticanalysis/analyzers/__init__.py -&gt; build/lib.macosx-11.0-arm64-cpython-313/codecov_cli/services/staticanalysis/analyzers
      copying codecov_cli/services/staticanalysis/analyzers/general.py -&gt; build/lib.macosx-11.0-arm64-cpython-313/codecov_cli/services/staticanalysis/analyzers
      copying codecov_cli/services/staticanalysis/analyzers/python/node_wrappers.py -&gt; build/lib.macosx-11.0-arm64-cpython-313/codecov_cli/services/staticanalysis/analyzers/python
      copying codecov_cli/services/staticanalysis/analyzers/python/__init__.py -&gt; build/lib.macosx-11.0-arm64-cpython-313/codecov_cli/services/staticanalysis/analyzers/python
      copying codecov_cli/services/staticanalysis/analyzers/javascript_es6/node_wrappers.py -&gt;
      build/lib.macosx-11.0-arm64-cpython-313/codecov_cli/services/staticanalysis/analyzers/javascript_es6
      copying codecov_cli/services/staticanalysis/analyzers/javascript_es6/__init__.py -&gt;
      build/lib.macosx-11.0-arm64-cpython-313/codecov_cli/services/staticanalysis/analyzers/javascript_es6
      running build_ext
      building 'staticcodecov_languages' extension
      cc -fno-strict-overflow -Wsign-compare -Wunreachable-code -DNDEBUG -g -O3 -Wall -arch arm64 -mmacosx-version-min=11.0 -Wno-nullability-completeness
      -Wno-expansion-to-defined -Wno-undef-prefix -fPIC -Ilanguages/treesitterpython/src -Ilanguages/treesitterjavascript/src
      -Ilanguages/treesitterjavascript/src/tree_sitter -Ilanguages/treesitterpython/src/tree_sitter -I/Users/sasha/.cache/uv/builds-v0/.tmpJqbrAA/include
      -I/Users/sasha/.local/share/uv/python/cpython-3.13.1-macos-aarch64-none/include/python3.13 -c languages/languages.c -o
      build/temp.macosx-11.0-arm64-cpython-313/languages/languages.o -Wno-unused-variable
      cc -fno-strict-overflow -Wsign-compare -Wunreachable-code -DNDEBUG -g -O3 -Wall -arch arm64 -mmacosx-version-min=11.0 -Wno-nullability-completeness
      -Wno-expansion-to-defined -Wno-undef-prefix -fPIC -Ilanguages/treesitterpython/src -Ilanguages/treesitterjavascript/src
      -Ilanguages/treesitterjavascript/src/tree_sitter -Ilanguages/treesitterpython/src/tree_sitter -I/Users/sasha/.cache/uv/builds-v0/.tmpJqbrAA/include
      -I/Users/sasha/.local/share/uv/python/cpython-3.13.1-macos-aarch64-none/include/python3.13 -c languages/treesitterjavascript/src/parser.c -o
      build/temp.macosx-11.0-arm64-cpython-313/languages/treesitterjavascript/src/parser.o -Wno-unused-variable
      cc -fno-strict-overflow -Wsign-compare -Wunreachable-code -DNDEBUG -g -O3 -Wall -arch arm64 -mmacosx-version-min=11.0 -Wno-nullability-completeness
      -Wno-expansion-to-defined -Wno-undef-prefix -fPIC -Ilanguages/treesitterpython/src -Ilanguages/treesitterjavascript/src
      -Ilanguages/treesitterjavascript/src/tree_sitter -Ilanguages/treesitterpython/src/tree_sitter -I/Users/sasha/.cache/uv/builds-v0/.tmpJqbrAA/include
      -I/Users/sasha/.local/share/uv/python/cpython-3.13.1-macos-aarch64-none/include/python3.13 -c languages/treesitterjavascript/src/scanner.c -o
      build/temp.macosx-11.0-arm64-cpython-313/languages/treesitterjavascript/src/scanner.o -Wno-unused-variable
      cc -fno-strict-overflow -Wsign-compare -Wunreachable-code -DNDEBUG -g -O3 -Wall -arch arm64 -mmacosx-version-min=11.0 -Wno-nullability-completeness
      -Wno-expansion-to-defined -Wno-undef-prefix -fPIC -Ilanguages/treesitterpython/src -Ilanguages/treesitterjavascript/src
      -Ilanguages/treesitterjavascript/src/tree_sitter -Ilanguages/treesitterpython/src/tree_sitter -I/Users/sasha/.cache/uv/builds-v0/.tmpJqbrAA/include
      -I/Users/sasha/.local/share/uv/python/cpython-3.13.1-macos-aarch64-none/include/python3.13 -c languages/treesitterpython/src/parser.c -o
      build/temp.macosx-11.0-arm64-cpython-313/languages/treesitterpython/src/parser.o -Wno-unused-variable
      c++ -fno-strict-overflow -Wsign-compare -Wunreachable-code -DNDEBUG -g -O3 -Wall -arch arm64 -mmacosx-version-min=11.0 -Wno-nullability-completeness
      -Wno-expansion-to-defined -Wno-undef-prefix -fPIC -Ilanguages/treesitterpython/src -Ilanguages/treesitterjavascript/src
      -Ilanguages/treesitterjavascript/src/tree_sitter -Ilanguages/treesitterpython/src/tree_sitter -I/Users/sasha/.cache/uv/builds-v0/.tmpJqbrAA/include
      -I/Users/sasha/.local/share/uv/python/cpython-3.13.1-macos-aarch64-none/include/python3.13 -c languages/treesitterpython/src/scanner.cc -o
      build/temp.macosx-11.0-arm64-cpython-313/languages/treesitterpython/src/scanner.o -Wno-unused-variable

      [stderr]
      languages/languages.c:6:3: warning: suggest braces around initialization of subobject [-Wmissing-braces]
          6 |   NULL
            |   ^~~~
            |   {   }
      /Library/Developer/CommandLineTools/SDKs/MacOSX.sdk/usr/include/sys/_types/_null.h:49:15: note: expanded from macro 'NULL'
         49 | #define NULL  __DARWIN_NULL
            |               ^~~~~~~~~~~~~
      /Library/Developer/CommandLineTools/SDKs/MacOSX.sdk/usr/include/sys/_types.h:64:23: note: expanded from macro '__DARWIN_NULL'
         64 | #define __DARWIN_NULL ((void *)0)
            |                       ^~~~~~~~~~~
      1 warning generated.
      languages/treesitterjavascript/src/parser.c:3852:3: warning: variable 'eof' set but not used [-Wunused-but-set-variable]
       3852 |   START_LEXER();
            |   ^
      languages/treesitterpython/src/tree_sitter/parser.h:136:8: note: expanded from macro 'START_LEXER'
        136 |   bool eof = false;             \
            |        ^
      1 warning generated.
      languages/treesitterpython/src/parser.c:5049:3: warning: variable 'eof' set but not used [-Wunused-but-set-variable]
       5049 |   START_LEXER();
            |   ^
      languages/treesitterpython/src/tree_sitter/parser.h:136:8: note: expanded from macro 'START_LEXER'
        136 |   bool eof = false;             \
            |        ^
      1 warning generated.
      languages/treesitterpython/src/scanner.cc:2:10: fatal error: 'vector' file not found
          2 | #include &lt;vector&gt;
            |          ^~~~~~~~
      1 error generated.
      error: command '/usr/bin/c++' failed with exit code 1

      hint: This usually indicates a problem with the package or the build environment.
</code></pre>
</div>
        </div>
        <div class="timeline-entry">
            <div class="timeline-header">Comment by <a href="https://github.com/zanieb">@zanieb</a> on 2025-02-06 21:00</div>
            <div class="timeline-body"><p>You can see it's using the cached wheel..</p>
<pre><code>❯ uv run pip install --no-binary :all: codecov-cli 
Collecting codecov-cli
  Using cached codecov_cli-10.0.1-cp313-cp313-macosx_14_0_arm64.whl
</code></pre>
<p>You'll need to use the flags I suggested back in https://github.com/astral-sh/uv/issues/11253#issuecomment-2637651523</p>
</div>
        </div>
        <div class="timeline-entry">
            <div class="timeline-header">Comment by <a href="https://github.com/superlopuh">@superlopuh</a> on 2025-02-07 07:28</div>
            <div class="timeline-body"><p>I fixed it by appending /c++/v1 to my <code>CPPFLAGS</code>:</p>
<pre><code>export CPPFLAGS=&quot;-I/opt/homebrew/opt/llvm/include/c++/v1&quot;
</code></pre>
<p>Thank you for your help, I'm not sure why this was the first thing that broke with the previous flag.</p>
</div>
        </div>
        <div class="timeline-entry">
            <div class="event">Closed by @superlopuh on 2025-02-07 07:28</div>
        </div>
    </div>

    <footer>
        Synced at 2026-01-10 01:32:59 UTC
    </footer>
</body>
</html>
