<!DOCTYPE html>
<html lang="en">
<head>
    <meta charset="UTF-8">
    <meta name="viewport" content="width=device-width, initial-scale=1.0">
    <title>`uv run jupyter contrib nbextension install --user` fails on a fresh install - astral-sh/uv #11356</title>
    <link rel="stylesheet" href="../../../style.css">
</head>
<body>
    <div class="back-link">
        <a href="../../../index.html">Back to index</a>
    </div>

    <h1><code>uv run jupyter contrib nbextension install --user</code> fails on a fresh install</h1>

    <div class="meta">
        <span class="state-icon state-closed"></span>
        <a href="https://github.com/astral-sh/uv/issues/11356">#11356</a>
        opened by <a href="https://github.com/laowantong">@laowantong</a>
        on 2025-02-09 15:11
    </div>

    <div class="timeline">
        <div class="timeline-entry">
            <div class="timeline-header"><a href="https://github.com/laowantong">@laowantong</a></div>
            <div class="timeline-body">Summary
<p>I have a new machine on which I try to make a clean install of all my Python stuff. I am new to the <code>uv</code> revolution ;)</p>
<p>Installing Jupyter with <code>uv</code> and launching a notebook works fine, but I cannot complete the installation of its nbextensions.</p>
To reproduce the issue
<pre><code>% mkdir test
% cd test
% uv init
% uv add jupyter jupyter_contrib_nbextensions
% uv run jupyter contrib nbextension install --user
</code></pre>
<p>The last command fails with <code>ModuleNotFoundError: No module named &#x27;notebook.nbextensions&#x27;</code></p>
<p>Full output <a href="https://gist.github.com/laowantong/329d63d19da700272e7e15fdbeb3530a">here</a>.</p>
<p><strong>Note.</strong> Someone has succeeded with the same steps <a href="https://jupyter-tutorial.readthedocs.io/de/latest/nbextensions/install.html">here</a>.</p>
Platform
<p>macOS Sequoia 15.3 Mac mini M4</p>
Version
<p>uv 0.5.26 (5ef3d5139 2025-01-30)</p>
Python version
<p>Python 3.13.1</p>
</div>
        </div>
        <div class="timeline-entry">
            <div class="event">Label <span class="label">bug</span> added by <a href="https://github.com/laowantong">@laowantong</a> on 2025-02-09 15:11</div>
        </div>
        <div class="timeline-entry">
            <div class="timeline-header">Comment by <a href="https://github.com/charliermarsh">@charliermarsh</a> on 2025-02-09 18:15</div>
            <div class="timeline-body"><p>It seems like there&#x27;s an incompatibility between <code>notebook</code> and <code>jupyter</code> that isn&#x27;t captured by the versioned requirements? I ran <code>uv add notebook==6.4.12</code> before your <code>uv run</code> command and it seemed to work as expected.</p>
</div>
        </div>
        <div class="timeline-entry">
            <div class="event">Label <span class="label">bug</span> removed by <a href="https://github.com/charliermarsh">@charliermarsh</a> on 2025-02-09 18:15</div>
        </div>
        <div class="timeline-entry">
            <div class="event">Label <span class="label">question</span> added by <a href="https://github.com/charliermarsh">@charliermarsh</a> on 2025-02-09 18:15</div>
        </div>
        <div class="timeline-entry">
            <div class="timeline-header">Comment by <a href="https://github.com/laowantong">@laowantong</a> on 2025-02-09 18:29</div>
            <div class="timeline-body"><p>Thank you very much, that made it work. But after that, when I try to launch:</p>
<pre><code>uv run jupyter notebook
</code></pre>
<p>I get <code>ModuleNotFoundError: No module named &#x27;jupyter_server.contents&#x27;</code></p>
Full output

<pre>
Traceback (most recent call last):
  File &quot;/Users/aristide/Downloads/test/.venv/lib/python3.13/site-packages/notebook/traittypes.py&quot;, line 235, in _resolve_classes
    klass = self._resolve_string(klass)
  File &quot;/Users/aristide/Downloads/test/.venv/lib/python3.13/site-packages/traitlets/traitlets.py&quot;, line 2015, in _resolve_string
    return import_item(string)
  File &quot;/Users/aristide/Downloads/test/.venv/lib/python3.13/site-packages/traitlets/utils/importstring.py&quot;, line 33, in import_item
    module = __import__(package, fromlist=[obj])
ModuleNotFoundError: No module named &#x27;jupyter_server.contents&#x27;

During handling of the above exception, another exception occurred:

Traceback (most recent call last):
  File &quot;/Users/aristide/Downloads/test/.venv/bin/jupyter-notebook&quot;, line 10, in 
    sys.exit(main())
             ~~~~^^
  File &quot;/Users/aristide/Downloads/test/.venv/lib/python3.13/site-packages/jupyter_core/application.py&quot;, line 283, in launch_instance
    super().launch_instance(argv=argv, **kwargs)
    ~~~~~~~~~~~~~~~~~~~~~~~^^^^^^^^^^^^^^^^^^^^^
  File &quot;/Users/aristide/Downloads/test/.venv/lib/python3.13/site-packages/traitlets/config/application.py&quot;, line 1073, in launch_instance
    app = cls.instance(**kwargs)
  File &quot;/Users/aristide/Downloads/test/.venv/lib/python3.13/site-packages/traitlets/config/configurable.py&quot;, line 583, in instance
    inst = cls(*args, **kwargs)
  File &quot;/Users/aristide/Downloads/test/.venv/lib/python3.13/site-packages/traitlets/traitlets.py&quot;, line 1292, in __new__
    inst.setup_instance(*args, **kwargs)
    ~~~~~~~~~~~~~~~~~~~^^^^^^^^^^^^^^^^^
  File &quot;/Users/aristide/Downloads/test/.venv/lib/python3.13/site-packages/traitlets/traitlets.py&quot;, line 1335, in setup_instance
    super(HasTraits, self).setup_instance(*args, **kwargs)
    ~~~~~~~~~~~~~~~~~~~~~~~~~~~~~~~~~~~~~^^^^^^^^^^^^^^^^^
  File &quot;/Users/aristide/Downloads/test/.venv/lib/python3.13/site-packages/traitlets/traitlets.py&quot;, line 1311, in setup_instance
    init(self)
    ~~~~^^^^^^
  File &quot;/Users/aristide/Downloads/test/.venv/lib/python3.13/site-packages/notebook/traittypes.py&quot;, line 226, in instance_init
    self._resolve_classes()
    ~~~~~~~~~~~~~~~~~~~~~^^
  File &quot;/Users/aristide/Downloads/test/.venv/lib/python3.13/site-packages/notebook/traittypes.py&quot;, line 238, in _resolve_classes
    warn(f&quot;{klass} is not importable. Is it installed?&quot;, ImportWarning)
    ~~~~^^^^^^^^^^^^^^^^^^^^^^^^^^^^^^^^^^^^^^^^^^^^^^^^^^^^^^^^^^^^^^^
TypeError: warn() missing 1 required keyword-only argument: &#x27;stacklevel&#x27;
</pre>



<p><code>uv add jupyter_server</code> doesn&#x27;t solve the problem. I am lost...</p>
</div>
        </div>
        <div class="timeline-entry">
            <div class="timeline-header">Comment by <a href="https://github.com/charliermarsh">@charliermarsh</a> on 2025-02-10 00:58</div>
            <div class="timeline-body"><p>I don&#x27;t really know why these things are incompatible -- it seems like a problem with the packages themselves -- but this works:</p>
<pre><code>uv add jupyter jupyter_contrib_nbextensions notebook==6.4.12 traitlets==5.9.0
</code></pre>
</div>
        </div>
        <div class="timeline-entry">
            <div class="timeline-header">Comment by <a href="https://github.com/laowantong">@laowantong</a> on 2025-02-10 07:19</div>
            <div class="timeline-body"><p>Yes, it works, sort of...</p>
<pre><code>mkdir test
cd test
uv init
uv add jupyter jupyter_contrib_nbextensions notebook==6.4.12 traitlets==5.9.0
uv run jupyter contrib nbextension install --user
uv run jupyter notebook
</code></pre>
<p>There are some new errors (<code>[jupyter_nbextensions_configurator] wrote error: &#x27;Forbidden&#x27;</code>) during the launch and the Extensions panel is stuck:</p>
<p><img src="https://github.com/user-attachments/assets/3d3783fa-d992-4974-90df-9fcfb245adae" alt="Image"></p>
<p>I am not sure I will continue in this direction, perhaps I should going back to <code>nbclassic</code>, or conda :(</p>
<p>Anyway, the advantage of <code>uv</code> is that it allows quick and secure explorations. I guess the errors are on the Jupyter side.</p>
<p>Thank you again for your replies and all the voodoo ;)</p>
</div>
        </div>
        <div class="timeline-entry">
            <div class="event">Closed by <a href="https://github.com/laowantong">@laowantong</a> on 2025-02-10 07:19</div>
        </div>
        <div class="timeline-entry">
            <div class="timeline-header">Comment by <a href="https://github.com/simonprovost">@simonprovost</a> on 2025-02-16 00:43</div>
            <div class="timeline-body"><p>Oh sadness this is closed and will not be explored further!</p>
</div>
        </div>
        <div class="timeline-entry">
            <div class="timeline-header">Comment by <a href="https://github.com/chunkily">@chunkily</a> on 2025-09-18 10:33</div>
            <div class="timeline-body"><p>Just encountered the same issue today.
It appears to be an issue on the jupyter_contrib_nbextensions side and not uv. <a href="https://github.com/ipython-contrib/jupyter_contrib_nbextensions/issues/1667">ipython-contrib/jupyter_contrib_nbextensions#1667</a></p>
</div>
        </div>
    </div>

    <footer>
        Synced at 2026-01-20 19:37:11 UTC
    </footer>
</body>
</html>
