<!DOCTYPE html>
<html lang="en">
<head>
    <meta charset="UTF-8">
    <meta name="viewport" content="width=device-width, initial-scale=1.0">
    <title>Can't download build-backend if UV_NO_BUILD_ISOLATION=1 - astral-sh/uv #12128</title>
    <link rel="stylesheet" href="../../../style.css">
</head>
<body>
    <div class="back-link">
        <a href="../../../index.html">Back to index</a>
    </div>

    <h1>Can&#x27;t download build-backend if UV_NO_BUILD_ISOLATION=1</h1>

    <div class="meta">
        <span class="state-icon state-closed"></span>
        <a href="https://github.com/astral-sh/uv/issues/12128">#12128</a>
        opened by <a href="https://github.com/JakkuSakura">@JakkuSakura</a>
        on 2025-03-12 03:42
    </div>

    <div class="timeline">
        <div class="timeline-entry">
            <div class="timeline-header"><a href="https://github.com/JakkuSakura">@JakkuSakura</a></div>
            <div class="timeline-body">Summary
<p>Setuptools are not being installed automatically. So when default-on build-isolation and on newer python versions &gt;= 3.12, I can&#x27;t install my package</p>
<pre><code>uv venv
Using CPython 3.13.2 interpreter at: /usr/bin/python3.13
Creating virtual environment at: .venv
Activate with: source .venv/bin/activate
uv pip install -e .
Resolved 18 packages in 2.02s
  × Failed to build `pybuild @ file:///home/jakku/Dev/pybuild`
  ├─▶ The build backend returned an error
  ╰─▶ Call to `setuptools.build_meta.build_editable` failed (exit status: 1)

      [stderr]
      Traceback (most recent call last):
        File &quot;&lt;string&gt;&quot;, line 8, in &lt;module&gt;
          import setuptools.build_meta as backend
      ModuleNotFoundError: No module named &#x27;setuptools&#x27;

      hint: This usually indicates a problem with the package or the build environment.
</code></pre>
<p>I already have my <code>pyproject.toml</code></p>
<pre><code>[build-system]
requires = [
    &quot;setuptools&gt;=61.0&quot;,
]
build-backend = &quot;setuptools.build_meta&quot;

[project]
name = &quot;pybuild&quot;
description = &quot;A custom build tool&quot;
authors = [
    { name = &quot;Dev&quot;, email = &quot;dev@example.com&quot; },
]
dependencies = [
    &quot;tomli~=2.2&quot;,
    &quot;tomli-w~=1.2&quot;,
    &quot;typer~=0.15&quot;,
    &quot;pip-requirements-parser~=32.0&quot;,
    &quot;pydantic!=2.10&quot;,
    &quot;pyyaml~=6.0&quot;,
]
requires-python = &quot;&gt;=3.10&quot;
version = &quot;0.3.0&quot;

[tool.setuptools]

[tool.ruff]
line-length = 99
target-version = &quot;py310&quot;
fix = true
unsafe-fixes = true

[tool.ruff.lint]
select = [
    &quot;E&quot;,
    &quot;F&quot;,
    &quot;W&quot;,
    &quot;B&quot;,
    &quot;I&quot;,
    &quot;RUF100&quot;,
    &quot;PGH004&quot;,
    &quot;UP&quot;,
    &quot;C4&quot;,
    &quot;SIM201&quot;,
    &quot;SIM202&quot;,
    &quot;RET501&quot;,
    &quot;RET502&quot;,
]
ignore = [
    &quot;B007&quot;,
    &quot;B011&quot;,
    &quot;B023&quot;,
    &quot;E402&quot;,
    &quot;E501&quot;,
    &quot;E721&quot;,
    &quot;E731&quot;,
    &quot;E741&quot;,
    &quot;UP031&quot;,
    &quot;UP032&quot;,
    &quot;C416&quot;,
]
unfixable = [
    &quot;F841&quot;,
    &quot;F601&quot;,
    &quot;F602&quot;,
    &quot;B018&quot;,
    &quot;UP036&quot;,
]

[tool.ruff.lint.isort]
combine-as-imports = true
extra-standard-library = [
    &quot;typing_extensions&quot;,
]

[tool.pyright]
include = [
    &quot;src&quot;,
    &quot;tests&quot;,
]
exclude = [
    &quot;**/node_modules&quot;,
    &quot;**/__pycache__&quot;,
    &quot;src/experimental&quot;,
    &quot;src/typestubs&quot;,
]
ignore = []
reportMissingImports = &quot;error&quot;
reportMissingTypeStubs = false

[tool.pyright.defineConstant]
DEBUG = true

[tool.pytest.ini_options]
minversion = &quot;7.0.0&quot;
testpaths = [
    &quot;tests&quot;,
]
python_files = &quot;test_*.py&quot;

[tool.coverage.run]
branch = true
source = [
    &quot;pybuild&quot;,
]

[tool.coverage.report]
format = &quot;markdown&quot;
show_missing = true
skip_covered = false
omit = [
    &quot;tests/*&quot;,
]
exclude_lines = [
    &quot;# pragma: no cover&quot;,
    &quot;raise AssertionError\\b&quot;,
    &quot;raise NotImplementedError\\b&quot;,
    &quot;return NotImplemented\\b&quot;,
    &quot;raise$&quot;,
    &quot;assert False\\b&quot;,
    &quot;if __name__ == [&#x27;\&quot;]__main__[&#x27;\&quot;]:$&quot;,
]

[dependency-groups]
dev = [
    &quot;pytest&gt;=7.0&quot;,
    &quot;coverage&gt;=7.5&quot;,
    &quot;pyright&gt;=1.1&quot;,
    &quot;ruff&gt;=0.9&quot;,
    &quot;pytest-cov&gt;=6.0&quot;,
]
</code></pre>
<p>But if I use other build backends or build on MacOS, it has no issues</p>
Platform
<p>Ubuntu 25, Linux 6.11.0-14-generic x86_64 GNU/Linux</p>
Version
<p>uv 0.5.30 (1cd9c3 2025.2.12)</p>
Python version
<p>Python 3.13.2</p>
</div>
        </div>
        <div class="timeline-entry">
            <div class="event">Label <span class="label">bug</span> added by <a href="https://github.com/JakkuSakura">@JakkuSakura</a> on 2025-03-12 03:42</div>
        </div>
        <div class="timeline-entry">
            <div class="timeline-header">Comment by <a href="https://github.com/konstin">@konstin</a> on 2025-03-12 10:15</div>
            <div class="timeline-body"><p>Can you try <code>uv pip install -v --no-cache -e .</code>, and if that still fails, share the output?</p>
</div>
        </div>
        <div class="timeline-entry">
            <div class="timeline-header">Comment by <a href="https://github.com/JakkuSakura">@JakkuSakura</a> on 2025-03-12 11:07</div>
            <div class="timeline-body"><p>sometimes other build backends fail. I&#x27;m trying to reproduce and see if I can get the cause</p>
</div>
        </div>
        <div class="timeline-entry">
            <div class="event">Renamed from &quot;Can&#x27;t download setuptools build-backend on python&gt;=3.12 on Ubuntu&quot; to &quot;Can&#x27;t download build-backend on Ubuntu&quot; by <a href="https://github.com/JakkuSakura">@JakkuSakura</a> on 2025-03-12 11:13</div>
        </div>
        <div class="timeline-entry">
            <div class="timeline-header">Comment by <a href="https://github.com/JakkuSakura">@JakkuSakura</a> on 2025-03-12 11:14</div>
            <div class="timeline-body"><pre><code>rm -rf .venv &amp;&amp; uv venv &amp;&amp; uv pip install -e . -v --no-cache 
Using CPython 3.10.0
Creating virtual environment at: .venv
Activate with: source .venv/bin/activate
DEBUG uv 0.5.30 (0f9788fe3 2025-02-20) # I tried different versions
DEBUG Searching for default Python interpreter in virtual environments
DEBUG Found `cpython-3.10.0-linux-x86_64-gnu` at `/home/jakku/Dev/pybuild/.venv/bin/python3` (virtual environment)
DEBUG Using Python 3.10.0 environment at: .venv
DEBUG Acquired lock for `.venv`
DEBUG At least one requirement is not satisfied: file:///home/jakku/Dev/pybuild
DEBUG Using request timeout of 30s
DEBUG Found PEP 621 metadata for /home/jakku/Dev/pybuild in `pyproject.toml` (pybuild)
DEBUG Found static `pyproject.toml` for: pybuild @ file:///home/jakku/Dev/pybuild
DEBUG No workspace root found, using project root
DEBUG Solving with installed Python version: 3.10
DEBUG Solving with target Python version: &gt;=3.10
DEBUG Adding direct dependency: pybuild*
DEBUG Searching for a compatible version of pybuild @ file:///home/jakku/Dev/pybuild (*)
DEBUG Adding transitive dependency for pybuild==0.3.0: tomli&gt;=2.2, &lt;3.dev0
DEBUG Adding transitive dependency for pybuild==0.3.0: tomli-w&gt;=1.2, &lt;2.dev0
DEBUG Adding transitive dependency for pybuild==0.3.0: typer&gt;=0.15, &lt;1.dev0
DEBUG Adding transitive dependency for pybuild==0.3.0: pip-requirements-parser&gt;=32.0, &lt;33.dev0
DEBUG Adding transitive dependency for pybuild==0.3.0: pydantic&lt;2.10 | &gt;=2.10+
DEBUG Adding transitive dependency for pybuild==0.3.0: pyyaml&gt;=6.0, &lt;7.dev0
DEBUG No cache entry for: https://gitlab.com/api/v4/projects/auros%2Fpybuild/packages/pypi/tomli/
DEBUG No cache entry for: https://gitlab.com/api/v4/projects/auros%2Fpybuild/packages/pypi/tomli-w/
DEBUG No cache entry for: https://gitlab.com/api/v4/projects/auros%2Fpybuild/packages/pypi/typer/
DEBUG No cache entry for: https://gitlab.com/api/v4/projects/auros%2Fpybuild/packages/pypi/pip-requirements-parser/
DEBUG No cache entry for: https://gitlab.com/api/v4/projects/auros%2Fpybuild/packages/pypi/pyyaml/
DEBUG No cache entry for: https://gitlab.com/api/v4/projects/auros%2Fpybuild/packages/pypi/pydantic/
DEBUG No netrc file found
DEBUG No cache entry for: https://pypi.org/simple/tomli/
DEBUG No cache entry for: https://pypi.org/simple/tomli-w/
DEBUG No cache entry for: https://pypi.org/simple/pip-requirements-parser/
WARN Fixing invalid version specifier by removing star after comparison operator other than equal and not equal (before: `&gt;=3.6.*`; after: `&gt;=3.6`)
WARN Fixing invalid version specifier by removing star after comparison operator other than equal and not equal (before: `&gt;=3.6.*`; after: `&gt;=3.6`)
WARN Fixing invalid version specifier by removing star after comparison operator other than equal and not equal (before: `&gt;=3.6.*`; after: `&gt;=3.6`)
WARN Fixing invalid version specifier by removing star after comparison operator other than equal and not equal (before: `&gt;=3.6.*`; after: `&gt;=3.6`)
WARN Fixing invalid version specifier by removing star after comparison operator other than equal and not equal (before: `&gt;=3.6.*`; after: `&gt;=3.6`)
WARN Fixing invalid version specifier by removing star after comparison operator other than equal and not equal (before: `&gt;=3.6.*`; after: `&gt;=3.6`)
WARN Fixing invalid version specifier by removing star after comparison operator other than equal and not equal (before: `&gt;=3.6.*`; after: `&gt;=3.6`)
WARN Fixing invalid version specifier by removing star after comparison operator other than equal and not equal (before: `&gt;=3.6.*`; after: `&gt;=3.6`)
DEBUG No cache entry for: https://files.pythonhosted.org/packages/54/d0/d04f1d1e064ac901439699ee097f58688caadea42498ec9c4b4ad2ef84ab/pip_requirements_parser-32.0.1-py3-none-any.whl.metadata
DEBUG No cache entry for: https://files.pythonhosted.org/packages/c7/18/c86eb8e0202e32dd3df50d43d7ff9854f8e0603945ff398974c1d91ac1ef/tomli_w-1.2.0-py3-none-any.whl.metadata
DEBUG No cache entry for: https://pypi.org/simple/pydantic/
DEBUG Searching for a compatible version of tomli (&gt;=2.2, &lt;3.dev0)
DEBUG Selecting: tomli==2.2.1 [compatible] (tomli-2.2.1-py3-none-any.whl)
DEBUG No cache entry for: https://files.pythonhosted.org/packages/6e/c2/61d3e0f47e2b74ef40a68b9e6ad5984f6241a942f7cd3bbfbdbd03861ea9/tomli-2.2.1-py3-none-any.whl.metadata
DEBUG No cache entry for: https://pypi.org/simple/typer/
DEBUG No cache entry for: https://pypi.org/simple/pyyaml/
DEBUG Searching for a compatible version of tomli-w (&gt;=1.2, &lt;2.dev0)
DEBUG Selecting: tomli-w==1.2.0 [compatible] (tomli_w-1.2.0-py3-none-any.whl)
DEBUG Searching for a compatible version of typer (&gt;=0.15, &lt;1.dev0)
DEBUG Selecting: typer==0.15.2 [compatible] (typer-0.15.2-py3-none-any.whl)
WARN Skipping file for pyyaml: PyYAML-3.10.win32-py2.5.exe
WARN Skipping file for pyyaml: PyYAML-3.10.win32-py2.6.exe
WARN Skipping file for pyyaml: PyYAML-3.10.win32-py2.7.exe
WARN Skipping file for pyyaml: PyYAML-3.10.win32-py3.0.exe
WARN Skipping file for pyyaml: PyYAML-3.10.win32-py3.1.exe
WARN Skipping file for pyyaml: PyYAML-3.10.win32-py3.2.exe
WARN Skipping file for pyyaml: PyYAML-3.11.win-amd64-py2.6.exe
WARN Skipping file for pyyaml: PyYAML-3.11.win-amd64-py2.7.exe
WARN Skipping file for pyyaml: PyYAML-3.11.win-amd64-py3.1.exe
WARN Skipping file for pyyaml: PyYAML-3.11.win-amd64-py3.2.exe
WARN Skipping file for pyyaml: PyYAML-3.11.win-amd64-py3.3.exe
WARN Skipping file for pyyaml: PyYAML-3.11.win-amd64-py3.4.exe
WARN Skipping file for pyyaml: PyYAML-3.11.win32-py2.6.exe
WARN Skipping file for pyyaml: PyYAML-3.11.win32-py2.7.exe
WARN Skipping file for pyyaml: PyYAML-3.11.win32-py3.1.exe
WARN Skipping file for pyyaml: PyYAML-3.11.win32-py3.2.exe
WARN Skipping file for pyyaml: PyYAML-3.11.win32-py3.3.exe
WARN Skipping file for pyyaml: PyYAML-3.11.win32-py3.4.exe
WARN Skipping file for pyyaml: PyYAML-3.12.win-amd64-py2.7.exe
WARN Skipping file for pyyaml: PyYAML-3.12.win-amd64-py3.4.exe
WARN Skipping file for pyyaml: PyYAML-3.12.win-amd64-py3.5.exe
WARN Skipping file for pyyaml: PyYAML-3.12.win32-py2.7.exe
WARN Skipping file for pyyaml: PyYAML-3.12.win32-py3.4.exe
WARN Skipping file for pyyaml: PyYAML-3.12.win32-py3.5.exe
WARN Skipping file for pyyaml: PyYAML-4.2b4.win-amd64-py2.7.exe
WARN Skipping file for pyyaml: PyYAML-4.2b4.win-amd64-py3.4.exe
WARN Skipping file for pyyaml: PyYAML-4.2b4.win32-py2.7.exe
WARN Skipping file for pyyaml: PyYAML-4.2b4.win32-py3.4.exe
DEBUG No cache entry for: https://files.pythonhosted.org/packages/7f/fc/5b29fea8cee020515ca82cc68e3b8e1e34bb19a3535ad854cac9257b414c/typer-0.15.2-py3-none-any.whl.metadata
DEBUG No cache entry for: https://files.pythonhosted.org/packages/f4/3c/8cc1cc84deffa6e25d2d0c688ebb80635dfdbf1dbea3e30c541c8cf4d860/pydantic-2.10.6-py3-none-any.whl.metadata
DEBUG No cache entry for: https://files.pythonhosted.org/packages/6b/4e/1523cb902fd98355e2e9ea5e5eb237cbc5f3ad5f3075fa65087aa0ecb669/PyYAML-6.0.2-cp310-cp310-manylinux_2_17_x86_64.manylinux2014_x86_64.whl.metadata
DEBUG Adding transitive dependency for typer==0.15.2: click&gt;=8.0.0
DEBUG Adding transitive dependency for typer==0.15.2: typing-extensions&gt;=3.7.4.3
DEBUG Adding transitive dependency for typer==0.15.2: shellingham&gt;=1.3.0
DEBUG Adding transitive dependency for typer==0.15.2: rich&gt;=10.11.0
DEBUG Searching for a compatible version of pip-requirements-parser (&gt;=32.0, &lt;33.dev0)
DEBUG Selecting: pip-requirements-parser==32.0.1 [compatible] (pip_requirements_parser-32.0.1-py3-none-any.whl)
DEBUG Adding transitive dependency for pip-requirements-parser==32.0.1: packaging*
DEBUG Adding transitive dependency for pip-requirements-parser==32.0.1: pyparsing*
DEBUG Searching for a compatible version of pydantic (&lt;2.10 | &gt;=2.10+)
DEBUG Selecting: pydantic==2.10.6 [compatible] (pydantic-2.10.6-py3-none-any.whl)
DEBUG No cache entry for: https://gitlab.com/api/v4/projects/auros%2Fpybuild/packages/pypi/click/
DEBUG No cache entry for: https://gitlab.com/api/v4/projects/auros%2Fpybuild/packages/pypi/typing-extensions/
DEBUG No cache entry for: https://gitlab.com/api/v4/projects/auros%2Fpybuild/packages/pypi/shellingham/
DEBUG No cache entry for: https://gitlab.com/api/v4/projects/auros%2Fpybuild/packages/pypi/rich/
DEBUG No cache entry for: https://gitlab.com/api/v4/projects/auros%2Fpybuild/packages/pypi/packaging/
DEBUG No cache entry for: https://gitlab.com/api/v4/projects/auros%2Fpybuild/packages/pypi/pyparsing/
DEBUG Adding transitive dependency for pydantic==2.10.6: annotated-types&gt;=0.6.0
DEBUG Adding transitive dependency for pydantic==2.10.6: pydantic-core&gt;=2.27.2, &lt;2.27.2+
DEBUG Adding transitive dependency for pydantic==2.10.6: typing-extensions&gt;=4.12.2
DEBUG No cache entry for: https://gitlab.com/api/v4/projects/auros%2Fpybuild/packages/pypi/annotated-types/
DEBUG No cache entry for: https://gitlab.com/api/v4/projects/auros%2Fpybuild/packages/pypi/pydantic-core/
DEBUG No cache entry for: https://pypi.org/simple/typing-extensions/
DEBUG No cache entry for: https://pypi.org/simple/shellingham/
DEBUG No cache entry for: https://pypi.org/simple/packaging/
DEBUG No cache entry for: https://files.pythonhosted.org/packages/26/9f/ad63fc0248c5379346306f8668cda6e2e2e9c95e01216d2b8ffd9ff037d0/typing_extensions-4.12.2-py3-none-any.whl.metadata
WARN Fixing invalid version specifier by removing stray quotes (before: `&gt;= &#x27;2.7&#x27;`; after: `&gt;= 2.7`)
WARN Fixing invalid version specifier by removing stray quotes (before: `&gt;= &#x27;2.7&#x27;`; after: `&gt;= 2.7`)
DEBUG No cache entry for: https://files.pythonhosted.org/packages/e0/f9/0595336914c5619e5f28a1fb793285925a8cd4b432c9da0a987836c7f822/shellingham-1.5.4-py2.py3-none-any.whl.metadata
DEBUG No cache entry for: https://files.pythonhosted.org/packages/88/ef/eb23f262cca3c0c4eb7ab1933c3b1f03d021f2c48f54763065b6f0e321be/packaging-24.2-py3-none-any.whl.metadata
DEBUG No cache entry for: https://pypi.org/simple/pydantic-core/
DEBUG No cache entry for: https://pypi.org/simple/annotated-types/
DEBUG No cache entry for: https://pypi.org/simple/pyparsing/
WARN Skipping file for pyparsing: pyparsing-1.5.1.win32.exe
WARN Skipping file for pyparsing: pyparsing-1.5.2.win32.exe
WARN Skipping file for pyparsing: pyparsing-1.5.3.win32-py2.4.exe
WARN Skipping file for pyparsing: pyparsing-1.5.3.win32-py2.5.exe
WARN Skipping file for pyparsing: pyparsing-1.5.3.win32-py2.6.exe
WARN Skipping file for pyparsing: pyparsing-1.5.3.win32-py2.7.exe
WARN Skipping file for pyparsing: pyparsing-1.5.3.win32-py3.0.exe
WARN Skipping file for pyparsing: pyparsing-1.5.3.win32-py3.1.exe
WARN Skipping file for pyparsing: pyparsing-1.5.3.win32-py3.2.exe
WARN Skipping file for pyparsing: pyparsing-1.5.4.win32-py2.4.exe
WARN Skipping file for pyparsing: pyparsing-1.5.4.win32-py2.5.exe
WARN Skipping file for pyparsing: pyparsing-1.5.4.win32-py2.6.exe
WARN Skipping file for pyparsing: pyparsing-1.5.4.win32-py2.7.exe
WARN Skipping file for pyparsing: pyparsing-1.5.4.win32-py3.0.exe
WARN Skipping file for pyparsing: pyparsing-1.5.4.win32-py3.1.exe
WARN Skipping file for pyparsing: pyparsing-1.5.4.win32-py3.2.exe
WARN Skipping file for pyparsing: pyparsing-1.5.5.win32-py2.4.exe
WARN Skipping file for pyparsing: pyparsing-1.5.5.win32-py2.5.exe
WARN Skipping file for pyparsing: pyparsing-1.5.5.win32-py2.6.exe
WARN Skipping file for pyparsing: pyparsing-1.5.5.win32-py2.7.exe
WARN Skipping file for pyparsing: pyparsing-1.5.5.win32-py3.0.exe
WARN Skipping file for pyparsing: pyparsing-1.5.5.win32-py3.1.exe
WARN Skipping file for pyparsing: pyparsing-1.5.5.win32-py3.2.exe
WARN Skipping file for pyparsing: pyparsing-1.5.6.win32-py2.4.exe
WARN Skipping file for pyparsing: pyparsing-1.5.6.win32-py2.5.exe
WARN Skipping file for pyparsing: pyparsing-1.5.6.win32-py2.6.exe
WARN Skipping file for pyparsing: pyparsing-1.5.6.win32-py2.7.exe
WARN Skipping file for pyparsing: pyparsing-1.5.6.win32-py3.0.exe
WARN Skipping file for pyparsing: pyparsing-1.5.6.win32-py3.1.exe
WARN Skipping file for pyparsing: pyparsing-1.5.6.win32-py3.2.exe
WARN Skipping file for pyparsing: pyparsing-1.5.7.win32-py2.5.exe
WARN Skipping file for pyparsing: pyparsing-1.5.7.win32-py2.6.exe
WARN Skipping file for pyparsing: pyparsing-1.5.7.win32-py2.7.exe
WARN Skipping file for pyparsing: pyparsing-2.0.0.win32-py3.0.exe
WARN Skipping file for pyparsing: pyparsing-2.0.0.win32-py3.1.exe
WARN Skipping file for pyparsing: pyparsing-2.0.0.win32-py3.2.exe
WARN Skipping file for pyparsing: pyparsing-2.0.0.win32-py3.3.exe
WARN Skipping file for pyparsing: pyparsing-2.0.1.win32-py2.6.exe
WARN Skipping file for pyparsing: pyparsing-2.0.1.win32-py2.7.exe
WARN Skipping file for pyparsing: pyparsing-2.0.1.win32-py3.0.exe
WARN Skipping file for pyparsing: pyparsing-2.0.1.win32-py3.1.exe
WARN Skipping file for pyparsing: pyparsing-2.0.1.win32-py3.2.exe
WARN Skipping file for pyparsing: pyparsing-2.0.1.win32-py3.3.exe
WARN Skipping file for pyparsing: pyparsing-2.0.2.win32-py2.6.exe
WARN Skipping file for pyparsing: pyparsing-2.0.2.win32-py2.7.exe
WARN Skipping file for pyparsing: pyparsing-2.0.2.win32-py3.0.exe
WARN Skipping file for pyparsing: pyparsing-2.0.2.win32-py3.1.exe
WARN Skipping file for pyparsing: pyparsing-2.0.2.win32-py3.2.exe
WARN Skipping file for pyparsing: pyparsing-2.0.2.win32-py3.3.exe
WARN Skipping file for pyparsing: pyparsing-2.0.2.win32-py3.4.exe
WARN Skipping file for pyparsing: pyparsing-2.0.3.win32-py2.6.exe
WARN Skipping file for pyparsing: pyparsing-2.0.3.win32-py2.7.exe
WARN Skipping file for pyparsing: pyparsing-2.0.3.win32-py3.0.exe
WARN Skipping file for pyparsing: pyparsing-2.0.3.win32-py3.1.exe
WARN Skipping file for pyparsing: pyparsing-2.0.3.win32-py3.2.exe
WARN Skipping file for pyparsing: pyparsing-2.0.3.win32-py3.3.exe
WARN Skipping file for pyparsing: pyparsing-2.0.3.win32-py3.4.exe
WARN Skipping file for pyparsing: pyparsing-2.0.4.win32-py2.6.exe
WARN Skipping file for pyparsing: pyparsing-2.0.4.win32-py2.7.exe
WARN Skipping file for pyparsing: pyparsing-2.0.4.win32-py3.3.exe
WARN Skipping file for pyparsing: pyparsing-2.0.4.win32-py3.4.exe
WARN Skipping file for pyparsing: pyparsing-2.0.4.win32-py3.5.exe
WARN Skipping file for pyparsing: pyparsing-2.0.5.win32-py2.6.exe
WARN Skipping file for pyparsing: pyparsing-2.0.5.win32-py2.7.exe
WARN Skipping file for pyparsing: pyparsing-2.0.5.win32-py3.3.exe
WARN Skipping file for pyparsing: pyparsing-2.0.5.win32-py3.4.exe
WARN Skipping file for pyparsing: pyparsing-2.0.5.win32-py3.5.exe
WARN Skipping file for pyparsing: pyparsing-2.0.6.win32-py2.6.exe
WARN Skipping file for pyparsing: pyparsing-2.0.6.win32-py2.7.exe
WARN Skipping file for pyparsing: pyparsing-2.0.6.win32-py3.3.exe
WARN Skipping file for pyparsing: pyparsing-2.0.6.win32-py3.4.exe
WARN Skipping file for pyparsing: pyparsing-2.0.6.win32-py3.5.exe
WARN Skipping file for pyparsing: pyparsing-2.0.7.win32-py2.6.exe
WARN Skipping file for pyparsing: pyparsing-2.0.7.win32-py2.7.exe
WARN Skipping file for pyparsing: pyparsing-2.0.7.win32-py3.2.exe
WARN Skipping file for pyparsing: pyparsing-2.0.7.win32-py3.3.exe
WARN Skipping file for pyparsing: pyparsing-2.0.7.win32-py3.4.exe
WARN Skipping file for pyparsing: pyparsing-2.0.7.win32-py3.5.exe
WARN Skipping file for pyparsing: pyparsing-2.1.0.win32-py2.6.exe
WARN Skipping file for pyparsing: pyparsing-2.1.0.win32-py2.7.exe
WARN Skipping file for pyparsing: pyparsing-2.1.0.win32-py3.3.exe
WARN Skipping file for pyparsing: pyparsing-2.1.0.win32-py3.4.exe
WARN Skipping file for pyparsing: pyparsing-2.1.0.win32-py3.5.exe
WARN Skipping file for pyparsing: pyparsing-2.1.1.win32-py2.6.exe
WARN Skipping file for pyparsing: pyparsing-2.1.1.win32-py2.7.exe
WARN Skipping file for pyparsing: pyparsing-2.1.1.win32-py3.3.exe
WARN Skipping file for pyparsing: pyparsing-2.1.1.win32-py3.4.exe
WARN Skipping file for pyparsing: pyparsing-2.1.1.win32-py3.5.exe
WARN Skipping file for pyparsing: pyparsing-2.1.10.win32-py2.6.exe
WARN Skipping file for pyparsing: pyparsing-2.1.10.win32-py2.7.exe
WARN Skipping file for pyparsing: pyparsing-2.1.10.win32-py3.3.exe
WARN Skipping file for pyparsing: pyparsing-2.1.10.win32-py3.4.exe
WARN Skipping file for pyparsing: pyparsing-2.1.10.win32-py3.5.exe
WARN Skipping file for pyparsing: pyparsing-2.1.2.win32-py2.6.exe
WARN Skipping file for pyparsing: pyparsing-2.1.2.win32-py2.7.exe
WARN Skipping file for pyparsing: pyparsing-2.1.2.win32-py3.3.exe
WARN Skipping file for pyparsing: pyparsing-2.1.2.win32-py3.4.exe
WARN Skipping file for pyparsing: pyparsing-2.1.2.win32-py3.5.exe
WARN Skipping file for pyparsing: pyparsing-2.1.3.win32-py2.6.exe
WARN Skipping file for pyparsing: pyparsing-2.1.3.win32-py2.7.exe
WARN Skipping file for pyparsing: pyparsing-2.1.3.win32-py3.3.exe
WARN Skipping file for pyparsing: pyparsing-2.1.3.win32-py3.4.exe
WARN Skipping file for pyparsing: pyparsing-2.1.3.win32-py3.5.exe
WARN Skipping file for pyparsing: pyparsing-2.1.4.win32-py2.6.exe
WARN Skipping file for pyparsing: pyparsing-2.1.4.win32-py2.7.exe
WARN Skipping file for pyparsing: pyparsing-2.1.4.win32-py3.3.exe
WARN Skipping file for pyparsing: pyparsing-2.1.4.win32-py3.4.exe
WARN Skipping file for pyparsing: pyparsing-2.1.4.win32-py3.5.exe
WARN Skipping file for pyparsing: pyparsing-2.1.5.win32-py2.6.exe
WARN Skipping file for pyparsing: pyparsing-2.1.5.win32-py2.7.exe
WARN Skipping file for pyparsing: pyparsing-2.1.5.win32-py3.3.exe
WARN Skipping file for pyparsing: pyparsing-2.1.5.win32-py3.4.exe
WARN Skipping file for pyparsing: pyparsing-2.1.5.win32-py3.5.exe
WARN Skipping file for pyparsing: pyparsing-2.1.6.win32-py2.6.exe
WARN Skipping file for pyparsing: pyparsing-2.1.6.win32-py2.7.exe
WARN Skipping file for pyparsing: pyparsing-2.1.6.win32-py3.3.exe
WARN Skipping file for pyparsing: pyparsing-2.1.6.win32-py3.4.exe
WARN Skipping file for pyparsing: pyparsing-2.1.6.win32-py3.5.exe
WARN Skipping file for pyparsing: pyparsing-2.1.7.win32-py2.6.exe
WARN Skipping file for pyparsing: pyparsing-2.1.7.win32-py2.7.exe
WARN Skipping file for pyparsing: pyparsing-2.1.7.win32-py3.3.exe
WARN Skipping file for pyparsing: pyparsing-2.1.7.win32-py3.4.exe
WARN Skipping file for pyparsing: pyparsing-2.1.7.win32-py3.5.exe
WARN Skipping file for pyparsing: pyparsing-2.1.8.win32-py2.6.exe
WARN Skipping file for pyparsing: pyparsing-2.1.8.win32-py2.7.exe
WARN Skipping file for pyparsing: pyparsing-2.1.8.win32-py3.3.exe
WARN Skipping file for pyparsing: pyparsing-2.1.8.win32-py3.4.exe
WARN Skipping file for pyparsing: pyparsing-2.1.8.win32-py3.5.exe
WARN Skipping file for pyparsing: pyparsing-2.1.9.win32-py2.6.exe
WARN Skipping file for pyparsing: pyparsing-2.1.9.win32-py2.7.exe
WARN Skipping file for pyparsing: pyparsing-2.1.9.win32-py3.3.exe
WARN Skipping file for pyparsing: pyparsing-2.1.9.win32-py3.4.exe
WARN Skipping file for pyparsing: pyparsing-2.1.9.win32-py3.5.exe
WARN Skipping file for pyparsing: pyparsing-2.2.0.win32-py2.6.exe
WARN Skipping file for pyparsing: pyparsing-2.2.0.win32-py2.7.exe
WARN Skipping file for pyparsing: pyparsing-2.2.0.win32-py3.3.exe
WARN Skipping file for pyparsing: pyparsing-2.2.0.win32-py3.4.exe
WARN Skipping file for pyparsing: pyparsing-2.2.0.win32-py3.5.exe
DEBUG No cache entry for: https://pypi.org/simple/rich/
DEBUG No cache entry for: https://files.pythonhosted.org/packages/78/b6/6307fbef88d9b5ee7421e68d78a9f162e0da4900bc5f5793f6d3d0e34fb8/annotated_types-0.7.0-py3-none-any.whl.metadata
DEBUG No cache entry for: https://files.pythonhosted.org/packages/1c/a7/c8a2d361bf89c0d9577c934ebb7421b25dc84bf3a8e3ac0a40aed9acc547/pyparsing-3.2.1-py3-none-any.whl.metadata
DEBUG Searching for a compatible version of pydantic-core (&gt;=2.27.2, &lt;2.27.2+)
DEBUG Selecting: pydantic-core==2.27.2 [compatible] (pydantic_core-2.27.2-cp310-cp310-manylinux_2_17_x86_64.manylinux2014_x86_64.whl)
DEBUG No cache entry for: https://files.pythonhosted.org/packages/32/90/3b15e31b88ca39e9e626630b4c4a1f5a0dfd09076366f4219429e6786076/pydantic_core-2.27.2-cp310-cp310-manylinux_2_17_x86_64.manylinux2014_x86_64.whl.metadata
DEBUG No cache entry for: https://files.pythonhosted.org/packages/19/71/39c7c0d87f8d4e6c020a393182060eaefeeae6c01dab6a84ec346f2567df/rich-13.9.4-py3-none-any.whl.metadata
DEBUG Adding transitive dependency for pydantic-core==2.27.2: typing-extensions&gt;=4.6.0, &lt;4.7.0 | &gt;=4.7.0+
DEBUG Searching for a compatible version of pyyaml (&gt;=6.0, &lt;7.dev0)
DEBUG Selecting: pyyaml==6.0.2 [compatible] (PyYAML-6.0.2-cp310-cp310-manylinux_2_17_x86_64.manylinux2014_x86_64.whl)
DEBUG No cache entry for: https://pypi.org/simple/click/
DEBUG Searching for a compatible version of click (&gt;=8.0.0)
DEBUG Selecting: click==8.1.8 [compatible] (click-8.1.8-py3-none-any.whl)
DEBUG No cache entry for: https://files.pythonhosted.org/packages/7e/d4/7ebdbd03970677812aac39c869717059dbb71a4cfc033ca6e5221787892c/click-8.1.8-py3-none-any.whl.metadata
DEBUG Searching for a compatible version of typing-extensions (&gt;=4.12.2)
DEBUG Selecting: typing-extensions==4.12.2 [compatible] (typing_extensions-4.12.2-py3-none-any.whl)
DEBUG Searching for a compatible version of shellingham (&gt;=1.3.0)
DEBUG Selecting: shellingham==1.5.4 [compatible] (shellingham-1.5.4-py2.py3-none-any.whl)
DEBUG Searching for a compatible version of rich (&gt;=10.11.0)
DEBUG Selecting: rich==13.9.4 [compatible] (rich-13.9.4-py3-none-any.whl)
DEBUG Adding transitive dependency for rich==13.9.4: markdown-it-py&gt;=2.2.0
DEBUG Adding transitive dependency for rich==13.9.4: pygments&gt;=2.13.0, &lt;3.0.0
DEBUG Adding transitive dependency for rich==13.9.4: typing-extensions{python_full_version &lt; &#x27;3.11&#x27;}&gt;=4.0.0, &lt;5.0
DEBUG Searching for a compatible version of typing-extensions{python_full_version &lt; &#x27;3.11&#x27;} (&gt;=4.0.0, &lt;5.0)
DEBUG Selecting: typing-extensions==4.12.2 [compatible] (typing_extensions-4.12.2-py3-none-any.whl)
DEBUG No cache entry for: https://gitlab.com/api/v4/projects/auros%2Fpybuild/packages/pypi/pygments/
DEBUG Adding transitive dependency for typing-extensions==4.12.2: typing-extensions==4.12.2
DEBUG Adding transitive dependency for typing-extensions==4.12.2: typing-extensions{python_full_version &lt; &#x27;3.11&#x27;}==4.12.2
DEBUG Searching for a compatible version of typing-extensions{python_full_version &lt; &#x27;3.11&#x27;} (==4.12.2)
DEBUG Selecting: typing-extensions==4.12.2 [compatible] (typing_extensions-4.12.2-py3-none-any.whl)
DEBUG Searching for a compatible version of packaging (*)
DEBUG Selecting: packaging==24.2 [compatible] (packaging-24.2-py3-none-any.whl)
DEBUG Searching for a compatible version of pyparsing (*)
DEBUG Selecting: pyparsing==3.2.1 [compatible] (pyparsing-3.2.1-py3-none-any.whl)
DEBUG No cache entry for: https://gitlab.com/api/v4/projects/auros%2Fpybuild/packages/pypi/markdown-it-py/
DEBUG Searching for a compatible version of annotated-types (&gt;=0.6.0)
DEBUG Selecting: annotated-types==0.7.0 [compatible] (annotated_types-0.7.0-py3-none-any.whl)
DEBUG No cache entry for: https://pypi.org/simple/markdown-it-py/
DEBUG Searching for a compatible version of markdown-it-py (&gt;=2.2.0)
DEBUG Selecting: markdown-it-py==3.0.0 [compatible] (markdown_it_py-3.0.0-py3-none-any.whl)
DEBUG No cache entry for: https://files.pythonhosted.org/packages/42/d7/1ec15b46af6af88f19b8e5ffea08fa375d433c998b8a7639e76935c14f1f/markdown_it_py-3.0.0-py3-none-any.whl.metadata
DEBUG Adding transitive dependency for markdown-it-py==3.0.0: mdurl&gt;=0.1, &lt;1.dev0
DEBUG No cache entry for: https://gitlab.com/api/v4/projects/auros%2Fpybuild/packages/pypi/mdurl/
DEBUG No cache entry for: https://pypi.org/simple/pygments/
WARN Skipping file for pygments: Pygments-0.10-py2.3.egg
WARN Skipping file for pygments: Pygments-0.10-py2.4.egg
WARN Skipping file for pygments: Pygments-0.10-py2.5.egg
WARN Skipping file for pygments: Pygments-0.11-py2.3.egg
WARN Skipping file for pygments: Pygments-0.11-py2.4.egg
WARN Skipping file for pygments: Pygments-0.11-py2.5.egg
WARN Skipping file for pygments: Pygments-0.11.1-py2.3.egg
WARN Skipping file for pygments: Pygments-0.11.1-py2.4.egg
WARN Skipping file for pygments: Pygments-0.11.1-py2.5.egg
WARN Skipping file for pygments: Pygments-0.5-py2.3.egg
WARN Skipping file for pygments: Pygments-0.5-py2.4.egg
WARN Skipping file for pygments: Pygments-0.5-py2.5.egg
WARN Skipping file for pygments: Pygments-0.5.1-py2.3.egg
WARN Skipping file for pygments: Pygments-0.5.1-py2.4.egg
WARN Skipping file for pygments: Pygments-0.5.1-py2.5.egg
WARN Skipping file for pygments: Pygments-0.6-py2.3.egg
WARN Skipping file for pygments: Pygments-0.6-py2.4.egg
WARN Skipping file for pygments: Pygments-0.6-py2.5.egg
WARN Skipping file for pygments: Pygments-0.7-py2.3.egg
WARN Skipping file for pygments: Pygments-0.7-py2.4.egg
WARN Skipping file for pygments: Pygments-0.7-py2.5.egg
WARN Skipping file for pygments: Pygments-0.7.1-py2.3.egg
WARN Skipping file for pygments: Pygments-0.7.1-py2.4.egg
WARN Skipping file for pygments: Pygments-0.7.1-py2.5.egg
WARN Skipping file for pygments: Pygments-0.8-py2.3.egg
WARN Skipping file for pygments: Pygments-0.8-py2.4.egg
WARN Skipping file for pygments: Pygments-0.8-py2.5.egg
WARN Skipping file for pygments: Pygments-0.8.1-py2.3.egg
WARN Skipping file for pygments: Pygments-0.8.1-py2.4.egg
WARN Skipping file for pygments: Pygments-0.8.1-py2.5.egg
WARN Skipping file for pygments: Pygments-0.9-py2.3.egg
WARN Skipping file for pygments: Pygments-0.9-py2.4.egg
WARN Skipping file for pygments: Pygments-0.9-py2.5.egg
WARN Skipping file for pygments: Pygments-1.0-py2.3.egg
WARN Skipping file for pygments: Pygments-1.0-py2.4.egg
WARN Skipping file for pygments: Pygments-1.0-py2.5.egg
WARN Skipping file for pygments: Pygments-1.0-py2.6.egg
WARN Skipping file for pygments: Pygments-1.1-py2.4.egg
WARN Skipping file for pygments: Pygments-1.1-py2.5.egg
WARN Skipping file for pygments: Pygments-1.1-py2.6.egg
WARN Skipping file for pygments: Pygments-1.1.1-py2.4.egg
WARN Skipping file for pygments: Pygments-1.1.1-py2.5.egg
WARN Skipping file for pygments: Pygments-1.1.1-py2.6.egg
WARN Skipping file for pygments: Pygments-1.2-py2.4.egg
WARN Skipping file for pygments: Pygments-1.2-py2.5.egg
WARN Skipping file for pygments: Pygments-1.2-py2.6.egg
WARN Skipping file for pygments: Pygments-1.2.1-py2.4.egg
WARN Skipping file for pygments: Pygments-1.2.1-py2.5.egg
WARN Skipping file for pygments: Pygments-1.2.1-py2.6.egg
WARN Skipping file for pygments: Pygments-1.2.2-py2.4.egg
WARN Skipping file for pygments: Pygments-1.2.2-py2.5.egg
WARN Skipping file for pygments: Pygments-1.2.2-py2.6.egg
WARN Skipping file for pygments: Pygments-1.3-py2.4.egg
WARN Skipping file for pygments: Pygments-1.3-py2.5.egg
WARN Skipping file for pygments: Pygments-1.3-py2.6.egg
WARN Skipping file for pygments: Pygments-1.3.1-py2.4.egg
WARN Skipping file for pygments: Pygments-1.3.1-py2.5.egg
WARN Skipping file for pygments: Pygments-1.3.1-py2.6.egg
WARN Skipping file for pygments: Pygments-1.4-py2.4.egg
WARN Skipping file for pygments: Pygments-1.4-py2.5.egg
WARN Skipping file for pygments: Pygments-1.4-py2.6.egg
WARN Skipping file for pygments: Pygments-1.4-py2.7.egg
WARN Skipping file for pygments: Pygments-1.5-py2.6.egg
WARN Skipping file for pygments: Pygments-1.5-py2.7.egg
WARN Skipping file for pygments: Pygments-1.6-py2.6.egg
WARN Skipping file for pygments: Pygments-1.6-py2.7.egg
WARN Skipping file for pygments: Pygments-1.6rc1-py2.6.egg
WARN Skipping file for pygments: Pygments-1.6rc1-py2.7.egg
DEBUG Searching for a compatible version of pygments (&gt;=2.13.0, &lt;3.0.0)
DEBUG Selecting: pygments==2.19.1 [compatible] (pygments-2.19.1-py3-none-any.whl)
DEBUG No cache entry for: https://files.pythonhosted.org/packages/8a/0b/9fcc47d19c48b59121088dd6da2488a49d5f72dacf8262e2790a1d2c7d15/pygments-2.19.1-py3-none-any.whl.metadata
DEBUG No cache entry for: https://pypi.org/simple/mdurl/
DEBUG Searching for a compatible version of mdurl (&gt;=0.1, &lt;1.dev0)
DEBUG Selecting: mdurl==0.1.2 [compatible] (mdurl-0.1.2-py3-none-any.whl)
DEBUG No cache entry for: https://files.pythonhosted.org/packages/b3/38/89ba8ad64ae25be8de66a6d463314cf1eb366222074cfda9ee839c56a4b4/mdurl-0.1.2-py3-none-any.whl.metadata
DEBUG Tried 18 versions: annotated-types 1, click 1, markdown-it-py 1, mdurl 1, packaging 1, pip-requirements-parser 1, pybuild 1, pydantic 1, pydantic-core 1, pygments 1, pyparsing 1, pyyaml 1, rich 1, shellingham 1, tomli 1, tomli-w 1, typer 1, typing-extensions 1
DEBUG marker environment resolution took 1.736s
Resolved 18 packages in 1.73s
DEBUG Identified uncached distribution: pydantic-core==2.27.2
DEBUG Identified uncached distribution: annotated-types==0.7.0
DEBUG Identified uncached distribution: mdurl==0.1.2
DEBUG Identified uncached distribution: rich==13.9.4
DEBUG Identified uncached distribution: pydantic==2.10.6
DEBUG Identified uncached distribution: pygments==2.19.1
DEBUG Identified uncached distribution: shellingham==1.5.4
DEBUG Identified uncached distribution: pyparsing==3.2.1
DEBUG Identified uncached distribution: click==8.1.8
DEBUG Identified uncached distribution: packaging==24.2
DEBUG Identified uncached distribution: typer==0.15.2
DEBUG Identified uncached distribution: pyyaml==6.0.2
DEBUG Identified uncached distribution: tomli==2.2.1
DEBUG Identified uncached distribution: pip-requirements-parser==32.0.1
DEBUG Identified uncached distribution: typing-extensions==4.12.2
DEBUG Identified uncached distribution: pybuild @ file:///home/jakku/Dev/pybuild
DEBUG Identified uncached distribution: markdown-it-py==3.0.0
DEBUG Identified uncached distribution: tomli-w==1.2.0
DEBUG Acquired lock for `/tmp/.tmpio0OfR/sdists-v7/editable/a73cdf1d7de5c09e`
DEBUG No cache entry for: https://files.pythonhosted.org/packages/8a/0b/9fcc47d19c48b59121088dd6da2488a49d5f72dacf8262e2790a1d2c7d15/pygments-2.19.1-py3-none-any.whl
DEBUG No cache entry for: https://files.pythonhosted.org/packages/f4/3c/8cc1cc84deffa6e25d2d0c688ebb80635dfdbf1dbea3e30c541c8cf4d860/pydantic-2.10.6-py3-none-any.whl
DEBUG No cache entry for: https://files.pythonhosted.org/packages/32/90/3b15e31b88ca39e9e626630b4c4a1f5a0dfd09076366f4219429e6786076/pydantic_core-2.27.2-cp310-cp310-manylinux_2_17_x86_64.manylinux2014_x86_64.whl
DEBUG No cache entry for: https://files.pythonhosted.org/packages/19/71/39c7c0d87f8d4e6c020a393182060eaefeeae6c01dab6a84ec346f2567df/rich-13.9.4-py3-none-any.whl
DEBUG No cache entry for: https://files.pythonhosted.org/packages/6b/4e/1523cb902fd98355e2e9ea5e5eb237cbc5f3ad5f3075fa65087aa0ecb669/PyYAML-6.0.2-cp310-cp310-manylinux_2_17_x86_64.manylinux2014_x86_64.whl
DEBUG No cache entry for: https://files.pythonhosted.org/packages/7e/d4/7ebdbd03970677812aac39c869717059dbb71a4cfc033ca6e5221787892c/click-8.1.8-py3-none-any.whl
DEBUG No cache entry for: https://files.pythonhosted.org/packages/1c/a7/c8a2d361bf89c0d9577c934ebb7421b25dc84bf3a8e3ac0a40aed9acc547/pyparsing-3.2.1-py3-none-any.whl
DEBUG No cache entry for: https://files.pythonhosted.org/packages/42/d7/1ec15b46af6af88f19b8e5ffea08fa375d433c998b8a7639e76935c14f1f/markdown_it_py-3.0.0-py3-none-any.whl
DEBUG No cache entry for: https://files.pythonhosted.org/packages/88/ef/eb23f262cca3c0c4eb7ab1933c3b1f03d021f2c48f54763065b6f0e321be/packaging-24.2-py3-none-any.whl
DEBUG No cache entry for: https://files.pythonhosted.org/packages/7f/fc/5b29fea8cee020515ca82cc68e3b8e1e34bb19a3535ad854cac9257b414c/typer-0.15.2-py3-none-any.whl
DEBUG No cache entry for: https://files.pythonhosted.org/packages/26/9f/ad63fc0248c5379346306f8668cda6e2e2e9c95e01216d2b8ffd9ff037d0/typing_extensions-4.12.2-py3-none-any.whl
DEBUG No cache entry for: https://files.pythonhosted.org/packages/6e/c2/61d3e0f47e2b74ef40a68b9e6ad5984f6241a942f7cd3bbfbdbd03861ea9/tomli-2.2.1-py3-none-any.whl
DEBUG No cache entry for: https://files.pythonhosted.org/packages/54/d0/d04f1d1e064ac901439699ee097f58688caadea42498ec9c4b4ad2ef84ab/pip_requirements_parser-32.0.1-py3-none-any.whl
DEBUG No cache entry for: https://files.pythonhosted.org/packages/78/b6/6307fbef88d9b5ee7421e68d78a9f162e0da4900bc5f5793f6d3d0e34fb8/annotated_types-0.7.0-py3-none-any.whl
DEBUG No cache entry for: https://files.pythonhosted.org/packages/b3/38/89ba8ad64ae25be8de66a6d463314cf1eb366222074cfda9ee839c56a4b4/mdurl-0.1.2-py3-none-any.whl
DEBUG No cache entry for: https://files.pythonhosted.org/packages/c7/18/c86eb8e0202e32dd3df50d43d7ff9854f8e0603945ff398974c1d91ac1ef/tomli_w-1.2.0-py3-none-any.whl
DEBUG No cache entry for: https://files.pythonhosted.org/packages/e0/f9/0595336914c5619e5f28a1fb793285925a8cd4b432c9da0a987836c7f822/shellingham-1.5.4-py2.py3-none-any.whl
   Building pybuild @ file:///home/jakku/Dev/pybuild
DEBUG Building: pybuild @ file:///home/jakku/Dev/pybuild
DEBUG No workspace root found, using project root
DEBUG Proceeding without build isolation
DEBUG Calling `uv_build.build_editable(&quot;/tmp/.tmpio0OfR/builds-v0/.tmpPhmgR9&quot;, {}, None)`
Downloading pygments (1.2MiB)
Downloading pydantic-core (1.9MiB)
DEBUG Traceback (most recent call last):
DEBUG   File &quot;&lt;string&gt;&quot;, line 8, in &lt;module&gt;
DEBUG ModuleNotFoundError: No module named &#x27;uv_build&#x27;
DEBUG Released lock at `/tmp/.tmpio0OfR/sdists-v7/editable/a73cdf1d7de5c09e/.lock`
  × Failed to build `pybuild @ file:///home/jakku/Dev/pybuild`
  ├─▶ The build backend returned an error
  ╰─▶ Call to `uv_build.build_editable` failed (exit status: 1)

      [stderr]
      Traceback (most recent call last):
        File &quot;&lt;string&gt;&quot;, line 8, in &lt;module&gt;
      ModuleNotFoundError: No module named &#x27;uv_build&#x27;

      hint: This usually indicates a problem with the package or the build environment.
DEBUG Released lock at `/home/jakku/Dev/pybuild/.venv/.lock`
</code></pre>
</div>
        </div>
        <div class="timeline-entry">
            <div class="timeline-header">Comment by <a href="https://github.com/JakkuSakura">@JakkuSakura</a> on 2025-03-12 11:19</div>
            <div class="timeline-body"><p>https://github.com/tox-dev/tox-uv/issues/15
Might be similar to this issue</p>
</div>
        </div>
        <div class="timeline-entry">
            <div class="timeline-header">Comment by <a href="https://github.com/JakkuSakura">@JakkuSakura</a> on 2025-03-12 11:43</div>
            <div class="timeline-body"><p>I reproduced it on an empty repo</p>
<p>rm -rf .venv pyproject.toml &amp;&amp; uv init &amp;&amp; uv venv &amp;&amp; uv pip install -e . -v
works when UV_NO_BUILD_ISOLATION=0
it doesn&#x27;t work when UV_NO_BUILD_ISOLATION=1</p>
<p>There should be some document saying, if we enable NO_BUILD_ISOLATION, build-backend will not be automatically installed</p>
</div>
        </div>
        <div class="timeline-entry">
            <div class="event">Renamed from &quot;Can&#x27;t download build-backend on Ubuntu&quot; to &quot;Can&#x27;t download build-backend if UV_NO_BUILD_ISOLATION=1&quot; by <a href="https://github.com/JakkuSakura">@JakkuSakura</a> on 2025-03-12 11:50</div>
        </div>
        <div class="timeline-entry">
            <div class="event">Closed by <a href="https://github.com/JakkuSakura">@JakkuSakura</a> on 2025-03-12 11:50</div>
        </div>
        <div class="timeline-entry">
            <div class="timeline-header">Comment by <a href="https://github.com/JakkuSakura">@JakkuSakura</a> on 2025-03-12 11:53</div>
            <div class="timeline-body"><p>Oh, maybe I should keep it open. uv should be downloading build-backend into venv even with no-build-isolation</p>
<p>To me, no-build-isolation sounds like &quot;we don&#x27;t use separate venvs for build, but try to build things in current venv&quot;</p>
</div>
        </div>
        <div class="timeline-entry">
            <div class="event">Reopened by <a href="https://github.com/JakkuSakura">@JakkuSakura</a> on 2025-03-12 11:53</div>
        </div>
        <div class="timeline-entry">
            <div class="timeline-header">Comment by <a href="https://github.com/charliermarsh">@charliermarsh</a> on 2025-03-12 20:59</div>
            <div class="timeline-body"><p>I think this is working as intended (and should match pip): if you use <code>--no-build-isolation</code>, we don&#x27;t install any build requirements -- you have to take care of that part.</p>
</div>
        </div>
        <div class="timeline-entry">
            <div class="event">Closed by <a href="https://github.com/charliermarsh">@charliermarsh</a> on 2025-03-12 20:59</div>
        </div>
        <div class="timeline-entry">
            <div class="event">Assigned to <a href="https://github.com/charliermarsh">@charliermarsh</a> by <a href="https://github.com/charliermarsh">@charliermarsh</a> on 2025-03-12 20:59</div>
        </div>
    </div>

    <footer>
        Synced at 2026-01-20 19:37:44 UTC
    </footer>
</body>
</html>
