<!DOCTYPE html>
<html lang="en">
<head>
    <meta charset="UTF-8">
    <meta name="viewport" content="width=device-width, initial-scale=1.0">
    <title>uv 0.6.9 fails to run pytest-xdist - astral-sh/uv #12351</title>
    <link rel="stylesheet" href="../../../style.css">
</head>
<body>
    <div class="back-link">
        <a href="../../../index.html">Back to index</a>
    </div>

    <h1>uv 0.6.9 fails to run pytest-xdist</h1>

    <div class="meta">
        <span class="state-icon state-closed"></span>
        <a href="https://github.com/astral-sh/uv/issues/12351">#12351</a>
        opened by <a href="https://github.com/SummerStorm">@SummerStorm</a>
        on 2025-03-20 22:33
    </div>

    <div class="timeline">
        <div class="timeline-entry">
            <div class="timeline-header"><a href="https://github.com/SummerStorm">@SummerStorm</a></div>
            <div class="timeline-body">Summary
<p>Great tool. Love it. Unfortunately it is not working with <code>pytest-xdist</code>.</p>
<p>Minimal reproducible example shell script:</p>
<pre><code>curl -LsSf https://astral.sh/uv/install.sh | sh
uv init issue12349
cd issue12349
uv add pytest-xdist
uvx pytest -n auto
</code></pre>
<p>Result of running minimal reproducible example shell script:</p>
<pre><code>$ bash issue12349.sh 
downloading uv 0.6.9 x86_64-unknown-linux-gnu
no checksums to verify
installing to /home/user/.local/bin
  uv
  uvx
everything&#x27;s installed!
Initialized project `issue12349` at `/tmp/issue12349`
Using CPython 3.13.2
Creating virtual environment at: .venv
Resolved 8 packages in 516ms
Installed 6 packages in 6ms
 + execnet==2.1.1
 + iniconfig==2.1.0
 + packaging==24.2
 + pluggy==1.5.0
 + pytest==8.3.5
 + pytest-xdist==3.6.1
Installed 4 packages in 5ms
ERROR: usage: pytest [options] [file_or_dir] [file_or_dir] [...]
pytest: error: unrecognized arguments: -n
  inifile: /tmp/issue12349/pyproject.toml
  rootdir: /tmp/issue12349
</code></pre>


Result of running minimal reproducible example shell script with --verbose and a dump of pyproject.toml uv.lock:

minimal reproducible example shell script with --verbose
<pre><code>#export VERBOSE=--verbose
export FOO=&quot;issue12349$VERBOSE&quot;
curl -LsSf https://astral.sh/uv/install.sh | sh
uv init $VERBOSE $FOO
cd $FOO
uv add $VERBOSE pytest-xdist
uvx $VERBOSE pytest -n auto || true

if [[ -z $VERBOSE ]] ; then
    exit 0
fi
uv --version &amp;&amp; lsb_release -a &amp;&amp; cat /etc/os-release &amp;&amp; cat pyproject.toml uv.lock .python-version
grep -r xdist
</code></pre>
Result of running minimal reproducible example shell script with --verbose:
<pre><code>VERBOSE=--verbose bash issue12349.sh 
downloading uv 0.6.9 x86_64-unknown-linux-gnu
no checksums to verify
installing to /home/user/.local/bin
  uv
  uvx
everything&#x27;s installed!
DEBUG uv 0.6.9
DEBUG Checking for Python environment at `issue12349--verbose/.venv`
DEBUG Searching for default Python interpreter in managed installations or search path
DEBUG Searching for managed installations at `/home/user/.local/share/uv/python`
DEBUG Found managed installation `cpython-3.13.2-linux-x86_64-gnu`
DEBUG Found `cpython-3.13.2-linux-x86_64-gnu` at `/home/user/.local/share/uv/python/cpython-3.13.2-linux-x86_64-gnu/bin/python3.13` (managed installations)
DEBUG Writing Python versions to `/tmp/issue12349--verbose/.python-version`
Initialized project `issue12349-verbose` at `/tmp/issue12349--verbose`
DEBUG uv 0.6.9
DEBUG Found project root: `/tmp/issue12349--verbose`
DEBUG No workspace root found, using project root
DEBUG Acquired lock for `/tmp/issue12349--verbose`
DEBUG Reading Python requests from version file at `/tmp/issue12349--verbose/.python-version`
DEBUG Using Python request `3.13` from version file at `.python-version`
DEBUG Checking for Python environment at `.venv`
DEBUG Searching for Python 3.13 in managed installations or search path
DEBUG Searching for managed installations at `/home/user/.local/share/uv/python`
DEBUG Found managed installation `cpython-3.13.2-linux-x86_64-gnu`
DEBUG Found `cpython-3.13.2-linux-x86_64-gnu` at `/home/user/.local/share/uv/python/cpython-3.13.2-linux-x86_64-gnu/bin/python3.13` (managed installations)
Using CPython 3.13.2
Creating virtual environment at: .venv
DEBUG Assessing Python executable as base candidate: /home/user/.local/share/uv/python/cpython-3.13.2-linux-x86_64-gnu/bin/python3.13
DEBUG Using base executable for virtual environment: /home/user/.local/share/uv/python/cpython-3.13.2-linux-x86_64-gnu/bin/python3.13
DEBUG Released lock at `/tmp/uv-cb0fe04178ae3934.lock`
DEBUG Using request timeout of 30s
DEBUG Found static `pyproject.toml` for: issue12349-verbose @ file:///tmp/issue12349--verbose
DEBUG No workspace root found, using project root
DEBUG Solving with installed Python version: 3.13.2
DEBUG Solving with target Python version: &gt;=3.13
DEBUG Adding direct dependency: issue12349-verbose*
DEBUG Searching for a compatible version of issue12349-verbose @ file:///tmp/issue12349--verbose (*)
DEBUG Adding direct dependency: pytest-xdist*
DEBUG Found fresh response for: https://pypi.org/simple/pytest-xdist/
DEBUG Searching for a compatible version of pytest-xdist (*)
DEBUG Selecting: pytest-xdist==3.6.1 [compatible] (pytest_xdist-3.6.1-py3-none-any.whl)
DEBUG Found fresh response for: https://files.pythonhosted.org/packages/6d/82/1d96bf03ee4c0fdc3c0cbe61470070e659ca78dc0086fb88b66c185e2449/pytest_xdist-3.6.1-py3-none-any.whl.metadata
DEBUG Adding transitive dependency for pytest-xdist==3.6.1: execnet&gt;=2.1
DEBUG Adding transitive dependency for pytest-xdist==3.6.1: pytest&gt;=7.0.0
DEBUG Found fresh response for: https://pypi.org/simple/execnet/
DEBUG Searching for a compatible version of execnet (&gt;=2.1)
DEBUG Selecting: execnet==2.1.1 [compatible] (execnet-2.1.1-py3-none-any.whl)
DEBUG Found fresh response for: https://files.pythonhosted.org/packages/43/09/2aea36ff60d16dd8879bdb2f5b3ee0ba8d08cbbdcdfe870e695ce3784385/execnet-2.1.1-py3-none-any.whl.metadata
DEBUG Found fresh response for: https://pypi.org/simple/pytest/
DEBUG Searching for a compatible version of pytest (&gt;=7.0.0)
DEBUG Selecting: pytest==8.3.5 [compatible] (pytest-8.3.5-py3-none-any.whl)
DEBUG Found fresh response for: https://files.pythonhosted.org/packages/30/3d/64ad57c803f1fa1e963a7946b6e0fea4a70df53c1a7fed304586539c2bac/pytest-8.3.5-py3-none-any.whl.metadata
DEBUG Adding transitive dependency for pytest==8.3.5: colorama{sys_platform == &#x27;win32&#x27;}*
DEBUG Adding transitive dependency for pytest==8.3.5: iniconfig*
DEBUG Adding transitive dependency for pytest==8.3.5: packaging*
DEBUG Adding transitive dependency for pytest==8.3.5: pluggy&gt;=1.5, &lt;2
DEBUG Found fresh response for: https://pypi.org/simple/iniconfig/
DEBUG Found fresh response for: https://pypi.org/simple/colorama/
DEBUG Searching for a compatible version of colorama{sys_platform == &#x27;win32&#x27;} (*)
DEBUG Found fresh response for: https://pypi.org/simple/packaging/
DEBUG Selecting: colorama==0.4.6 [compatible] (colorama-0.4.6-py2.py3-none-any.whl)
DEBUG Found fresh response for: https://pypi.org/simple/pluggy/
DEBUG Adding transitive dependency for colorama==0.4.6: colorama==0.4.6
DEBUG Adding transitive dependency for colorama==0.4.6: colorama{sys_platform == &#x27;win32&#x27;}==0.4.6
DEBUG Searching for a compatible version of colorama (==0.4.6)
DEBUG Selecting: colorama==0.4.6 [compatible] (colorama-0.4.6-py2.py3-none-any.whl)
DEBUG Found fresh response for: https://files.pythonhosted.org/packages/2c/e1/e6716421ea10d38022b952c159d5161ca1193197fb744506875fbb87ea7b/iniconfig-2.1.0-py3-none-any.whl.metadata
DEBUG Found fresh response for: https://files.pythonhosted.org/packages/88/ef/eb23f262cca3c0c4eb7ab1933c3b1f03d021f2c48f54763065b6f0e321be/packaging-24.2-py3-none-any.whl.metadata
DEBUG Found fresh response for: https://files.pythonhosted.org/packages/88/5f/e351af9a41f866ac3f1fac4ca0613908d9a41741cfcf2228f4ad853b697d/pluggy-1.5.0-py3-none-any.whl.metadata
DEBUG Found fresh response for: https://files.pythonhosted.org/packages/d1/d6/3965ed04c63042e047cb6a3e6ed1a63a35087b6a609aa3a15ed8ac56c221/colorama-0.4.6-py2.py3-none-any.whl.metadata
DEBUG Searching for a compatible version of colorama{sys_platform == &#x27;win32&#x27;} (==0.4.6)
DEBUG Selecting: colorama==0.4.6 [compatible] (colorama-0.4.6-py2.py3-none-any.whl)
DEBUG Searching for a compatible version of iniconfig (*)
DEBUG Selecting: iniconfig==2.1.0 [compatible] (iniconfig-2.1.0-py3-none-any.whl)
DEBUG Searching for a compatible version of packaging (*)
DEBUG Selecting: packaging==24.2 [compatible] (packaging-24.2-py3-none-any.whl)
DEBUG Searching for a compatible version of pluggy (&gt;=1.5, &lt;2)
DEBUG Selecting: pluggy==1.5.0 [compatible] (pluggy-1.5.0-py3-none-any.whl)
DEBUG Tried 8 versions: colorama 1, execnet 1, iniconfig 1, issue12349-verbose 1, packaging 1, pluggy 1, pytest 1, pytest-xdist 1
DEBUG all marker environments resolution took 0.004s
Resolved 8 packages in 6ms
DEBUG Using request timeout of 30s
DEBUG Found static `pyproject.toml` for: issue12349-verbose @ file:///tmp/issue12349--verbose
DEBUG No workspace root found, using project root
DEBUG Ignoring existing lockfile due to mismatched requirements for: `issue12349-verbose==0.1.0`
  Requested: {Requirement { name: PackageName(&quot;pytest-xdist&quot;), extras: [], groups: [], marker: true, source: Registry { specifier: VersionSpecifiers([VersionSpecifier { operator: GreaterThanEqual, version: &quot;3.6.1&quot; }]), index: None, conflict: None }, origin: None }}
  Existing: {Requirement { name: PackageName(&quot;pytest-xdist&quot;), extras: [], groups: [], marker: true, source: Registry { specifier: VersionSpecifiers([]), index: None, conflict: None }, origin: None }}
DEBUG Solving with installed Python version: 3.13.2
DEBUG Solving with target Python version: &gt;=3.13
DEBUG Adding direct dependency: issue12349-verbose*
DEBUG Searching for a compatible version of issue12349-verbose @ file:///tmp/issue12349--verbose (*)
DEBUG Adding direct dependency: pytest-xdist&gt;=3.6.1
DEBUG Searching for a compatible version of pytest-xdist (&gt;=3.6.1)
DEBUG Selecting: pytest-xdist==3.6.1 [preference] (pytest_xdist-3.6.1-py3-none-any.whl)
DEBUG Adding transitive dependency for pytest-xdist==3.6.1: execnet&gt;=2.1
DEBUG Adding transitive dependency for pytest-xdist==3.6.1: pytest&gt;=7.0.0
DEBUG Searching for a compatible version of execnet (&gt;=2.1)
DEBUG Selecting: execnet==2.1.1 [preference] (execnet-2.1.1-py3-none-any.whl)
DEBUG Searching for a compatible version of pytest (&gt;=7.0.0)
DEBUG Selecting: pytest==8.3.5 [preference] (pytest-8.3.5-py3-none-any.whl)
DEBUG Adding transitive dependency for pytest==8.3.5: colorama{sys_platform == &#x27;win32&#x27;}*
DEBUG Adding transitive dependency for pytest==8.3.5: iniconfig*
DEBUG Adding transitive dependency for pytest==8.3.5: packaging*
DEBUG Adding transitive dependency for pytest==8.3.5: pluggy&gt;=1.5, &lt;2
DEBUG Searching for a compatible version of colorama{sys_platform == &#x27;win32&#x27;} (*)
DEBUG Selecting: colorama==0.4.6 [preference] (colorama-0.4.6-py2.py3-none-any.whl)
DEBUG Adding transitive dependency for colorama==0.4.6: colorama==0.4.6
DEBUG Adding transitive dependency for colorama==0.4.6: colorama{sys_platform == &#x27;win32&#x27;}==0.4.6
DEBUG Searching for a compatible version of colorama (==0.4.6)
DEBUG Selecting: colorama==0.4.6 [preference] (colorama-0.4.6-py2.py3-none-any.whl)
DEBUG Searching for a compatible version of colorama{sys_platform == &#x27;win32&#x27;} (==0.4.6)
DEBUG Selecting: colorama==0.4.6 [preference] (colorama-0.4.6-py2.py3-none-any.whl)
DEBUG Searching for a compatible version of iniconfig (*)
DEBUG Selecting: iniconfig==2.1.0 [preference] (iniconfig-2.1.0-py3-none-any.whl)
DEBUG Searching for a compatible version of packaging (*)
DEBUG Selecting: packaging==24.2 [preference] (packaging-24.2-py3-none-any.whl)
DEBUG Searching for a compatible version of pluggy (&gt;=1.5, &lt;2)
DEBUG Selecting: pluggy==1.5.0 [preference] (pluggy-1.5.0-py3-none-any.whl)
DEBUG Tried 8 versions: colorama 1, execnet 1, iniconfig 1, issue12349-verbose 1, packaging 1, pluggy 1, pytest 1, pytest-xdist 1
DEBUG all marker environments resolution took 0.001s
DEBUG Using request timeout of 30s
DEBUG Registry requirement already cached: pytest-xdist==3.6.1
DEBUG Registry requirement already cached: execnet==2.1.1
DEBUG Registry requirement already cached: pytest==8.3.5
DEBUG Registry requirement already cached: iniconfig==2.1.0
DEBUG Registry requirement already cached: packaging==24.2
DEBUG Registry requirement already cached: pluggy==1.5.0
Installed 6 packages in 5ms
 + execnet==2.1.1
 + iniconfig==2.1.0
 + packaging==24.2
 + pluggy==1.5.0
 + pytest==8.3.5
 + pytest-xdist==3.6.1
DEBUG uv 0.6.9
DEBUG Searching for default Python interpreter in managed installations or search path
DEBUG Searching for managed installations at `/home/user/.local/share/uv/python`
DEBUG Found managed installation `cpython-3.13.2-linux-x86_64-gnu`
DEBUG Found `cpython-3.13.2-linux-x86_64-gnu` at `/home/user/.local/share/uv/python/cpython-3.13.2-linux-x86_64-gnu/bin/python3.13` (managed installations)
DEBUG Acquired lock for `/home/user/.local/share/uv/tools`
DEBUG Checking for Python environment at `/home/user/.local/share/uv/tools/pytest`
DEBUG Released lock at `/home/user/.local/share/uv/tools/.lock`
DEBUG Assessing Python executable as base candidate: /home/user/.local/share/uv/python/cpython-3.13.2-linux-x86_64-gnu/bin/python3.13
DEBUG Caching via base interpreter: `/home/user/.local/share/uv/python/cpython-3.13.2-linux-x86_64-gnu/bin/python3.13`
DEBUG Using request timeout of 30s
DEBUG Solving with installed Python version: 3.13.2
DEBUG Solving with target Python version: &gt;=3.13.2
DEBUG Adding direct dependency: pytest*
DEBUG Found fresh response for: https://pypi.org/simple/pytest/
DEBUG Searching for a compatible version of pytest (*)
DEBUG Selecting: pytest==8.3.5 [compatible] (pytest-8.3.5-py3-none-any.whl)
DEBUG Found fresh response for: https://files.pythonhosted.org/packages/30/3d/64ad57c803f1fa1e963a7946b6e0fea4a70df53c1a7fed304586539c2bac/pytest-8.3.5-py3-none-any.whl.metadata
DEBUG Adding transitive dependency for pytest==8.3.5: iniconfig*
DEBUG Adding transitive dependency for pytest==8.3.5: packaging*
DEBUG Adding transitive dependency for pytest==8.3.5: pluggy&gt;=1.5, &lt;2
DEBUG Found fresh response for: https://pypi.org/simple/iniconfig/
DEBUG Found fresh response for: https://pypi.org/simple/pluggy/
DEBUG Searching for a compatible version of iniconfig (*)
DEBUG Selecting: iniconfig==2.1.0 [compatible] (iniconfig-2.1.0-py3-none-any.whl)
DEBUG Found fresh response for: https://files.pythonhosted.org/packages/88/5f/e351af9a41f866ac3f1fac4ca0613908d9a41741cfcf2228f4ad853b697d/pluggy-1.5.0-py3-none-any.whl.metadata
DEBUG Found fresh response for: https://pypi.org/simple/packaging/
DEBUG Found fresh response for: https://files.pythonhosted.org/packages/2c/e1/e6716421ea10d38022b952c159d5161ca1193197fb744506875fbb87ea7b/iniconfig-2.1.0-py3-none-any.whl.metadata
DEBUG Searching for a compatible version of packaging (*)
DEBUG Selecting: packaging==24.2 [compatible] (packaging-24.2-py3-none-any.whl)
DEBUG Found fresh response for: https://files.pythonhosted.org/packages/88/ef/eb23f262cca3c0c4eb7ab1933c3b1f03d021f2c48f54763065b6f0e321be/packaging-24.2-py3-none-any.whl.metadata
DEBUG Searching for a compatible version of pluggy (&gt;=1.5, &lt;2)
DEBUG Selecting: pluggy==1.5.0 [compatible] (pluggy-1.5.0-py3-none-any.whl)
DEBUG Tried 4 versions: iniconfig 1, packaging 1, pluggy 1, pytest 1
DEBUG marker environment resolution took 0.003s
Resolved 4 packages in 4ms
DEBUG Checking for Python environment at `/home/user/.cache/uv/archive-v0/00xTiVIZghxmxcqfwyEEE`
DEBUG Running `pytest -n auto`
DEBUG Looking at `.dist-info` at: /home/user/.cache/uv/archive-v0/00xTiVIZghxmxcqfwyEEE/lib/python3.13/site-packages/iniconfig-2.1.0.dist-info
DEBUG Looking at `.dist-info` at: /home/user/.cache/uv/archive-v0/00xTiVIZghxmxcqfwyEEE/lib/python3.13/site-packages/packaging-24.2.dist-info
DEBUG Looking at `.dist-info` at: /home/user/.cache/uv/archive-v0/00xTiVIZghxmxcqfwyEEE/lib/python3.13/site-packages/pluggy-1.5.0.dist-info
DEBUG Looking at `.dist-info` at: /home/user/.cache/uv/archive-v0/00xTiVIZghxmxcqfwyEEE/lib/python3.13/site-packages/pytest-8.3.5.dist-info
DEBUG Spawned child 4127 in process group 4024
ERROR: usage: pytest [options] [file_or_dir] [file_or_dir] [...]
pytest: error: unrecognized arguments: -n
  inifile: /tmp/issue12349--verbose/pyproject.toml
  rootdir: /tmp/issue12349--verbose

DEBUG Command exited with code: 4
uv 0.6.9
No LSB modules are available.
Distributor ID:	Ubuntu
Description:	Ubuntu 24.04.2 LTS
Release:	24.04
Codename:	noble
PRETTY_NAME=&quot;Ubuntu 24.04.2 LTS&quot;
NAME=&quot;Ubuntu&quot;
VERSION_ID=&quot;24.04&quot;
VERSION=&quot;24.04.2 LTS (Noble Numbat)&quot;
VERSION_CODENAME=noble
ID=ubuntu
ID_LIKE=debian
HOME_URL=&quot;https://www.ubuntu.com/&quot;
SUPPORT_URL=&quot;https://help.ubuntu.com/&quot;
BUG_REPORT_URL=&quot;https://bugs.launchpad.net/ubuntu/&quot;
PRIVACY_POLICY_URL=&quot;https://www.ubuntu.com/legal/terms-and-policies/privacy-policy&quot;
UBUNTU_CODENAME=noble
LOGO=ubuntu-logo
[project]
name = &quot;issue12349-verbose&quot;
version = &quot;0.1.0&quot;
description = &quot;Add your description here&quot;
readme = &quot;README.md&quot;
requires-python = &quot;&gt;=3.13&quot;
dependencies = [
    &quot;pytest-xdist&gt;=3.6.1&quot;,
]
version = 1
revision = 1
requires-python = &quot;&gt;=3.13&quot;

[[package]]
name = &quot;colorama&quot;
version = &quot;0.4.6&quot;
source = { registry = &quot;https://pypi.org/simple&quot; }
sdist = { url = &quot;https://files.pythonhosted.org/packages/d8/53/6f443c9a4a8358a93a6792e2acffb9d9d5cb0a5cfd8802644b7b1c9a02e4/colorama-0.4.6.tar.gz&quot;, hash = &quot;sha256:08695f5cb7ed6e0531a20572697297273c47b8cae5a63ffc6d6ed5c201be6e44&quot;, size = 27697 }
wheels = [
    { url = &quot;https://files.pythonhosted.org/packages/d1/d6/3965ed04c63042e047cb6a3e6ed1a63a35087b6a609aa3a15ed8ac56c221/colorama-0.4.6-py2.py3-none-any.whl&quot;, hash = &quot;sha256:4f1d9991f5acc0ca119f9d443620b77f9d6b33703e51011c16baf57afb285fc6&quot;, size = 25335 },
]

[[package]]
name = &quot;execnet&quot;
version = &quot;2.1.1&quot;
source = { registry = &quot;https://pypi.org/simple&quot; }
sdist = { url = &quot;https://files.pythonhosted.org/packages/bb/ff/b4c0dc78fbe20c3e59c0c7334de0c27eb4001a2b2017999af398bf730817/execnet-2.1.1.tar.gz&quot;, hash = &quot;sha256:5189b52c6121c24feae288166ab41b32549c7e2348652736540b9e6e7d4e72e3&quot;, size = 166524 }
wheels = [
    { url = &quot;https://files.pythonhosted.org/packages/43/09/2aea36ff60d16dd8879bdb2f5b3ee0ba8d08cbbdcdfe870e695ce3784385/execnet-2.1.1-py3-none-any.whl&quot;, hash = &quot;sha256:26dee51f1b80cebd6d0ca8e74dd8745419761d3bef34163928cbebbdc4749fdc&quot;, size = 40612 },
]

[[package]]
name = &quot;iniconfig&quot;
version = &quot;2.1.0&quot;
source = { registry = &quot;https://pypi.org/simple&quot; }
sdist = { url = &quot;https://files.pythonhosted.org/packages/f2/97/ebf4da567aa6827c909642694d71c9fcf53e5b504f2d96afea02718862f3/iniconfig-2.1.0.tar.gz&quot;, hash = &quot;sha256:3abbd2e30b36733fee78f9c7f7308f2d0050e88f0087fd25c2645f63c773e1c7&quot;, size = 4793 }
wheels = [
    { url = &quot;https://files.pythonhosted.org/packages/2c/e1/e6716421ea10d38022b952c159d5161ca1193197fb744506875fbb87ea7b/iniconfig-2.1.0-py3-none-any.whl&quot;, hash = &quot;sha256:9deba5723312380e77435581c6bf4935c94cbfab9b1ed33ef8d238ea168eb760&quot;, size = 6050 },
]

[[package]]
name = &quot;issue12349-verbose&quot;
version = &quot;0.1.0&quot;
source = { virtual = &quot;.&quot; }
dependencies = [
    { name = &quot;pytest-xdist&quot; },
]

[package.metadata]
requires-dist = [{ name = &quot;pytest-xdist&quot;, specifier = &quot;&gt;=3.6.1&quot; }]

[[package]]
name = &quot;packaging&quot;
version = &quot;24.2&quot;
source = { registry = &quot;https://pypi.org/simple&quot; }
sdist = { url = &quot;https://files.pythonhosted.org/packages/d0/63/68dbb6eb2de9cb10ee4c9c14a0148804425e13c4fb20d61cce69f53106da/packaging-24.2.tar.gz&quot;, hash = &quot;sha256:c228a6dc5e932d346bc5739379109d49e8853dd8223571c7c5b55260edc0b97f&quot;, size = 163950 }
wheels = [
    { url = &quot;https://files.pythonhosted.org/packages/88/ef/eb23f262cca3c0c4eb7ab1933c3b1f03d021f2c48f54763065b6f0e321be/packaging-24.2-py3-none-any.whl&quot;, hash = &quot;sha256:09abb1bccd265c01f4a3aa3f7a7db064b36514d2cba19a2f694fe6150451a759&quot;, size = 65451 },
]

[[package]]
name = &quot;pluggy&quot;
version = &quot;1.5.0&quot;
source = { registry = &quot;https://pypi.org/simple&quot; }
sdist = { url = &quot;https://files.pythonhosted.org/packages/96/2d/02d4312c973c6050a18b314a5ad0b3210edb65a906f868e31c111dede4a6/pluggy-1.5.0.tar.gz&quot;, hash = &quot;sha256:2cffa88e94fdc978c4c574f15f9e59b7f4201d439195c3715ca9e2486f1d0cf1&quot;, size = 67955 }
wheels = [
    { url = &quot;https://files.pythonhosted.org/packages/88/5f/e351af9a41f866ac3f1fac4ca0613908d9a41741cfcf2228f4ad853b697d/pluggy-1.5.0-py3-none-any.whl&quot;, hash = &quot;sha256:44e1ad92c8ca002de6377e165f3e0f1be63266ab4d554740532335b9d75ea669&quot;, size = 20556 },
]

[[package]]
name = &quot;pytest&quot;
version = &quot;8.3.5&quot;
source = { registry = &quot;https://pypi.org/simple&quot; }
dependencies = [
    { name = &quot;colorama&quot;, marker = &quot;sys_platform == &#x27;win32&#x27;&quot; },
    { name = &quot;iniconfig&quot; },
    { name = &quot;packaging&quot; },
    { name = &quot;pluggy&quot; },
]
sdist = { url = &quot;https://files.pythonhosted.org/packages/ae/3c/c9d525a414d506893f0cd8a8d0de7706446213181570cdbd766691164e40/pytest-8.3.5.tar.gz&quot;, hash = &quot;sha256:f4efe70cc14e511565ac476b57c279e12a855b11f48f212af1080ef2263d3845&quot;, size = 1450891 }
wheels = [
    { url = &quot;https://files.pythonhosted.org/packages/30/3d/64ad57c803f1fa1e963a7946b6e0fea4a70df53c1a7fed304586539c2bac/pytest-8.3.5-py3-none-any.whl&quot;, hash = &quot;sha256:c69214aa47deac29fad6c2a4f590b9c4a9fdb16a403176fe154b79c0b4d4d820&quot;, size = 343634 },
]

[[package]]
name = &quot;pytest-xdist&quot;
version = &quot;3.6.1&quot;
source = { registry = &quot;https://pypi.org/simple&quot; }
dependencies = [
    { name = &quot;execnet&quot; },
    { name = &quot;pytest&quot; },
]
sdist = { url = &quot;https://files.pythonhosted.org/packages/41/c4/3c310a19bc1f1e9ef50075582652673ef2bfc8cd62afef9585683821902f/pytest_xdist-3.6.1.tar.gz&quot;, hash = &quot;sha256:ead156a4db231eec769737f57668ef58a2084a34b2e55c4a8fa20d861107300d&quot;, size = 84060 }
wheels = [
    { url = &quot;https://files.pythonhosted.org/packages/6d/82/1d96bf03ee4c0fdc3c0cbe61470070e659ca78dc0086fb88b66c185e2449/pytest_xdist-3.6.1-py3-none-any.whl&quot;, hash = &quot;sha256:9ed4adfb68a016610848639bb7e02c9352d5d9f03d04809919e2dafc3be4cca7&quot;, size = 46108 },
]
3.13
pyproject.toml:    &quot;pytest-xdist&gt;=3.6.1&quot;,
.venv/lib/python3.13/site-packages/xdist/workermanage.py:from xdist.plugin import _sys_path
.venv/lib/python3.13/site-packages/xdist/workermanage.py:import xdist.remote
.venv/lib/python3.13/site-packages/xdist/workermanage.py:from xdist.remote import Producer
.venv/lib/python3.13/site-packages/xdist/workermanage.py:from xdist.remote import WorkerInfo
.venv/lib/python3.13/site-packages/xdist/workermanage.py:        self.config.hook.pytest_xdist_setupnodes(config=self.config, specs=self.specs)
.venv/lib/python3.13/site-packages/xdist/workermanage.py:        self.config.hook.pytest_xdist_newgateway(gateway=gw)
.venv/lib/python3.13/site-packages/xdist/workermanage.py:        #     pytest_xdist_rsyncstart and pytest_xdist_rsyncfinish to
.venv/lib/python3.13/site-packages/xdist/workermanage.py:        self.config.hook.pytest_xdist_rsyncstart(source=source, gateways=[gateway])
.venv/lib/python3.13/site-packages/xdist/workermanage.py:        self.config.hook.pytest_xdist_rsyncfinish(source=source, gateways=[gateway])
.venv/lib/python3.13/site-packages/xdist/workermanage.py:        def pytest_xdist_getremotemodule(self) -&gt; Any:
.venv/lib/python3.13/site-packages/xdist/workermanage.py:            return xdist.remote
.venv/lib/python3.13/site-packages/xdist/workermanage.py:        remote_module = self.config.hook.pytest_xdist_getremotemodule()
.venv/lib/python3.13/site-packages/xdist/plugin.py:def pytest_xdist_auto_num_workers(config: pytest.Config) -&gt; int:
.venv/lib/python3.13/site-packages/xdist/plugin.py:    group = parser.getgroup(&quot;xdist&quot;, &quot;distributed and subprocess testing&quot;)
.venv/lib/python3.13/site-packages/xdist/plugin.py:            &quot;loadgroup: Like &#x27;load&#x27;, but sends tests marked with &#x27;xdist_group&#x27; to the same worker.\n\n&quot;
.venv/lib/python3.13/site-packages/xdist/plugin.py:    from xdist import newhooks
.venv/lib/python3.13/site-packages/xdist/plugin.py:        &quot;xdist_group: specify group for tests should run in same session.&quot;
.venv/lib/python3.13/site-packages/xdist/plugin.py:        &quot;in relation to one another. Provided by pytest-xdist.&quot;
.venv/lib/python3.13/site-packages/xdist/plugin.py:        from xdist.dsession import DSession
.venv/lib/python3.13/site-packages/xdist/plugin.py:            &quot;The loop-on-fail feature will be removed in pytest-xdist 4.0.&quot;
.venv/lib/python3.13/site-packages/xdist/plugin.py:            &quot;The rsync feature will be removed in pytest-xdist 4.0.&quot;
.venv/lib/python3.13/site-packages/xdist/plugin.py:            auto_num_cpus = config.hook.pytest_xdist_auto_num_workers(config=config)
.venv/lib/python3.13/site-packages/xdist/plugin.py:def is_xdist_worker(
.venv/lib/python3.13/site-packages/xdist/plugin.py:    &quot;&quot;&quot;Return `True` if this is an xdist worker, `False` otherwise.
.venv/lib/python3.13/site-packages/xdist/plugin.py:def is_xdist_controller(
.venv/lib/python3.13/site-packages/xdist/plugin.py:    &quot;&quot;&quot;Return `True` if this is the xdist controller, `False` otherwise.
.venv/lib/python3.13/site-packages/xdist/plugin.py:        not is_xdist_worker(request_or_session)
.venv/lib/python3.13/site-packages/xdist/plugin.py:is_xdist_master = is_xdist_controller
.venv/lib/python3.13/site-packages/xdist/plugin.py:def get_xdist_worker_id(
.venv/lib/python3.13/site-packages/xdist/plugin.py:    return get_xdist_worker_id(request)
.venv/lib/python3.13/site-packages/xdist/__init__.py:from xdist._version import version as __version__
.venv/lib/python3.13/site-packages/xdist/__init__.py:from xdist.plugin import get_xdist_worker_id
.venv/lib/python3.13/site-packages/xdist/__init__.py:from xdist.plugin import is_xdist_controller
.venv/lib/python3.13/site-packages/xdist/__init__.py:from xdist.plugin import is_xdist_master
.venv/lib/python3.13/site-packages/xdist/__init__.py:from xdist.plugin import is_xdist_worker
.venv/lib/python3.13/site-packages/xdist/__init__.py:    &quot;is_xdist_worker&quot;,
.venv/lib/python3.13/site-packages/xdist/__init__.py:    &quot;is_xdist_master&quot;,
.venv/lib/python3.13/site-packages/xdist/__init__.py:    &quot;is_xdist_controller&quot;,
.venv/lib/python3.13/site-packages/xdist/__init__.py:    &quot;get_xdist_worker_id&quot;,
.venv/lib/python3.13/site-packages/xdist/looponfail.py:from xdist._path import visit_path
.venv/lib/python3.13/site-packages/xdist/looponfail.py:    group = parser.getgroup(&quot;xdist&quot;, &quot;distributed and subprocess testing&quot;)
.venv/lib/python3.13/site-packages/xdist/looponfail.py:    from xdist.looponfail import WorkerFailSession
.venv/lib/python3.13/site-packages/xdist/remote.py:on the rest of the xdist code.  This means that the xdist-plugin
.venv/lib/python3.13/site-packages/xdist/remote.py:    Note: this is defined here because this module can&#x27;t depend on xdist, so we need
.venv/lib/python3.13/site-packages/xdist/remote.py:        worker_title(&quot;[pytest-xdist running] %s&quot; % item.nodeid)
.venv/lib/python3.13/site-packages/xdist/remote.py:        worker_title(&quot;[pytest-xdist idle]&quot;)
.venv/lib/python3.13/site-packages/xdist/remote.py:                mark = item.get_closest_marker(&quot;xdist_group&quot;)
.venv/lib/python3.13/site-packages/xdist/scheduler/loadgroup.py:from xdist.remote import Producer
.venv/lib/python3.13/site-packages/xdist/scheduler/loadgroup.py:    &quot;&quot;&quot;Implement load scheduling across nodes, but grouping test by xdist_group mark.
.venv/lib/python3.13/site-packages/xdist/scheduler/loadgroup.py:    This class behaves very much like LoadScopeScheduling, but it groups tests by xdist_group mark
.venv/lib/python3.13/site-packages/xdist/scheduler/protocol.py:from xdist.workermanage import WorkerController
.venv/lib/python3.13/site-packages/xdist/scheduler/worksteal.py:from xdist.remote import Producer
.venv/lib/python3.13/site-packages/xdist/scheduler/worksteal.py:from xdist.report import report_collection_diff
.venv/lib/python3.13/site-packages/xdist/scheduler/worksteal.py:from xdist.workermanage import parse_spec_config
.venv/lib/python3.13/site-packages/xdist/scheduler/worksteal.py:from xdist.workermanage import WorkerController
.venv/lib/python3.13/site-packages/xdist/scheduler/__init__.py:from xdist.scheduler.each import EachScheduling as EachScheduling
.venv/lib/python3.13/site-packages/xdist/scheduler/__init__.py:from xdist.scheduler.load import LoadScheduling as LoadScheduling
.venv/lib/python3.13/site-packages/xdist/scheduler/__init__.py:from xdist.scheduler.loadfile import LoadFileScheduling as LoadFileScheduling
.venv/lib/python3.13/site-packages/xdist/scheduler/__init__.py:from xdist.scheduler.loadgroup import LoadGroupScheduling as LoadGroupScheduling
.venv/lib/python3.13/site-packages/xdist/scheduler/__init__.py:from xdist.scheduler.loadscope import LoadScopeScheduling as LoadScopeScheduling
.venv/lib/python3.13/site-packages/xdist/scheduler/__init__.py:from xdist.scheduler.protocol import Scheduling as Scheduling
.venv/lib/python3.13/site-packages/xdist/scheduler/__init__.py:from xdist.scheduler.worksteal import WorkStealingScheduling as WorkStealingScheduling
.venv/lib/python3.13/site-packages/xdist/scheduler/load.py:from xdist.remote import Producer
.venv/lib/python3.13/site-packages/xdist/scheduler/load.py:from xdist.report import report_collection_diff
.venv/lib/python3.13/site-packages/xdist/scheduler/load.py:from xdist.workermanage import parse_spec_config
.venv/lib/python3.13/site-packages/xdist/scheduler/load.py:from xdist.workermanage import WorkerController
.venv/lib/python3.13/site-packages/xdist/scheduler/loadscope.py:from xdist.remote import Producer
.venv/lib/python3.13/site-packages/xdist/scheduler/loadscope.py:from xdist.report import report_collection_diff
.venv/lib/python3.13/site-packages/xdist/scheduler/loadscope.py:from xdist.workermanage import parse_spec_config
.venv/lib/python3.13/site-packages/xdist/scheduler/loadscope.py:from xdist.workermanage import WorkerController
.venv/lib/python3.13/site-packages/xdist/scheduler/each.py:from xdist.remote import Producer
.venv/lib/python3.13/site-packages/xdist/scheduler/each.py:from xdist.report import report_collection_diff
.venv/lib/python3.13/site-packages/xdist/scheduler/each.py:from xdist.workermanage import parse_spec_config
.venv/lib/python3.13/site-packages/xdist/scheduler/each.py:from xdist.workermanage import WorkerController
.venv/lib/python3.13/site-packages/xdist/scheduler/loadfile.py:from xdist.remote import Producer
.venv/lib/python3.13/site-packages/xdist/dsession.py:from xdist.remote import Producer
.venv/lib/python3.13/site-packages/xdist/dsession.py:from xdist.remote import WorkerInfo
.venv/lib/python3.13/site-packages/xdist/dsession.py:from xdist.scheduler import EachScheduling
.venv/lib/python3.13/site-packages/xdist/dsession.py:from xdist.scheduler import LoadFileScheduling
.venv/lib/python3.13/site-packages/xdist/dsession.py:from xdist.scheduler import LoadGroupScheduling
.venv/lib/python3.13/site-packages/xdist/dsession.py:from xdist.scheduler import LoadScheduling
.venv/lib/python3.13/site-packages/xdist/dsession.py:from xdist.scheduler import LoadScopeScheduling
.venv/lib/python3.13/site-packages/xdist/dsession.py:from xdist.scheduler import Scheduling
.venv/lib/python3.13/site-packages/xdist/dsession.py:from xdist.scheduler import WorkStealingScheduling
.venv/lib/python3.13/site-packages/xdist/dsession.py:from xdist.workermanage import NodeManager
.venv/lib/python3.13/site-packages/xdist/dsession.py:from xdist.workermanage import WorkerController
.venv/lib/python3.13/site-packages/xdist/dsession.py:    def pytest_xdist_make_scheduler(
.venv/lib/python3.13/site-packages/xdist/dsession.py:        self.sched = self.config.hook.pytest_xdist_make_scheduler(
.venv/lib/python3.13/site-packages/xdist/dsession.py:            terminalreporter.write_sep(&quot;=&quot;, f&quot;xdist: {self._summary_report}&quot;)
.venv/lib/python3.13/site-packages/xdist/dsession.py:        self.config.hook.pytest_xdist_node_collection_finished(node=node, ids=ids)
.venv/lib/python3.13/site-packages/xdist/dsession.py:    def pytest_xdist_setupnodes(self, specs: Sequence[execnet.XSpec]) -&gt; None:
.venv/lib/python3.13/site-packages/xdist/dsession.py:    def pytest_xdist_newgateway(self, gateway: execnet.Gateway) -&gt; None:
.venv/lib/python3.13/site-packages/xdist/newhooks.py:xdist hooks.
.venv/lib/python3.13/site-packages/xdist/newhooks.py:Additionally, pytest-xdist will also decorate a few other hooks
.venv/lib/python3.13/site-packages/xdist/newhooks.py:must be taken in plugins in case ``xdist`` is not installed. Please see:
.venv/lib/python3.13/site-packages/xdist/newhooks.py:    from xdist.remote import Producer
.venv/lib/python3.13/site-packages/xdist/newhooks.py:    from xdist.scheduler.protocol import Scheduling
.venv/lib/python3.13/site-packages/xdist/newhooks.py:    from xdist.workermanage import WorkerController
.venv/lib/python3.13/site-packages/xdist/newhooks.py:def pytest_xdist_setupnodes(
.venv/lib/python3.13/site-packages/xdist/newhooks.py:def pytest_xdist_newgateway(gateway: execnet.Gateway) -&gt; None:
.venv/lib/python3.13/site-packages/xdist/newhooks.py:        &quot;rsync feature is deprecated and will be removed in pytest-xdist 4.0&quot;
.venv/lib/python3.13/site-packages/xdist/newhooks.py:def pytest_xdist_rsyncstart(
.venv/lib/python3.13/site-packages/xdist/newhooks.py:        &quot;rsync feature is deprecated and will be removed in pytest-xdist 4.0&quot;
.venv/lib/python3.13/site-packages/xdist/newhooks.py:def pytest_xdist_rsyncfinish(
.venv/lib/python3.13/site-packages/xdist/newhooks.py:def pytest_xdist_getremotemodule() -&gt; Any:
.venv/lib/python3.13/site-packages/xdist/newhooks.py:def pytest_xdist_node_collection_finished(
.venv/lib/python3.13/site-packages/xdist/newhooks.py:def pytest_xdist_make_scheduler(
.venv/lib/python3.13/site-packages/xdist/newhooks.py:def pytest_xdist_auto_num_workers(config: pytest.Config) -&gt; int:
.venv/lib/python3.13/site-packages/pytest_xdist-3.6.1.dist-info/entry_points.txt:xdist = xdist.plugin
.venv/lib/python3.13/site-packages/pytest_xdist-3.6.1.dist-info/entry_points.txt:xdist.looponfail = xdist.looponfail
.venv/lib/python3.13/site-packages/pytest_xdist-3.6.1.dist-info/RECORD:pytest_xdist-3.6.1.dist-info/INSTALLER,sha256=5hhM4Q4mYTT9z6QB6PGpUAW81PGNFrYrdXMj4oM_6ak,2
.venv/lib/python3.13/site-packages/pytest_xdist-3.6.1.dist-info/RECORD:pytest_xdist-3.6.1.dist-info/LICENSE,sha256=NsFb-DGyGKJNEi47MCVrPhyihXFsJJN_5thHUHTukDI,1088
.venv/lib/python3.13/site-packages/pytest_xdist-3.6.1.dist-info/RECORD:pytest_xdist-3.6.1.dist-info/METADATA,sha256=ITmCmOQV8jyaUqhcGMiw6WRE5wmyM2glRWw5qCMhvDI,4310
.venv/lib/python3.13/site-packages/pytest_xdist-3.6.1.dist-info/RECORD:pytest_xdist-3.6.1.dist-info/RECORD,,
.venv/lib/python3.13/site-packages/pytest_xdist-3.6.1.dist-info/RECORD:pytest_xdist-3.6.1.dist-info/REQUESTED,sha256=47DEQpj8HBSa-_TImW-5JCeuQeRkm5NMpJWZG3hSuFU,0
.venv/lib/python3.13/site-packages/pytest_xdist-3.6.1.dist-info/RECORD:pytest_xdist-3.6.1.dist-info/WHEEL,sha256=GJ7t_kWBFywbagK5eo9IoUwLW6oyOeTKmQ-9iHFVNxQ,92
.venv/lib/python3.13/site-packages/pytest_xdist-3.6.1.dist-info/RECORD:pytest_xdist-3.6.1.dist-info/entry_points.txt,sha256=oeWKQMmhLcrjhaXBWXmgRv3xg6BAn2UZF9PoR2FQ364,68
.venv/lib/python3.13/site-packages/pytest_xdist-3.6.1.dist-info/RECORD:pytest_xdist-3.6.1.dist-info/top_level.txt,sha256=B9Iy6rAx6Uvy-JTIu9N7Yv_ug1-EzD3nX_CB-odTarY,6
.venv/lib/python3.13/site-packages/pytest_xdist-3.6.1.dist-info/RECORD:xdist/__init__.py,sha256=EDhzXA2OwPURhNQyqtrmLYMLTGuWZwQJDSYscdI9Vqw,357
.venv/lib/python3.13/site-packages/pytest_xdist-3.6.1.dist-info/RECORD:xdist/_path.py,sha256=fBt1dYAiiMzsrI3Zg1pqs2uACjVhCKvIY5VHD-X-dNs,657
.venv/lib/python3.13/site-packages/pytest_xdist-3.6.1.dist-info/RECORD:xdist/_version.py,sha256=K9Luv18FYajw3t59HyYbUxpkcycwTGEJ7_IjpMkAHxk,411
.venv/lib/python3.13/site-packages/pytest_xdist-3.6.1.dist-info/RECORD:xdist/dsession.py,sha256=RI4p2OHcYBdnUSQ_C4y4rIsCIVbqsyJ86R09LXYuK-w,22718
.venv/lib/python3.13/site-packages/pytest_xdist-3.6.1.dist-info/RECORD:xdist/looponfail.py,sha256=13XRbHMbgJJdRdKFGDL-Mu_Sjbb6NaHmmmOjr75op7A,10162
.venv/lib/python3.13/site-packages/pytest_xdist-3.6.1.dist-info/RECORD:xdist/newhooks.py,sha256=vqYFeArym4KQdV0IPz9ESyTzDmYbIwaXmMduO9Xohwg,3500
.venv/lib/python3.13/site-packages/pytest_xdist-3.6.1.dist-info/RECORD:xdist/plugin.py,sha256=IWE-EMReKSNOqANXFGNiDpxCqDdYzwMNJNcC-rFo2d0,12518
.venv/lib/python3.13/site-packages/pytest_xdist-3.6.1.dist-info/RECORD:xdist/remote.py,sha256=U7fyzrq4XCfunembSAGyh9xqj_zJ6zTyKaQECJugdxI,13559
.venv/lib/python3.13/site-packages/pytest_xdist-3.6.1.dist-info/RECORD:xdist/report.py,sha256=MjO8LvCi4CalFZAv2aJzP4Hdz6MHFtZpQaezinPDrzQ,954
.venv/lib/python3.13/site-packages/pytest_xdist-3.6.1.dist-info/RECORD:xdist/scheduler/__init__.py,sha256=hYpNE6lbZPwk692-_XNxqOqhOSvjfvOv5Dury6cqVvM,521
.venv/lib/python3.13/site-packages/pytest_xdist-3.6.1.dist-info/RECORD:xdist/scheduler/each.py,sha256=Bd_14fXKotEyYQ2D8kwP1ShOvz1CdnA03Sjm9eQn07Q,5713
.venv/lib/python3.13/site-packages/pytest_xdist-3.6.1.dist-info/RECORD:xdist/scheduler/load.py,sha256=VJrqoBnS6ZS2gM4Pur6oWygCwpnMqtDcmoQA6ZHIQJc,13173
.venv/lib/python3.13/site-packages/pytest_xdist-3.6.1.dist-info/RECORD:xdist/scheduler/loadfile.py,sha256=4A0M-mbqOcr3rxpLlNvF6mNTY1hMgE3jr7oYH8JLYcs,2308
.venv/lib/python3.13/site-packages/pytest_xdist-3.6.1.dist-info/RECORD:xdist/scheduler/loadgroup.py,sha256=msIJsVwN__-nTdrVCL1vgzk1g9J8xOI0hE-fkG82ve8,2273
.venv/lib/python3.13/site-packages/pytest_xdist-3.6.1.dist-info/RECORD:xdist/scheduler/loadscope.py,sha256=F4BJ_4J4fmEZxevDnnl9uDOjrsBXUtNBfacDVCDMs_Y,15283
.venv/lib/python3.13/site-packages/pytest_xdist-3.6.1.dist-info/RECORD:xdist/scheduler/protocol.py,sha256=WOkxMSNaHiCVmceqfMKv4MqGYt2joXRfpELWlJbYdtQ,1054
.venv/lib/python3.13/site-packages/pytest_xdist-3.6.1.dist-info/RECORD:xdist/scheduler/worksteal.py,sha256=jDYpqoh3PhXwag43GPgY0Cz1VEV2DiimrnXoQAH1UHg,12423
.venv/lib/python3.13/site-packages/pytest_xdist-3.6.1.dist-info/RECORD:xdist/workermanage.py,sha256=K6q0EOMRL3fAsvA38ousCi4X94_rqQCN0Hs8FyBTJwk,18216
.venv/lib/python3.13/site-packages/pytest_xdist-3.6.1.dist-info/METADATA:Name: pytest-xdist
.venv/lib/python3.13/site-packages/pytest_xdist-3.6.1.dist-info/METADATA:Summary: pytest xdist plugin for distributed testing, most importantly across multiple CPUs
.venv/lib/python3.13/site-packages/pytest_xdist-3.6.1.dist-info/METADATA:Project-URL: Homepage, https://github.com/pytest-dev/pytest-xdist
.venv/lib/python3.13/site-packages/pytest_xdist-3.6.1.dist-info/METADATA:Project-URL: Documentation, https://pytest-xdist.readthedocs.io/en/latest
.venv/lib/python3.13/site-packages/pytest_xdist-3.6.1.dist-info/METADATA:Project-URL: Changelog, https://pytest-xdist.readthedocs.io/en/latest/changelog.html
.venv/lib/python3.13/site-packages/pytest_xdist-3.6.1.dist-info/METADATA:Project-URL: Source, https://github.com/pytest-dev/pytest-xdist
.venv/lib/python3.13/site-packages/pytest_xdist-3.6.1.dist-info/METADATA:Project-URL: Tracker, https://github.com/pytest-dev/pytest-xdist/issues
.venv/lib/python3.13/site-packages/pytest_xdist-3.6.1.dist-info/METADATA:pytest-xdist
.venv/lib/python3.13/site-packages/pytest_xdist-3.6.1.dist-info/METADATA:.. image:: http://img.shields.io/pypi/v/pytest-xdist.svg
.venv/lib/python3.13/site-packages/pytest_xdist-3.6.1.dist-info/METADATA:    :target: https://pypi.python.org/pypi/pytest-xdist
.venv/lib/python3.13/site-packages/pytest_xdist-3.6.1.dist-info/METADATA:.. image:: https://img.shields.io/conda/vn/conda-forge/pytest-xdist.svg
.venv/lib/python3.13/site-packages/pytest_xdist-3.6.1.dist-info/METADATA:    :target: https://anaconda.org/conda-forge/pytest-xdist
.venv/lib/python3.13/site-packages/pytest_xdist-3.6.1.dist-info/METADATA:.. image:: https://img.shields.io/pypi/pyversions/pytest-xdist.svg
.venv/lib/python3.13/site-packages/pytest_xdist-3.6.1.dist-info/METADATA:    :target: https://pypi.python.org/pypi/pytest-xdist
.venv/lib/python3.13/site-packages/pytest_xdist-3.6.1.dist-info/METADATA:.. image:: https://github.com/pytest-dev/pytest-xdist/workflows/test/badge.svg
.venv/lib/python3.13/site-packages/pytest_xdist-3.6.1.dist-info/METADATA:    :target: https://github.com/pytest-dev/pytest-xdist/actions
.venv/lib/python3.13/site-packages/pytest_xdist-3.6.1.dist-info/METADATA:The `pytest-xdist`_ plugin extends pytest with new test execution modes, the most used being distributing
.venv/lib/python3.13/site-packages/pytest_xdist-3.6.1.dist-info/METADATA:Documentation is available at `Read The Docs &lt;https://pytest-xdist.readthedocs.io&gt;`__.
.venv/lib/python3.13/site-packages/pytest_xdist-3.6.1.dist-info/top_level.txt:xdist
.venv/lib/python3.13/site-packages/_pytest/pastebin.py:        # when using pytest-xdist, for example.
.venv/lib/python3.13/site-packages/_pytest/reports.py:        This was originally the serialize_report() function from xdist (ca03269).
.venv/lib/python3.13/site-packages/_pytest/reports.py:        This was originally the serialize_report() function from xdist (ca03269).
.venv/lib/python3.13/site-packages/_pytest/reports.py:    This was originally the serialize_report() function from xdist (ca03269).
.venv/lib/python3.13/site-packages/_pytest/reports.py:    This was originally the serialize_report() function from xdist (ca03269).
.venv/lib/python3.13/site-packages/_pytest/faulthandler.py:        # by an FD. So, let&#x27;s also forward this to the same code path as with pytest-xdist.
.venv/lib/python3.13/site-packages/_pytest/faulthandler.py:        # pytest-xdist monkeypatches sys.stderr with an object that is not an actual file.
.venv/lib/python3.13/site-packages/_pytest/logging.py:            # terminal reporter is disabled e.g. by pytest-xdist.
.venv/lib/python3.13/site-packages/_pytest/terminal.py:            # When running in xdist, the logreport and logfinish of multiple
.venv/lib/python3.13/site-packages/_pytest/terminal.py:            running_xdist = hasattr(rep, &quot;node&quot;)
.venv/lib/python3.13/site-packages/_pytest/terminal.py:            if not running_xdist:
.venv/lib/python3.13/site-packages/_pytest/pytester.py:# used at least by pytest-xdist plugin
.venv/lib/python3.13/site-packages/_pytest/assertion/__init__.py:    # so for example not in the managing process of pytest-xdist
.venv/lib/python3.13/site-packages/_pytest/_code/code.py:        # FYI this is called from pytest-xdist&#x27;s serialization of exception
.venv/lib/python3.13/site-packages/_pytest/config/__init__.py:        # Support deprecated naming because plugins (xdist e.g.) use it.
.venv/lib/python3.13/site-packages/_pytest/pathlib.py:    # Another process removed the file in the middle of the &quot;rm_rf&quot; (xdist for example).
.venv/lib/python3.13/site-packages/_pytest/stepwise.py:            # Do not update cache if this process is a xdist worker to prevent
.venv/lib/python3.13/site-packages/_pytest/stepwise.py:            # Do not update cache if this process is a xdist worker to prevent
.venv/lib/python3.13/site-packages/_pytest/junitxml.py:        `pytest-xdist &lt;https://github.com/pytest-dev/pytest-xdist&gt;`__ plugin. See
.venv/lib/python3.13/site-packages/_pytest/junitxml.py:    # Prevent opening xmllog on worker nodes (xdist).
.venv/lib/python3.13/site-packages/_pytest/junitxml.py:        # Local hack to handle xdist report order.
.venv/lib/python3.13/site-packages/_pytest/junitxml.py:        # Local hack to handle xdist report order.
.venv/lib/python3.13/site-packages/_pytest/junitxml.py:        Note: due to plugins like xdist, this hook may be called in interlaced
.venv/lib/python3.13/site-packages/_pytest/junitxml.py:        Possible call order in xdist:
.venv/lib/python3.13/site-packages/_pytest/junitxml.py:                # The following vars are needed when xdist plugin is used.
uv.lock:    { name = &quot;pytest-xdist&quot; },
uv.lock:requires-dist = [{ name = &quot;pytest-xdist&quot;, specifier = &quot;&gt;=3.6.1&quot; }]
uv.lock:name = &quot;pytest-xdist&quot;
uv.lock:sdist = { url = &quot;https://files.pythonhosted.org/packages/41/c4/3c310a19bc1f1e9ef50075582652673ef2bfc8cd62afef9585683821902f/pytest_xdist-3.6.1.tar.gz&quot;, hash = &quot;sha256:ead156a4db231eec769737f57668ef58a2084a34b2e55c4a8fa20d861107300d&quot;, size = 84060 }
uv.lock:    { url = &quot;https://files.pythonhosted.org/packages/6d/82/1d96bf03ee4c0fdc3c0cbe61470070e659ca78dc0086fb88b66c185e2449/pytest_xdist-3.6.1-py3-none-any.whl&quot;, hash = &quot;sha256:9ed4adfb68a016610848639bb7e02c9352d5d9f03d04809919e2dafc3be4cca7&quot;, size = 46108 },
</code></pre>


<p>As far as I can tell, this behaviour is consistent across OSX and Linux, and across different python versions.</p>
Platform
<p>Ubuntu 24.04.2 LTS. Linux 6.8.0-55-generic x86_64 GNU/Linux</p>
Version
<p>uv 0.6.9</p>
Python version
<p>3.13.2</p>
</div>
        </div>
        <div class="timeline-entry">
            <div class="event">Label <span class="label">bug</span> added by <a href="https://github.com/SummerStorm">@SummerStorm</a> on 2025-03-20 22:33</div>
        </div>
        <div class="timeline-entry">
            <div class="timeline-header">Comment by <a href="https://github.com/zanieb">@zanieb</a> on 2025-03-20 22:35</div>
            <div class="timeline-body"><p>I think you&#x27;re looking for <code>uv run pytest</code>. <code>uvx pytest</code> will run it in an isolated environment that does not have access to your <code>pytest-xdist</code> dependency.</p>
</div>
        </div>
        <div class="timeline-entry">
            <div class="event">Label <span class="label">bug</span> removed by <a href="https://github.com/zanieb">@zanieb</a> on 2025-03-20 22:35</div>
        </div>
        <div class="timeline-entry">
            <div class="event">Label <span class="label">question</span> added by <a href="https://github.com/zanieb">@zanieb</a> on 2025-03-20 22:35</div>
        </div>
        <div class="timeline-entry">
            <div class="timeline-header">Comment by <a href="https://github.com/zanieb">@zanieb</a> on 2025-03-20 22:36</div>
            <div class="timeline-body"><p>(thank you so much for the clear reproduction!)</p>
</div>
        </div>
        <div class="timeline-entry">
            <div class="event">Label <span class="label">great writeup</span> added by <a href="https://github.com/zanieb">@zanieb</a> on 2025-03-20 22:36</div>
        </div>
        <div class="timeline-entry">
            <div class="timeline-header">Comment by <a href="https://github.com/SummerStorm">@SummerStorm</a> on 2025-03-21 00:06</div>
            <div class="timeline-body"><p>Completely my fault. I should have read the manual more closely.
Thank you for the quick response.</p>
</div>
        </div>
        <div class="timeline-entry">
            <div class="event">Closed by <a href="https://github.com/SummerStorm">@SummerStorm</a> on 2025-03-21 00:06</div>
        </div>
    </div>

    <footer>
        Synced at 2026-01-20 19:37:53 UTC
    </footer>
</body>
</html>
