<!DOCTYPE html>
<html lang="en">
<head>
    <meta charset="UTF-8">
    <meta name="viewport" content="width=device-width, initial-scale=1.0">
    <title>python_list tests fail with Python 3.12.10 - astral-sh/uv #12799</title>
    <link rel="stylesheet" href="../../../style.css">
</head>
<body>
    <div class="back-link">
        <a href="../../../index.html">Back to index</a>
    </div>

    <h1>python_list tests fail with Python 3.12.10</h1>

    <div class="meta">
        <span class="state-icon state-closed"></span>
        <a href="https://github.com/astral-sh/uv/issues/12799">#12799</a>
        opened by <a href="https://github.com/mgorny">@mgorny</a>
        on 2025-04-10 03:00
    </div>

    <div class="timeline">
        <div class="timeline-entry">
            <div class="timeline-header"><a href="https://github.com/mgorny">@mgorny</a></div>
            <div class="timeline-body">Summary
<p>With 0.6.14, I&#x27;m seeing the following test failures when testing against system Pythons (<code>git,pypi,python</code> features):</p>
<pre><code>failures:

---- python_list::python_list_duplicate_path_entries stdout ----

━━━━━━━━━━━━━━━━━━━━━━━━━━━━━━ Unfiltered output ━━━━━━━━━━━━━━━━━━━━━━━━━━━━━━
----- stdout -----
cpython-3.12.10-linux-x86_64-gnu    /var/tmp/portage/dev-python/uv-0.6.14/homedir/.local/share/uv/tests/.tmpPjVbSH/python/3.12/python3 
-&gt; /usr/lib/python-exec/python3.12/python3
cpython-3.11.12-linux-x86_64-gnu    /var/tmp/portage/dev-python/uv-0.6.14/homedir/.local/share/uv/tests/.tmpPjVbSH/python/3.11/python3 
-&gt; /usr/bin/python3.11

----- stderr -----

────────────────────────────────────────────────────────────────────────────────

━━━━━━━━━━━━━━━━━━━━━━━━━━━━━━━ Snapshot Summary ━━━━━━━━━━━━━━━━━━━━━━━━━━━━━━━
Snapshot: python_list_duplicate_path_entries
Source: crates/uv/tests/it/python_list.rs:297
────────────────────────────────────────────────────────────────────────────────
Expression: snapshot
────────────────────────────────────────────────────────────────────────────────
-old snapshot
+new results
────────────┬───────────────────────────────────────────────────────────────────
    0     0 │ success: true
    1     1 │ exit_code: 0
    2     2 │ ----- stdout -----
    3       │-cpython-3.12.[X]-[PLATFORM]     [PYTHON-3.12]
          3 │+cpython-3.12.[X]-[PLATFORM]    [PYTHON-3.12]
    4     4 │ cpython-3.11.[X]-[PLATFORM]    [PYTHON-3.11]
    5     5 │ 
    6     6 │ ----- stderr -----
────────────┴───────────────────────────────────────────────────────────────────
To update snapshots run `cargo insta review`
Stopped on the first failure. Run `cargo insta test` to run all snapshots.

thread &#x27;python_list::python_list_duplicate_path_entries&#x27; panicked at /var/tmp/portage/dev-python/uv-0.6.14/work/cargo_home/gentoo/insta-1.42.2/src/runtime.rs:679:13:
snapshot assertion for &#x27;python_list_duplicate_path_entries&#x27; failed in line 297
note: run with `RUST_BACKTRACE=1` environment variable to display a backtrace
---- python_list::python_list stdout ----

━━━━━━━━━━━━━━━━━━━━━━━━━━━━━━ Unfiltered output ━━━━━━━━━━━━━━━━━━━━━━━━━━━━━━
----- stdout -----

----- stderr -----

────────────────────────────────────────────────────────────────────────────────


━━━━━━━━━━━━━━━━━━━━━━━━━━━━━━ Unfiltered output ━━━━━━━━━━━━━━━━━━━━━━━━━━━━━━
----- stdout -----
cpython-3.12.10-linux-x86_64-gnu    /var/tmp/portage/dev-python/uv-0.6.14/homedir/.local/share/uv/tests/.tmpfmR8dE/python/3.12/python3 -&gt; /usr/lib/python-exec/python3.12/python3
cpython-3.11.12-linux-x86_64-gnu    /var/tmp/portage/dev-python/uv-0.6.14/homedir/.local/share/uv/tests/.tmpfmR8dE/python/3.11/python3 -&gt; /usr/bin/python3.11

----- stderr -----

────────────────────────────────────────────────────────────────────────────────

━━━━━━━━━━━━━━━━━━━━━━━━━━━━━━━ Snapshot Summary ━━━━━━━━━━━━━━━━━━━━━━━━━━━━━━━
Snapshot: python_list-2
Source: crates/uv/tests/it/python_list.rs:21
────────────────────────────────────────────────────────────────────────────────
Expression: snapshot
────────────────────────────────────────────────────────────────────────────────
-old snapshot
+new results
────────────┬───────────────────────────────────────────────────────────────────
    0     0 │ success: true
    1     1 │ exit_code: 0
    2     2 │ ----- stdout -----
    3       │-cpython-3.12.[X]-[PLATFORM]     [PYTHON-3.12]
          3 │+cpython-3.12.[X]-[PLATFORM]    [PYTHON-3.12]
    4     4 │ cpython-3.11.[X]-[PLATFORM]    [PYTHON-3.11]
    5     5 │ 
    6     6 │ ----- stderr -----
────────────┴───────────────────────────────────────────────────────────────────
To update snapshots run `cargo insta review`
Stopped on the first failure. Run `cargo insta test` to run all snapshots.

thread &#x27;python_list::python_list&#x27; panicked at /var/tmp/portage/dev-python/uv-0.6.14/work/cargo_home/gentoo/insta-1.42.2/src/runtime.rs:
679:13:
snapshot assertion for &#x27;python_list-2&#x27; failed in line 21
---- python_list::python_list_pin stdout ----

━━━━━━━━━━━━━━━━━━━━━━━━━━━━━━ Unfiltered output ━━━━━━━━━━━━━━━━━━━━━━━━━━━━━━
----- stdout -----
Pinned `.python-version` to `3.12`

----- stderr -----

────────────────────────────────────────────────────────────────────────────────


━━━━━━━━━━━━━━━━━━━━━━━━━━━━━━ Unfiltered output ━━━━━━━━━━━━━━━━━━━━━━━━━━━━━━
----- stdout -----
cpython-3.12.10-linux-x86_64-gnu    /var/tmp/portage/dev-python/uv-0.6.14/homedir/.local/share/uv/tests/.tmpxXP1zw/python/3.12/python3 -&gt; /usr/lib/python-exec/python3.12/python3
cpython-3.11.12-linux-x86_64-gnu    /var/tmp/portage/dev-python/uv-0.6.14/homedir/.local/share/uv/tests/.tmpxXP1zw/python/3.11/python3 
-&gt; /usr/bin/python3.11

----- stderr -----

────────────────────────────────────────────────────────────────────────────────

━━━━━━━━━━━━━━━━━━━━━━━━━━━━━━━ Snapshot Summary ━━━━━━━━━━━━━━━━━━━━━━━━━━━━━━━
Snapshot: python_list_pin-2
Source: crates/uv/tests/it/python_list.rs:145
────────────────────────────────────────────────────────────────────────────────
Expression: snapshot
────────────────────────────────────────────────────────────────────────────────
-old snapshot
+new results
────────────┬───────────────────────────────────────────────────────────────────
    0     0 │ success: true
    1     1 │ exit_code: 0
    2     2 │ ----- stdout -----
    3       │-cpython-3.12.[X]-[PLATFORM]     [PYTHON-3.12]
          3 │+cpython-3.12.[X]-[PLATFORM]    [PYTHON-3.12]
    4     4 │ cpython-3.11.[X]-[PLATFORM]    [PYTHON-3.11]
    5     5 │ 
    6     6 │ ----- stderr -----
────────────┴───────────────────────────────────────────────────────────────────
To update snapshots run `cargo insta review`
Stopped on the first failure. Run `cargo insta test` to run all snapshots.

thread &#x27;python_list::python_list_pin&#x27; panicked at /var/tmp/portage/dev-python/uv-0.6.14/work/cargo_home/gentoo/insta-1.42.2/src/runtime
.rs:679:13:
snapshot assertion for &#x27;python_list_pin-2&#x27; failed in line 145

---- python_list::python_list_venv stdout ----

━━━━━━━━━━━━━━━━━━━━━━━━━━━━━━ Unfiltered output ━━━━━━━━━━━━━━━━━━━━━━━━━━━━━━
----- stdout -----

----- stderr -----

────────────────────────────────────────────────────────────────────────────────


━━━━━━━━━━━━━━━━━━━━━━━━━━━━━━ Unfiltered output ━━━━━━━━━━━━━━━━━━━━━━━━━━━━━━
----- stdout -----
cpython-3.12.10-linux-x86_64-gnu    /var/tmp/portage/dev-python/uv-0.6.14/homedir/.local/share/uv/tests/.tmpxQGsvc/python/3.12/python3 
-&gt; /usr/lib/python-exec/python3.12/python3
cpython-3.11.12-linux-x86_64-gnu    /var/tmp/portage/dev-python/uv-0.6.14/homedir/.local/share/uv/tests/.tmpxQGsvc/python/3.11/python3 
-&gt; /usr/bin/python3.11

----- stderr -----

────────────────────────────────────────────────────────────────────────────────

━━━━━━━━━━━━━━━━━━━━━━━━━━━━━━━ Snapshot Summary ━━━━━━━━━━━━━━━━━━━━━━━━━━━━━━━
Snapshot: python_list_venv-2
Source: crates/uv/tests/it/python_list.rs:186
────────────────────────────────────────────────────────────────────────────────
Expression: snapshot
────────────────────────────────────────────────────────────────────────────────
-old snapshot
+new results
────────────┬───────────────────────────────────────────────────────────────────
    0     0 │ success: true
    1     1 │ exit_code: 0
    2     2 │ ----- stdout -----
    3       │-cpython-3.12.[X]-[PLATFORM]     [PYTHON-3.12]
          3 │+cpython-3.12.[X]-[PLATFORM]    [PYTHON-3.12]
    4     4 │ cpython-3.11.[X]-[PLATFORM]    [PYTHON-3.11]
    5     5 │ 
    6     6 │ ----- stderr -----
────────────┴───────────────────────────────────────────────────────────────────
To update snapshots run `cargo insta review`
Stopped on the first failure. Run `cargo insta test` to run all snapshots.

thread &#x27;python_list::python_list_venv&#x27; panicked at /var/tmp/portage/dev-python/uv-0.6.14/work/cargo_home/gentoo/insta-1.42.2/src/runtime.rs:679:13:
snapshot assertion for &#x27;python_list_venv-2&#x27; failed in line 186


failures:
    python_list::python_list
    python_list::python_list_duplicate_path_entries
    python_list::python_list_pin
    python_list::python_list_venv

test result: FAILED^O. 1804 passed; 4 failed; 3 ignored; 0 measured; 0 filtered out; finished in 457.40s
</code></pre>
<p>I guess tests were written with the assumption of 3.12.9, hence the extra space, and 3.12.10 broke the alignment expectations. Good news is, once updated for 3.12.10, they should be good going forward :-).</p>
Platform
<p>Gentoo Linux amd64</p>
Version
<p>0.6.14</p>
Python version
<p>3.12.10, 3.11.12</p>
</div>
        </div>
        <div class="timeline-entry">
            <div class="event">Label <span class="label">bug</span> added by <a href="https://github.com/mgorny">@mgorny</a> on 2025-04-10 03:00</div>
        </div>
        <div class="timeline-entry">
            <div class="timeline-header">Comment by <a href="https://github.com/zanieb">@zanieb</a> on 2025-04-10 03:48</div>
            <div class="timeline-body"><p>Thanks! We should find a way to pad the spacing there, I guess, since the snapshot is intended to be patch version agnostic.</p>
</div>
        </div>
        <div class="timeline-entry">
            <div class="event">Label <span class="label">testing</span> added by <a href="https://github.com/zanieb">@zanieb</a> on 2025-04-10 03:49</div>
        </div>
        <div class="timeline-entry">
            <div class="event">Renamed from &quot;python_list tests fail with Pyton 3.12.10&quot; to &quot;python_list tests fail with Python 3.12.10&quot; by <a href="https://github.com/mgorny">@mgorny</a> on 2025-04-10 09:00</div>
        </div>
        <div class="timeline-entry">
            <div class="event">Closed by <a href="https://github.com/charliermarsh">@charliermarsh</a> on 2025-04-14 12:23</div>
        </div>
        <div class="timeline-entry">
            <div class="event">Closed by <a href="https://github.com/charliermarsh">@charliermarsh</a> on 2025-04-14 12:23</div>
        </div>
    </div>

    <footer>
        Synced at 2026-01-20 19:38:12 UTC
    </footer>
</body>
</html>
