<!DOCTYPE html>
<html lang="en">
<head>
    <meta charset="UTF-8">
    <meta name="viewport" content="width=device-width, initial-scale=1.0">
    <title>System python before venv python in sys.path leading to Pillow crash. - astral-sh/uv #13068</title>
    <link rel="stylesheet" href="../../../style.css">
</head>
<body>
    <div class="back-link">
        <a href="../../../index.html">Back to index</a>
    </div>

    <h1>System python before venv python in sys.path leading to Pillow crash.</h1>

    <div class="meta">
        <span class="state-icon state-closed"></span>
        <a href="https://github.com/astral-sh/uv/issues/13068">#13068</a>
        opened by <a href="https://github.com/csd4ni3l">@csd4ni3l</a>
        on 2025-04-23 13:17
    </div>

    <div class="timeline">
        <div class="timeline-entry">
            <div class="timeline-header"><a href="https://github.com/csd4ni3l">@csd4ni3l</a></div>
            <div class="timeline-body">Summary
<p>I am on Arch Linux, with the system python being 3.13, but i wanted to use 3.11, so i installed it with <code>uv python install 3.11</code>.</p>
<p>I set the python version to 3.11 for the uv project, and then ran <code>uv sync</code> which created my venv and then tried to run my project, but i had a Pillow crash from Arcade.</p>
<p>The problem is that for me, uv doesnt remove the system python from the sys.path, even with the only-managed flag set, the sys.path looks like this:
<code>[&#x27;/home/csd4ni3l/Documents/Python3/EndlZ/src&#x27;, &#x27;/usr/lib/python3.12/site-packages&#x27;, &#x27;/usr/lib/python3.13/site-packages&#x27;, &#x27;/home/csd4ni3l/Documents/Python3/EndlZ/src/$PYTHONPATH&#x27;, &#x27;/home/csd4ni3l/.local/share/uv/python/cpython-3.11.11-linux-x86_64-gnu/lib/python311.zip&#x27;, &#x27;/home/csd4ni3l/.local/share/uv/python/cpython-3.11.11-linux-x86_64-gnu/lib/python3.11&#x27;, &#x27;/home/csd4ni3l/.local/share/uv/python/cpython-3.11.11-linux-x86_64-gnu/lib/python3.11/lib-dynload&#x27;, &#x27;/home/csd4ni3l/Documents/Python3/EndlZ/src/.venv/lib/python3.11/site-packages&#x27;]</code></p>
<p>a simple uv run test.py, with test.py including this will lead to the issue:
<code>from PIL import Image</code></p>
<p>the error is:</p>
<pre><code>Traceback (most recent call last):
  File &quot;/home/csd4ni3l/Documents/Python3/EndlZ/src/test.py&quot;, line 1, in &lt;module&gt;
    from PIL import Image
  File &quot;/usr/lib/python3.13/site-packages/PIL/Image.py&quot;, line 90, in &lt;module&gt;
    from . import _imaging as core
ImportError: cannot import name &#x27;_imaging&#x27; from &#x27;PIL&#x27; (/usr/lib/python3.13/site-packages/PIL/__init__.py)
</code></pre>
<p>A temporary fix for me is to remove the system python versions from sys.path with:</p>
<pre><code>import sys
sys.path.pop(1)
sys.path.pop(1)
</code></pre>
Platform
<p>Linux 6.14.3-arch1-1 x86_64 GNU/Linux</p>
Version
<p>uv 0.6.16</p>
Python version
<p>System Python is cpython-3.13.3-linux-x86_64-gnu, Venv python is cpython-3.11.11-linux-x86_64-gnu</p>
</div>
        </div>
        <div class="timeline-entry">
            <div class="event">Label <span class="label">bug</span> added by <a href="https://github.com/csd4ni3l">@csd4ni3l</a> on 2025-04-23 13:17</div>
        </div>
        <div class="timeline-entry">
            <div class="timeline-header">Comment by <a href="https://github.com/konstin">@konstin</a> on 2025-04-23 14:00</div>
            <div class="timeline-body"><p>Can you share the exact commands you ran that reproduce this, and the verbose logs (<code>-v</code>) for all <code>uv venv</code>/<code>uv sync</code>/etc. commands you ran? Are you setting any Python-specific environment variables?</p>
</div>
        </div>
        <div class="timeline-entry">
            <div class="event">Label <span class="label">bug</span> removed by <a href="https://github.com/konstin">@konstin</a> on 2025-04-23 14:00</div>
        </div>
        <div class="timeline-entry">
            <div class="event">Label <span class="label">needs-mre</span> added by <a href="https://github.com/konstin">@konstin</a> on 2025-04-23 14:00</div>
        </div>
        <div class="timeline-entry">
            <div class="timeline-header">Comment by <a href="https://github.com/csd4ni3l">@csd4ni3l</a> on 2025-04-23 14:06</div>
            <div class="timeline-body"><p>I am not setting any Python env variables.</p>
<p>I used:</p>
<pre><code>uv python install cpython-3.11.11-linux-x86_64-gnu
uv sync
</code></pre>
<p>.python-version is 3.11
pyproject.toml:</p>
<pre><code>[project]
name = &quot;EndlZ&quot;
version = &quot;0.1.0&quot;
description = &quot;Add your description here&quot;
readme = &quot;README.md&quot;
requires-python = &quot;&gt;=3.11&quot;
dependencies = [
    &quot;arcade&quot;,
    &quot;pillow&gt;=11.0.0&quot;,
    &quot;pypresence&gt;=4.3.0&quot;,
    &quot;u-msgpack-python&gt;=2.8.0&quot;,
    &quot;websockets&gt;=15.0&quot;,
    &quot;zstd&gt;=1.5.6.4&quot;,
]

[tool.uv.sources]
arcade = { git = &quot;https://github.com/pythonarcade/arcade.git&quot;, rev = &quot;gui/controller&quot; }

[tool.uv]
python-preference = &quot;only-managed&quot;
</code></pre>
<p>To reproduce, i am going to:</p>
<pre><code>rm -r .venv
uv sync -v
</code></pre>
<p>This results in:</p>
<pre><code>DEBUG uv 0.6.16
DEBUG Found project root: `/home/csd4ni3l/Documents/Python3/EndlZ/src`
DEBUG No workspace root found, using project root
DEBUG Acquired lock for `/home/csd4ni3l/Documents/Python3/EndlZ/src`
DEBUG Reading Python requests from version file at `/home/csd4ni3l/Documents/Python3/EndlZ/src/.python-version`
DEBUG Using Python request `3.11` from version file at `.python-version`
DEBUG Checking for Python environment at `.venv`
DEBUG Searching for Python 3.11 in managed installations
DEBUG Searching for managed installations at `/home/csd4ni3l/.local/share/uv/python`
DEBUG Skipping incompatible managed installation `cpython-3.13.2-linux-x86_64-gnu`
DEBUG Found managed installation `cpython-3.11.11-linux-x86_64-gnu`
DEBUG Found `cpython-3.11.11-linux-x86_64-gnu` at `/home/csd4ni3l/.local/share/uv/python/cpython-3.11.11-linux-x86_64-gnu/bin/python3.11` (managed installations)
Using CPython 3.11.11
Creating virtual environment at: .venv
DEBUG Assessing Python executable as base candidate: /home/csd4ni3l/.local/share/uv/python/cpython-3.11.11-linux-x86_64-gnu/bin/python3.11
DEBUG Using base executable for virtual environment: /home/csd4ni3l/.local/share/uv/python/cpython-3.11.11-linux-x86_64-gnu/bin/python3.11
DEBUG Released lock at `/tmp/uv-eaebd82899de4845.lock`
DEBUG Using request timeout of 30s
DEBUG Found static `pyproject.toml` for: endlz @ file:///home/csd4ni3l/Documents/Python3/EndlZ/src
DEBUG No workspace root found, using project root
DEBUG Existing `uv.lock` satisfies workspace requirements
Resolved 14 packages in 0.83ms
DEBUG Using request timeout of 30s
DEBUG Git source requirement already cached: arcade==3.0.1 (from git+https://github.com/pythonarcade/arcade.git@fce9a5b4c4f694b84ad93a2a8b0272544662eb11)
DEBUG Registry requirement already cached: pillow==11.0.0
DEBUG Registry requirement already cached: pypresence==4.3.0
DEBUG Registry requirement already cached: u-msgpack-python==2.8.0
DEBUG Registry requirement already cached: websockets==15.0
DEBUG Registry requirement already cached: zstd==1.5.6.4
DEBUG Registry requirement already cached: pyglet==2.1.3
DEBUG Registry requirement already cached: pymunk==6.9.0
DEBUG Registry requirement already cached: pytiled-parser==2.2.9
DEBUG Registry requirement already cached: cffi==1.17.1
DEBUG Registry requirement already cached: attrs==25.1.0
DEBUG Registry requirement already cached: typing-extensions==4.12.2
DEBUG Registry requirement already cached: pycparser==2.22
Installed 13 packages in 30ms
 + arcade==3.0.1 (from git+https://github.com/pythonarcade/arcade.git@fce9a5b4c4f694b84ad93a2a8b0272544662eb11)
 + attrs==25.1.0
 + cffi==1.17.1
 + pillow==11.0.0
 + pycparser==2.22
 + pyglet==2.1.3
 + pymunk==6.9.0
 + pypresence==4.3.0
 + pytiled-parser==2.2.9
 + typing-extensions==4.12.2
 + u-msgpack-python==2.8.0
 + websockets==15.0
 + zstd==1.5.6.4
</code></pre>
<p>if you need anything else, let me know.</p>
</div>
        </div>
        <div class="timeline-entry">
            <div class="timeline-header">Comment by <a href="https://github.com/csd4ni3l">@csd4ni3l</a> on 2025-04-23 14:11</div>
            <div class="timeline-body"><p>I almost forgot to include, uv run logs for the test.py file:</p>
<pre><code>DEBUG uv 0.6.16
DEBUG Found project root: `/home/csd4ni3l/Documents/Python3/EndlZ/src`
DEBUG No workspace root found, using project root
DEBUG Discovered project `endlz` at: /home/csd4ni3l/Documents/Python3/EndlZ/src
DEBUG Acquired lock for `/home/csd4ni3l/Documents/Python3/EndlZ/src`
DEBUG Reading Python requests from version file at `/home/csd4ni3l/Documents/Python3/EndlZ/src/.python-version`
DEBUG Using Python request `3.11` from version file at `.python-version`
DEBUG Checking for Python environment at `.venv`
DEBUG The virtual environment&#x27;s Python version satisfies the request: `Python 3.11`
DEBUG Released lock at `/tmp/uv-eaebd82899de4845.lock`
DEBUG Using request timeout of 30s
DEBUG Found static `pyproject.toml` for: endlz @ file:///home/csd4ni3l/Documents/Python3/EndlZ/src
DEBUG No workspace root found, using project root
DEBUG Existing `uv.lock` satisfies workspace requirements
Resolved 14 packages in 1ms
DEBUG Using request timeout of 30s
DEBUG Requirement already installed: arcade==3.0.1 (from git+https://github.com/pythonarcade/arcade.git@fce9a5b4c4f694b84ad93a2a8b0272544662eb11)
DEBUG Requirement already installed: pillow==11.0.0
DEBUG Requirement already installed: pypresence==4.3.0
DEBUG Requirement already installed: u-msgpack-python==2.8.0
DEBUG Requirement already installed: websockets==15.0
DEBUG Requirement already installed: zstd==1.5.6.4
DEBUG Requirement already installed: pyglet==2.1.3
DEBUG Requirement already installed: pymunk==6.9.0
DEBUG Requirement already installed: pytiled-parser==2.2.9
DEBUG Requirement already installed: cffi==1.17.1
DEBUG Requirement already installed: attrs==25.1.0
DEBUG Requirement already installed: typing-extensions==4.12.2
DEBUG Requirement already installed: pycparser==2.22
Audited 13 packages in 0.09ms
DEBUG Using Python 3.11.11 interpreter at: /home/csd4ni3l/Documents/Python3/EndlZ/src/.venv/bin/python3
DEBUG Running `python test.py`
DEBUG Spawned child 54932 in process group 54929
Traceback (most recent call last):
  File &quot;/home/csd4ni3l/Documents/Python3/EndlZ/src/test.py&quot;, line 1, in &lt;module&gt;
    from PIL import Image
  File &quot;/usr/lib/python3.13/site-packages/PIL/Image.py&quot;, line 90, in &lt;module&gt;
    from . import _imaging as core
ImportError: cannot import name &#x27;_imaging&#x27; from &#x27;PIL&#x27; (/usr/lib/python3.13/site-packages/PIL/__init__.py)
DEBUG Command exited with code: 1
</code></pre>
</div>
        </div>
        <div class="timeline-entry">
            <div class="timeline-header">Comment by <a href="https://github.com/csd4ni3l">@csd4ni3l</a> on 2025-04-23 14:23</div>
            <div class="timeline-body"><p>I accidentally set PYTHONPATH a long time ago because one of the packages didnt yet support 3.13. I am sorry i clogged the Issues tab.</p>
</div>
        </div>
        <div class="timeline-entry">
            <div class="event">Closed by <a href="https://github.com/csd4ni3l">@csd4ni3l</a> on 2025-04-23 14:23</div>
        </div>
        <div class="timeline-entry">
            <div class="event">Label <span class="label">needs-mre</span> removed by <a href="https://github.com/konstin">@konstin</a> on 2025-04-23 15:35</div>
        </div>
        <div class="timeline-entry">
            <div class="event">Label <span class="label">question</span> added by <a href="https://github.com/konstin">@konstin</a> on 2025-04-23 15:35</div>
        </div>
    </div>

    <footer>
        Synced at 2026-01-20 19:38:19 UTC
    </footer>
</body>
</html>
