<!DOCTYPE html>
<html lang="en">
<head>
    <meta charset="UTF-8">
    <meta name="viewport" content="width=device-width, initial-scale=1.0">
    <title>uv tool install uswgi fails on macos due to spaces in paths - astral-sh/uv #13728</title>
    <link rel="stylesheet" href="../../../style.css">
</head>
<body>
    <div class="back-link">
        <a href="../../../index.html">Back to index</a>
    </div>

    <h1>uv tool install uswgi fails on macos due to spaces in paths</h1>

    <div class="meta">
        <span class="state-icon state-closed"></span>
        <a href="https://github.com/astral-sh/uv/issues/13728">#13728</a>
        opened by <a href="https://github.com/alberts">@alberts</a>
        on 2025-05-30 06:16
    </div>

    <div class="timeline">
        <div class="timeline-entry">
            <div class="timeline-header">Issue opened by <a href="https://github.com/alberts">@alberts</a> on 2025-05-30 06:16</div>
            <div class="timeline-body"><h3>Summary</h3>
<pre><code>❯ uv tool install uwsgi
Resolved 1 package in 20ms
  × Failed to build `uwsgi==2.0.29`
  ├─▶ The build backend returned an error
  ╰─▶ Call to `setuptools.build_meta:__legacy__.build_wheel` failed (exit status: 1)

      [stdout]
      running bdist_wheel
      running build
      running build_py
      copying uwsgidecorators.py -&gt; build/lib
      installing to build/bdist.macosx-11.0-arm64/wheel
      running install

      [stderr]
      /Users/astrasheim/.cache/uv/builds-v0/.tmpdm5mx5/lib/python3.13/site-packages/setuptools/_distutils/dist.py:289: UserWarning: Unknown distribution option:
      'descriptions'
        warnings.warn(msg)
      /Users/astrasheim/.cache/uv/builds-v0/.tmpdm5mx5/lib/python3.13/site-packages/setuptools/dist.py:759: SetuptoolsDeprecationWarning: License classifiers are
      deprecated.
      !!

              ********************************************************************************
              Please consider removing the following classifiers in favor of a SPDX license expression:

              License :: OSI Approved :: GNU General Public License v2 or later (GPLv2+)

              See https://packaging.python.org/en/latest/guides/writing-pyproject-toml/#license for details.
              ********************************************************************************

      !!
        self._finalize_license_expression()
      clang: error: no such file or directory: 'Support/uv/python/cpython-3.13.3-macos-aarch64-none/include/python3.13'
      clang: error: no such file or directory: 'Support/uv/python/cpython-3.13.3-macos-aarch64-none/include/python3.13'
      clang: error: no such file or directory: 'Support/uv/python/cpython-3.13.3-macos-aarch64-none/include/python3.13'
      clang: error: no such file or directory: 'Support/uv/python/cpython-3.13.3-macos-aarch64-none/include/python3.13'
      clang: error: no such file or directory: 'Support/uv/python/cpython-3.13.3-macos-aarch64-none/include/python3.13'
      clang: error: no such file or directory: 'Support/uv/python/cpython-3.13.3-macos-aarch64-none/include/python3.13'
      clang: error: no such file or directory: 'Support/uv/python/cpython-3.13.3-macos-aarch64-none/include/python3.13'
      clang: error: no such file or directory: 'Support/uv/python/cpython-3.13.3-macos-aarch64-none/include/python3.13'
      clang: error: no such file or directory: 'Support/uv/python/cpython-3.13.3-macos-aarch64-none/include/python3.13'
      clang: error: no such file or directory: 'Support/uv/python/cpython-3.13.3-macos-aarch64-none/include/python3.13'
      clang: error: no such file or directory: 'Support/uv/python/cpython-3.13.3-macos-aarch64-none/include/python3.13'
      clang: error: no such file or directory: 'Support/uv/python/cpython-3.13.3-macos-aarch64-none/include/python3.13'
      clang: error: no such file or directory: 'Support/uv/python/cpython-3.13.3-macos-aarch64-none/include/python3.13'
      clang: error: no such file or directory: 'Support/uv/python/cpython-3.13.3-macos-aarch64-none/include/python3.13'
      clang: error: no such file or directory: 'Support/uv/python/cpython-3.13.3-macos-aarch64-none/include/python3.13'
      clang: error: no such file or directory: 'Support/uv/python/cpython-3.13.3-macos-aarch64-none/include/python3.13'

      hint: This usually indicates a problem with the package or the build environment.
</code></pre>
<h3>Platform</h3>
<p>macOS</p>
<h3>Version</h3>
<p>uv 0.7.7 (8580b4bd2 2025-05-22)</p>
<h3>Python version</h3>
<p>Python 3.13.3</p>
</div>
        </div>
        <div class="timeline-entry">
            <div class="event">Label <span class="label">bug</span> added by @alberts on 2025-05-30 06:16</div>
        </div>
        <div class="timeline-entry">
            <div class="timeline-header">Comment by <a href="https://github.com/konstin">@konstin</a> on 2025-05-30 08:51</div>
            <div class="timeline-body"><p>This is a bug in the uwsgi build backend, not in uv, as the hint says.</p>
</div>
        </div>
        <div class="timeline-entry">
            <div class="event">Label <span class="label">bug</span> removed by @konstin on 2025-05-30 08:51</div>
        </div>
        <div class="timeline-entry">
            <div class="event">Label <span class="label">external</span> added by @konstin on 2025-05-30 08:51</div>
        </div>
        <div class="timeline-entry">
            <div class="timeline-header">Comment by <a href="https://github.com/edsu">@edsu</a> on 2025-11-11 18:54</div>
            <div class="timeline-body"><p>@alberts were you able to figure out a workaround for this?</p>
</div>
        </div>
        <div class="timeline-entry">
            <div class="event">Closed by @zanieb on 2025-11-11 21:04</div>
        </div>
    </div>

    <footer>
        Synced at 2026-01-10 01:33:07 UTC
    </footer>
</body>
</html>
