<!DOCTYPE html>
<html lang="en">
<head>
    <meta charset="UTF-8">
    <meta name="viewport" content="width=device-width, initial-scale=1.0">
    <title>Problem installing cuml on Windows - astral-sh/uv #13734</title>
    <link rel="stylesheet" href="../../../style.css">
</head>
<body>
    <div class="back-link">
        <a href="../../../index.html">Back to index</a>
    </div>

    <h1>Problem installing cuml on Windows</h1>

    <div class="meta">
        <span class="state state-closed">Closed</span>
        <a href="https://github.com/astral-sh/uv/issues/13734">#13734</a>
        opened by <a href="https://github.com/zoof">@zoof</a>
        on 2025-05-30 16:35
    </div>

    <div class="timeline">
        <div class="timeline-entry">
            <div class="timeline-header">Issue opened by <a href="https://github.com/zoof">@zoof</a> on 2025-05-30 16:35</div>
            <div class="timeline-body"><h3>Summary</h3>
<p>I'm trying to install cuml on a Windows 11 machine with cuda 12.9 installed but am getting an error message.  One of the messages is about setting a SPDX license expression and I've tried a couple but the error persists.  The command I'm running is &quot;uv add cuml&quot; and the error messages is:</p>
<pre><code>Resolved 2 packages in 4ms
  × Failed to build `cuml==0.6.1.post1`
  ├─▶ The build backend returned an error
  ╰─▶ Call to `setuptools.build_meta:__legacy__.build_wheel` failed (exit code: 1)

      [stdout]
      running bdist_wheel
      running build
      installing to build\bdist.win-amd64\wheel
      running install

      [stderr]
      C:\Users\user\AppData\Local\uv\cache\builds-v0\.tmpGYDTmJ\Lib\site-packages\setuptools\dist.py:759:
      SetuptoolsDeprecationWarning: License classifiers are deprecated.
      !!

              ********************************************************************************
              Please consider removing the following classifiers in favor of a SPDX license expression:

              License :: OSI Approved :: Apache Software License

              See https://packaging.python.org/en/latest/guides/writing-pyproject-toml/#license for details.
              ********************************************************************************

      !!
        self._finalize_license_expression()
      Traceback (most recent call last):
        File &quot;&lt;string&gt;&quot;, line 11, in &lt;module&gt;
        File &quot;C:\Users\user\AppData\Local\uv\cache\builds-v0\.tmpGYDTmJ\Lib\site-packages\setuptools\build_meta.py&quot;,
      line 432, in build_wheel
          return _build(['bdist_wheel'])
                 ^^^^^^^^^^^^^^^^^^^^^^^
        File &quot;C:\Users\user\AppData\Local\uv\cache\builds-v0\.tmpGYDTmJ\Lib\site-packages\setuptools\build_meta.py&quot;,
      line 423, in _build
          return self._build_with_temp_dir(
                 ^^^^^^^^^^^^^^^^^^^^^^^^^^
        File &quot;C:\Users\user\AppData\Local\uv\cache\builds-v0\.tmpGYDTmJ\Lib\site-packages\setuptools\build_meta.py&quot;,
      line 404, in _build_with_temp_dir
          self.run_setup()
        File &quot;C:\Users\user\AppData\Local\uv\cache\builds-v0\.tmpGYDTmJ\Lib\site-packages\setuptools\build_meta.py&quot;,
      line 512, in run_setup
          super().run_setup(setup_script=setup_script)
        File &quot;C:\Users\user\AppData\Local\uv\cache\builds-v0\.tmpGYDTmJ\Lib\site-packages\setuptools\build_meta.py&quot;,
      line 317, in run_setup
          exec(code, locals())
        File &quot;&lt;string&gt;&quot;, line 18, in &lt;module&gt;
        File &quot;C:\Users\user\AppData\Local\uv\cache\builds-v0\.tmpGYDTmJ\Lib\site-packages\setuptools\__init__.py&quot;,
      line 115, in setup
          return distutils.core.setup(**attrs)
                 ^^^^^^^^^^^^^^^^^^^^^^^^^^^^^
        File &quot;C:\Users\user\AppData\Local\uv\cache\builds-v0\.tmpGYDTmJ\Lib\site-packages\setuptools\_distutils\core.py&quot;,
      line 186, in setup
          return run_commands(dist)
                 ^^^^^^^^^^^^^^^^^^
        File &quot;C:\Users\user\AppData\Local\uv\cache\builds-v0\.tmpGYDTmJ\Lib\site-packages\setuptools\_distutils\core.py&quot;,
      line 202, in run_commands
          dist.run_commands()
        File &quot;C:\Users\user\AppData\Local\uv\cache\builds-v0\.tmpGYDTmJ\Lib\site-packages\setuptools\_distutils\dist.py&quot;,
      line 1002, in run_commands
          self.run_command(cmd)
        File &quot;C:\Users\user\AppData\Local\uv\cache\builds-v0\.tmpGYDTmJ\Lib\site-packages\setuptools\dist.py&quot;, line
      1102, in run_command
          super().run_command(command)
        File &quot;C:\Users\user\AppData\Local\uv\cache\builds-v0\.tmpGYDTmJ\Lib\site-packages\setuptools\_distutils\dist.py&quot;,
      line 1021, in run_command
          cmd_obj.run()
        File
      &quot;C:\Users\user\AppData\Local\uv\cache\builds-v0\.tmpGYDTmJ\Lib\site-packages\setuptools\command\bdist_wheel.py&quot;,
      line 405, in run
          self.run_command(&quot;install&quot;)
        File &quot;C:\Users\user\AppData\Local\uv\cache\builds-v0\.tmpGYDTmJ\Lib\site-packages\setuptools\_distutils\cmd.py&quot;,
      line 357, in run_command
          self.distribution.run_command(command)
        File &quot;C:\Users\user\AppData\Local\uv\cache\builds-v0\.tmpGYDTmJ\Lib\site-packages\setuptools\dist.py&quot;, line
      1102, in run_command
          super().run_command(command)
        File &quot;C:\Users\user\AppData\Local\uv\cache\builds-v0\.tmpGYDTmJ\Lib\site-packages\setuptools\_distutils\dist.py&quot;,
      line 1021, in run_command
          cmd_obj.run()
        File &quot;&lt;string&gt;&quot;, line 15, in run
      Exception: Please install cuml via the rapidsai conda channel. See https://rapids.ai/start.html for
      instructions.

      hint: This usually indicates a problem with the package or the build environment.
  help: If you want to add the package regardless of the failed resolution, provide the `--frozen` flag to skip
        locking and syncing.
</code></pre>
<p>If this is not a bug, can someone explain how to install it?</p>
<h3>Platform</h3>
<p>Windows 11</p>
<h3>Version</h3>
<p>uv 0.7.8 (0ddcc1905 2025-05-23)</p>
<h3>Python version</h3>
<p>3.11</p>
</div>
        </div>
        <div class="timeline-entry">
            <div class="event">Label <span class="label">bug</span> added by @zoof on 2025-05-30 16:35</div>
        </div>
        <div class="timeline-entry">
            <div class="event">Label <span class="label">bug</span> removed by @konstin on 2025-05-30 17:29</div>
        </div>
        <div class="timeline-entry">
            <div class="timeline-header">Comment by <a href="https://github.com/konstin">@konstin</a> on 2025-05-30 17:30</div>
            <div class="timeline-body"><p>Please contact the cuml project for support for installing cuml, this is a choice by the cuml developers to use conda, not a bug in uv.</p>
</div>
        </div>
        <div class="timeline-entry">
            <div class="event">Closed by @konstin on 2025-05-30 17:30</div>
        </div>
    </div>

    <footer>
        Synced at 2026-01-09 23:35:04 UTC
    </footer>
</body>
</html>
