<!DOCTYPE html>
<html lang="en">
<head>
    <meta charset="UTF-8">
    <meta name="viewport" content="width=device-width, initial-scale=1.0">
    <title>Test cases on Windows flake with exit code `-1073741819` - astral-sh/uv #13812</title>
    <link rel="stylesheet" href="../../../style.css">
</head>
<body>
    <div class="back-link">
        <a href="../../../index.html">Back to index</a>
    </div>

    <h1>Test cases on Windows flake with exit code `-1073741819`</h1>

    <div class="meta">
        <span class="state state-open">Open</span>
        <a href="https://github.com/astral-sh/uv/issues/13812">#13812</a>
        opened by <a href="https://github.com/zanieb">@zanieb</a>
        on 2025-06-03 14:02
    </div>

    <div class="timeline">
        <div class="timeline-entry">
            <div class="timeline-header">Issue opened by <a href="https://github.com/zanieb">@zanieb</a> on 2025-06-03 14:02</div>
            <div class="timeline-body"><pre><code>        FAIL [   2.228s] uv::it sync::sync_group
  stdout ───

    running 1 test
    ━━━━━━━━━━━━━━━━━━━━━━━━━━━━━━ Snapshot Summary ━━━━━━━━━━━━━━━━━━━━━━━━━━━━━━━
    Snapshot: sync_group
    Source: D:\uv:1317
    ───────────────────────────────────────────────────────────────────────────────
    Expression: snapshot
    ───────────────────────────────────────────────────────────────────────────────
    -old snapshot
    +new results
    ────────────┬──────────────────────────────────────────────────────────────────
        0       │-success: true
        1       │-exit_code: 0
              0 │+success: false
              1 │+exit_code: -1073741819
        2     2 │ ----- stdout -----
        3     3 │ 
        4     4 │ ----- stderr -----
        5     5 │ Resolved 10 packages in [TIME]
    ────────────┴──────────────────────────────────────────────────────────────────
    Stopped on the first failure. Run `cargo insta test` to run all snapshots.
    test sync::sync_group ... FAILED

    failures:

    failures:
        sync::sync_group

    test result: FAILED. 0 passed; 1 failed; 0 ignored; 0 measured; 1646 filtered out; finished in 2.20s
    
  stderr ───

    ━━━━━━━━━━━━━━━━━━━━━━━━━━━━━━ Unfiltered output ━━━━━━━━━━━━━━━━━━━━━━━━━━━━━━
    ----- stdout -----

    ----- stderr -----
    Resolved 10 packages in 4ms
    Prepared 2 packages in 50ms
    Installed 2 packages in 60ms
     + iniconfig==2.0.0
     + typing-extensions==4.10.0

    ────────────────────────────────────────────────────────────────────────────────


    thread 'sync::sync_group' panicked at D:/.cargo\registry\src\index.crates.io-1949cf8c6b5b557f\insta-1.43.1\src\runtime.rs:679:13:
    snapshot assertion for 'sync_group' failed in line 1317
</code></pre>
</div>
        </div>
        <div class="timeline-entry">
            <div class="event">Label <span class="label">ci-flake</span> added by @zanieb on 2025-06-03 14:02</div>
        </div>
        <div class="timeline-entry">
            <div class="timeline-header">Comment by <a href="https://github.com/zanieb">@zanieb</a> on 2025-06-03 14:02</div>
            <div class="timeline-body"><p>e.g., https://github.com/astral-sh/uv/actions/runs/15419136863/job/43389293103?pr=13808</p>
</div>
        </div>
        <div class="timeline-entry">
            <div class="event">Referenced in <a href="../issues/13023.html">astral-sh/uv#13023</a> on 2025-06-03 14:37</div>
        </div>
        <div class="timeline-entry">
            <div class="timeline-header">Comment by <a href="https://github.com/konstin">@konstin</a> on 2025-06-03 14:38</div>
            <div class="timeline-body"><p>The crash analysis didn't trigger :/</p>
<blockquote>
<p>No files were found with the provided path: dumps/*.dmp. No artifacts will be uploaded.</p>
</blockquote>
</div>
        </div>
        <div class="timeline-entry">
            <div class="event">Renamed from "`sync::sync_group` flakes with exit code `-1073741819` on Windows" to "Test cases on Windows flake with exit code `-1073741819`" by @zanieb on 2025-06-03 14:39</div>
        </div>
        <div class="timeline-entry">
            <div class="timeline-header">Comment by <a href="https://github.com/zanieb">@zanieb</a> on 2025-06-03 14:39</div>
            <div class="timeline-body"><p>See also #13023 — this doesn't seem focused on a specific test.</p>
</div>
        </div>
        <div class="timeline-entry">
            <div class="event">Referenced in <a href="../issues/13928.html">astral-sh/uv#13928</a> on 2025-06-09 17:13</div>
        </div>
        <div class="timeline-entry">
            <div class="timeline-header">Comment by <a href="https://github.com/jtfmumm">@jtfmumm</a> on 2025-06-09 17:25</div>
            <div class="timeline-body"><p>This error code looks like a Windows Access Violation error (hex: <code>0xC0000005</code>).</p>
<p>Another case: https://github.com/astral-sh/uv/actions/runs/15539150456/job/43745497711?pr=13917 on <code>lock_invalid_hash</code>.</p>
</div>
        </div>
        <div class="timeline-entry">
            <div class="event">Referenced in <a href="../pulls/13941.html">astral-sh/uv#13941</a> on 2025-06-10 10:24</div>
        </div>
        <div class="timeline-entry">
            <div class="timeline-header">Comment by <a href="https://github.com/konstin">@konstin</a> on 2025-06-12 09:53</div>
            <div class="timeline-body"><p>Another one: https://github.com/astral-sh/uv/actions/runs/15600709049/job/43939940603?pr=13978</p>
</div>
        </div>
        <div class="timeline-entry">
            <div class="timeline-header">Comment by <a href="https://github.com/konstin">@konstin</a> on 2025-06-16 16:46</div>
            <div class="timeline-body"><p>We finally have a backtrace (https://github.com/astral-sh/uv/actions/runs/15686548260/job/44191093407?pr=14081):</p>
<pre><code>         FAIL [   4.630s] uv::it pip_list::list_outdated_index
  stdout ───

    running 1 test
    ━━━━━━━━━━━━━━━━━━━━━━━━━━━━━━ Snapshot Summary ━━━━━━━━━━━━━━━━━━━━━━━━━━━━━━━
    Snapshot: list_outdated_index-2
    Source: D:\uv:263
    ───────────────────────────────────────────────────────────────────────────────
    Expression: snapshot
    ───────────────────────────────────────────────────────────────────────────────
    -old snapshot
    +new results
    ────────────┬──────────────────────────────────────────────────────────────────
        0       │-success: true
        1       │-exit_code: 0
              0 │+success: false
              1 │+exit_code: -1073741819
        2     2 │ ----- stdout -----
        3     3 │ Package Version Latest Type
        4     4 │ ------- ------- ------ -----
        5     5 │ anyio   3.0.0   3.5.0  wheel
    ────────────┴──────────────────────────────────────────────────────────────────
    Stopped on the first failure. Run `cargo insta test` to run all snapshots.
    test pip_list::list_outdated_index ... FAILED

    failures:

    failures:
        pip_list::list_outdated_index

    test result: FAILED. 0 passed; 1 failed; 0 ignored; 0 measured; 1679 filtered out; finished in 4.59s
    
  stderr ───

    ━━━━━━━━━━━━━━━━━━━━━━━━━━━━━━ Unfiltered output ━━━━━━━━━━━━━━━━━━━━━━━━━━━━━━
    ----- stdout -----

    ----- stderr -----
    Resolved 3 packages in 173ms
    Prepared 3 packages in 69ms
    Installed 3 packages in 354ms
     + anyio==3.0.0
     + idna==3.6
     + sniffio==1.3.1

    ────────────────────────────────────────────────────────────────────────────────


    ━━━━━━━━━━━━━━━━━━━━━━━━━━━━━━ Unfiltered output ━━━━━━━━━━━━━━━━━━━━━━━━━━━━━━
    ----- stdout -----
    Package Version Latest Type
    ------- ------- ------ -----
    anyio   3.0.0   3.5.0  wheel

    ----- stderr -----

    ────────────────────────────────────────────────────────────────────────────────


    thread 'pip_list::list_outdated_index' panicked at D:/.cargo\registry\src\index.crates.io-1949cf8c6b5b557f\insta-1.43.1\src\runtime.rs:679:13:
    snapshot assertion for 'list_outdated_index-2' failed in line 263
    stack backtrace:
       0: std::panicking::begin_panic_handler
                 at /rustc/05f9846f893b09a1be1fc8560e33fc3c815cfecb/library\std\src\panicking.rs:695
       1: core::panicking::panic_fmt
                 at /rustc/05f9846f893b09a1be1fc8560e33fc3c815cfecb/library\core\src\panicking.rs:75
       2: insta::runtime::SnapshotAssertionContext::finalize
                 at D:\.cargo\registry\src\index.crates.io-1949cf8c6b5b557f\insta-1.43.1\src\runtime.rs:679
       3: insta::runtime::assert_snapshot
                 at D:\.cargo\registry\src\index.crates.io-1949cf8c6b5b557f\insta-1.43.1\src\runtime.rs:848
       4: it::pip_list::list_outdated_index
                 at .\tests\it\common\mod.rs:1708
       5: it::pip_list::list_outdated_index::closure$0
                 at .\tests\it\pip_list.rs:239
       6: core::ops::function::FnOnce::call_once&lt;it::pip_list::list_outdated_index::closure_env$0,tuple$&lt;&gt; &gt;
                 at /rustc/05f9846f893b09a1be1fc8560e33fc3c815cfecb\library\core\src\ops\function.rs:250
       7: core::ops::function::FnOnce::call_once
                 at /rustc/05f9846f893b09a1be1fc8560e33fc3c815cfecb/library\core\src\ops\function.rs:250
    note: Some details are omitted, run with `RUST_BACKTRACE=full` for a verbose backtrace.

error: test run failed
Error: Process completed with exit code 100.
</code></pre>
</div>
        </div>
        <div class="timeline-entry">
            <div class="event">Referenced in <a href="../issues/14563.html">astral-sh/uv#14563</a> on 2025-07-11 15:03</div>
        </div>
        <div class="timeline-entry">
            <div class="event">Referenced in <a href="../pulls/14582.html">astral-sh/uv#14582</a> on 2025-07-13 02:49</div>
        </div>
    </div>

    <footer>
        Synced at 2026-01-09 23:35:04 UTC
    </footer>
</body>
</html>
