<!DOCTYPE html>
<html lang="en">
<head>
    <meta charset="UTF-8">
    <meta name="viewport" content="width=device-width, initial-scale=1.0">
    <title>Install of pydevd_pycharm doesn't work - astral-sh/uv #14018</title>
    <link rel="stylesheet" href="../../../style.css">
</head>
<body>
    <div class="back-link">
        <a href="../../../index.html">Back to index</a>
    </div>

    <h1>Install of pydevd_pycharm doesn't work</h1>

    <div class="meta">
        <span class="state state-closed">Closed</span>
        <a href="https://github.com/astral-sh/uv/issues/14018">#14018</a>
        opened by <a href="https://github.com/david-banon-tecnativa">@david-banon-tecnativa</a>
        on 2025-06-13 10:58
    </div>

    <div class="timeline">
        <div class="timeline-entry">
            <div class="timeline-header">Issue opened by <a href="https://github.com/david-banon-tecnativa">@david-banon-tecnativa</a> on 2025-06-13 10:58</div>
            <div class="timeline-body"><h3>Summary</h3>
<p>When installin pydevd_pycharm using uv, the package doesn't work and throws an issue. However, installing with regular pip does not.</p>
<p>How to replicate:</p>
<pre><code class="language-bash">mkdir /tmp/pydev_test
python -m venv /tmp/pydev_test/.pip
python -m venv /tmp/pydev_test/.uv
</code></pre>
<p>Place this file on /tmp/pydev_test/</p>
<pre><code class="language-python">import pydevd_pycharm
pydevd_pycharm.settrace('localhost', port=12345, stdoutToServer=True, stderrToServer=True)
test = &quot;test&quot;
print(test)
</code></pre>
<p>For pip:</p>
<pre><code>source /tmp/pydev_test/.pip/bin/activate
pip install pydevd pydevd_pycharm
python main.py
</code></pre>
<p>For UV:</p>
<pre><code>source /tmp/pydev_test/.uv/bin/activate
uv pip install pydevd pydevd_pycharm
python main.py
</code></pre>
<p>If a pydev debugger is running, pip version successfully connects to debugger.
but the uv version throws this error:</p>
<pre><code>Traceback (most recent call last):
  File &quot;/tmp/test/main.py&quot;, line 1, in &lt;module&gt;
    import pydevd_pycharm
  File &quot;/tmp/test/.uvvenv/lib64/python3.13/site-packages/pydevd_pycharm.py&quot;, line 3, in &lt;module&gt;
    from pydevd import settrace, stoptrace
  File &quot;/tmp/test/.uvvenv/lib64/python3.13/site-packages/pydevd.py&quot;, line 49, in &lt;module&gt;
    from _pydevd_bundle.pydevd_comm import CMD_SET_BREAK, CMD_SET_NEXT_STATEMENT, CMD_STEP_INTO, CMD_STEP_OVER, \
    ...&lt;5 lines&gt;...
        InternalSendCurrExceptionTraceProceeded, CommunicationRole, run_as_pydevd_daemon_thread
  File &quot;/tmp/test/.uvvenv/lib64/python3.13/site-packages/_pydevd_bundle/pydevd_comm.py&quot;, line 108, in &lt;module&gt;
    from _pydevd_bundle.pydevd_tables import exec_table_command
  File &quot;/tmp/test/.uvvenv/lib64/python3.13/site-packages/_pydevd_bundle/pydevd_tables.py&quot;, line 7, in &lt;module&gt;
    from _pydevd_bundle.tables.images.pydevd_image_loader import load_image_chunk
ModuleNotFoundError: No module named '_pydevd_bundle.tables'
</code></pre>
<h3>Platform</h3>
<p>Linux</p>
<h3>Version</h3>
<p>uv 0.7.13 (Homebrew 2025-06-12)</p>
<h3>Python version</h3>
<p>3.13</p>
</div>
        </div>
        <div class="timeline-entry">
            <div class="event">Label <span class="label">bug</span> added by @david-banon-tecnativa on 2025-06-13 10:58</div>
        </div>
        <div class="timeline-entry">
            <div class="event">Label <span class="label">bug</span> removed by @konstin on 2025-06-13 11:08</div>
        </div>
        <div class="timeline-entry">
            <div class="event">Label <span class="label">question</span> added by @konstin on 2025-06-13 11:08</div>
        </div>
        <div class="timeline-entry">
            <div class="event">Label <span class="label">external</span> added by @konstin on 2025-06-13 11:08</div>
        </div>
        <div class="timeline-entry">
            <div class="timeline-header">Comment by <a href="https://github.com/konstin">@konstin</a> on 2025-06-13 11:08</div>
            <div class="timeline-body"><p>I can't reproduce this, for me <code>pip install pydevd pydevd_pycharm</code> also fails to <code>import pydevd_pycharm</code>. Looking at the package, I assume this is a problem with their setuptools build system.</p>
</div>
        </div>
        <div class="timeline-entry">
            <div class="timeline-header">Comment by <a href="https://github.com/pjrulez">@pjrulez</a> on 2025-06-17 03:11</div>
            <div class="timeline-body"><p>I noticed this issue as well.
In my project I didn't make any changes to the dependencies, but when I had to update my Dockerfiles after 3.12.11 was released, this started happening, so I reverted images back to 3.12.10 and this issue persists.</p>
<p>Thanks for the workaround! ... <strong>EDIT:</strong>
<strong>the workaround didn't work for me.</strong></p>
<pre><code> Forcing reinstall of pydevd-pycharm with pip [/app/.venv/bin/pip] to fix known uv issue...
 Using Python 3.12.10 environment at: /usr/local
 Audited 1 package in 544ms
 Collecting pydevd-pycharm==252.18003.35
   Downloading pydevd_pycharm-252.18003.35.tar.gz (7.6 MB)
      ‚îÅ‚îÅ‚îÅ‚îÅ‚îÅ‚îÅ‚îÅ‚îÅ‚îÅ‚îÅ‚îÅ‚îÅ‚îÅ‚îÅ‚îÅ‚îÅ‚îÅ‚îÅ‚îÅ‚îÅ‚îÅ‚îÅ‚îÅ‚îÅ‚îÅ‚îÅ‚îÅ‚îÅ‚îÅ‚îÅ‚îÅ‚îÅ‚îÅ‚îÅ‚îÅ‚îÅ‚îÅ‚îÅ‚îÅ‚îÅ 7.6/7.6 MB 46.1 MB/s eta 0:00:00
   Installing build dependencies: started
   Installing build dependencies: finished with status 'done'
   Getting requirements to build wheel: started
   Getting requirements to build wheel: finished with status 'done'
   Preparing metadata (pyproject.toml): started
   Preparing metadata (pyproject.toml): finished with status 'done'
 Building wheels for collected packages: pydevd-pycharm
   Building wheel for pydevd-pycharm (pyproject.toml): started
   Building wheel for pydevd-pycharm (pyproject.toml): finished with status 'done'
   Created wheel for pydevd-pycharm: filename=pydevd_pycharm-252.18003.35-py3-none-any.whl size=15119166 sha256=53e235958434ba4445afd8ae8
   Stored in directory: /home/ubuntu/.cache/pip/wheels/ee/2f/f9/76b5aceb75f907393de7cee7c3c994664def34558940e666ca
 Successfully built pydevd-pycharm
 Installing collected packages: pydevd-pycharm
 Successfully installed pydevd-pycharm-252.18003.35
 
 [notice] A new release of pip is available: 25.0.1 -&gt; 25.1.1
 [notice] To update, run: pip install --upgrade pip

 üöÄ Starting application...
 DEBUG MODE ENABLED
 ‚ö†Ô∏è  pydevd_pycharm not installed in this environment.
 Traceback (most recent call last):
   File &quot;/app/manage.py&quot;, line 30, in initialize_pydevd_debugger
     import pydevd_pycharm
   File &quot;/app/.venv/lib/python3.12/site-packages/pydevd_pycharm.py&quot;, line 3, in &lt;module&gt;
     from pydevd import settrace, stoptrace
   File &quot;/app/.venv/lib/python3.12/site-packages/pydevd.py&quot;, line 49, in &lt;module&gt;
     from _pydevd_bundle.pydevd_comm import CMD_SET_BREAK, CMD_SET_NEXT_STATEMENT, CMD_STEP_INTO, CMD_STEP_OVER, \
   File &quot;/app/.venv/lib/python3.12/site-packages/_pydevd_bundle/pydevd_comm.py&quot;, line 108, in &lt;module&gt;
     from _pydevd_bundle.pydevd_tables import exec_table_command
   File &quot;/app/.venv/lib/python3.12/site-packages/_pydevd_bundle/pydevd_tables.py&quot;, line 7, in &lt;module&gt;
     from _pydevd_bundle.tables.images.pydevd_image_loader import load_image_chunk
 ModuleNotFoundError: No module named '_pydevd_bundle.tables'
</code></pre>
<p>The thing is that I tried an older version of pydevd_pycharm that I know for sure worked for me in the past, and even the latest version of pydevd_pycharm and regardless of the version, it doesn't work for me anymore.</p>
<p>Somehow I suspect that it'd be worth trying to downgrade uv and try again because I did also run 'uv self update' since. So I tried with uv versions 0.7.0 and 0.6.7 as well and the issue is identical.</p>
<p>To be honest I'm not sure what the issue is, but I'm experiencing the same issue and it came out of nowhere.
If you need more context let me know.</p>
</div>
        </div>
        <div class="timeline-entry">
            <div class="timeline-header">Comment by <a href="https://github.com/konstin">@konstin</a> on 2025-06-17 10:48</div>
            <div class="timeline-body"><p>Could you try clearing the cache for the package? My best guess is they are including something of the build environment in the packages, so you're now always getting the cached wheel of the broken build.</p>
</div>
        </div>
        <div class="timeline-entry">
            <div class="timeline-header">Comment by <a href="https://github.com/pjrulez">@pjrulez</a> on 2025-06-18 00:20</div>
            <div class="timeline-body"><blockquote>
<p>Could you try clearing the cache for the package? My best guess is they are including something of the build environment in the packages, so you're now always getting the cached wheel of the broken build.</p>
</blockquote>
<p>I tried running uv cache clean after uv sync and before installing pydevd_pycharm. Same with just pip seeded into the venv. Didn't help.
pip cache purge
pip install --no-cache-dir --force-reinstall pydevd-pycharm==252.18003.35</p>
<p>No matter if I use pip or uv pip or clear cache or not, it doesn't work.</p>
<p>I tried the --only-binary option:
uv pip install pydevd-pycharm --no-cache --reinstall --no-deps --only-binary pydevd-pycharm --python /venv</p>
<p>python -V : Python 3.12.10 ; which python : /venv/bin/python
Using Python 3.12.10 environment at: /venv
√ó No solution found when resolving dependencies:
‚ï∞‚îÄ‚ñ∂ Because all versions of pydevd-pycharm have no usable wheels and you
require pydevd-pycharm, we can conclude that your requirements are
unsatisfiable.
hint: Wheels are required for <code>pydevd-pycharm</code> because building from
source is disabled for <code>pydevd-pycharm</code> (i.e., with <code>--no-build-package       pydevd-pycharm</code>)</p>
<p>The latest version: pydevd-pycharm==252.21735.39 has the same issue.</p>
<p>Is there a pydevd_pycharm repo where I can open an issue?</p>
</div>
        </div>
        <div class="timeline-entry">
            <div class="timeline-header">Comment by <a href="https://github.com/pjrulez">@pjrulez</a> on 2025-06-18 03:02</div>
            <div class="timeline-body"><p>This version of pydevd_pycharm worked for me:
pydevd-pycharm==<strong>251.23774.444</strong></p>
<p>python version, uv version, had no effect.</p>
<ul>
<li>https://intellij-support.jetbrains.com/hc/en-us/community/posts/27473728256402-pydevd-pycharm-ModuleNotFoundError-No-module-named-pydevd-bundle-tables?page=1#community_comment_27484921073682</li>
<li>https://youtrack.jetbrains.com/issue/PY-82027/No-module-named-pydevdbundle.tables-using-pydevd-pycharm-package</li>
</ul>
</div>
        </div>
        <div class="timeline-entry">
            <div class="timeline-header">Comment by <a href="https://github.com/konstin">@konstin</a> on 2025-06-18 08:03</div>
            <div class="timeline-body"><p>Closing as regression in pydevd-pycharm</p>
</div>
        </div>
        <div class="timeline-entry">
            <div class="event">Closed by @konstin on 2025-06-18 08:03</div>
        </div>
    </div>

    <footer>
        Synced at 2026-01-09 23:35:04 UTC
    </footer>
</body>
</html>
