<!DOCTYPE html>
<html lang="en">
<head>
    <meta charset="UTF-8">
    <meta name="viewport" content="width=device-width, initial-scale=1.0">
    <title>```uv pip install pylcs``` gives ```RuntimeError: Unsupported compiler -- at least C++11 support is needed!``` - astral-sh/uv #15144</title>
    <link rel="stylesheet" href="../../../style.css">
</head>
<body>
    <div class="back-link">
        <a href="../../../index.html">Back to index</a>
    </div>

    <h1>```uv pip install pylcs``` gives ```RuntimeError: Unsupported compiler -- at least C++11 support is needed!```</h1>

    <div class="meta">
        <span class="state state-closed">Closed</span>
        <a href="https://github.com/astral-sh/uv/issues/15144">#15144</a>
        opened by <a href="https://github.com/YMRTZ">@YMRTZ</a>
        on 2025-08-07 18:32
    </div>

    <div class="timeline">
        <div class="timeline-entry">
            <div class="timeline-header">Issue opened by <a href="https://github.com/YMRTZ">@YMRTZ</a> on 2025-08-07 18:32</div>
            <div class="timeline-body"><h3>Summary</h3>
<p>Calling <code>uv pip install pylcs</code> throws an error:
<code>RuntimeError: Unsupported compiler -- at least C++11 support is needed!</code>
build-essentials is already installed. gcc and g++ are both version 11.4.0.</p>
<p>Workflow:</p>
<pre><code>uv venv --python=3.12
source .venv/bin/activate
uv pip install pylcs
</code></pre>
<p>Output of <code>uv pip install pylcs --verbose</code>:</p>
<pre><code>DEBUG uv 0.7.1
DEBUG Searching for default Python interpreter in virtual environments
DEBUG Found `cpython-3.12.10-linux-x86_64-gnu` at `/home/ymrtz/custom-openhands/venv/bin/python3` (active virtual environment)
Using Python 3.12.10 environment at: venv
DEBUG Acquired lock for `venv`
DEBUG At least one requirement is not satisfied: pylcs
DEBUG Using request timeout of 30s
DEBUG Solving with installed Python version: 3.12.10
DEBUG Solving with target Python version: &gt;=3.12.10
DEBUG Adding direct dependency: pylcs*
DEBUG Found stale response for: https://pypi.org/simple/pylcs/
DEBUG Sending revalidation request for: https://pypi.org/simple/pylcs/
DEBUG Found not-modified response for: https://pypi.org/simple/pylcs/
DEBUG Found fresh response for: https://files.pythonhosted.org/packages/69/41/ef10e08997b841c7608e84a2af29c01b77a682a406befe1aec54ebda7cd4/pylcs-0.1.1-cp310-cp310-win_amd64.whl.metadata
DEBUG Searching for a compatible version of pylcs (*)
DEBUG Selecting: pylcs==0.1.1 [compatible] (pylcs-0.1.1.tar.gz)
DEBUG Adding transitive dependency for pylcs==0.1.1: pybind11&gt;=2.2
DEBUG Found stale response for: https://pypi.org/simple/pybind11/
DEBUG Sending revalidation request for: https://pypi.org/simple/pybind11/
DEBUG Found not-modified response for: https://pypi.org/simple/pybind11/
DEBUG Searching for a compatible version of pybind11 (&gt;=2.2)
DEBUG Selecting: pybind11==3.0.0 [compatible] (pybind11-3.0.0-py3-none-any.whl)
DEBUG Found fresh response for: https://files.pythonhosted.org/packages/41/9c/85f50a5476832c3efc67b6d7997808388236ae4754bf53e1749b3bc27577/pybind11-3.0.0-py3-none-any.whl.metadata
DEBUG Tried 2 versions: pybind11 1, pylcs 1
DEBUG marker environment resolution took 0.063s
Resolved 2 packages in 64ms
DEBUG Identified uncached distribution: pylcs==0.1.1
DEBUG Registry requirement already cached: pybind11==3.0.0
DEBUG Unnecessary package: markupsafe==3.0.2
DEBUG Unnecessary package: pyyaml==6.0.2
DEBUG Unnecessary package: aiohappyeyeballs==2.6.1
DEBUG Unnecessary package: aiohttp==3.12.14
DEBUG Unnecessary package: aiosignal==1.4.0
DEBUG Unnecessary package: airportsdata==20250706
DEBUG Unnecessary package: annotated-types==0.7.0
DEBUG Unnecessary package: anyio==4.9.0
DEBUG Unnecessary package: argparse==1.4.0
DEBUG Unnecessary package: astor==0.8.1
DEBUG Unnecessary package: attrs==25.3.0
DEBUG Unnecessary package: automat==25.4.16
DEBUG Unnecessary package: blake3==1.0.5
DEBUG Unnecessary package: buildtools==1.0.6
DEBUG Unnecessary package: cachetools==6.1.0
DEBUG Unnecessary package: certifi==2025.7.14
DEBUG Unnecessary package: charset-normalizer==3.4.2
DEBUG Unnecessary package: clang==20.1.5
DEBUG Unnecessary package: click==8.2.1
DEBUG Unnecessary package: cloudpickle==3.1.1
DEBUG Unnecessary package: compressed-tensors==0.10.2
DEBUG Unnecessary package: constantly==23.10.4
DEBUG Unnecessary package: cupy-cuda12x==13.5.1
DEBUG Unnecessary package: depyf==0.18.0
DEBUG Unnecessary package: dill==0.4.0
DEBUG Unnecessary package: diskcache==5.6.3
DEBUG Unnecessary package: distro==1.9.0
DEBUG Unnecessary package: dnspython==2.7.0
DEBUG Unnecessary package: docopt==0.6.2
DEBUG Unnecessary package: einops==0.8.1
DEBUG Unnecessary package: email-validator==2.2.0
DEBUG Unnecessary package: essentials==1.1.6
DEBUG Unnecessary package: fastapi==0.116.1
DEBUG Unnecessary package: fastapi-cli==0.0.8
DEBUG Unnecessary package: fastapi-cloud-cli==0.1.4
DEBUG Unnecessary package: fastrlock==0.8.3
DEBUG Unnecessary package: filelock==3.18.0
DEBUG Unnecessary package: frozenlist==1.7.0
DEBUG Unnecessary package: fsspec==2025.7.0
DEBUG Unnecessary package: furl==2.1.4
DEBUG Unnecessary package: gguf==0.17.1
DEBUG Unnecessary package: greenlet==3.2.3
DEBUG Unnecessary package: h11==0.16.0
DEBUG Unnecessary package: hf-xet==1.1.5
DEBUG Unnecessary package: httpcore==1.0.9
DEBUG Unnecessary package: httptools==0.6.4
DEBUG Unnecessary package: httpx==0.28.1
DEBUG Unnecessary package: huggingface-hub==0.33.4
DEBUG Unnecessary package: hyperlink==21.0.0
DEBUG Unnecessary package: idna==3.10
DEBUG Unnecessary package: importlib-metadata==8.7.0
DEBUG Unnecessary package: incremental==24.7.2
DEBUG Unnecessary package: interegular==0.3.3
DEBUG Unnecessary package: jinja2==3.1.6
DEBUG Unnecessary package: jiter==0.10.0
DEBUG Unnecessary package: jsonschema==4.25.0
DEBUG Unnecessary package: jsonschema-specifications==2025.4.1
DEBUG Unnecessary package: lark==1.2.2
DEBUG Unnecessary package: litellm==1.75.0
DEBUG Unnecessary package: llguidance==0.7.30
DEBUG Unnecessary package: llvmlite==0.44.0
DEBUG Unnecessary package: lm-format-enforcer==0.10.11
DEBUG Unnecessary package: markdown-it-py==3.0.0
DEBUG Unnecessary package: mdurl==0.1.2
DEBUG Unnecessary package: mistral-common==1.8.1
DEBUG Unnecessary package: mpmath==1.3.0
DEBUG Unnecessary package: msgpack==1.1.1
DEBUG Unnecessary package: msgspec==0.19.0
DEBUG Unnecessary package: multidict==6.6.3
DEBUG Unnecessary package: nest-asyncio==1.6.0
DEBUG Unnecessary package: networkx==3.5
DEBUG Unnecessary package: ninja==1.11.1.4
DEBUG Unnecessary package: numba==0.61.2
DEBUG Unnecessary package: numpy==2.2.6
DEBUG Unnecessary package: nvidia-cublas-cu12==12.6.4.1
DEBUG Unnecessary package: nvidia-cuda-cupti-cu12==12.6.80
DEBUG Unnecessary package: nvidia-cuda-nvrtc-cu12==12.6.77
DEBUG Unnecessary package: nvidia-cuda-runtime-cu12==12.6.77
DEBUG Unnecessary package: nvidia-cudnn-cu12==9.5.1.17
DEBUG Unnecessary package: nvidia-cufft-cu12==11.3.0.4
DEBUG Unnecessary package: nvidia-cufile-cu12==1.11.1.6
DEBUG Unnecessary package: nvidia-curand-cu12==10.3.7.77
DEBUG Unnecessary package: nvidia-cusolver-cu12==11.7.1.2
DEBUG Unnecessary package: nvidia-cusparse-cu12==12.5.4.2
DEBUG Unnecessary package: nvidia-cusparselt-cu12==0.6.3
DEBUG Unnecessary package: nvidia-nccl-cu12==2.26.2
DEBUG Unnecessary package: nvidia-nvjitlink-cu12==12.6.85
DEBUG Unnecessary package: nvidia-nvtx-cu12==12.6.77
DEBUG Unnecessary package: openai==1.90.0
DEBUG Unnecessary package: opencv-python-headless==4.12.0.88
DEBUG Unnecessary package: orderedmultidict==1.0.1
DEBUG Unnecessary package: outlines==0.1.11
DEBUG Unnecessary package: outlines-core==0.1.26
DEBUG Unnecessary package: packaging==25.0
DEBUG Unnecessary package: pandas==2.3.1
DEBUG Unnecessary package: partial-json-parser==0.2.1.1.post6
DEBUG Unnecessary package: pillow==11.3.0
DEBUG Unnecessary package: prometheus-client==0.22.1
DEBUG Unnecessary package: prometheus-fastapi-instrumentator==7.1.0
DEBUG Unnecessary package: propcache==0.3.2
DEBUG Unnecessary package: protobuf==6.31.1
DEBUG Unnecessary package: psutil==7.0.0
DEBUG Unnecessary package: py-cpuinfo==9.0.0
DEBUG Unnecessary package: pybase64==1.4.1
DEBUG Unnecessary package: pycountry==24.6.1
DEBUG Unnecessary package: pydantic==2.11.7
DEBUG Unnecessary package: pydantic-core==2.33.2
DEBUG Unnecessary package: pydantic-extra-types==2.10.5
DEBUG Unnecessary package: pygments==2.19.2
DEBUG Unnecessary package: python-dateutil==2.9.0.post0
DEBUG Unnecessary package: python-dotenv==1.1.1
DEBUG Unnecessary package: python-json-logger==3.3.0
DEBUG Unnecessary package: python-multipart==0.0.20
DEBUG Unnecessary package: pytz==2025.2
DEBUG Unnecessary package: pyzmq==27.0.0
DEBUG Unnecessary package: ray==2.48.0
DEBUG Unnecessary package: redo==3.0.0
DEBUG Unnecessary package: referencing==0.36.2
DEBUG Unnecessary package: regex==2024.11.6
DEBUG Unnecessary package: requests==2.32.4
DEBUG Unnecessary package: rich==14.0.0
DEBUG Unnecessary package: rich-toolkit==0.14.8
DEBUG Unnecessary package: rignore==0.6.4
DEBUG Unnecessary package: rpds-py==0.26.0
DEBUG Unnecessary package: safetensors==0.5.3
DEBUG Unnecessary package: scipy==1.16.0
DEBUG Unnecessary package: sentencepiece==0.2.0
DEBUG Unnecessary package: sentry-sdk==2.33.2
DEBUG Unnecessary package: setuptools==80.9.0
DEBUG Unnecessary package: shellingham==1.5.4
DEBUG Unnecessary package: simplejson==3.20.1
DEBUG Unnecessary package: six==1.17.0
DEBUG Unnecessary package: sniffio==1.3.1
DEBUG Unnecessary package: sqlalchemy==2.0.41
DEBUG Unnecessary package: starlette==0.47.2
DEBUG Unnecessary package: sympy==1.14.0
DEBUG Unnecessary package: tiktoken==0.9.0
DEBUG Unnecessary package: tokenizers==0.21.2
DEBUG Unnecessary package: toml==0.10.2
DEBUG Unnecessary package: torch==2.7.0
DEBUG Unnecessary package: torchaudio==2.7.0
DEBUG Unnecessary package: torchvision==0.22.0
DEBUG Unnecessary package: tqdm==4.67.1
DEBUG Unnecessary package: transformers==4.53.3
DEBUG Unnecessary package: triton==3.3.0
DEBUG Unnecessary package: twisted==25.5.0
DEBUG Unnecessary package: typer==0.16.0
DEBUG Unnecessary package: typing-extensions==4.14.1
DEBUG Unnecessary package: typing-inspection==0.4.1
DEBUG Unnecessary package: tzdata==2025.2
DEBUG Unnecessary package: urllib3==2.5.0
DEBUG Unnecessary package: uvicorn==0.35.0
DEBUG Unnecessary package: uvloop==0.21.0
DEBUG Unnecessary package: vllm==0.9.2
DEBUG Unnecessary package: watchfiles==1.1.0
DEBUG Unnecessary package: websockets==15.0.1
DEBUG Unnecessary package: xformers==0.0.30
DEBUG Unnecessary package: xgrammar==0.1.19
DEBUG Unnecessary package: yarl==1.20.1
DEBUG Unnecessary package: zipp==3.23.0
DEBUG Unnecessary package: zope-interface==7.2
DEBUG Acquired lock for `/home/ymrtz/.cache/uv/sdists-v9/pypi/pylcs/0.1.1`
DEBUG Found fresh response for: https://files.pythonhosted.org/packages/7e/7f/9ca900387de8f3d3658dbf7d0aba96aa2a69f4f5329c83af9be98dc7307d/pylcs-0.1.1.tar.gz
   Building pylcs==0.1.1
DEBUG Building: pylcs==0.1.1
DEBUG Assessing Python executable as base candidate: /home/ymrtz/.local/share/uv/python/cpython-3.12.10-linux-x86_64-gnu/bin/python3.12
DEBUG Using base executable for virtual environment: /home/ymrtz/.local/share/uv/python/cpython-3.12.10-linux-x86_64-gnu/bin/python3.12
DEBUG Ignoring empty directory
DEBUG Resolving build requirements
DEBUG Solving with installed Python version: 3.12.10
DEBUG Solving with target Python version: &gt;=3.12.10
DEBUG Adding direct dependency: setuptools&gt;=42
DEBUG Adding direct dependency: pybind11&gt;=2.2
DEBUG Found stale response for: https://pypi.org/simple/setuptools/
DEBUG Sending revalidation request for: https://pypi.org/simple/setuptools/
DEBUG Found not-modified response for: https://pypi.org/simple/setuptools/
DEBUG Found fresh response for: https://files.pythonhosted.org/packages/a3/dc/17031897dae0efacfea57dfd3a82fdd2a2aeb58e0ff71b77b87e44edc772/setuptools-80.9.0-py3-none-any.whl.metadata
DEBUG Searching for a compatible version of setuptools (&gt;=42)
DEBUG Selecting: setuptools==80.9.0 [compatible] (setuptools-80.9.0-py3-none-any.whl)
DEBUG Searching for a compatible version of pybind11 (&gt;=2.2)
DEBUG Selecting: pybind11==3.0.0 [compatible] (pybind11-3.0.0-py3-none-any.whl)
DEBUG Tried 2 versions: pybind11 1, setuptools 1
DEBUG marker environment resolution took 0.011s
DEBUG Installing in setuptools==80.9.0, pybind11==3.0.0 in /home/ymrtz/.cache/uv/builds-v0/.tmpZSHwIH
DEBUG Registry requirement already cached: setuptools==80.9.0
DEBUG Registry requirement already cached: pybind11==3.0.0
DEBUG Installing build requirements: setuptools==80.9.0, pybind11==3.0.0
DEBUG Creating PEP 517 build environment
DEBUG Calling `setuptools.build_meta.get_requires_for_build_wheel()`
DEBUG running egg_info
DEBUG writing pylcs.egg-info/PKG-INFO
DEBUG writing dependency_links to pylcs.egg-info/dependency_links.txt
DEBUG writing requirements to pylcs.egg-info/requires.txt
DEBUG writing top-level names to pylcs.egg-info/top_level.txt
DEBUG reading manifest file 'pylcs.egg-info/SOURCES.txt'
DEBUG adding license file 'LICENSE'
DEBUG writing manifest file 'pylcs.egg-info/SOURCES.txt'
DEBUG Calling `setuptools.build_meta.build_wheel(&quot;/home/ymrtz/.cache/uv/builds-v0/.tmporPmYx&quot;, {}, None)`
DEBUG running bdist_wheel
DEBUG running build
DEBUG running build_py
DEBUG copying pylcs/__init__.py -&gt; build/lib.linux-x86_64-cpython-312/pylcs
DEBUG running build_ext
DEBUG clang++ -pthread -fno-strict-overflow -Wsign-compare -Wunreachable-code -DNDEBUG -g -O3 -Wall -fPIC -fPIC -I/home/ymrtz/.cache/uv/builds-v0/.tmpZSHwIH/include -I/home/ymrtz/.local/share/uv/python/cpython-3.12.10-linux-x86_64-gnu/include/python3.12 -c /tmp/tmpsutpipyh.cpp -o tmp/tmpsutpipyh.o -std=c++14
DEBUG clang++ -pthread -fno-strict-overflow -Wsign-compare -Wunreachable-code -DNDEBUG -g -O3 -Wall -fPIC -fPIC -I/home/ymrtz/.cache/uv/builds-v0/.tmpZSHwIH/include -I/home/ymrtz/.local/share/uv/python/cpython-3.12.10-linux-x86_64-gnu/include/python3.12 -c /tmp/tmpxwjomros.cpp -o tmp/tmpxwjomros.o -std=c++11
DEBUG Traceback (most recent call last):
DEBUG   File &quot;&lt;string&gt;&quot;, line 11, in &lt;module&gt;
DEBUG   File &quot;/home/ymrtz/.cache/uv/builds-v0/.tmpZSHwIH/lib/python3.12/site-packages/setuptools/build_meta.py&quot;, line 432, in build_wheel
DEBUG     return _build(['bdist_wheel'])
DEBUG            ^^^^^^^^^^^^^^^^^^^^^^^
DEBUG   File &quot;/home/ymrtz/.cache/uv/builds-v0/.tmpZSHwIH/lib/python3.12/site-packages/setuptools/build_meta.py&quot;, line 423, in _build
DEBUG     return self._build_with_temp_dir(
DEBUG            ^^^^^^^^^^^^^^^^^^^^^^^^^^
DEBUG   File &quot;/home/ymrtz/.cache/uv/builds-v0/.tmpZSHwIH/lib/python3.12/site-packages/setuptools/build_meta.py&quot;, line 404, in _build_with_temp_dir
DEBUG     self.run_setup()
DEBUG   File &quot;/home/ymrtz/.cache/uv/builds-v0/.tmpZSHwIH/lib/python3.12/site-packages/setuptools/build_meta.py&quot;, line 317, in run_setup
DEBUG     exec(code, locals())
DEBUG   File &quot;&lt;string&gt;&quot;, line 91, in &lt;module&gt;
DEBUG   File &quot;/home/ymrtz/.cache/uv/builds-v0/.tmpZSHwIH/lib/python3.12/site-packages/setuptools/__init__.py&quot;, line 115, in setup
DEBUG     return distutils.core.setup(**attrs)
DEBUG            ^^^^^^^^^^^^^^^^^^^^^^^^^^^^^
DEBUG   File &quot;/home/ymrtz/.cache/uv/builds-v0/.tmpZSHwIH/lib/python3.12/site-packages/setuptools/_distutils/core.py&quot;, line 186, in setup
DEBUG     return run_commands(dist)
DEBUG            ^^^^^^^^^^^^^^^^^^
DEBUG   File &quot;/home/ymrtz/.cache/uv/builds-v0/.tmpZSHwIH/lib/python3.12/site-packages/setuptools/_distutils/core.py&quot;, line 202, in run_commands
DEBUG     dist.run_commands()
DEBUG   File &quot;/home/ymrtz/.cache/uv/builds-v0/.tmpZSHwIH/lib/python3.12/site-packages/setuptools/_distutils/dist.py&quot;, line 1002, in run_commands
DEBUG     self.run_command(cmd)
DEBUG   File &quot;/home/ymrtz/.cache/uv/builds-v0/.tmpZSHwIH/lib/python3.12/site-packages/setuptools/dist.py&quot;, line 1102, in run_command
DEBUG     super().run_command(command)
DEBUG   File &quot;/home/ymrtz/.cache/uv/builds-v0/.tmpZSHwIH/lib/python3.12/site-packages/setuptools/_distutils/dist.py&quot;, line 1021, in run_command
DEBUG     cmd_obj.run()
DEBUG   File &quot;/home/ymrtz/.cache/uv/builds-v0/.tmpZSHwIH/lib/python3.12/site-packages/setuptools/command/bdist_wheel.py&quot;, line 370, in run
DEBUG     self.run_command(&quot;build&quot;)
DEBUG   File &quot;/home/ymrtz/.cache/uv/builds-v0/.tmpZSHwIH/lib/python3.12/site-packages/setuptools/_distutils/cmd.py&quot;, line 357, in run_command
DEBUG     self.distribution.run_command(command)
DEBUG   File &quot;/home/ymrtz/.cache/uv/builds-v0/.tmpZSHwIH/lib/python3.12/site-packages/setuptools/dist.py&quot;, line 1102, in run_command
DEBUG     super().run_command(command)
DEBUG   File &quot;/home/ymrtz/.cache/uv/builds-v0/.tmpZSHwIH/lib/python3.12/site-packages/setuptools/_distutils/dist.py&quot;, line 1021, in run_command
DEBUG     cmd_obj.run()
DEBUG   File &quot;/home/ymrtz/.cache/uv/builds-v0/.tmpZSHwIH/lib/python3.12/site-packages/setuptools/_distutils/command/build.py&quot;, line 135, in run
DEBUG     self.run_command(cmd_name)
DEBUG   File &quot;/home/ymrtz/.cache/uv/builds-v0/.tmpZSHwIH/lib/python3.12/site-packages/setuptools/_distutils/cmd.py&quot;, line 357, in run_command
DEBUG     self.distribution.run_command(command)
DEBUG   File &quot;/home/ymrtz/.cache/uv/builds-v0/.tmpZSHwIH/lib/python3.12/site-packages/setuptools/dist.py&quot;, line 1102, in run_command
DEBUG     super().run_command(command)
DEBUG   File &quot;/home/ymrtz/.cache/uv/builds-v0/.tmpZSHwIH/lib/python3.12/site-packages/setuptools/_distutils/dist.py&quot;, line 1021, in run_command
DEBUG     cmd_obj.run()
DEBUG   File &quot;/home/ymrtz/.cache/uv/builds-v0/.tmpZSHwIH/lib/python3.12/site-packages/setuptools/command/build_ext.py&quot;, line 96, in run
DEBUG     _build_ext.run(self)
DEBUG   File &quot;/home/ymrtz/.cache/uv/builds-v0/.tmpZSHwIH/lib/python3.12/site-packages/setuptools/_distutils/command/build_ext.py&quot;, line 368, in run
DEBUG     self.build_extensions()
DEBUG   File &quot;&lt;string&gt;&quot;, line 79, in build_extensions
DEBUG   File &quot;&lt;string&gt;&quot;, line 60, in cpp_flag
DEBUG RuntimeError: Unsupported compiler -- at least C++11 support is needed!
DEBUG Released lock at `/home/ymrtz/.cache/uv/sdists-v9/pypi/pylcs/0.1.1/.lock`
  × Failed to build `pylcs==0.1.1`
  ├─▶ The build backend returned an error
  ╰─▶ Call to `setuptools.build_meta.build_wheel` failed (exit status: 1)

      [stdout]
      running bdist_wheel
      running build
      running build_py
      copying pylcs/__init__.py -&gt; build/lib.linux-x86_64-cpython-312/pylcs
      running build_ext
      clang++ -pthread -fno-strict-overflow -Wsign-compare -Wunreachable-code -DNDEBUG -g -O3 -Wall -fPIC -fPIC -I/home/ymrtz/.cache/uv/builds-v0/.tmpZSHwIH/include
      -I/home/ymrtz/.local/share/uv/python/cpython-3.12.10-linux-x86_64-gnu/include/python3.12 -c /tmp/tmpsutpipyh.cpp -o tmp/tmpsutpipyh.o -std=c++14
      clang++ -pthread -fno-strict-overflow -Wsign-compare -Wunreachable-code -DNDEBUG -g -O3 -Wall -fPIC -fPIC -I/home/ymrtz/.cache/uv/builds-v0/.tmpZSHwIH/include
      -I/home/ymrtz/.local/share/uv/python/cpython-3.12.10-linux-x86_64-gnu/include/python3.12 -c /tmp/tmpxwjomros.cpp -o tmp/tmpxwjomros.o -std=c++11

      [stderr]
      Traceback (most recent call last):
        File &quot;&lt;string&gt;&quot;, line 11, in &lt;module&gt;
        File &quot;/home/ymrtz/.cache/uv/builds-v0/.tmpZSHwIH/lib/python3.12/site-packages/setuptools/build_meta.py&quot;, line 432, in build_wheel
          return _build(['bdist_wheel'])
                 ^^^^^^^^^^^^^^^^^^^^^^^
        File &quot;/home/ymrtz/.cache/uv/builds-v0/.tmpZSHwIH/lib/python3.12/site-packages/setuptools/build_meta.py&quot;, line 423, in _build
          return self._build_with_temp_dir(
                 ^^^^^^^^^^^^^^^^^^^^^^^^^^
        File &quot;/home/ymrtz/.cache/uv/builds-v0/.tmpZSHwIH/lib/python3.12/site-packages/setuptools/build_meta.py&quot;, line 404, in _build_with_temp_dir
          self.run_setup()
        File &quot;/home/ymrtz/.cache/uv/builds-v0/.tmpZSHwIH/lib/python3.12/site-packages/setuptools/build_meta.py&quot;, line 317, in run_setup
          exec(code, locals())
        File &quot;&lt;string&gt;&quot;, line 91, in &lt;module&gt;
        File &quot;/home/ymrtz/.cache/uv/builds-v0/.tmpZSHwIH/lib/python3.12/site-packages/setuptools/__init__.py&quot;, line 115, in setup
          return distutils.core.setup(**attrs)
                 ^^^^^^^^^^^^^^^^^^^^^^^^^^^^^
        File &quot;/home/ymrtz/.cache/uv/builds-v0/.tmpZSHwIH/lib/python3.12/site-packages/setuptools/_distutils/core.py&quot;, line 186, in setup
          return run_commands(dist)
                 ^^^^^^^^^^^^^^^^^^
        File &quot;/home/ymrtz/.cache/uv/builds-v0/.tmpZSHwIH/lib/python3.12/site-packages/setuptools/_distutils/core.py&quot;, line 202, in run_commands
          dist.run_commands()
        File &quot;/home/ymrtz/.cache/uv/builds-v0/.tmpZSHwIH/lib/python3.12/site-packages/setuptools/_distutils/dist.py&quot;, line 1002, in run_commands
          self.run_command(cmd)
        File &quot;/home/ymrtz/.cache/uv/builds-v0/.tmpZSHwIH/lib/python3.12/site-packages/setuptools/dist.py&quot;, line 1102, in run_command
          super().run_command(command)
        File &quot;/home/ymrtz/.cache/uv/builds-v0/.tmpZSHwIH/lib/python3.12/site-packages/setuptools/_distutils/dist.py&quot;, line 1021, in run_command
          cmd_obj.run()
        File &quot;/home/ymrtz/.cache/uv/builds-v0/.tmpZSHwIH/lib/python3.12/site-packages/setuptools/command/bdist_wheel.py&quot;, line 370, in run
          self.run_command(&quot;build&quot;)
        File &quot;/home/ymrtz/.cache/uv/builds-v0/.tmpZSHwIH/lib/python3.12/site-packages/setuptools/_distutils/cmd.py&quot;, line 357, in run_command
          self.distribution.run_command(command)
        File &quot;/home/ymrtz/.cache/uv/builds-v0/.tmpZSHwIH/lib/python3.12/site-packages/setuptools/dist.py&quot;, line 1102, in run_command
          super().run_command(command)
        File &quot;/home/ymrtz/.cache/uv/builds-v0/.tmpZSHwIH/lib/python3.12/site-packages/setuptools/_distutils/dist.py&quot;, line 1021, in run_command
          cmd_obj.run()
        File &quot;/home/ymrtz/.cache/uv/builds-v0/.tmpZSHwIH/lib/python3.12/site-packages/setuptools/_distutils/command/build.py&quot;, line 135, in run
          self.run_command(cmd_name)
        File &quot;/home/ymrtz/.cache/uv/builds-v0/.tmpZSHwIH/lib/python3.12/site-packages/setuptools/_distutils/cmd.py&quot;, line 357, in run_command
          self.distribution.run_command(command)
        File &quot;/home/ymrtz/.cache/uv/builds-v0/.tmpZSHwIH/lib/python3.12/site-packages/setuptools/dist.py&quot;, line 1102, in run_command
          super().run_command(command)
        File &quot;/home/ymrtz/.cache/uv/builds-v0/.tmpZSHwIH/lib/python3.12/site-packages/setuptools/_distutils/dist.py&quot;, line 1021, in run_command
          cmd_obj.run()
        File &quot;/home/ymrtz/.cache/uv/builds-v0/.tmpZSHwIH/lib/python3.12/site-packages/setuptools/command/build_ext.py&quot;, line 96, in run
          _build_ext.run(self)
        File &quot;/home/ymrtz/.cache/uv/builds-v0/.tmpZSHwIH/lib/python3.12/site-packages/setuptools/_distutils/command/build_ext.py&quot;, line 368, in run
          self.build_extensions()
        File &quot;&lt;string&gt;&quot;, line 79, in build_extensions
        File &quot;&lt;string&gt;&quot;, line 60, in cpp_flag
      RuntimeError: Unsupported compiler -- at least C++11 support is needed!

      hint: This usually indicates a problem with the package or the build environment.
DEBUG Released lock at `/home/ymrtz/custom-openhands/venv/.lock
</code></pre>
<h3>Platform</h3>
<p>Linux 5.15.0-136-generic x86_64 GNU/Linux</p>
<h3>Version</h3>
<p>uv 0.7.1</p>
<h3>Python version</h3>
<p>Python 3.12</p>
</div>
        </div>
        <div class="timeline-entry">
            <div class="event">Label <span class="label">bug</span> added by @YMRTZ on 2025-08-07 18:32</div>
        </div>
        <div class="timeline-entry">
            <div class="timeline-header">Comment by <a href="https://github.com/zanieb">@zanieb</a> on 2025-08-07 18:45</div>
            <div class="timeline-body"><p>Please see #9452, we need more information to help.</p>
</div>
        </div>
        <div class="timeline-entry">
            <div class="event">Label <span class="label">bug</span> removed by @zanieb on 2025-08-07 18:45</div>
        </div>
        <div class="timeline-entry">
            <div class="event">Label <span class="label">question</span> added by @zanieb on 2025-08-07 18:45</div>
        </div>
        <div class="timeline-entry">
            <div class="event">Label <span class="label">needs-mre</span> added by @zanieb on 2025-08-07 18:45</div>
        </div>
        <div class="timeline-entry">
            <div class="timeline-header">Comment by <a href="https://github.com/YMRTZ">@YMRTZ</a> on 2025-08-07 19:22</div>
            <div class="timeline-body"><p>@zanieb added commands and verbose output</p>
</div>
        </div>
        <div class="timeline-entry">
            <div class="timeline-header">Comment by <a href="https://github.com/zanieb">@zanieb</a> on 2025-08-07 19:33</div>
            <div class="timeline-body"><p>Looks like it's using <code>clang++</code>, so that's why it doesn't matter that you have <code>g++</code>.</p>
<p>Are you using a uv managed Python version? Does the issue persist if you upgrade to the latest version of uv and do <code>uv python install --reinstall</code>? What is <code>readlink $(which cc)</code>?</p>
</div>
        </div>
        <div class="timeline-entry">
            <div class="timeline-header">Comment by <a href="https://github.com/YMRTZ">@YMRTZ</a> on 2025-08-08 15:33</div>
            <div class="timeline-body"><p><code>uv python install --reinstall</code> fixed the issue. Thank you!</p>
<p>For the record, my uv installation appears to be done using Python (<code>uv self update</code> tells me to do <code>pip install --upgrade</code>).</p>
</div>
        </div>
        <div class="timeline-entry">
            <div class="event">Closed by @YMRTZ on 2025-08-08 15:33</div>
        </div>
    </div>

    <footer>
        Synced at 2026-01-09 23:35:05 UTC
    </footer>
</body>
</html>
