<!DOCTYPE html>
<html lang="en">
<head>
    <meta charset="UTF-8">
    <meta name="viewport" content="width=device-width, initial-scale=1.0">
    <title>`uv` with `pytest` and `filterwarnings` triggers a host of `SyntaxWarning`s as errors; `pip-tools` does not - astral-sh/uv #1559</title>
    <link rel="stylesheet" href="../../../style.css">
</head>
<body>
    <div class="back-link">
        <a href="../../../index.html">Back to index</a>
    </div>

    <h1><code>uv</code> with <code>pytest</code> and <code>filterwarnings</code> triggers a host of <code>SyntaxWarning</code>s as errors; <code>pip-tools</code> does not</h1>

    <div class="meta">
        <span class="state-icon state-closed"></span>
        <a href="https://github.com/astral-sh/uv/issues/1559">#1559</a>
        opened by <a href="https://github.com/dycw">@dycw</a>
        on 2024-02-17 01:23
    </div>

    <div class="timeline">
        <div class="timeline-entry">
            <div class="timeline-header"><a href="https://github.com/dycw">@dycw</a></div>
            <div class="timeline-body"><p>I've made a <a href="https://github.com/dycw/test-pip-tools-vs-uv">repo</a> to demonstrate this, as it tests a few setups.</p>
<p>From the <code>README</code>:</p>
<pre><code>This repo demonstrates some difference with `pip-tools` and `uv` with respect to
`pytest`, `SyntaxWarning`s and/or docstrings containing _invalid escape strings_. 
Here we run 4 tests:

- (`pip-tools` or `uv`) and (no `filterwarnings` or with `filterwarnings`)

In the last case, `uv` with `filterwarnings`, we trigger a `SyntaxError` upon
reading the module docstring in https://github.com/Zulko/moviepy/blob/v1.0.3/moviepy/config_defaults.py#L47
with the text
`IMAGEMAGICK_BINARY = r&quot;C:\Program Files\ImageMagick-6.8.8-Q16\magick.exe&quot;`.
Needlesstosay, this blocks testing.
</code></pre>
<p>Unfortunately, <strong>right after</strong> writing this up, I can <strong>no longer</strong> trigger the bug!</p>
<p>I'll continue to do so but I felt I've done enough testing to warrant writing an issue. Maybe the Astral team can already see what's going on.</p>
<p><code>uv</code> version 0.1.2.</p>
</div>
        </div>
        <div class="timeline-entry">
            <div class="event">Renamed from "`uv` with `pytest` and `filterwarnings` is triggering a host of `SyntaxWarning`s as errors" to "`uv` with `pytest` and `filterwarnings` triggers a host of `SyntaxWarning`s as errors; `pip-tools` does not" by @dycw on 2024-02-17 01:23</div>
        </div>
        <div class="timeline-entry">
            <div class="timeline-header">Comment by <a href="https://github.com/charliermarsh">@charliermarsh</a> on 2024-02-17 01:26</div>
            <div class="timeline-body"><p>One thing I notice is that in Test 4, you're using a different Python version (Python 3.11.7, while the rest use Python 3.10.13). That might be why it's an error, and not a warning?</p>
</div>
        </div>
        <div class="timeline-entry">
            <div class="timeline-header">Comment by <a href="https://github.com/dycw">@dycw</a> on 2024-02-17 04:52</div>
            <div class="timeline-body"><p>I've gone and cleaned up my tests. It is reproducible now.</p>
<p>Please see <code>v2</code> of the <a href="https://github.com/dycw/test-pip-tools-vs-uv/tree/v2">repo</a>:</p>
<p>But for full disclosure, here is my full run starting with <code>git clone</code>:</p>
<pre><code>└ ❯ git clone git@github.com:dycw/test-pip-tools-vs-uv.git
Cloning into 'test-pip-tools-vs-uv'...
remote: Enumerating objects: 84, done.
remote: Counting objects: 100% (84/84), done.
remote: Compressing objects: 100% (48/48), done.
remote: Total 84 (delta 43), reused 67 (delta 33), pack-reused 0
Receiving objects: 100% (84/84), 18.28 KiB | 1.08 MiB/s, done.
Resolving deltas: 100% (43/43), done.

└ ❯ cd test-pip-tools-vs-uv

└ ❯ cd 1-pip-tools/ &amp;&amp; source ../run-pip-tools.sh &amp;&amp; cd ..
cd 2-pip-tools-with-filterwarnings/ &amp;&amp; source ../run-pip-tools.sh &amp;&amp; cd ..
cd 3-uv/ &amp;&amp; source ../run-uv.sh &amp;&amp; cd ..
cd 4-uv-with-filterwarnings/ &amp;&amp; source ../run-uv.sh &amp;&amp; cd ..
&gt;&gt;&gt; Removing .direnv / .venv...
&gt;&gt;&gt; Creating venv...
&gt;&gt;&gt; Installing pip-tools...
Collecting pip-tools
  Using cached pip_tools-7.4.0-py3-none-any.whl (61 kB)
Requirement already satisfied: setuptools in ./.venv/lib/python3.10/site-packages (from pip-tools) (65.5.0)
Collecting pyproject-hooks
  Using cached pyproject_hooks-1.0.0-py3-none-any.whl (9.3 kB)
Collecting click&gt;=8
  Using cached click-8.1.7-py3-none-any.whl (97 kB)
Collecting tomli
  Using cached tomli-2.0.1-py3-none-any.whl (12 kB)
Requirement already satisfied: pip&gt;=22.2 in ./.venv/lib/python3.10/site-packages (from pip-tools) (23.0.1)
Collecting wheel
  Using cached wheel-0.42.0-py3-none-any.whl (65 kB)
Collecting build&gt;=1.0.0
  Using cached build-1.0.3-py3-none-any.whl (18 kB)
Collecting packaging&gt;=19.0
  Using cached packaging-23.2-py3-none-any.whl (53 kB)
Installing collected packages: wheel, tomli, packaging, click, pyproject-hooks, build, pip-tools
Successfully installed build-1.0.3 click-8.1.7 packaging-23.2 pip-tools-7.4.0 pyproject-hooks-1.0.0 tomli-2.0.1 wheel-0.42.0

[notice] A new release of pip is available: 23.0.1 -&gt; 24.0
[notice] To update, run: pip install --upgrade pip
&gt;&gt;&gt; Compiling...
WARNING: --strip-extras is becoming the default in version 8.0.0. To silence this warning, either use --strip-extras to opt into the new default or use --no-strip-extras to retain the existing behavior.
#
# This file is autogenerated by pip-compile with Python 3.10
# by the following command:
#
#    pip-compile
#
certifi==2024.2.2
    # via requests
charset-normalizer==3.3.2
    # via requests
decorator==4.4.2
    # via moviepy
exceptiongroup==1.2.0
    # via pytest
idna==3.6
    # via requests
imageio==2.34.0
    # via moviepy
imageio-ffmpeg==0.4.9
    # via moviepy
iniconfig==2.0.0
    # via pytest
moviepy==1.0.3
    # via -r requirements.in
numpy==1.26.4
    # via
    #   imageio
    #   moviepy
packaging==23.2
    # via pytest
pillow==10.2.0
    # via imageio
pluggy==1.4.0
    # via pytest
proglog==0.1.10
    # via moviepy
pyclean==2.7.6
    # via -r requirements.in
pytest==8.0.1
    # via -r requirements.in
requests==2.31.0
    # via moviepy
tomli==2.0.1
    # via pytest
tqdm==4.66.2
    # via
    #   moviepy
    #   proglog
urllib3==2.2.0
    # via requests

# The following packages are considered to be unsafe in a requirements file:
# setuptools
&gt;&gt;&gt; Synchronizing...
Collecting certifi==2024.2.2
  Using cached certifi-2024.2.2-py3-none-any.whl (163 kB)
Collecting charset-normalizer==3.3.2
  Using cached charset_normalizer-3.3.2-cp310-cp310-macosx_11_0_arm64.whl (120 kB)
Collecting decorator==4.4.2
  Using cached decorator-4.4.2-py2.py3-none-any.whl (9.2 kB)
Collecting exceptiongroup==1.2.0
  Using cached exceptiongroup-1.2.0-py3-none-any.whl (16 kB)
Collecting idna==3.6
  Using cached idna-3.6-py3-none-any.whl (61 kB)
Collecting imageio==2.34.0
  Using cached imageio-2.34.0-py3-none-any.whl (313 kB)
Collecting imageio-ffmpeg==0.4.9
  Using cached imageio_ffmpeg-0.4.9-py3-none-any.whl
Collecting iniconfig==2.0.0
  Using cached iniconfig-2.0.0-py3-none-any.whl (5.9 kB)
Collecting moviepy==1.0.3
  Using cached moviepy-1.0.3-py3-none-any.whl
Collecting numpy==1.26.4
  Using cached numpy-1.26.4-cp310-cp310-macosx_11_0_arm64.whl (14.0 MB)
Collecting pillow==10.2.0
  Using cached pillow-10.2.0-cp310-cp310-macosx_11_0_arm64.whl (3.3 MB)
Collecting pluggy==1.4.0
  Using cached pluggy-1.4.0-py3-none-any.whl (20 kB)
Collecting proglog==0.1.10
  Using cached proglog-0.1.10-py3-none-any.whl (6.1 kB)
Collecting pyclean==2.7.6
  Using cached pyclean-2.7.6-py3-none-any.whl (40 kB)
Collecting pytest==8.0.1
  Using cached pytest-8.0.1-py3-none-any.whl (333 kB)
Collecting requests==2.31.0
  Using cached requests-2.31.0-py3-none-any.whl (62 kB)
Collecting tqdm==4.66.2
  Using cached tqdm-4.66.2-py3-none-any.whl (78 kB)
Collecting urllib3==2.2.0
  Using cached urllib3-2.2.0-py3-none-any.whl (120 kB)
Requirement already satisfied: setuptools in ./.venv/lib/python3.10/site-packages (from imageio-ffmpeg==0.4.9-&gt;-r /var/folders/vz/1xckd3_n3551rv_xctlglyl00000gn/T/tmpvw3w30tw (line 7)) (65.5.0)
Requirement already satisfied: tomli&gt;=1.0.0 in ./.venv/lib/python3.10/site-packages (from pytest==8.0.1-&gt;-r /var/folders/vz/1xckd3_n3551rv_xctlglyl00000gn/T/tmpvw3w30tw (line 15)) (2.0.1)
Requirement already satisfied: packaging in ./.venv/lib/python3.10/site-packages (from pytest==8.0.1-&gt;-r /var/folders/vz/1xckd3_n3551rv_xctlglyl00000gn/T/tmpvw3w30tw (line 15)) (23.2)
Installing collected packages: pyclean, urllib3, tqdm, pluggy, pillow, numpy, iniconfig, imageio-ffmpeg, idna, exceptiongroup, decorator, charset-normalizer, certifi, requests, pytest, proglog, imageio, moviepy
Successfully installed certifi-2024.2.2 charset-normalizer-3.3.2 decorator-4.4.2 exceptiongroup-1.2.0 idna-3.6 imageio-2.34.0 imageio-ffmpeg-0.4.9 iniconfig-2.0.0 moviepy-1.0.3 numpy-1.26.4 pillow-10.2.0 pluggy-1.4.0 proglog-0.1.10 pyclean-2.7.6 pytest-8.0.1 requests-2.31.0 tqdm-4.66.2 urllib3-2.2.0

[notice] A new release of pip is available: 23.0.1 -&gt; 24.0
[notice] To update, run: pip install --upgrade pip
&gt;&gt;&gt; Running pyclean...
Cleaning directory .
Total 0 files, 0 directories removed.
&gt;&gt;&gt; Running pytest...
================================================================================ test session starts =================================================================================
platform darwin -- Python 3.10.13, pytest-8.0.1, pluggy-1.4.0
rootdir: /Users/derek/work/test-pip-tools-vs-uv/1-pip-tools
collected 1 item

test_main.py .                                                                                                                                                                 [100%]

================================================================================= 1 passed in 5.24s ==================================================================================
&gt;&gt;&gt; Deactivating...
&gt;&gt;&gt; Removing .direnv / .venv...
&gt;&gt;&gt; Creating venv...
&gt;&gt;&gt; Installing pip-tools...
Collecting pip-tools
  Using cached pip_tools-7.4.0-py3-none-any.whl (61 kB)
Collecting pyproject-hooks
  Using cached pyproject_hooks-1.0.0-py3-none-any.whl (9.3 kB)
Requirement already satisfied: setuptools in ./.venv/lib/python3.10/site-packages (from pip-tools) (65.5.0)
Collecting build&gt;=1.0.0
  Using cached build-1.0.3-py3-none-any.whl (18 kB)
Collecting wheel
  Using cached wheel-0.42.0-py3-none-any.whl (65 kB)
Collecting tomli
  Using cached tomli-2.0.1-py3-none-any.whl (12 kB)
Requirement already satisfied: pip&gt;=22.2 in ./.venv/lib/python3.10/site-packages (from pip-tools) (23.0.1)
Collecting click&gt;=8
  Using cached click-8.1.7-py3-none-any.whl (97 kB)
Collecting packaging&gt;=19.0
  Using cached packaging-23.2-py3-none-any.whl (53 kB)
Installing collected packages: wheel, tomli, packaging, click, pyproject-hooks, build, pip-tools
Successfully installed build-1.0.3 click-8.1.7 packaging-23.2 pip-tools-7.4.0 pyproject-hooks-1.0.0 tomli-2.0.1 wheel-0.42.0

[notice] A new release of pip is available: 23.0.1 -&gt; 24.0
[notice] To update, run: pip install --upgrade pip
&gt;&gt;&gt; Compiling...
WARNING: --strip-extras is becoming the default in version 8.0.0. To silence this warning, either use --strip-extras to opt into the new default or use --no-strip-extras to retain the existing behavior.
#
# This file is autogenerated by pip-compile with Python 3.10
# by the following command:
#
#    pip-compile
#
certifi==2024.2.2
    # via requests
charset-normalizer==3.3.2
    # via requests
decorator==4.4.2
    # via moviepy
exceptiongroup==1.2.0
    # via pytest
idna==3.6
    # via requests
imageio==2.34.0
    # via moviepy
imageio-ffmpeg==0.4.9
    # via moviepy
iniconfig==2.0.0
    # via pytest
moviepy==1.0.3
    # via -r requirements.in
numpy==1.26.4
    # via
    #   imageio
    #   moviepy
packaging==23.2
    # via pytest
pillow==10.2.0
    # via imageio
pluggy==1.4.0
    # via pytest
proglog==0.1.10
    # via moviepy
pyclean==2.7.6
    # via -r requirements.in
pytest==8.0.1
    # via -r requirements.in
requests==2.31.0
    # via moviepy
tomli==2.0.1
    # via pytest
tqdm==4.66.2
    # via
    #   moviepy
    #   proglog
urllib3==2.2.0
    # via requests

# The following packages are considered to be unsafe in a requirements file:
# setuptools
&gt;&gt;&gt; Synchronizing...
Collecting certifi==2024.2.2
  Using cached certifi-2024.2.2-py3-none-any.whl (163 kB)
Collecting charset-normalizer==3.3.2
  Using cached charset_normalizer-3.3.2-cp310-cp310-macosx_11_0_arm64.whl (120 kB)
Collecting decorator==4.4.2
  Using cached decorator-4.4.2-py2.py3-none-any.whl (9.2 kB)
Collecting exceptiongroup==1.2.0
  Using cached exceptiongroup-1.2.0-py3-none-any.whl (16 kB)
Collecting idna==3.6
  Using cached idna-3.6-py3-none-any.whl (61 kB)
Collecting imageio==2.34.0
  Using cached imageio-2.34.0-py3-none-any.whl (313 kB)
Collecting imageio-ffmpeg==0.4.9
  Using cached imageio_ffmpeg-0.4.9-py3-none-any.whl
Collecting iniconfig==2.0.0
  Using cached iniconfig-2.0.0-py3-none-any.whl (5.9 kB)
Collecting moviepy==1.0.3
  Using cached moviepy-1.0.3-py3-none-any.whl
Collecting numpy==1.26.4
  Using cached numpy-1.26.4-cp310-cp310-macosx_11_0_arm64.whl (14.0 MB)
Collecting pillow==10.2.0
  Using cached pillow-10.2.0-cp310-cp310-macosx_11_0_arm64.whl (3.3 MB)
Collecting pluggy==1.4.0
  Using cached pluggy-1.4.0-py3-none-any.whl (20 kB)
Collecting proglog==0.1.10
  Using cached proglog-0.1.10-py3-none-any.whl (6.1 kB)
Collecting pyclean==2.7.6
  Using cached pyclean-2.7.6-py3-none-any.whl (40 kB)
Collecting pytest==8.0.1
  Using cached pytest-8.0.1-py3-none-any.whl (333 kB)
Collecting requests==2.31.0
  Using cached requests-2.31.0-py3-none-any.whl (62 kB)
Collecting tqdm==4.66.2
  Using cached tqdm-4.66.2-py3-none-any.whl (78 kB)
Collecting urllib3==2.2.0
  Using cached urllib3-2.2.0-py3-none-any.whl (120 kB)
Requirement already satisfied: setuptools in ./.venv/lib/python3.10/site-packages (from imageio-ffmpeg==0.4.9-&gt;-r /var/folders/vz/1xckd3_n3551rv_xctlglyl00000gn/T/tmp9j611rzg (line 7)) (65.5.0)
Requirement already satisfied: packaging in ./.venv/lib/python3.10/site-packages (from pytest==8.0.1-&gt;-r /var/folders/vz/1xckd3_n3551rv_xctlglyl00000gn/T/tmp9j611rzg (line 15)) (23.2)
Requirement already satisfied: tomli&gt;=1.0.0 in ./.venv/lib/python3.10/site-packages (from pytest==8.0.1-&gt;-r /var/folders/vz/1xckd3_n3551rv_xctlglyl00000gn/T/tmp9j611rzg (line 15)) (2.0.1)
Installing collected packages: pyclean, urllib3, tqdm, pluggy, pillow, numpy, iniconfig, imageio-ffmpeg, idna, exceptiongroup, decorator, charset-normalizer, certifi, requests, pytest, proglog, imageio, moviepy
Successfully installed certifi-2024.2.2 charset-normalizer-3.3.2 decorator-4.4.2 exceptiongroup-1.2.0 idna-3.6 imageio-2.34.0 imageio-ffmpeg-0.4.9 iniconfig-2.0.0 moviepy-1.0.3 numpy-1.26.4 pillow-10.2.0 pluggy-1.4.0 proglog-0.1.10 pyclean-2.7.6 pytest-8.0.1 requests-2.31.0 tqdm-4.66.2 urllib3-2.2.0

[notice] A new release of pip is available: 23.0.1 -&gt; 24.0
[notice] To update, run: pip install --upgrade pip
&gt;&gt;&gt; Running pyclean...
Cleaning directory .
Total 0 files, 0 directories removed.
&gt;&gt;&gt; Running pytest...
================================================================================ test session starts =================================================================================
platform darwin -- Python 3.10.13, pytest-8.0.1, pluggy-1.4.0
rootdir: /Users/derek/work/test-pip-tools-vs-uv/2-pip-tools-with-filterwarnings
configfile: pytest.ini
collected 1 item

test_main.py .                                                                                                                                                                 [100%]

================================================================================= 1 passed in 7.44s ==================================================================================
&gt;&gt;&gt; Deactivating...
&gt;&gt;&gt; Removing .direnv / .venv...
&gt;&gt;&gt; Creating venv...
Using Python 3.10.13 interpreter at /Users/derek/.pyenv/versions/3.10.13/bin/python3.10
Creating virtualenv at: .venv
&gt;&gt;&gt; Compiling...
Resolved 21 packages in 427ms
&gt;&gt;&gt; Synchronizing...
Installed 21 packages in 170ms
 + certifi==2024.2.2
 + charset-normalizer==3.3.2
 + decorator==4.4.2
 + exceptiongroup==1.2.0
 + idna==3.6
 + imageio==2.34.0
 + imageio-ffmpeg==0.4.9
 + iniconfig==2.0.0
 + moviepy==1.0.3
 + numpy==1.26.4
 + packaging==23.2
 + pillow==10.2.0
 + pluggy==1.4.0
 + proglog==0.1.10
 + pyclean==2.7.6
 + pytest==8.0.1
 + requests==2.31.0
 + setuptools==69.1.0
 + tomli==2.0.1
 + tqdm==4.66.2
 + urllib3==2.2.0
&gt;&gt;&gt; Running pyclean...
Cleaning directory .
Total 0 files, 0 directories removed.
&gt;&gt;&gt; Running pytest...
================================================================================ test session starts =================================================================================
platform darwin -- Python 3.10.13, pytest-8.0.1, pluggy-1.4.0
rootdir: /Users/derek/work/test-pip-tools-vs-uv/3-uv
collected 1 item

test_main.py .                                                                                                                                                                 [100%]

================================================================================== warnings summary ==================================================================================
test_main.py::test_main
  /Users/derek/work/test-pip-tools-vs-uv/3-uv/.venv/lib/python3.10/site-packages/moviepy/config_defaults.py:1: DeprecationWarning: invalid escape sequence '\P'
    &quot;&quot;&quot;

test_main.py::test_main
  /Users/derek/work/test-pip-tools-vs-uv/3-uv/.venv/lib/python3.10/site-packages/imageio_ffmpeg/_utils.py:7: DeprecationWarning: pkg_resources is deprecated as an API. See https://setuptools.pypa.io/en/latest/pkg_resources.html
    from pkg_resources import resource_filename

test_main.py::test_main
  /Users/derek/work/test-pip-tools-vs-uv/3-uv/.venv/lib/python3.10/site-packages/moviepy/video/io/ffmpeg_reader.py:294: DeprecationWarning: invalid escape sequence '\d'
    lines_video = [l for l in lines if ' Video: ' in l and re.search('\d+x\d+', l)]

test_main.py::test_main
  /Users/derek/work/test-pip-tools-vs-uv/3-uv/.venv/lib/python3.10/site-packages/moviepy/video/io/ffmpeg_reader.py:367: DeprecationWarning: invalid escape sequence '\d'
    rotation_lines = [l for l in lines if 'rotate          :' in l and re.search('\d+$', l)]

test_main.py::test_main
  /Users/derek/work/test-pip-tools-vs-uv/3-uv/.venv/lib/python3.10/site-packages/moviepy/video/io/ffmpeg_reader.py:370: DeprecationWarning: invalid escape sequence '\d'
    match = re.search('\d+$', rotation_line)

-- Docs: https://docs.pytest.org/en/stable/how-to/capture-warnings.html
=========================================================================== 1 passed, 5 warnings in 7.36s ============================================================================
&gt;&gt;&gt; Deactivating...
&gt;&gt;&gt; Removing .direnv / .venv...
&gt;&gt;&gt; Creating venv...
Using Python 3.10.13 interpreter at /Users/derek/.pyenv/versions/3.10.13/bin/python3.10
Creating virtualenv at: .venv
&gt;&gt;&gt; Compiling...
Resolved 21 packages in 9ms
&gt;&gt;&gt; Synchronizing...
Installed 21 packages in 36ms
 + certifi==2024.2.2
 + charset-normalizer==3.3.2
 + decorator==4.4.2
 + exceptiongroup==1.2.0
 + idna==3.6
 + imageio==2.34.0
 + imageio-ffmpeg==0.4.9
 + iniconfig==2.0.0
 + moviepy==1.0.3
 + numpy==1.26.4
 + packaging==23.2
 + pillow==10.2.0
 + pluggy==1.4.0
 + proglog==0.1.10
 + pyclean==2.7.6
 + pytest==8.0.1
 + requests==2.31.0
 + setuptools==69.1.0
 + tomli==2.0.1
 + tqdm==4.66.2
 + urllib3==2.2.0
&gt;&gt;&gt; Running pyclean...
Cleaning directory .
Total 0 files, 0 directories removed.
&gt;&gt;&gt; Running pytest...
================================================================================ test session starts =================================================================================
platform darwin -- Python 3.10.13, pytest-8.0.1, pluggy-1.4.0
rootdir: /Users/derek/work/test-pip-tools-vs-uv/4-uv-with-filterwarnings
configfile: pytest.ini
collected 1 item

test_main.py F                                                                                                                                                                 [100%]

====================================================================================== FAILURES ======================================================================================
_____________________________________________________________________________________ test_main ______________________________________________________________________________________

    def test_main():
&gt;       from moviepy.editor import AudioFileClip, ColorClip, CompositeVideoClip, ImageClip

test_main.py:2:
_ _ _ _ _ _ _ _ _ _ _ _ _ _ _ _ _ _ _ _ _ _ _ _ _ _ _ _ _ _ _ _ _ _ _ _ _ _ _ _ _ _ _ _ _ _ _ _ _ _ _ _ _ _ _ _ _ _ _ _ _ _ _ _ _ _ _ _ _ _ _ _ _ _ _ _ _ _ _ _ _ _ _ _ _ _ _ _ _ _ _
.venv/lib/python3.10/site-packages/moviepy/editor.py:36: in &lt;module&gt;
    from .video.io.VideoFileClip import VideoFileClip
.venv/lib/python3.10/site-packages/moviepy/video/io/VideoFileClip.py:3: in &lt;module&gt;
    from moviepy.audio.io.AudioFileClip import AudioFileClip
.venv/lib/python3.10/site-packages/moviepy/audio/io/AudioFileClip.py:3: in &lt;module&gt;
    from moviepy.audio.AudioClip import AudioClip
.venv/lib/python3.10/site-packages/moviepy/audio/AudioClip.py:7: in &lt;module&gt;
    from moviepy.audio.io.ffmpeg_audiowriter import ffmpeg_audiowrite
.venv/lib/python3.10/site-packages/moviepy/audio/io/ffmpeg_audiowriter.py:7: in &lt;module&gt;
    from moviepy.config import get_setting
_ _ _ _ _ _ _ _ _ _ _ _ _ _ _ _ _ _ _ _ _ _ _ _ _ _ _ _ _ _ _ _ _ _ _ _ _ _ _ _ _ _ _ _ _ _ _ _ _ _ _ _ _ _ _ _ _ _ _ _ _ _ _ _ _ _ _ _ _ _ _ _ _ _ _ _ _ _ _ _ _ _ _ _ _ _ _ _ _ _ _

    import os
    import subprocess as sp

    from .compat import DEVNULL
&gt;   from .config_defaults import FFMPEG_BINARY, IMAGEMAGICK_BINARY
E     File &quot;/Users/derek/work/test-pip-tools-vs-uv/4-uv-with-filterwarnings/.venv/lib/python3.10/site-packages/moviepy/config_defaults.py&quot;, line 1
E       &quot;&quot;&quot;
E       ^^^
E   SyntaxError: invalid escape sequence '\P'

.venv/lib/python3.10/site-packages/moviepy/config.py:5: SyntaxError
============================================================================== short test summary info ===============================================================================
FAILED test_main.py::test_main -   File &quot;/Users/derek/work/test-pip-tools-vs-uv/4-uv-with-filterwarnings/.venv/lib/python3.10/site-packages/moviepy/config_defaults.py&quot;, line 1
================================================================================= 1 failed in 3.85s ==================================================================================
&gt;&gt;&gt; Deactivating...
</code></pre>
</div>
        </div>
        <div class="timeline-entry">
            <div class="timeline-header">Comment by <a href="https://github.com/konstin">@konstin</a> on 2024-02-29 15:52</div>
            <div class="timeline-body"><p>Is this a duplicate of #1928?</p>
</div>
        </div>
        <div class="timeline-entry">
            <div class="timeline-header">Comment by <a href="https://github.com/zanieb">@zanieb</a> on 2024-02-29 16:20</div>
            <div class="timeline-body"><p>It looks like the same thing to me</p>
</div>
        </div>
        <div class="timeline-entry">
            <div class="timeline-header">Comment by <a href="https://github.com/charliermarsh">@charliermarsh</a> on 2024-03-01 19:37</div>
            <div class="timeline-body"><p>Gonna merge into that issue.</p>
</div>
        </div>
        <div class="timeline-entry">
            <div class="event">Closed by @charliermarsh on 2024-03-01 19:37</div>
        </div>
        <div class="timeline-entry">
            <div class="event">Closed by @charliermarsh on 2024-03-05 03:35</div>
        </div>
    </div>

    <footer>
        Synced at 2026-01-12 17:23:39 UTC
    </footer>
</body>
</html>
