<!DOCTYPE html>
<html lang="en">
<head>
    <meta charset="UTF-8">
    <meta name="viewport" content="width=device-width, initial-scale=1.0">
    <title>Cannot install polars-lts-cpu on a machine with a Snapdragon X Plus (ARM) processor - astral-sh/uv #15693</title>
    <link rel="stylesheet" href="../../../style.css">
</head>
<body>
    <div class="back-link">
        <a href="../../../index.html">Back to index</a>
    </div>

    <h1>Cannot install polars-lts-cpu on a machine with a Snapdragon X Plus (ARM) processor</h1>

    <div class="meta">
        <span class="state state-open">Open</span>
        <a href="https://github.com/astral-sh/uv/issues/15693">#15693</a>
        opened by <a href="https://github.com/laurafroelich">@laurafroelich</a>
        on 2025-09-05 06:58
    </div>

    <div class="timeline">
        <div class="timeline-entry">
            <div class="timeline-header">Issue opened by <a href="https://github.com/laurafroelich">@laurafroelich</a> on 2025-09-05 06:58</div>
            <div class="timeline-body"><h3>Summary</h3>
<p>Hi,</p>
<p>A quick summary of my issue is that <code>uv sync</code> fails when trying to install a project including polars-lts-cpu as a dependency, whereas it installs and works as expected with pip.</p>
<p>A bit of context: <code>polars-lts-cpu</code> is a version of the <code>polars</code> package, but for CPUs that don't provide standard features such as avx, avx2, fma, bmi1, bmi2, lzcnt, and movbe. The <code>polars</code> (or <code>polars-lts-cpu</code>) package is Rust based, enabling it to dramatically speed up certain typical Pandas operations.</p>
<p>CPU: Snapdragon X Plus (ARM-based), exact name: Snapdragon(R) X Plus - X1P42100 - Qualcomm(R) Oryon(TM) CPU (3.24 GHz)
OS: Windows 11 Pro, 24H2
uv version: uv 0.8.12 (36151df0e 2025-08-18)
Python: Python 3.13.5
rustup: rustup 1.28.2 (e4f3ad6f8 2025-04-28)
rustc: rustc 1.89.0 (29483883e 2025-08-04)</p>
<p>A small pyproject.toml that shows the issue is:</p>
<pre><code>[project]
name = &quot;small-example&quot;
version = &quot;0.1.0&quot;
description = &quot;Add your description here&quot;
readme = &quot;README.md&quot;
requires-python = &quot;&gt;=3.13&quot;
dependencies = [    
    &quot;polars; platform_machine=='x86_64' or platform_machine == 'AMD64'&quot;,
    &quot;polars-lts-cpu; platform_machine=='ARM64'&quot;]
</code></pre>
<p>With pip, in a new virtual environment, installation works:</p>
<pre><code>&gt; pip install --use-pep517 --no-cache --force-reinstall .
Processing c:\users\&lt;username&gt;\documents\projects\small-example
  Installing build dependencies ... done
  Getting requirements to build wheel ... done
  Preparing metadata (pyproject.toml) ... done
Collecting polars-lts-cpu (from small-example==0.1.0)
  Downloading polars_lts_cpu-1.33.0-cp39-abi3-win_amd64.whl.metadata (15 kB)
Downloading polars_lts_cpu-1.33.0-cp39-abi3-win_amd64.whl (38.6 MB)
   ‚îÅ‚îÅ‚îÅ‚îÅ‚îÅ‚îÅ‚îÅ‚îÅ‚îÅ‚îÅ‚îÅ‚îÅ‚îÅ‚îÅ‚îÅ‚îÅ‚îÅ‚îÅ‚îÅ‚îÅ‚îÅ‚îÅ‚îÅ‚îÅ‚îÅ‚îÅ‚îÅ‚îÅ‚îÅ‚îÅ‚îÅ‚îÅ‚îÅ‚îÅ‚îÅ‚îÅ‚îÅ‚îÅ‚îÅ‚îÅ 38.6/38.6 MB 11.4 MB/s eta 0:00:00
Building wheels for collected packages: small-example
  Building wheel for small-example (pyproject.toml) ... done
  Created wheel for small-example: filename=small_example-0.1.0-py3-none-any.whl size=1340 sha256=b5339ff1ee3af7402825261f93cafdb1a08f6c738140cabba9fe002c2e89c104
  Stored in directory: C:\Users\&lt;UserName&gt;\AppData\Local\Temp\pip-ephem-wheel-cache-xg2ys308\wheels\97\f9\7d\8ba8038327542c6b67e8de16bce440409717a90f44d305b20b
Successfully built small-example
Installing collected packages: polars-lts-cpu, small-example
Successfully installed polars-lts-cpu-1.33.0 small-example-0.1.0

[notice] A new release of pip is available: 25.1.1 -&gt; 25.2
[notice] To update, run: python.exe -m pip install --upgrade pip
</code></pre>
<p>However, with uv, the build process fails:</p>
<pre><code>&gt; uv sync
Resolved 3 packages in 111ms
  x Failed to build `polars-lts-cpu==1.33.0`
  |-&gt; The build backend returned an error
  `-&gt; Call to `maturin.build_wheel` failed (exit code: 1)

      [stdout]
      Running `maturin pep517 build-wheel -i
      C:\Users\&lt;UserName&gt;\AppData\Local\uv\cache\builds-v0\.tmptbQtP3\Scripts\python.exe --compatibility off`

      [stderr]
      üçπ Building a mixed python/rust project
      üîó Found pyo3 bindings with abi3 support
         Compiling either v1.15.0
         Compiling bytes v1.10.1
         Compiling pyo3-build-config v0.25.1
         Compiling yoke v0.8.0
         Compiling ring v0.17.14
         Compiling regex v1.11.1
         Compiling typenum v1.18.0
         Compiling tracing-attributes v0.1.30
      warning: ring@0.17.14: Compiler family detection failed due to error: ToolNotFound: failed to find tool &quot;clang&quot;:
      program not found (see https://docs.rs/cc/latest/cc/#compile-time-requirements for help)
      warning: ring@0.17.14: Compiler family detection failed due to error: ToolNotFound: failed to find tool &quot;clang&quot;:
      program not found (see https://docs.rs/cc/latest/cc/#compile-time-requirements for help)
      error: failed to run custom build command for `ring v0.17.14`

      Caused by:
        process didn't exit successfully:
      `C:\Users\&lt;UserName&gt;\AppData\Local\uv\cache\sdists-v9\pypi\polars-lts-cpu\1.33.0\hAXhuRtb3NI4cwW3tIBny\src\target\release\build\ring-ed18bd76a4a7bb4e\build-script-build`
      (exit code: 1)
        --- stdout
        cargo:rerun-if-env-changed=CARGO_MANIFEST_DIR
        cargo:rerun-if-env-changed=CARGO_PKG_NAME
        cargo:rerun-if-env-changed=CARGO_PKG_VERSION_MAJOR
        cargo:rerun-if-env-changed=CARGO_PKG_VERSION_MINOR
        cargo:rerun-if-env-changed=CARGO_PKG_VERSION_PATCH
        cargo:rerun-if-env-changed=CARGO_PKG_VERSION_PRE
        cargo:rerun-if-env-changed=CARGO_MANIFEST_LINKS
        cargo:rerun-if-env-changed=RING_PREGENERATE_ASM
        cargo:rerun-if-env-changed=OUT_DIR
        cargo:rerun-if-env-changed=CARGO_CFG_TARGET_ARCH
        cargo:rerun-if-env-changed=CARGO_CFG_TARGET_OS
        cargo:rerun-if-env-changed=CARGO_CFG_TARGET_ENV
        cargo:rerun-if-env-changed=CARGO_CFG_TARGET_ENDIAN
        OPT_LEVEL = Some(3)
        OUT_DIR =
      Some(C:\Users\&lt;UserName&gt;\AppData\Local\uv\cache\sdists-v9\pypi\polars-lts-cpu\1.33.0\hAXhuRtb3NI4cwW3tIBny\src\target\release\build\ring-c536cf4a7f3e1597\out)
        TARGET = Some(aarch64-pc-windows-msvc)
        cargo:rerun-if-env-changed=VCINSTALLDIR
        VCINSTALLDIR = None
        cargo:rerun-if-env-changed=VSTEL_MSBuildProjectFullPath
        VSTEL_MSBuildProjectFullPath = None
        cargo:rerun-if-env-changed=VSCMD_ARG_VCVARS_SPECTRE
        VSCMD_ARG_VCVARS_SPECTRE = None
        cargo:rerun-if-env-changed=WindowsSdkDir
        WindowsSdkDir = None
        cargo:rerun-if-env-changed=WindowsSDKVersion
        WindowsSDKVersion = None
        cargo:rerun-if-env-changed=LIB
        LIB = None
        PATH =
      Some(C:\Users\&lt;UserName&gt;\AppData\Local\uv\cache\sdists-v9\pypi\polars-lts-cpu\1.33.0\hAXhuRtb3NI4cwW3tIBny\src\target\release\deps;C:\Users\&lt;UserName&gt;\AppData\Local\uv\cache\sdists-v9\pypi\polars-lts-cpu\1.33.0\hAXhuRtb3NI4cwW3tIBny\src\target\release;C:\Users\&lt;UserName&gt;\.rustup\toolchains\nightly-2025-08-29-aarch64-pc-windows-msvc\lib\rustlib\aarch64-pc-windows-msvc\lib;C:\Users\&lt;UserName&gt;\AppData\Local\uv\cache\builds-v0\.tmptbQtP3\Scripts;C:\Windows\system32;C:\Windows;C:\Windows\System32\Wbem;C:\Windows\System32\WindowsPowerShell\v1.0\;C:\Windows\System32\OpenSSH\;C:\Program
      Files\Git\cmd;C:\Program Files (x86)\Windows Kits\10\Windows Performance Toolkit\;C:\Program
      Files\dotnet\;C:\Users\&lt;UserName&gt;\.cargo\bin;C:\Users\&lt;UserName&gt;\.local\bin;C:\Users\&lt;UserName&gt;\AppData\Local\Programs\Python\Python313\Scripts\;C:\Users\&lt;UserName&gt;\AppData\Local\Programs\Python\Python313\;C:\Users\&lt;UserName&gt;\AppData\Local\Programs\Python\Launcher\;C:\Users\&lt;UserName&gt;\AppData\Local\Microsoft\WindowsApps;C:\Users\&lt;UserName&gt;\AppData\Roaming\Python\Scripts;C:\Users\&lt;UserName&gt;\.dotnet\tools;C:\Program
      Files\Microsoft Visual
      Studio\2022\Community\VC\Tools\MSVC\14.44.35207\lib\x64;;C:\Users\&lt;UserName&gt;\.rustup\toolchains\nightly-2025-08-29-aarch64-pc-windows-msvc\bin)
        cargo:rerun-if-env-changed=INCLUDE
        INCLUDE = None
        HOST = Some(aarch64-pc-windows-msvc)
        cargo:rerun-if-env-changed=CC_aarch64-pc-windows-msvc
        CC_aarch64-pc-windows-msvc = None
        cargo:rerun-if-env-changed=CC_aarch64_pc_windows_msvc
        CC_aarch64_pc_windows_msvc = None
        cargo:rerun-if-env-changed=HOST_CC
        HOST_CC = None
        cargo:rerun-if-env-changed=CC
        CC = None
        cargo:rerun-if-env-changed=CRATE_CC_NO_DEFAULTS
        CRATE_CC_NO_DEFAULTS = None
        CARGO_CFG_TARGET_FEATURE = Some(neon)
        DEBUG = Some(true)
        cargo:rerun-if-env-changed=CFLAGS
        CFLAGS = None
        cargo:rerun-if-env-changed=HOST_CFLAGS
        HOST_CFLAGS = None
        cargo:rerun-if-env-changed=CFLAGS_aarch64_pc_windows_msvc
        CFLAGS_aarch64_pc_windows_msvc = None
        cargo:rerun-if-env-changed=CFLAGS_aarch64-pc-windows-msvc
        CFLAGS_aarch64-pc-windows-msvc = None
        CARGO_ENCODED_RUSTFLAGS = Some()
        cargo:rerun-if-env-changed=CC_ENABLE_DEBUG_OUTPUT
        cargo:warning=Compiler family detection failed due to error: ToolNotFound: failed to find tool &quot;clang&quot;:
      program not found (see https://docs.rs/cc/latest/cc/#compile-time-requirements for help)
        cargo:warning=Compiler family detection failed due to error: ToolNotFound: failed to find tool &quot;clang&quot;:
      program not found (see https://docs.rs/cc/latest/cc/#compile-time-requirements for help)

        --- stderr


        error occurred in cc-rs: failed to find tool &quot;clang&quot;: program not found (see
      https://docs.rs/cc/latest/cc/#compile-time-requirements for help)


      warning: build failed, waiting for other jobs to finish...
      üí• maturin failed
        Caused by: Failed to build a native library through cargo
        Caused by: Cargo build finished with &quot;exit code: 101&quot;: `&quot;cargo&quot;
      &quot;rustc&quot; &quot;--message-format&quot; &quot;json-render-diagnostics&quot; &quot;--manifest-path&quot;
      &quot;C:\\Users\\&lt;UserName&gt;\\AppData\\Local\\uv\\cache\\sdists-v9\\pypi\\polars-lts-cpu\\1.33.0\\hAXhuRtb3NI4cwW3tIBny\\src\\py-polars\\Cargo.toml&quot;
      &quot;--release&quot; &quot;--lib&quot;`
      Error: command ['maturin', 'pep517', 'build-wheel', '-i',
      'C:\\Users\\&lt;UserName&gt;\\AppData\\Local\\uv\\cache\\builds-v0\\.tmptbQtP3\\Scripts\\python.exe',
      '--compatibility', 'off'] returned non-zero exit status 1

      hint: This usually indicates a problem with the package or the build environment.
  help: `polars-lts-cpu` (v1.33.0) was included because `small-example` (v0.1.0) depends on `polars-lts-cpu`
</code></pre>
<p>I have replaced my actual username with <code>&lt;UserName&gt;</code> and <code>&lt;username&gt;</code>, reflecting the upper/lower case in the output.</p>
<p>Before I got the idea to try with pip, I made many attempts to get the build to work. I installed Rust, Visual Studio with the  &quot;.NET desktop development&quot; and &quot;Desktop development with C++&quot; work loads ticked. Additionally, I also selected the individual components &quot;C++ Clang Compiler for Windows (19.1.5)&quot; and &quot;MSBuild support for LLVM (clang-cl) toolset&quot;. I don't recall if I included other individual components manually.</p>
<p>Please let me know if there is any additional information that would be helpful.</p>
<p>Also, a big thank you for all the work on uv. Although I only started using uv recently, I already like it a lot.</p>
<h3>Platform</h3>
<p>Windows 11 Pro, Snapdragon X Plus (ARM-based)</p>
<h3>Version</h3>
<p>uv 0.8.12 (36151df0e 2025-08-18)</p>
<h3>Python version</h3>
<p>Python 3.13.5</p>
</div>
        </div>
        <div class="timeline-entry">
            <div class="event">Label <span class="label">bug</span> added by @laurafroelich on 2025-09-05 06:58</div>
        </div>
        <div class="timeline-entry">
            <div class="timeline-header">Comment by <a href="https://github.com/konstin">@konstin</a> on 2025-09-05 09:13</div>
            <div class="timeline-body"><p>In the pip case, pip is installing the <code>win_amd64</code> wheel for x86_64. Are you using the same Python interpreter for pip and for <code>uv sync</code>? If pip is using a transparently emulated x86_64 Python, and uv is using the a native arm64 Python, this would explain why pip can install the wheel, while uv tries to build from source.</p>
<p><code>uv sync -v</code> can give you more insight in what uv is doing, and whether it's using emulated x86_64 or native arm64.</p>
<p>For both the compiler tools and for uv, are you using the x86_64 versions or the arm64 versions?</p>
</div>
        </div>
        <div class="timeline-entry">
            <div class="timeline-header">Comment by <a href="https://github.com/laurafroelich">@laurafroelich</a> on 2025-09-05 12:00</div>
            <div class="timeline-body"><p>Thank you for the quick reply.</p>
<p>I ran <code>uv sync -v</code> and <code>pip --version</code> and it looks like they are using the same Python interpreter. In the output from <code>uv sync -v</code>, I see <code>Using CPython 3.13.5 interpreter at: C:\Users\&lt;UserName&gt;\AppData\Local\Programs\Python\Python313\python.exe</code> and with pip I see:</p>
<pre><code>PS C:\Users\&lt;UserName&gt;\Documents\projects\small-example&gt; pip --version
pip 25.1.1 from C:\Users\&lt;UserName&gt;\AppData\Local\Programs\Python\Python313\Lib\site-packages\pip (python 3.13)
</code></pre>
<pre><code>PS C:\Users\&lt;UserName&gt;\Documents\projects\small-example&gt; uv sync -v
DEBUG uv 0.8.15 (8473ecba1 2025-09-03)
DEBUG Found project root: `C:\Users\&lt;UserName&gt;\Documents\projects\small-example`
DEBUG No workspace root found, using project root
DEBUG Acquired lock for `C:\Users\&lt;UserName&gt;\Documents\projects\small-example`
DEBUG Reading Python requests from version file at `C:\Users\&lt;UserName&gt;\Documents\projects\small-example\.python-version`
DEBUG Using Python request `3.13` from version file at `.python-version`
DEBUG Checking for Python environment at: `.venv`
DEBUG Searching for Python 3.13 in managed installations, search path, or registry
DEBUG Searching for managed installations at `C:\Users\&lt;UserName&gt;\AppData\Roaming\uv\python`
DEBUG Found `cpython-3.13.5-windows-x86_64-none` at `C:\Users\&lt;UserName&gt;\AppData\Local\Programs\Python\Python313\python.exe` (first executable in the search path)
Using CPython 3.13.5 interpreter at: C:\Users\&lt;UserName&gt;\AppData\Local\Programs\Python\Python313\python.exe
Creating virtual environment at: .venv
DEBUG Using base executable for virtual environment: C:\Users\&lt;UserName&gt;\AppData\Local\Programs\Python\Python313\python.exe
DEBUG Released lock at `C:\Users\LAURAF~1\AppData\Local\Temp\uv-4d904aeae39cf5e9.lock`
DEBUG Acquired lock for `.venv`
DEBUG Using request timeout of 30s
DEBUG Found static `pyproject.toml` for: small-example @ file:///C:/Users/LauraFr%C3%B8lich/Documents/projects/small-example
DEBUG No workspace root found, using project root
DEBUG Existing `uv.lock` satisfies workspace requirements
Resolved 3 packages in 1ms
DEBUG Using request timeout of 30s
DEBUG Identified uncached distribution: polars-lts-cpu==1.33.0
DEBUG Acquired lock for `C:\Users\&lt;UserName&gt;\AppData\Local\uv\cache\sdists-v9\pypi\polars-lts-cpu\1.33.0`
DEBUG Found fresh response for: https://files.pythonhosted.org/packages/28/b8/3763cc3ea3fdfa39057ce105a477789f13c5278e47f2ce5fe507e8a4d2e4/polars_lts_cpu-1.33.0.tar.gz
   Building polars-lts-cpu==1.33.0
DEBUG Building: polars-lts-cpu==1.33.0
DEBUG Not using uv build backend direct build of polars-lts-cpu==1.33.0, no pyproject.toml: TOML parse error at line 5, column 1
  |
5 | [project]
  | ^^^^^^^^^
missing field `version`

DEBUG Reusing existing build environment for: polars-lts-cpu==1.33.0
DEBUG Using base executable for virtual environment: C:\Users\&lt;UserName&gt;\AppData\Local\Programs\Python\Python313\python.exe
DEBUG Resolving build requirements
DEBUG Solving with installed Python version: 3.13.5
DEBUG Solving with target Python version: &gt;=3.13.5
DEBUG Adding direct dependency: maturin&gt;=1.3.2
DEBUG Acquired lock for `C:\Users\&lt;UserName&gt;\AppData\Local\uv\cache\simple-v17\pypi\maturin.lock`
DEBUG Found fresh response for: https://pypi.org/simple/maturin/
DEBUG Released lock at `C:\Users\&lt;UserName&gt;\AppData\Local\uv\cache\simple-v17\pypi\maturin.lock`
DEBUG Searching for a compatible version of maturin (&gt;=1.3.2)
DEBUG Selecting: maturin==1.9.4 [compatible] (maturin-1.9.4-py3-none-win_amd64.whl)
DEBUG Acquired lock for `C:\Users\&lt;UserName&gt;\AppData\Local\uv\cache\wheels-v5\pypi\maturin\maturin-1.9.4-py3-none-win_amd64.lock`
DEBUG Found fresh response for: https://files.pythonhosted.org/packages/14/14/f86d0124bf1816b99005c058a1dbdca7cb5850d9cf4b09dcae07a1bc6201/maturin-1.9.4-py3-none-win_amd64.whl.metadata
DEBUG Released lock at `C:\Users\&lt;UserName&gt;\AppData\Local\uv\cache\wheels-v5\pypi\maturin\maturin-1.9.4-py3-none-win_amd64.lock`
DEBUG Tried 1 versions: maturin 1
DEBUG marker environment resolution took 0.004s
DEBUG Installing in maturin==1.9.4 in C:\Users\&lt;UserName&gt;\AppData\Local\uv\cache\builds-v0\.tmpw0rdR8
DEBUG Registry requirement already cached: maturin==1.9.4
DEBUG Installing build requirement: maturin==1.9.4
DEBUG Creating PEP 517 build environment
DEBUG Calling `maturin.get_requires_for_build_wheel()`
DEBUG Calling `maturin.build_wheel(&quot;C:\\Users\\&lt;UserName&gt;\\AppData\\Local\\uv\\cache\\builds-v0\\.tmpCml6KL&quot;, {}, None)`
DEBUG Running `maturin pep517 build-wheel -i C:\Users\&lt;UserName&gt;\AppData\Local\uv\cache\builds-v0\.tmpw0rdR8\Scripts\python.exe --compatibility off`
DEBUG üçπ Building a mixed python/rust project
DEBUG üîó Found pyo3 bindings with abi3 support
DEBUG    Compiling pyo3-build-config v0.25.1
DEBUG    Compiling ring v0.17.14
DEBUG    Compiling icu_provider v2.0.0
DEBUG    Compiling typenum v1.18.0
DEBUG    Compiling tracing v0.1.41
DEBUG    Compiling httparse v1.10.1
DEBUG    Compiling icu_normalizer_data v2.0.0
DEBUG    Compiling icu_properties_data v2.0.1
DEBUG warning: ring@0.17.14: Compiler family detection failed due to error: ToolNotFound: failed to find tool &quot;clang&quot;: program not found (see https://docs.rs/cc/latest/cc/#compile-time-requirements for help)
DEBUG warning: ring@0.17.14: Compiler family detection failed due to error: ToolNotFound: failed to find tool &quot;clang&quot;: program not found (see https://docs.rs/cc/latest/cc/#compile-time-requirements for help)
DEBUG error: failed to run custom build command for `ring v0.17.14`
DEBUG
DEBUG Caused by:
DEBUG   process didn't exit successfully: `C:\Users\&lt;UserName&gt;\AppData\Local\uv\cache\sdists-v9\pypi\polars-lts-cpu\1.33.0\hAXhuRtb3NI4cwW3tIBny\src\target\release\build\ring-ed18bd76a4a7bb4e\build-script-build` (exit code: 1)
DEBUG   --- stdout
DEBUG   cargo:rerun-if-env-changed=CARGO_MANIFEST_DIR
DEBUG   cargo:rerun-if-env-changed=CARGO_PKG_NAME
DEBUG   cargo:rerun-if-env-changed=CARGO_PKG_VERSION_MAJOR
DEBUG   cargo:rerun-if-env-changed=CARGO_PKG_VERSION_MINOR
DEBUG   cargo:rerun-if-env-changed=CARGO_PKG_VERSION_PATCH
DEBUG   cargo:rerun-if-env-changed=CARGO_PKG_VERSION_PRE
DEBUG   cargo:rerun-if-env-changed=CARGO_MANIFEST_LINKS
DEBUG   cargo:rerun-if-env-changed=RING_PREGENERATE_ASM
DEBUG   cargo:rerun-if-env-changed=OUT_DIR
DEBUG   cargo:rerun-if-env-changed=CARGO_CFG_TARGET_ARCH
DEBUG   cargo:rerun-if-env-changed=CARGO_CFG_TARGET_OS
DEBUG   cargo:rerun-if-env-changed=CARGO_CFG_TARGET_ENV
DEBUG   cargo:rerun-if-env-changed=CARGO_CFG_TARGET_ENDIAN
DEBUG   OPT_LEVEL = Some(3)
DEBUG   OUT_DIR = Some(C:\Users\&lt;UserName&gt;\AppData\Local\uv\cache\sdists-v9\pypi\polars-lts-cpu\1.33.0\hAXhuRtb3NI4cwW3tIBny\src\target\release\build\ring-c536cf4a7f3e1597\out)
DEBUG   TARGET = Some(aarch64-pc-windows-msvc)
DEBUG   cargo:rerun-if-env-changed=VCINSTALLDIR
DEBUG   VCINSTALLDIR = None
DEBUG   cargo:rerun-if-env-changed=VSTEL_MSBuildProjectFullPath
DEBUG   VSTEL_MSBuildProjectFullPath = None
DEBUG   cargo:rerun-if-env-changed=VSCMD_ARG_VCVARS_SPECTRE
DEBUG   VSCMD_ARG_VCVARS_SPECTRE = None
DEBUG   cargo:rerun-if-env-changed=WindowsSdkDir
DEBUG   WindowsSdkDir = None
DEBUG   cargo:rerun-if-env-changed=WindowsSDKVersion
DEBUG   WindowsSDKVersion = None
DEBUG   cargo:rerun-if-env-changed=LIB
DEBUG   LIB = None
DEBUG   PATH = Some(C:\Users\&lt;UserName&gt;\AppData\Local\uv\cache\sdists-v9\pypi\polars-lts-cpu\1.33.0\hAXhuRtb3NI4cwW3tIBny\src\target\release\deps;C:\Users\&lt;UserName&gt;\AppData\Local\uv\cache\sdists-v9\pypi\polars-lts-cpu\1.33.0\hAXhuRtb3NI4cwW3tIBny\src\target\release;C:\Users\&lt;UserName&gt;\.rustup\toolchains\nightly-2025-08-29-aarch64-pc-windows-msvc\lib\rustlib\aarch64-pc-windows-msvc\lib;C:\Users\&lt;UserName&gt;\AppData\Local\uv\cache\builds-v0\.tmpw0rdR8\Scripts;C:\Windows\system32;C:\Windows;C:\Windows\System32\Wbem;C:\Windows\System32\WindowsPowerShell\v1.0\;C:\Windows\System32\OpenSSH\;C:\Program Files\Git\cmd;C:\Program Files (x86)\Windows Kits\10\Windows Performance Toolkit\;C:\Program Files\dotnet\;C:\Users\&lt;UserName&gt;\.cargo\bin;C:\Users\&lt;UserName&gt;\.local\bin;C:\Users\&lt;UserName&gt;\AppData\Local\Programs\Python\Python313\Scripts\;C:\Users\&lt;UserName&gt;\AppData\Local\Programs\Python\Python313\;C:\Users\&lt;UserName&gt;\AppData\Local\Programs\Python\Launcher\;C:\Users\&lt;UserName&gt;\AppData\Local\Microsoft\WindowsApps;C:\Users\&lt;UserName&gt;\AppData\Roaming\Python\Scripts;C:\Users\&lt;UserName&gt;\.dotnet\tools;C:\Program Files\Microsoft Visual Studio\2022\Community\VC\Tools\MSVC\14.44.35207\lib\x64;;C:\Users\&lt;UserName&gt;\.rustup\toolchains\nightly-2025-08-29-aarch64-pc-windows-msvc\bin)
DEBUG   cargo:rerun-if-env-changed=INCLUDE
DEBUG   INCLUDE = None
DEBUG   HOST = Some(aarch64-pc-windows-msvc)
DEBUG   cargo:rerun-if-env-changed=CC_aarch64-pc-windows-msvc
DEBUG   CC_aarch64-pc-windows-msvc = None
DEBUG   cargo:rerun-if-env-changed=CC_aarch64_pc_windows_msvc
DEBUG   CC_aarch64_pc_windows_msvc = None
DEBUG   cargo:rerun-if-env-changed=HOST_CC
DEBUG   HOST_CC = None
DEBUG   cargo:rerun-if-env-changed=CC
DEBUG   CC = None
DEBUG   cargo:rerun-if-env-changed=CRATE_CC_NO_DEFAULTS
DEBUG   CRATE_CC_NO_DEFAULTS = None
DEBUG   CARGO_CFG_TARGET_FEATURE = Some(neon)
DEBUG   DEBUG = Some(true)
DEBUG   cargo:rerun-if-env-changed=CFLAGS
DEBUG   CFLAGS = None
DEBUG   cargo:rerun-if-env-changed=HOST_CFLAGS
DEBUG   HOST_CFLAGS = None
DEBUG   cargo:rerun-if-env-changed=CFLAGS_aarch64_pc_windows_msvc
DEBUG   CFLAGS_aarch64_pc_windows_msvc = None
DEBUG   cargo:rerun-if-env-changed=CFLAGS_aarch64-pc-windows-msvc
DEBUG   CFLAGS_aarch64-pc-windows-msvc = None
DEBUG   CARGO_ENCODED_RUSTFLAGS = Some()
DEBUG   cargo:rerun-if-env-changed=CC_ENABLE_DEBUG_OUTPUT
DEBUG   cargo:warning=Compiler family detection failed due to error: ToolNotFound: failed to find tool &quot;clang&quot;: program not found (see https://docs.rs/cc/latest/cc/#compile-time-requirements for help)
DEBUG   cargo:warning=Compiler family detection failed due to error: ToolNotFound: failed to find tool &quot;clang&quot;: program not found (see https://docs.rs/cc/latest/cc/#compile-time-requirements for help)
DEBUG
DEBUG   --- stderr
DEBUG
DEBUG
DEBUG   error occurred in cc-rs: failed to find tool &quot;clang&quot;: program not found (see https://docs.rs/cc/latest/cc/#compile-time-requirements for help)
DEBUG
DEBUG
DEBUG warning: build failed, waiting for other jobs to finish...
DEBUG üí• maturin failed
DEBUG   Caused by: Failed to build a native library through cargo
DEBUG   Caused by: Cargo build finished with &quot;exit code: 101&quot;: `&quot;cargo&quot; &quot;rustc&quot; &quot;--message-format&quot; &quot;json-render-diagnostics&quot; &quot;--manifest-path&quot; &quot;C:\\Users\\&lt;UserName&gt;\\AppData\\Local\\uv\\cache\\sdists-v9\\pypi\\polars-lts-cpu\\1.33.0\\hAXhuRtb3NI4cwW3tIBny\\src\\py-polars\\Cargo.toml&quot; &quot;--release&quot; &quot;--lib&quot;`
DEBUG Error: command ['maturin', 'pep517', 'build-wheel', '-i', 'C:\\Users\\&lt;UserName&gt;\\AppData\\Local\\uv\\cache\\builds-v0\\.tmpw0rdR8\\Scripts\\python.exe', '--compatibility', 'off'] returned non-zero exit status 1
DEBUG Released lock at `C:\Users\&lt;UserName&gt;\AppData\Local\uv\cache\sdists-v9\pypi\polars-lts-cpu\1.33.0\.lock`
  x Failed to build `polars-lts-cpu==1.33.0`
  |-&gt; The build backend returned an error
  `-&gt; Call to `maturin.build_wheel` failed (exit code: 1)

      [stdout]
      Running `maturin pep517 build-wheel -i
      C:\Users\&lt;UserName&gt;\AppData\Local\uv\cache\builds-v0\.tmpw0rdR8\Scripts\python.exe --compatibility off`

      [stderr]
      üçπ Building a mixed python/rust project
      üîó Found pyo3 bindings with abi3 support
         Compiling pyo3-build-config v0.25.1
         Compiling ring v0.17.14
         Compiling icu_provider v2.0.0
         Compiling typenum v1.18.0
         Compiling tracing v0.1.41
         Compiling httparse v1.10.1
         Compiling icu_normalizer_data v2.0.0
         Compiling icu_properties_data v2.0.1
      warning: ring@0.17.14: Compiler family detection failed due to error: ToolNotFound: failed to find tool &quot;clang&quot;:
      program not found (see https://docs.rs/cc/latest/cc/#compile-time-requirements for help)
      warning: ring@0.17.14: Compiler family detection failed due to error: ToolNotFound: failed to find tool &quot;clang&quot;:
      program not found (see https://docs.rs/cc/latest/cc/#compile-time-requirements for help)
      error: failed to run custom build command for `ring v0.17.14`

      Caused by:
        process didn't exit successfully:
      `C:\Users\&lt;UserName&gt;\AppData\Local\uv\cache\sdists-v9\pypi\polars-lts-cpu\1.33.0\hAXhuRtb3NI4cwW3tIBny\src\target\release\build\ring-ed18bd76a4a7bb4e\build-script-build`
      (exit code: 1)
        --- stdout
        cargo:rerun-if-env-changed=CARGO_MANIFEST_DIR
        cargo:rerun-if-env-changed=CARGO_PKG_NAME
        cargo:rerun-if-env-changed=CARGO_PKG_VERSION_MAJOR
        cargo:rerun-if-env-changed=CARGO_PKG_VERSION_MINOR
        cargo:rerun-if-env-changed=CARGO_PKG_VERSION_PATCH
        cargo:rerun-if-env-changed=CARGO_PKG_VERSION_PRE
        cargo:rerun-if-env-changed=CARGO_MANIFEST_LINKS
        cargo:rerun-if-env-changed=RING_PREGENERATE_ASM
        cargo:rerun-if-env-changed=OUT_DIR
        cargo:rerun-if-env-changed=CARGO_CFG_TARGET_ARCH
        cargo:rerun-if-env-changed=CARGO_CFG_TARGET_OS
        cargo:rerun-if-env-changed=CARGO_CFG_TARGET_ENV
        cargo:rerun-if-env-changed=CARGO_CFG_TARGET_ENDIAN
        OPT_LEVEL = Some(3)
        OUT_DIR =
      Some(C:\Users\&lt;UserName&gt;\AppData\Local\uv\cache\sdists-v9\pypi\polars-lts-cpu\1.33.0\hAXhuRtb3NI4cwW3tIBny\src\target\release\build\ring-c536cf4a7f3e1597\out)
        TARGET = Some(aarch64-pc-windows-msvc)
        cargo:rerun-if-env-changed=VCINSTALLDIR
        VCINSTALLDIR = None
        cargo:rerun-if-env-changed=VSTEL_MSBuildProjectFullPath
        VSTEL_MSBuildProjectFullPath = None
        cargo:rerun-if-env-changed=VSCMD_ARG_VCVARS_SPECTRE
        VSCMD_ARG_VCVARS_SPECTRE = None
        cargo:rerun-if-env-changed=WindowsSdkDir
        WindowsSdkDir = None
        cargo:rerun-if-env-changed=WindowsSDKVersion
        WindowsSDKVersion = None
        cargo:rerun-if-env-changed=LIB
        LIB = None
        PATH =
      Some(C:\Users\&lt;UserName&gt;\AppData\Local\uv\cache\sdists-v9\pypi\polars-lts-cpu\1.33.0\hAXhuRtb3NI4cwW3tIBny\src\target\release\deps;C:\Users\&lt;UserName&gt;\AppData\Local\uv\cache\sdists-v9\pypi\polars-lts-cpu\1.33.0\hAXhuRtb3NI4cwW3tIBny\src\target\release;C:\Users\&lt;UserName&gt;\.rustup\toolchains\nightly-2025-08-29-aarch64-pc-windows-msvc\lib\rustlib\aarch64-pc-windows-msvc\lib;C:\Users\&lt;UserName&gt;\AppData\Local\uv\cache\builds-v0\.tmpw0rdR8\Scripts;C:\Windows\system32;C:\Windows;C:\Windows\System32\Wbem;C:\Windows\System32\WindowsPowerShell\v1.0\;C:\Windows\System32\OpenSSH\;C:\Program
      Files\Git\cmd;C:\Program Files (x86)\Windows Kits\10\Windows Performance Toolkit\;C:\Program
      Files\dotnet\;C:\Users\&lt;UserName&gt;\.cargo\bin;C:\Users\&lt;UserName&gt;\.local\bin;C:\Users\&lt;UserName&gt;\AppData\Local\Programs\Python\Python313\Scripts\;C:\Users\&lt;UserName&gt;\AppData\Local\Programs\Python\Python313\;C:\Users\&lt;UserName&gt;\AppData\Local\Programs\Python\Launcher\;C:\Users\&lt;UserName&gt;\AppData\Local\Microsoft\WindowsApps;C:\Users\&lt;UserName&gt;\AppData\Roaming\Python\Scripts;C:\Users\&lt;UserName&gt;\.dotnet\tools;C:\Program
      Files\Microsoft Visual
      Studio\2022\Community\VC\Tools\MSVC\14.44.35207\lib\x64;;C:\Users\&lt;UserName&gt;\.rustup\toolchains\nightly-2025-08-29-aarch64-pc-windows-msvc\bin)
        cargo:rerun-if-env-changed=INCLUDE
        INCLUDE = None
        HOST = Some(aarch64-pc-windows-msvc)
        cargo:rerun-if-env-changed=CC_aarch64-pc-windows-msvc
        CC_aarch64-pc-windows-msvc = None
        cargo:rerun-if-env-changed=CC_aarch64_pc_windows_msvc
        CC_aarch64_pc_windows_msvc = None
        cargo:rerun-if-env-changed=HOST_CC
        HOST_CC = None
        cargo:rerun-if-env-changed=CC
        CC = None
        cargo:rerun-if-env-changed=CRATE_CC_NO_DEFAULTS
        CRATE_CC_NO_DEFAULTS = None
        CARGO_CFG_TARGET_FEATURE = Some(neon)
        DEBUG = Some(true)
        cargo:rerun-if-env-changed=CFLAGS
        CFLAGS = None
        cargo:rerun-if-env-changed=HOST_CFLAGS
        HOST_CFLAGS = None
        cargo:rerun-if-env-changed=CFLAGS_aarch64_pc_windows_msvc
        CFLAGS_aarch64_pc_windows_msvc = None
        cargo:rerun-if-env-changed=CFLAGS_aarch64-pc-windows-msvc
        CFLAGS_aarch64-pc-windows-msvc = None
        CARGO_ENCODED_RUSTFLAGS = Some()
        cargo:rerun-if-env-changed=CC_ENABLE_DEBUG_OUTPUT
        cargo:warning=Compiler family detection failed due to error: ToolNotFound: failed to find tool &quot;clang&quot;:
      program not found (see https://docs.rs/cc/latest/cc/#compile-time-requirements for help)
        cargo:warning=Compiler family detection failed due to error: ToolNotFound: failed to find tool &quot;clang&quot;:
      program not found (see https://docs.rs/cc/latest/cc/#compile-time-requirements for help)

        --- stderr


        error occurred in cc-rs: failed to find tool &quot;clang&quot;: program not found (see
      https://docs.rs/cc/latest/cc/#compile-time-requirements for help)


      warning: build failed, waiting for other jobs to finish...
      üí• maturin failed
        Caused by: Failed to build a native library through cargo
        Caused by: Cargo build finished with &quot;exit code: 101&quot;: `&quot;cargo&quot;
      &quot;rustc&quot; &quot;--message-format&quot; &quot;json-render-diagnostics&quot; &quot;--manifest-path&quot;
      &quot;C:\\Users\\&lt;UserName&gt;\\AppData\\Local\\uv\\cache\\sdists-v9\\pypi\\polars-lts-cpu\\1.33.0\\hAXhuRtb3NI4cwW3tIBny\\src\\py-polars\\Cargo.toml&quot;
      &quot;--release&quot; &quot;--lib&quot;`
      Error: command ['maturin', 'pep517', 'build-wheel', '-i',
      'C:\\Users\\&lt;UserName&gt;\\AppData\\Local\\uv\\cache\\builds-v0\\.tmpw0rdR8\\Scripts\\python.exe',
      '--compatibility', 'off'] returned non-zero exit status 1

      hint: This usually indicates a problem with the package or the build environment.
  help: `polars-lts-cpu` (v1.33.0) was included because `small-example` (v0.1.0) depends on `polars-lts-cpu`
DEBUG Released lock at `C:\Users\&lt;UserName&gt;\Documents\projects\small-example\.venv\.lock`
</code></pre>
<p>I assume that compiler tools refer to the Visual Studio work loads and individual components. I have &quot;C++ Modules for v143 build tools (ARM64 - experimental)&quot; and &quot;C++ Universal Windows Platform support for v143 build tools (ARM64/ARM64EC)&quot;. I have tried to look in the uv documentation to figure out how to specify or infer which of x86_64 or arm64 is used for uv, but without luck. Can you help point me in the right direction to find out?</p>
</div>
        </div>
        <div class="timeline-entry">
            <div class="timeline-header">Comment by <a href="https://github.com/laurafroelich">@laurafroelich</a> on 2025-09-05 12:22</div>
            <div class="timeline-body"><p>Hi again,</p>
<p>I realized that I had both x86_64 and ARM compiler tools. I have now tried <code>uv sync</code> and <code>pip install .</code> with only ARM or x86_64 compiler tools installed. I have also upgraded uv to version <code>uv 0.8.15 (8473ecba1 2025-09-03)</code>. I still see the same behavior of pip using <code>polars_lts_cpu-1.33.0-cp39-abi3-win_amd64.whl</code> and uv trying to build.</p>
</div>
        </div>
        <div class="timeline-entry">
            <div class="timeline-header">Comment by <a href="https://github.com/zsol">@zsol</a> on 2025-09-05 12:37</div>
            <div class="timeline-body"><p>Have you tried running <code>uv sync</code>from a developer (power)shell?</p>
</div>
        </div>
        <div class="timeline-entry">
            <div class="timeline-header">Comment by <a href="https://github.com/laurafroelich">@laurafroelich</a> on 2025-09-05 13:13</div>
            <div class="timeline-body"><p>I hadn't, but now I did, thanks for the suggestion. I have a special character in my name (the Danish letter √∏), which is part of my user name. In the logs from the developer powershell, this √∏ is replaced with o in some places (<UserName> indicates my actual user name, and <UserName2> indicates the username where √∏ was replaced with o). I did not see this in the regular powershell. I don't know if that could be why I am now getting a FileNotFoundError, or if that is unrelated.</p>
<pre><code>PS C:\Users\&lt;UserName&gt;\Documents\projects\small-example&gt;      Python reports SOABI: cp313-win_amd64
&gt;&gt;       Computed rustc target triple: x86_64-pc-windows-msvc     Python reports SOABI: cp313-win_amd64
&gt;&gt;       Computed rustc target triple: x86_64-pc-windows-msvc^C
PS C:\Users\&lt;UserName&gt;\Documents\projects\small-example&gt; ^C
PS C:\Users\&lt;UserName&gt;\Documents\projects\small-example&gt;  C:\Users\&lt;UserName&gt;\.local\bin\uv sync -v
DEBUG uv 0.8.15 (8473ecba1 2025-09-03)
DEBUG Found project root: `C:\Users\&lt;UserName&gt;\Documents\projects\small-example`
DEBUG No workspace root found, using project root
DEBUG Acquired lock for `C:\Users\&lt;UserName&gt;\Documents\projects\small-example`
DEBUG Reading Python requests from version file at `C:\Users\&lt;UserName&gt;\Documents\projects\small-example\.python-version`
DEBUG Using Python request `3.13` from version file at `.python-version`
DEBUG Checking for Python environment at: `.venv`
DEBUG The project environment's Python version satisfies the request: `Python 3.13`
DEBUG Released lock at `C:\Users\LAURAF~1\AppData\Local\Temp\uv-4d904aeae39cf5e9.lock`
DEBUG Acquired lock for `.venv`
DEBUG Using request timeout of 30s
DEBUG Found static `pyproject.toml` for: small-example @ file:///C:/Users/LauraFr%C3%B8lich/Documents/projects/small-example
DEBUG No workspace root found, using project root
DEBUG Existing `uv.lock` satisfies workspace requirements
Resolved 3 packages in 2ms
DEBUG Using request timeout of 30s
DEBUG Identified uncached distribution: polars-lts-cpu==1.33.0
DEBUG Acquired lock for `C:\Users\&lt;UserName2&gt;\AppData\Local\uv\cache\sdists-v9\pypi\polars-lts-cpu\1.33.0`
DEBUG Found fresh response for: https://files.pythonhosted.org/packages/28/b8/3763cc3ea3fdfa39057ce105a477789f13c5278e47f2ce5fe507e8a4d2e4/polars_lts_cpu-1.33.0.tar.gz
   Building polars-lts-cpu==1.33.0
DEBUG Building: polars-lts-cpu==1.33.0
DEBUG Not using uv build backend direct build of polars-lts-cpu==1.33.0, no pyproject.toml: TOML parse error at line 5, column 1
  |
5 | [project]
  | ^^^^^^^^^
missing field `version`

DEBUG Reusing existing build environment for: polars-lts-cpu==1.33.0
DEBUG Using base executable for virtual environment: C:\Users\&lt;UserName&gt;\AppData\Local\Programs\Python\Python313\python.exe
DEBUG Resolving build requirements
DEBUG Solving with installed Python version: 3.13.5
DEBUG Solving with target Python version: &gt;=3.13.5
DEBUG Adding direct dependency: maturin&gt;=1.3.2
DEBUG Acquired lock for `C:\Users\&lt;UserName2&gt;\AppData\Local\uv\cache\simple-v17\pypi\maturin.lock`
DEBUG Found stale response for: https://pypi.org/simple/maturin/
DEBUG Sending revalidation request for: https://pypi.org/simple/maturin/
DEBUG Found not-modified response for: https://pypi.org/simple/maturin/
DEBUG Released lock at `C:\Users\&lt;UserName2&gt;\AppData\Local\uv\cache\simple-v17\pypi\maturin.lock`
DEBUG Searching for a compatible version of maturin (&gt;=1.3.2)
DEBUG Selecting: maturin==1.9.4 [compatible] (maturin-1.9.4-py3-none-win_amd64.whl)
DEBUG Acquired lock for `C:\Users\&lt;UserName2&gt;\AppData\Local\uv\cache\wheels-v5\pypi\maturin\maturin-1.9.4-py3-none-win_amd64.lock`
DEBUG Found fresh response for: https://files.pythonhosted.org/packages/14/14/f86d0124bf1816b99005c058a1dbdca7cb5850d9cf4b09dcae07a1bc6201/maturin-1.9.4-py3-none-win_amd64.whl.metadata
DEBUG Released lock at `C:\Users\&lt;UserName2&gt;\AppData\Local\uv\cache\wheels-v5\pypi\maturin\maturin-1.9.4-py3-none-win_amd64.lock`
DEBUG Tried 1 versions: maturin 1
DEBUG marker environment resolution took 0.177s
DEBUG Installing in maturin==1.9.4 in C:\Users\&lt;UserName2&gt;\AppData\Local\uv\cache\builds-v0\.tmpVtp5ap
DEBUG Registry requirement already cached: maturin==1.9.4
DEBUG Installing build requirement: maturin==1.9.4
DEBUG Creating PEP 517 build environment
DEBUG Calling `maturin.get_requires_for_build_wheel()`
DEBUG Installing extra requirements for build backend
DEBUG Solving with installed Python version: 3.13.5
DEBUG Solving with target Python version: &gt;=3.13.5
DEBUG Adding direct dependency: maturin&gt;=1.3.2
DEBUG Adding direct dependency: puccinialin*
DEBUG Searching for a compatible version of maturin (&gt;=1.3.2)
DEBUG Selecting: maturin==1.9.4 [compatible] (maturin-1.9.4-py3-none-win_amd64.whl)
DEBUG Acquired lock for `C:\Users\&lt;UserName2&gt;\AppData\Local\uv\cache\simple-v17\pypi\puccinialin.lock`
DEBUG Found stale response for: https://pypi.org/simple/puccinialin/
DEBUG Sending revalidation request for: https://pypi.org/simple/puccinialin/
DEBUG Found not-modified response for: https://pypi.org/simple/puccinialin/
DEBUG Released lock at `C:\Users\&lt;UserName2&gt;\AppData\Local\uv\cache\simple-v17\pypi\puccinialin.lock`
DEBUG Searching for a compatible version of puccinialin (*)
DEBUG Selecting: puccinialin==0.1.5 [compatible] (puccinialin-0.1.5-py3-none-any.whl)
DEBUG Acquired lock for `C:\Users\&lt;UserName2&gt;\AppData\Local\uv\cache\wheels-v5\pypi\puccinialin\puccinialin-0.1.5-py3-none-any.lock`
DEBUG Found fresh response for: https://files.pythonhosted.org/packages/b0/25/91d671da2a6d98e95094f7456754c55d972febcc35de3b6d4e9a9017c445/puccinialin-0.1.5-py3-none-any.whl.metadata
DEBUG Released lock at `C:\Users\&lt;UserName2&gt;\AppData\Local\uv\cache\wheels-v5\pypi\puccinialin\puccinialin-0.1.5-py3-none-any.lock`
DEBUG Adding transitive dependency for puccinialin==0.1.5: httpx&gt;=0.28.1, &lt;0.29
DEBUG Adding transitive dependency for puccinialin==0.1.5: platformdirs&gt;=4.3.6, &lt;5
DEBUG Adding transitive dependency for puccinialin==0.1.5: tqdm&gt;=4.67.1, &lt;5
DEBUG Acquired lock for `C:\Users\&lt;UserName2&gt;\AppData\Local\uv\cache\simple-v17\pypi\httpx.lock`
DEBUG Acquired lock for `C:\Users\&lt;UserName2&gt;\AppData\Local\uv\cache\simple-v17\pypi\platformdirs.lock`
DEBUG Acquired lock for `C:\Users\&lt;UserName2&gt;\AppData\Local\uv\cache\simple-v17\pypi\tqdm.lock`
DEBUG Found stale response for: https://pypi.org/simple/httpx/
DEBUG Sending revalidation request for: https://pypi.org/simple/httpx/
DEBUG Found stale response for: https://pypi.org/simple/tqdm/
DEBUG Sending revalidation request for: https://pypi.org/simple/tqdm/
DEBUG Found stale response for: https://pypi.org/simple/platformdirs/
DEBUG Sending revalidation request for: https://pypi.org/simple/platformdirs/
DEBUG Found not-modified response for: https://pypi.org/simple/tqdm/
DEBUG Found not-modified response for: https://pypi.org/simple/httpx/
DEBUG Found not-modified response for: https://pypi.org/simple/platformdirs/
DEBUG Released lock at `C:\Users\&lt;UserName2&gt;\AppData\Local\uv\cache\simple-v17\pypi\tqdm.lock`
DEBUG Released lock at `C:\Users\&lt;UserName2&gt;\AppData\Local\uv\cache\simple-v17\pypi\httpx.lock`
DEBUG Searching for a compatible version of httpx (&gt;=0.28.1, &lt;0.29)
DEBUG Selecting: httpx==0.28.1 [compatible] (httpx-0.28.1-py3-none-any.whl)
DEBUG Released lock at `C:\Users\&lt;UserName2&gt;\AppData\Local\uv\cache\simple-v17\pypi\platformdirs.lock`
DEBUG Acquired lock for `C:\Users\&lt;UserName2&gt;\AppData\Local\uv\cache\wheels-v5\pypi\tqdm\tqdm-4.67.1-py3-none-any.lock`
DEBUG Acquired lock for `C:\Users\&lt;UserName2&gt;\AppData\Local\uv\cache\wheels-v5\pypi\platformdirs\platformdirs-4.4.0-py3-none-any.lock`
DEBUG Acquired lock for `C:\Users\&lt;UserName2&gt;\AppData\Local\uv\cache\wheels-v5\pypi\httpx\httpx-0.28.1-py3-none-any.lock`
DEBUG Found fresh response for: https://files.pythonhosted.org/packages/40/4b/2028861e724d3bd36227adfa20d3fd24c3fc6d52032f4a93c133be5d17ce/platformdirs-4.4.0-py3-none-any.whl.metadata
DEBUG Released lock at `C:\Users\&lt;UserName2&gt;\AppData\Local\uv\cache\wheels-v5\pypi\platformdirs\platformdirs-4.4.0-py3-none-any.lock`
DEBUG Found fresh response for: https://files.pythonhosted.org/packages/d0/30/dc54f88dd4a2b5dc8a0279bdd7270e735851848b762aeb1c1184ed1f6b14/tqdm-4.67.1-py3-none-any.whl.metadata
DEBUG Released lock at `C:\Users\&lt;UserName2&gt;\AppData\Local\uv\cache\wheels-v5\pypi\tqdm\tqdm-4.67.1-py3-none-any.lock`
DEBUG Found fresh response for: https://files.pythonhosted.org/packages/2a/39/e50c7c3a983047577ee07d2a9e53faf5a69493943ec3f6a384bdc792deb2/httpx-0.28.1-py3-none-any.whl.metadata
DEBUG Released lock at `C:\Users\&lt;UserName2&gt;\AppData\Local\uv\cache\wheels-v5\pypi\httpx\httpx-0.28.1-py3-none-any.lock`
DEBUG Adding transitive dependency for httpx==0.28.1: anyio*
DEBUG Adding transitive dependency for httpx==0.28.1: certifi*
DEBUG Adding transitive dependency for httpx==0.28.1: httpcore&gt;=1.dev0, &lt;2.dev0
DEBUG Adding transitive dependency for httpx==0.28.1: idna*
DEBUG Searching for a compatible version of platformdirs (&gt;=4.3.6, &lt;5)
DEBUG Selecting: platformdirs==4.4.0 [compatible] (platformdirs-4.4.0-py3-none-any.whl)
DEBUG Searching for a compatible version of tqdm (&gt;=4.67.1, &lt;5)
DEBUG Selecting: tqdm==4.67.1 [compatible] (tqdm-4.67.1-py3-none-any.whl)
DEBUG Acquired lock for `C:\Users\&lt;UserName2&gt;\AppData\Local\uv\cache\simple-v17\pypi\httpcore.lock`
DEBUG Acquired lock for `C:\Users\&lt;UserName2&gt;\AppData\Local\uv\cache\simple-v17\pypi\anyio.lock`
DEBUG Acquired lock for `C:\Users\&lt;UserName2&gt;\AppData\Local\uv\cache\simple-v17\pypi\certifi.lock`
DEBUG Found stale response for: https://pypi.org/simple/httpcore/
DEBUG Sending revalidation request for: https://pypi.org/simple/httpcore/
DEBUG Acquired lock for `C:\Users\&lt;UserName2&gt;\AppData\Local\uv\cache\simple-v17\pypi\idna.lock`
DEBUG Adding transitive dependency for tqdm==4.67.1: colorama{sys_platform == 'win32'}*
DEBUG Found stale response for: https://pypi.org/simple/anyio/
DEBUG Sending revalidation request for: https://pypi.org/simple/anyio/
DEBUG Found stale response for: https://pypi.org/simple/certifi/
DEBUG Sending revalidation request for: https://pypi.org/simple/certifi/
DEBUG Found stale response for: https://pypi.org/simple/idna/
DEBUG Sending revalidation request for: https://pypi.org/simple/idna/
DEBUG Acquired lock for `C:\Users\&lt;UserName2&gt;\AppData\Local\uv\cache\simple-v17\pypi\colorama.lock`
DEBUG Found stale response for: https://pypi.org/simple/colorama/
DEBUG Sending revalidation request for: https://pypi.org/simple/colorama/
DEBUG Found not-modified response for: https://pypi.org/simple/certifi/
DEBUG Found not-modified response for: https://pypi.org/simple/idna/
DEBUG Found not-modified response for: https://pypi.org/simple/anyio/
DEBUG Found not-modified response for: https://pypi.org/simple/httpcore/
DEBUG Released lock at `C:\Users\&lt;UserName2&gt;\AppData\Local\uv\cache\simple-v17\pypi\certifi.lock`
DEBUG Released lock at `C:\Users\&lt;UserName2&gt;\AppData\Local\uv\cache\simple-v17\pypi\idna.lock`
DEBUG Released lock at `C:\Users\&lt;UserName2&gt;\AppData\Local\uv\cache\simple-v17\pypi\anyio.lock`
DEBUG Searching for a compatible version of anyio (*)
DEBUG Selecting: anyio==4.10.0 [compatible] (anyio-4.10.0-py3-none-any.whl)
DEBUG Released lock at `C:\Users\&lt;UserName2&gt;\AppData\Local\uv\cache\simple-v17\pypi\httpcore.lock`
DEBUG Acquired lock for `C:\Users\&lt;UserName2&gt;\AppData\Local\uv\cache\wheels-v5\pypi\certifi\certifi-2025.8.3-py3-none-any.lock`
DEBUG Acquired lock for `C:\Users\&lt;UserName2&gt;\AppData\Local\uv\cache\wheels-v5\pypi\idna\idna-3.10-py3-none-any.lock`
DEBUG Acquired lock for `C:\Users\&lt;UserName2&gt;\AppData\Local\uv\cache\wheels-v5\pypi\httpcore\httpcore-1.0.9-py3-none-any.lock`
DEBUG Acquired lock for `C:\Users\&lt;UserName2&gt;\AppData\Local\uv\cache\wheels-v5\pypi\anyio\anyio-4.10.0-py3-none-any.lock`
DEBUG Found fresh response for: https://files.pythonhosted.org/packages/7e/f5/f66802a942d491edb555dd61e3a9961140fd64c90bce1eafd741609d334d/httpcore-1.0.9-py3-none-any.whl.metadata
DEBUG Released lock at `C:\Users\&lt;UserName2&gt;\AppData\Local\uv\cache\wheels-v5\pypi\httpcore\httpcore-1.0.9-py3-none-any.lock`
DEBUG Found fresh response for: https://files.pythonhosted.org/packages/e5/48/1549795ba7742c948d2ad169c1c8cdbae65bc450d6cd753d124b17c8cd32/certifi-2025.8.3-py3-none-any.whl.metadata
DEBUG Released lock at `C:\Users\&lt;UserName2&gt;\AppData\Local\uv\cache\wheels-v5\pypi\certifi\certifi-2025.8.3-py3-none-any.lock`
DEBUG Found fresh response for: https://files.pythonhosted.org/packages/76/c6/c88e154df9c4e1a2a66ccf0005a88dfb2650c1dffb6f5ce603dfbd452ce3/idna-3.10-py3-none-any.whl.metadata
DEBUG Released lock at `C:\Users\&lt;UserName2&gt;\AppData\Local\uv\cache\wheels-v5\pypi\idna\idna-3.10-py3-none-any.lock`
DEBUG Found fresh response for: https://files.pythonhosted.org/packages/6f/12/e5e0282d673bb9746bacfb6e2dba8719989d3660cdb2ea79aee9a9651afb/anyio-4.10.0-py3-none-any.whl.metadata
DEBUG Released lock at `C:\Users\&lt;UserName2&gt;\AppData\Local\uv\cache\wheels-v5\pypi\anyio\anyio-4.10.0-py3-none-any.lock`
DEBUG Adding transitive dependency for anyio==4.10.0: idna&gt;=2.8
DEBUG Adding transitive dependency for anyio==4.10.0: sniffio&gt;=1.1
DEBUG Searching for a compatible version of certifi (*)
DEBUG Selecting: certifi==2025.8.3 [compatible] (certifi-2025.8.3-py3-none-any.whl)
DEBUG Searching for a compatible version of httpcore (&gt;=1.dev0, &lt;2.dev0)
DEBUG Selecting: httpcore==1.0.9 [compatible] (httpcore-1.0.9-py3-none-any.whl)
DEBUG Adding transitive dependency for httpcore==1.0.9: certifi*
DEBUG Found not-modified response for: https://pypi.org/simple/colorama/
DEBUG Adding transitive dependency for httpcore==1.0.9: h11&gt;=0.16
DEBUG Searching for a compatible version of idna (&gt;=2.8)
DEBUG Selecting: idna==3.10 [compatible] (idna-3.10-py3-none-any.whl)
DEBUG Acquired lock for `C:\Users\&lt;UserName2&gt;\AppData\Local\uv\cache\simple-v17\pypi\sniffio.lock`
DEBUG Acquired lock for `C:\Users\&lt;UserName2&gt;\AppData\Local\uv\cache\simple-v17\pypi\h11.lock`
DEBUG Released lock at `C:\Users\&lt;UserName2&gt;\AppData\Local\uv\cache\simple-v17\pypi\colorama.lock`
DEBUG Searching for a compatible version of colorama{sys_platform == 'win32'} (*)
DEBUG Selecting: colorama==0.4.6 [compatible] (colorama-0.4.6-py2.py3-none-any.whl)
DEBUG Found stale response for: https://pypi.org/simple/sniffio/
DEBUG Sending revalidation request for: https://pypi.org/simple/sniffio/
DEBUG Adding transitive dependency for colorama==0.4.6: colorama==0.4.6
DEBUG Adding transitive dependency for colorama==0.4.6: colorama{sys_platform == 'win32'}==0.4.6
DEBUG Searching for a compatible version of colorama (==0.4.6)
DEBUG Selecting: colorama==0.4.6 [compatible] (colorama-0.4.6-py2.py3-none-any.whl)
DEBUG Found stale response for: https://pypi.org/simple/h11/
DEBUG Sending revalidation request for: https://pypi.org/simple/h11/
DEBUG Acquired lock for `C:\Users\&lt;UserName2&gt;\AppData\Local\uv\cache\wheels-v5\pypi\colorama\colorama-0.4.6-py2.py3-none-any.lock`
DEBUG Found fresh response for: https://files.pythonhosted.org/packages/d1/d6/3965ed04c63042e047cb6a3e6ed1a63a35087b6a609aa3a15ed8ac56c221/colorama-0.4.6-py2.py3-none-any.whl.metadata
DEBUG Released lock at `C:\Users\&lt;UserName2&gt;\AppData\Local\uv\cache\wheels-v5\pypi\colorama\colorama-0.4.6-py2.py3-none-any.lock`
DEBUG Searching for a compatible version of colorama{sys_platform == 'win32'} (==0.4.6)
DEBUG Selecting: colorama==0.4.6 [compatible] (colorama-0.4.6-py2.py3-none-any.whl)
DEBUG Found not-modified response for: https://pypi.org/simple/h11/
DEBUG Found not-modified response for: https://pypi.org/simple/sniffio/
DEBUG Released lock at `C:\Users\&lt;UserName2&gt;\AppData\Local\uv\cache\simple-v17\pypi\h11.lock`
DEBUG Released lock at `C:\Users\&lt;UserName2&gt;\AppData\Local\uv\cache\simple-v17\pypi\sniffio.lock`
DEBUG Searching for a compatible version of sniffio (&gt;=1.1)
DEBUG Selecting: sniffio==1.3.1 [compatible] (sniffio-1.3.1-py3-none-any.whl)
DEBUG Acquired lock for `C:\Users\&lt;UserName2&gt;\AppData\Local\uv\cache\wheels-v5\pypi\h11\h11-0.16.0-py3-none-any.lock`
DEBUG Acquired lock for `C:\Users\&lt;UserName2&gt;\AppData\Local\uv\cache\wheels-v5\pypi\sniffio\sniffio-1.3.1-py3-none-any.lock`
DEBUG Found fresh response for: https://files.pythonhosted.org/packages/04/4b/29cac41a4d98d144bf5f6d33995617b185d14b22401f75ca86f384e87ff1/h11-0.16.0-py3-none-any.whl.metadata
DEBUG Released lock at `C:\Users\&lt;UserName2&gt;\AppData\Local\uv\cache\wheels-v5\pypi\h11\h11-0.16.0-py3-none-any.lock`
DEBUG Found fresh response for: https://files.pythonhosted.org/packages/e9/44/75a9c9421471a6c4805dbf2356f7c181a29c1879239abab1ea2cc8f38b40/sniffio-1.3.1-py3-none-any.whl.metadata
DEBUG Released lock at `C:\Users\&lt;UserName2&gt;\AppData\Local\uv\cache\wheels-v5\pypi\sniffio\sniffio-1.3.1-py3-none-any.lock`
DEBUG Searching for a compatible version of h11 (&gt;=0.16)
DEBUG Selecting: h11==0.16.0 [compatible] (h11-0.16.0-py3-none-any.whl)
DEBUG Tried 12 versions: anyio 1, certifi 1, colorama 1, h11 1, httpcore 1, httpx 1, idna 1, maturin 1, platformdirs 1, puccinialin 1, sniffio 1, tqdm 1
DEBUG marker environment resolution took 0.168s
DEBUG Installing in idna==3.10, tqdm==4.67.1, httpx==0.28.1, h11==0.16.0, maturin==1.9.4, anyio==4.10.0, colorama==0.4.6, httpcore==1.0.9, platformdirs==4.4.0, sniffio==1.3.1, certifi==2025.8.3, puccinialin==0.1.5 in C:\Users\&lt;UserName2&gt;\AppData\Local\uv\cache\builds-v0\.tmpVtp5ap
DEBUG Registry requirement already cached: idna==3.10
DEBUG Registry requirement already cached: tqdm==4.67.1
DEBUG Registry requirement already cached: httpx==0.28.1
DEBUG Registry requirement already cached: h11==0.16.0
DEBUG Requirement already installed: maturin==1.9.4
DEBUG Registry requirement already cached: anyio==4.10.0
DEBUG Registry requirement already cached: colorama==0.4.6
DEBUG Registry requirement already cached: httpcore==1.0.9
DEBUG Registry requirement already cached: platformdirs==4.4.0
DEBUG Registry requirement already cached: sniffio==1.3.1
DEBUG Registry requirement already cached: certifi==2025.8.3
DEBUG Registry requirement already cached: puccinialin==0.1.5
DEBUG Installing build requirements: idna==3.10, tqdm==4.67.1, httpx==0.28.1, h11==0.16.0, anyio==4.10.0, colorama==0.4.6, httpcore==1.0.9, platformdirs==4.4.0, sniffio==1.3.1, certifi==2025.8.3, puccinialin==0.1.5
DEBUG Calling `maturin.build_wheel(&quot;C:\\Users\\&lt;UserName2&gt;\\AppData\\Local\\uv\\cache\\builds-v0\\.tmpQFqrZp&quot;, {}, None)`
DEBUG Running `maturin pep517 build-wheel -i C:\Users\&lt;UserName2&gt;\AppData\Local\uv\cache\builds-v0\.tmpVtp5ap\Scripts\python.exe --compatibility off`
DEBUG Python reports SOABI: cp313-win_amd64
DEBUG Computed rustc target triple: x86_64-pc-windows-msvc
DEBUG Installation directory: C:\Users\&lt;UserName2&gt;\AppData\Local\puccinialin\puccinialin\Cache
DEBUG Rustup already downloaded
DEBUG Installing rust to C:\Users\&lt;UserName2&gt;\AppData\Local\puccinialin\puccinialin\Cache\rustup
DEBUG warn: It looks like you have an existing rustup settings file at:
DEBUG warn: C:\Users\&lt;UserName2&gt;\.rustup\settings.toml
DEBUG warn: Rustup will install the default toolchain as specified in the settings file,
DEBUG warn: instead of the one inferred from the default host triple.
DEBUG info: profile set to 'minimal'
DEBUG info: default host triple is aarch64-pc-windows-msvc
DEBUG warn: Updating existing toolchain, profile choice will be ignored
DEBUG info: syncing channel updates for 'stable-aarch64-pc-windows-msvc'
DEBUG info: default toolchain set to 'stable-aarch64-pc-windows-msvc'
DEBUG Checking if cargo is installed
DEBUG Traceback (most recent call last):
DEBUG   File &quot;&lt;string&gt;&quot;, line 11, in &lt;module&gt;
DEBUG     wheel_filename = backend.build_wheel(&quot;C:\\Users\\&lt;UserName2&gt;\\AppData\\Local\\uv\\cache\\builds-v0\\.tmpQFqrZp&quot;, {}, None)
DEBUG   File &quot;C:\Users\&lt;UserName2&gt;\AppData\Local\uv\cache\builds-v0\.tmpVtp5ap\Lib\site-packages\maturin\__init__.py&quot;, line 133, in build_wheel
DEBUG     return _build_wheel(wheel_directory, config_settings, metadata_directory)
DEBUG   File &quot;C:\Users\&lt;UserName2&gt;\AppData\Local\uv\cache\builds-v0\.tmpVtp5ap\Lib\site-packages\maturin\__init__.py&quot;, line 114, in _build_wheel
DEBUG     result = subprocess.run(command, stdout=subprocess.PIPE, env=_get_env())
DEBUG                                                                  ~~~~~~~~^^
DEBUG   File &quot;C:\Users\&lt;UserName2&gt;\AppData\Local\uv\cache\builds-v0\.tmpVtp5ap\Lib\site-packages\maturin\__init__.py&quot;, line 76, in _get_env
DEBUG     extra_env = setup_rust()
DEBUG   File &quot;C:\Users\&lt;UserName2&gt;\AppData\Local\uv\cache\builds-v0\.tmpVtp5ap\Lib\site-packages\puccinialin\_setup_rust.py&quot;, line 134, in setup_rust
DEBUG     check_call([&quot;cargo&quot;, &quot;--version&quot;], env={**os.environ, **extra_env})
DEBUG     ~~~~~~~~~~^^^^^^^^^^^^^^^^^^^^^^^^^^^^^^^^^^^^^^^^^^^^^^^^^^^^^^^^^
DEBUG   File &quot;C:\Users\&lt;UserName&gt;\AppData\Local\Programs\Python\Python313\Lib\subprocess.py&quot;, line 414, in check_call
DEBUG     retcode = call(*popenargs, **kwargs)
DEBUG   File &quot;C:\Users\&lt;UserName&gt;\AppData\Local\Programs\Python\Python313\Lib\subprocess.py&quot;, line 395, in call
DEBUG     with Popen(*popenargs, **kwargs) as p:
DEBUG          ~~~~~^^^^^^^^^^^^^^^^^^^^^^
DEBUG   File &quot;C:\Users\&lt;UserName&gt;\AppData\Local\Programs\Python\Python313\Lib\subprocess.py&quot;, line 1039, in __init__
DEBUG     self._execute_child(args, executable, preexec_fn, close_fds,
DEBUG     ~~~~~~~~~~~~~~~~~~~^^^^^^^^^^^^^^^^^^^^^^^^^^^^^^^^^^^^^^^^^
DEBUG                         pass_fds, cwd, env,
DEBUG                         ^^^^^^^^^^^^^^^^^^^
DEBUG     ...&lt;5 lines&gt;...
DEBUG                         gid, gids, uid, umask,
DEBUG                         ^^^^^^^^^^^^^^^^^^^^^^
DEBUG                         start_new_session, process_group)
DEBUG                         ^^^^^^^^^^^^^^^^^^^^^^^^^^^^^^^^^
DEBUG   File &quot;C:\Users\&lt;UserName&gt;\AppData\Local\Programs\Python\Python313\Lib\subprocess.py&quot;, line 1554, in _execute_child
DEBUG     hp, ht, pid, tid = _winapi.CreateProcess(executable, args,
DEBUG                        ~~~~~~~~~~~~~~~~~~~~~^^^^^^^^^^^^^^^^^^
DEBUG                              # no special security
DEBUG                              ^^^^^^^^^^^^^^^^^^^^^
DEBUG     ...&lt;4 lines&gt;...
DEBUG                              cwd,
DEBUG                              ^^^^
DEBUG                              startupinfo)
DEBUG                              ^^^^^^^^^^^^
DEBUG FileNotFoundError: [WinError 2] The system cannot find the file specified
DEBUG Rust not found, installing into a temporary directory
DEBUG Released lock at `C:\Users\&lt;UserName2&gt;\AppData\Local\uv\cache\sdists-v9\pypi\polars-lts-cpu\1.33.0\.lock`
  x Failed to build `polars-lts-cpu==1.33.0`
  |-&gt; The build backend returned an error
  `-&gt; Call to `maturin.build_wheel` failed (exit code: 1)

      [stdout]
      Running `maturin pep517 build-wheel -i
      C:\Users\&lt;UserName2&gt;\AppData\Local\uv\cache\builds-v0\.tmpVtp5ap\Scripts\python.exe --compatibility off`
      Rust not found, installing into a temporary directory

      [stderr]
      Python reports SOABI: cp313-win_amd64
      Computed rustc target triple: x86_64-pc-windows-msvc
      Installation directory: C:\Users\&lt;UserName2&gt;\AppData\Local\puccinialin\puccinialin\Cache
      Rustup already downloaded
      Installing rust to C:\Users\&lt;UserName2&gt;\AppData\Local\puccinialin\puccinialin\Cache\rustup
      warn: It looks like you have an existing rustup settings file at:
      warn: C:\Users\&lt;UserName2&gt;\.rustup\settings.toml
      warn: Rustup will install the default toolchain as specified in the settings file,
      warn: instead of the one inferred from the default host triple.
      info: profile set to 'minimal'
      info: default host triple is aarch64-pc-windows-msvc
      warn: Updating existing toolchain, profile choice will be ignored
      info: syncing channel updates for 'stable-aarch64-pc-windows-msvc'
      info: default toolchain set to 'stable-aarch64-pc-windows-msvc'
      Checking if cargo is installed
      Traceback (most recent call last):
        File &quot;&lt;string&gt;&quot;, line 11, in &lt;module&gt;
          wheel_filename =
      backend.build_wheel(&quot;C:\\Users\\&lt;UserName2&gt;\\AppData\\Local\\uv\\cache\\builds-v0\\.tmpQFqrZp&quot;, {}, None)
        File &quot;C:\Users\&lt;UserName2&gt;\AppData\Local\uv\cache\builds-v0\.tmpVtp5ap\Lib\site-packages\maturin\__init__.py&quot;,
      line 133, in build_wheel
          return _build_wheel(wheel_directory, config_settings, metadata_directory)
        File &quot;C:\Users\&lt;UserName2&gt;\AppData\Local\uv\cache\builds-v0\.tmpVtp5ap\Lib\site-packages\maturin\__init__.py&quot;,
      line 114, in _build_wheel
          result = subprocess.run(command, stdout=subprocess.PIPE, env=_get_env())
                                                                       ~~~~~~~~^^
        File &quot;C:\Users\&lt;UserName2&gt;\AppData\Local\uv\cache\builds-v0\.tmpVtp5ap\Lib\site-packages\maturin\__init__.py&quot;,
      line 76, in _get_env
          extra_env = setup_rust()
        File
      &quot;C:\Users\&lt;UserName2&gt;\AppData\Local\uv\cache\builds-v0\.tmpVtp5ap\Lib\site-packages\puccinialin\_setup_rust.py&quot;,
      line 134, in setup_rust
          check_call([&quot;cargo&quot;, &quot;--version&quot;], env={**os.environ, **extra_env})
          ~~~~~~~~~~^^^^^^^^^^^^^^^^^^^^^^^^^^^^^^^^^^^^^^^^^^^^^^^^^^^^^^^^^
        File &quot;C:\Users\&lt;UserName&gt;\AppData\Local\Programs\Python\Python313\Lib\subprocess.py&quot;, line 414, in
      check_call
          retcode = call(*popenargs, **kwargs)
        File &quot;C:\Users\&lt;UserName&gt;\AppData\Local\Programs\Python\Python313\Lib\subprocess.py&quot;, line 395, in call
          with Popen(*popenargs, **kwargs) as p:
               ~~~~~^^^^^^^^^^^^^^^^^^^^^^
        File &quot;C:\Users\&lt;UserName&gt;\AppData\Local\Programs\Python\Python313\Lib\subprocess.py&quot;, line 1039, in __init__
          self._execute_child(args, executable, preexec_fn, close_fds,
          ~~~~~~~~~~~~~~~~~~~^^^^^^^^^^^^^^^^^^^^^^^^^^^^^^^^^^^^^^^^^
                              pass_fds, cwd, env,
                              ^^^^^^^^^^^^^^^^^^^
          ...&lt;5 lines&gt;...
                              gid, gids, uid, umask,
                              ^^^^^^^^^^^^^^^^^^^^^^
                              start_new_session, process_group)
                              ^^^^^^^^^^^^^^^^^^^^^^^^^^^^^^^^^
        File &quot;C:\Users\&lt;UserName&gt;\AppData\Local\Programs\Python\Python313\Lib\subprocess.py&quot;, line 1554, in
      _execute_child
          hp, ht, pid, tid = _winapi.CreateProcess(executable, args,
                             ~~~~~~~~~~~~~~~~~~~~~^^^^^^^^^^^^^^^^^^
                                   # no special security
                                   ^^^^^^^^^^^^^^^^^^^^^
          ...&lt;4 lines&gt;...
                                   cwd,
                                   ^^^^
                                   startupinfo)
                                   ^^^^^^^^^^^^
      FileNotFoundError: [WinError 2] The system cannot find the file specified

      hint: This usually indicates a problem with the package or the build environment.
  help: `polars-lts-cpu` (v1.33.0) was included because `small-example` (v0.1.0) depends on `polars-lts-cpu`
DEBUG Released lock at `C:\Users\&lt;UserName&gt;\Documents\projects\small-example\.venv\.lock`
</code></pre>
</div>
        </div>
        <div class="timeline-entry">
            <div class="timeline-header">Comment by <a href="https://github.com/konstin">@konstin</a> on 2025-09-05 13:19</div>
            <div class="timeline-body"><p>The surprising thing I'm not understand is why we're trying to build at all, there are wheels that we can use on the index. The build failure is a different question, though it's odd that Rust is not available, when it was available in the original report (maybe just not in <code>PATH</code> here?).</p>
<p>Can you share the output of the first one in the shell and the second one in a <code>uv run --no-sync</code> Python interpreter.</p>
<pre><code>pip debug --verbose
</code></pre>
<pre><code class="language-python">import platform
import sys
import os

print(&quot;os_name:&quot;, os.name)
print(&quot;sys_platform:&quot;, sys.platform)
print(&quot;platform_machine:&quot;, platform.machine())
print(&quot;platform_python_implementation:&quot;, platform.python_implementation())
print(&quot;platform_release:&quot;, platform.release())
print(&quot;platform_system:&quot;, platform.system())
print(&quot;platform_version:&quot;, platform.version())
print(&quot;python_version:&quot;, '.'.join(map(str, sys.version_info[:2])))
print(&quot;python_full_version:&quot;, '.'.join(map(str, sys.version_info[:3])))
print(&quot;implementation_name:&quot;, sys.implementation.name)
print(&quot;implementation_version:&quot;, '.'.join(map(str, sys.implementation.version[:2])))
</code></pre>
</div>
        </div>
        <div class="timeline-entry">
            <div class="timeline-header">Comment by <a href="https://github.com/laurafroelich">@laurafroelich</a> on 2025-09-05 17:09</div>
            <div class="timeline-body"><p>True, good point about why it's not just using the wheel.</p>
<p>I have pasted the output from the commands below.</p>
<p>This is from PowerShell (standard, non-developer), happy to run it from the developer version instead if relevant.</p>
<pre><code>PS C:\Users\&lt;UserName&gt;\Documents\projects\small-example&gt; pip debug --verbose
WARNING: This command is only meant for debugging. Do not use this with automation for parsing and getting these details, since the output and options of this command may change without notice.
pip version: pip 25.1.1 from C:\Users\&lt;UserName&gt;\AppData\Local\Programs\Python\Python313\Lib\site-packages\pip (python 3.13)
sys.version: 3.13.5 (tags/v3.13.5:6cb20a2, Jun 11 2025, 16:15:46) [MSC v.1943 64 bit (AMD64)]
sys.executable: C:\Users\&lt;UserName&gt;\AppData\Local\Programs\Python\Python313\python.exe
sys.getdefaultencoding: utf-8
sys.getfilesystemencoding: utf-8
locale.getpreferredencoding: cp1252
sys.platform: win32
sys.implementation:
  name: cpython
'cert' config value: Not specified
REQUESTS_CA_BUNDLE: None
CURL_CA_BUNDLE: None
pip._vendor.certifi.where(): C:\Users\&lt;UserName&gt;\AppData\Local\Programs\Python\Python313\Lib\site-packages\pip\_vendor\certifi\cacert.pem
pip._vendor.DEBUNDLED: False
vendored library versions:
  CacheControl==0.14.2
  distlib==0.3.9
  distro==1.9.0
  msgpack==1.1.0
  packaging==25.0
  platformdirs==4.3.7
  pyproject-hooks==1.2.0
  requests==2.32.3
  certifi==2025.01.31
  idna==3.10
  urllib3==1.26.20
  rich==14.0.0 (Unable to locate actual module version, using vendor.txt specified version)
  pygments==2.19.1
  typing_extensions==4.13.2 (Unable to locate actual module version, using vendor.txt specified version)
  resolvelib==1.1.0
  setuptools==70.3.0 (Unable to locate actual module version, using vendor.txt specified version)
  tomli==2.2.1
  tomli-w==1.2.0
  truststore==0.10.1
  dependency-groups==1.3.1 (Unable to locate actual module version, using vendor.txt specified version)
Compatible tags: 45
  cp313-cp313-win_amd64
  cp313-abi3-win_amd64
  cp313-none-win_amd64
  cp312-abi3-win_amd64
  cp311-abi3-win_amd64
  cp310-abi3-win_amd64
  cp39-abi3-win_amd64
  cp38-abi3-win_amd64
  cp37-abi3-win_amd64
  cp36-abi3-win_amd64
  cp35-abi3-win_amd64
  cp34-abi3-win_amd64
  cp33-abi3-win_amd64
  cp32-abi3-win_amd64
  py313-none-win_amd64
  py3-none-win_amd64
  py312-none-win_amd64
  py311-none-win_amd64
  py310-none-win_amd64
  py39-none-win_amd64
  py38-none-win_amd64
  py37-none-win_amd64
  py36-none-win_amd64
  py35-none-win_amd64
  py34-none-win_amd64
  py33-none-win_amd64
  py32-none-win_amd64
  py31-none-win_amd64
  py30-none-win_amd64
  cp313-none-any
  py313-none-any
  py3-none-any
  py312-none-any
  py311-none-any
  py310-none-any
  py39-none-any
  py38-none-any
  py37-none-any
  py36-none-any
  py35-none-any
  py34-none-any
  py33-none-any
  py32-none-any
  py31-none-any
</code></pre>
<pre><code>PS C:\Users\&lt;UserName&gt;\Documents\projects\small-example&gt; uv run --no-sync .\cmds.py
os_name: nt
sys_platform: win32
platform_machine: ARM64
platform_python_implementation: CPython
platform_release: 11
platform_system: Windows
platform_version: 10.0.26100
python_version: 3.13
python_full_version: 3.13.5
implementation_name: cpython
implementation_version: 3.13
</code></pre>
</div>
        </div>
        <div class="timeline-entry">
            <div class="timeline-header">Comment by <a href="https://github.com/konstin">@konstin</a> on 2025-09-09 17:17</div>
            <div class="timeline-body"><p>uv and pip are using different Pythons, can you check <code>sys.executable</code> and <code>sys.base_executable</code> in the uv Python to figure out which Python it is? Can you also share <code>uv python list</code>?</p>
</div>
        </div>
        <div class="timeline-entry">
            <div class="timeline-header">Comment by <a href="https://github.com/zsol">@zsol</a> on 2025-09-09 18:01</div>
            <div class="timeline-body"><p>I was tinkering with this on my own arm64 windows machine, and I've noticed a few things:</p>
<ul>
<li>in a normal shell, I get the same error as @laurafroelich mentions (missing <code>clang.exe</code>)</li>
<li>in a developer shell however, the build proceeds until the linking step, at which point it aborts with tons of undefined references, and it seems like it's trying to link an arm64 object file against an x86_64 (<strong>amd</strong>64) CPython</li>
</ul>
<p>Indeed, when running with <code>uv sync -vvv</code>, I notice that <code>maturin</code> is being invoked with:</p>
<pre><code>DEBUG Running `maturin pep517 build-wheel -i C:\Users\zsolz\AppData\Local\uv\cache\builds-v0\.tmp5ysbeE\Scripts\python.exe --compatibility off`
</code></pre>
<p>And that python is an x86_64 build:</p>
<pre><code>&gt; C:\Users\zsolz\AppData\Local\uv\cache\builds-v0\.tmp5ysbeE\Scripts\python.exe
Python 3.13.7 (main, Sep  2 2025, 14:16:00) [MSC v.1944 64 bit (AMD64)] on win32
</code></pre>
<p>I think this works with @laurafroelich's pip invocation, because I suspect that <code>pip</code> is actually using an x86_64 CPython interpreter, and ends up building the extension also for x86_64. uv however is trying to build the extension for arm64. I suspect this is down to the build backend (of polars-lts-cpu), so we'd need to dig into that a bit more.</p>
</div>
        </div>
        <div class="timeline-entry">
            <div class="timeline-header">Comment by <a href="https://github.com/konstin">@konstin</a> on 2025-09-09 18:13</div>
            <div class="timeline-body"><p>But there's both
<code>polars_lts_cpu-1.33.0-cp39-abi3-win_amd64.whl</code> and <code>polars_lts_cpu-1.33.0-cp39-abi3-win_arm64.whl</code>, we should not be building at all. There's a story about compiling on these platforms and setting all these dev tools up; This can be an interesting discussion for maturin. But there's a bug that's either in uv or affects uv that it doesn't select the right package, while pip does.</p>
</div>
        </div>
        <div class="timeline-entry">
            <div class="timeline-header">Comment by <a href="https://github.com/zsol">@zsol</a> on 2025-09-10 08:44</div>
            <div class="timeline-body"><p>Right, I think we don't consider the <code>win_amd64.whl</code> because</p>
<pre><code class="language-toml">dependencies = [    
    &quot;polars; platform_machine=='x86_64' or platform_machine == 'AMD64'&quot;,
    &quot;polars-lts-cpu; platform_machine=='ARM64'&quot;]
</code></pre>
<p>But we <em>do</em> try and resolve for an amd64 platform, because that's the interpreter's architecture. That's why we end up using the sdist to attempt to build a wheel, but during the build something decides to build for the host's platform (arm64), which is how I've seen the linker errors.</p>
<p>@laurafroelich you can force the situation by passing <code>--python-platform aarch64-pc-windows-msvc</code>, which would make uv fetch the wheels, but those wheels would still be for arm64, and your venv will be using a python interpreter for x86_64. I'm not sure if that would work at runtime, you'd need to test.
If I were you, I'd use an arm64 CPython instead, which would hopefully make all of this go away. Unfortunately today uv by default uses an x86_64 interpreter on Windows/arm64 (see https://github.com/astral-sh/uv/issues/12906).</p>
</div>
        </div>
        <div class="timeline-entry">
            <div class="timeline-header">Comment by <a href="https://github.com/laurafroelich">@laurafroelich</a> on 2025-09-10 15:28</div>
            <div class="timeline-body"><blockquote>
<p>uv and pip are using different Pythons, can you check <code>sys.executable</code> and <code>sys.base_executable</code> in the uv Python to figure out which Python it is? Can you also share <code>uv python list</code>?</p>
</blockquote>
<p>Here is the output from <code>sys.executable</code>, it looks like <code>sys.base_executable</code> is not found. Please let me know if I should do something differently to get it working.</p>
<pre><code>PS C:\Users\LauraFr√∏lich\Documents\projects&gt; uv run python
Python 3.13.5 (tags/v3.13.5:6cb20a2, Jun 11 2025, 16:15:46) [MSC v.1943 64 bit (AMD64)] on win32
Type &quot;help&quot;, &quot;copyright&quot;, &quot;credits&quot; or &quot;license&quot; for more information.
&gt;&gt;&gt; import sys
&gt;&gt;&gt; sys.executable
'C:\\Users\\LauraFr√∏lich\\AppData\\Local\\Programs\\Python\\Python313\\python.exe'
&gt;&gt;&gt; sys.base_executable
Traceback (most recent call last):
  File &quot;&lt;python-input-2&gt;&quot;, line 1, in &lt;module&gt;
    sys.base_executable
AttributeError: module 'sys' has no attribute 'base_executable'
</code></pre>
<p>And this is from <code>uv python list</code>:</p>
<pre><code>PS C:\Users\LauraFr√∏lich\Documents\projects&gt; uv python list
cpython-3.14.0rc2-windows-x86_64-none                 &lt;download available&gt;
cpython-3.14.0rc2+freethreaded-windows-x86_64-none    &lt;download available&gt;
cpython-3.13.7-windows-x86_64-none                    &lt;download available&gt;
cpython-3.13.7+freethreaded-windows-x86_64-none       &lt;download available&gt;
cpython-3.13.5-windows-x86_64-none                    C:\Users\LauraFr√∏lich\AppData\Local\Programs\Python\Python313\python.exe
cpython-3.12.11-windows-x86_64-none                   &lt;download available&gt;
cpython-3.11.13-windows-x86_64-none                   &lt;download available&gt;
cpython-3.10.18-windows-x86_64-none                   &lt;download available&gt;
cpython-3.9.23-windows-x86_64-none                    &lt;download available&gt;
cpython-3.8.20-windows-x86_64-none                    &lt;download available&gt;
pypy-3.11.13-windows-x86_64-none                      &lt;download available&gt;
pypy-3.10.16-windows-x86_64-none                      &lt;download available&gt;
pypy-3.9.19-windows-x86_64-none                       &lt;download available&gt;
pypy-3.8.16-windows-x86_64-none                       &lt;download available&gt;
graalpy-3.11.0-windows-x86_64-none                    &lt;download available&gt;
graalpy-3.10.0-windows-x86_64-none                    &lt;download available&gt;
PS C:\Users\LauraFr√∏lich\Documents\projects&gt;
</code></pre>
</div>
        </div>
        <div class="timeline-entry">
            <div class="timeline-header">Comment by <a href="https://github.com/laurafroelich">@laurafroelich</a> on 2025-09-10 15:42</div>
            <div class="timeline-body"><blockquote>
<p>Right, I think we don't consider the <code>win_amd64.whl</code> because</p>
<p>dependencies = [<br />
&quot;polars; platform_machine=='x86_64' or platform_machine == 'AMD64'&quot;,
&quot;polars-lts-cpu; platform_machine=='ARM64'&quot;]
But we <em>do</em> try and resolve for an amd64 platform, because that's the interpreter's architecture. That's why we end up using the sdist to attempt to build a wheel, but during the build something decides to build for the host's platform (arm64), which is how I've seen the linker errors.</p>
<p><a href="https://github.com/laurafroelich">@laurafroelich</a> you can force the situation by passing <code>--python-platform aarch64-pc-windows-msvc</code>, which would make uv fetch the wheels, but those wheels would still be for arm64, and your venv will be using a python interpreter for x86_64. I'm not sure if that would work at runtime, you'd need to test. If I were you, I'd use an arm64 CPython instead, which would hopefully make all of this go away. Unfortunately today uv by default uses an x86_64 interpreter on Windows/arm64 (see <a href="https://github.com/astral-sh/uv/issues/12906">#12906</a>).</p>
</blockquote>
<p>You're right, passing the python-platform argument allows me to install <code>polars-lts-cpu</code> from the wheel when I use <code>sync:</code>:</p>
<pre><code>PS C:\Users\LauraFr√∏lich\Documents\projects\small-example&gt; uv sync --python-platform aarch64-pc-windows-msvc
Using CPython 3.13.5 interpreter at: C:\Users\LauraFr√∏lich\AppData\Local\Programs\Python\Python313\python.exe
Creating virtual environment at: .venv
Resolved 3 packages in 1ms
Prepared 1 package in 14.68s
Installed 1 package in 185ms
 + polars-lts-cpu==1.33.0
</code></pre>
<p>However, with <code>uv run python --python-platform aarch64-pc-windows-msvc</code> I get the same error as before (not sure if this is unsurprising):</p>
<pre><code>PS C:\Users\LauraFr√∏lich\Documents\projects\small-example&gt; uv run python --python-platform aarch64-pc-windows-msvc
  x Failed to build `polars-lts-cpu==1.33.0`
  |-&gt; The build backend returned an error
  `-&gt; Call to `maturin.build_wheel` failed (exit code: 1)

      [stdout]
      Running `maturin pep517 build-wheel -i C:\Users\LauraFr√∏lich\AppData\Local\uv\cache\builds-v0\.tmpYkQmJb\Scripts\python.exe --compatibility
      off`

      [stderr]
      üçπ Building a mixed python/rust project
      üîó Found pyo3 bindings with abi3 support
         Compiling pyo3-build-config v0.25.1
         Compiling ring v0.17.14
         Compiling utf8_iter v1.0.4
         Compiling rustversion v1.0.21
         Compiling thiserror v2.0.12
         Compiling base64 v0.22.1
         Compiling tower-layer v0.3.3
         Compiling ipnet v2.11.0
      warning: ring@0.17.14: Compiler family detection failed due to error: ToolNotFound: failed to find tool &quot;clang&quot;: program not found (see
      https://docs.rs/cc/latest/cc/#compile-time-requirements for help)
      warning: ring@0.17.14: Compiler family detection failed due to error: ToolNotFound: failed to find tool &quot;clang&quot;: program not found (see
      https://docs.rs/cc/latest/cc/#compile-time-requirements for help)
      error: failed to run custom build command for `ring v0.17.14`

      Caused by:
        process didn't exit successfully:
      `C:\Users\LauraFr√∏lich\AppData\Local\uv\cache\sdists-v9\pypi\polars-lts-cpu\1.33.0\hAXhuRtb3NI4cwW3tIBny\src\target\release\build\ring-ed18bd76a4a7bb4e\build-script-build`
      (exit code: 1)
        --- stdout
        cargo:rerun-if-env-changed=CARGO_MANIFEST_DIR
        cargo:rerun-if-env-changed=CARGO_PKG_NAME
        cargo:rerun-if-env-changed=CARGO_PKG_VERSION_MAJOR
        cargo:rerun-if-env-changed=CARGO_PKG_VERSION_MINOR
        cargo:rerun-if-env-changed=CARGO_PKG_VERSION_PATCH
        cargo:rerun-if-env-changed=CARGO_PKG_VERSION_PRE
        cargo:rerun-if-env-changed=CARGO_MANIFEST_LINKS
        cargo:rerun-if-env-changed=RING_PREGENERATE_ASM
        cargo:rerun-if-env-changed=OUT_DIR
        cargo:rerun-if-env-changed=CARGO_CFG_TARGET_ARCH
        cargo:rerun-if-env-changed=CARGO_CFG_TARGET_OS
        cargo:rerun-if-env-changed=CARGO_CFG_TARGET_ENV
        cargo:rerun-if-env-changed=CARGO_CFG_TARGET_ENDIAN
        OPT_LEVEL = Some(3)
        OUT_DIR =
      Some(C:\Users\LauraFr√∏lich\AppData\Local\uv\cache\sdists-v9\pypi\polars-lts-cpu\1.33.0\hAXhuRtb3NI4cwW3tIBny\src\target\release\build\ring-c536cf4a7f3e1597\out)
        TARGET = Some(aarch64-pc-windows-msvc)
        cargo:rerun-if-env-changed=VCINSTALLDIR
        VCINSTALLDIR = None
        cargo:rerun-if-env-changed=VSTEL_MSBuildProjectFullPath
        VSTEL_MSBuildProjectFullPath = None
        cargo:rerun-if-env-changed=VSCMD_ARG_VCVARS_SPECTRE
        VSCMD_ARG_VCVARS_SPECTRE = None
        cargo:rerun-if-env-changed=WindowsSdkDir
        WindowsSdkDir = None
        cargo:rerun-if-env-changed=WindowsSDKVersion
        WindowsSDKVersion = None
        cargo:rerun-if-env-changed=LIB
        LIB = None
        PATH =
      Some(C:\Users\LauraFr√∏lich\AppData\Local\uv\cache\sdists-v9\pypi\polars-lts-cpu\1.33.0\hAXhuRtb3NI4cwW3tIBny\src\target\release\deps;C:\Users\LauraFr√∏lich\AppData\Local\uv\cache\sdists-v9\pypi\polars-lts-cpu\1.33.0\hAXhuRtb3NI4cwW3tIBny\src\target\release;C:\Users\LauraFr√∏lich\.rustup\toolchains\nightly-2025-08-29-aarch64-pc-windows-msvc\lib\rustlib\aarch64-pc-windows-msvc\lib;C:\Users\LauraFr√∏lich\AppData\Local\uv\cache\builds-v0\.tmpYkQmJb\Scripts;C:\Windows\system32;C:\Windows;C:\Windows\System32\Wbem;C:\Windows\System32\WindowsPowerShell\v1.0\;C:\Windows\System32\OpenSSH\;C:\Program
      Files\Git\cmd;C:\Program Files\dotnet\;C:\Program Files (x86)\Windows Kits\10\Windows Performance
      Toolkit\;C:\Users\LauraFr√∏lich\.cargo\bin;C:\Users\LauraFr√∏lich\.local\bin;C:\Users\LauraFr√∏lich\AppData\Local\Programs\Python\Python313\Scripts\;C:\Users\LauraFr√∏lich\AppData\Local\Programs\Python\Python313\;C:\Users\LauraFr√∏lich\AppData\Local\Programs\Python\Launcher\;C:\Users\LauraFr√∏lich\AppData\Local\Microsoft\WindowsApps;C:\Users\LauraFr√∏lich\AppData\Roaming\Python\Scripts;C:\Users\LauraFr√∏lich\.dotnet\tools;C:\Program
      Files\Microsoft Visual
      Studio\2022\Community\VC\Tools\MSVC\14.44.35207\lib\x64;;C:\Users\LauraFr√∏lich\.rustup\toolchains\nightly-2025-08-29-aarch64-pc-windows-msvc\bin)
        cargo:rerun-if-env-changed=INCLUDE
        INCLUDE = None
        HOST = Some(aarch64-pc-windows-msvc)
        cargo:rerun-if-env-changed=CC_aarch64-pc-windows-msvc
        CC_aarch64-pc-windows-msvc = None
        cargo:rerun-if-env-changed=CC_aarch64_pc_windows_msvc
        CC_aarch64_pc_windows_msvc = None
        cargo:rerun-if-env-changed=HOST_CC
        HOST_CC = None
        cargo:rerun-if-env-changed=CC
        CC = None
        cargo:rerun-if-env-changed=CRATE_CC_NO_DEFAULTS
        CRATE_CC_NO_DEFAULTS = None
        CARGO_CFG_TARGET_FEATURE = Some(neon)
        DEBUG = Some(true)
        cargo:rerun-if-env-changed=CFLAGS
        CFLAGS = None
        cargo:rerun-if-env-changed=HOST_CFLAGS
        HOST_CFLAGS = None
        cargo:rerun-if-env-changed=CFLAGS_aarch64_pc_windows_msvc
        CFLAGS_aarch64_pc_windows_msvc = None
        cargo:rerun-if-env-changed=CFLAGS_aarch64-pc-windows-msvc
        CFLAGS_aarch64-pc-windows-msvc = None
        CARGO_ENCODED_RUSTFLAGS = Some()
        cargo:rerun-if-env-changed=CC_ENABLE_DEBUG_OUTPUT
        cargo:warning=Compiler family detection failed due to error: ToolNotFound: failed to find tool &quot;clang&quot;: program not found (see
      https://docs.rs/cc/latest/cc/#compile-time-requirements for help)
        cargo:warning=Compiler family detection failed due to error: ToolNotFound: failed to find tool &quot;clang&quot;: program not found (see
      https://docs.rs/cc/latest/cc/#compile-time-requirements for help)

        --- stderr


        error occurred in cc-rs: failed to find tool &quot;clang&quot;: program not found (see https://docs.rs/cc/latest/cc/#compile-time-requirements for
      help)


      warning: build failed, waiting for other jobs to finish...
      üí• maturin failed
        Caused by: Failed to build a native library through cargo
        Caused by: Cargo build finished with &quot;exit code: 101&quot;: `&quot;cargo&quot; &quot;rustc&quot; &quot;--message-format&quot; &quot;json-render-diagnostics&quot; &quot;--manifest-path&quot;
      &quot;C:\\Users\\LauraFr√∏lich\\AppData\\Local\\uv\\cache\\sdists-v9\\pypi\\polars-lts-cpu\\1.33.0\\hAXhuRtb3NI4cwW3tIBny\\src\\py-polars\\Cargo.toml&quot;
      &quot;--release&quot; &quot;--lib&quot;`
      Error: command ['maturin', 'pep517', 'build-wheel', '-i',
      'C:\\Users\\LauraFr√∏lich\\AppData\\Local\\uv\\cache\\builds-v0\\.tmpYkQmJb\\Scripts\\python.exe', '--compatibility', 'off'] returned non-zero
      exit status 1

      hint: This usually indicates a problem with the package or the build environment.
  help: `polars-lts-cpu` (v1.33.0) was included because `small-example` (v0.1.0) depends on `polars-lts-cpu`
</code></pre>
</div>
        </div>
        <div class="timeline-entry">
            <div class="timeline-header">Comment by <a href="https://github.com/laurafroelich">@laurafroelich</a> on 2025-09-10 15:56</div>
            <div class="timeline-body"><p>You were also right that using the appropriate python solved the issue:</p>
<pre><code>PS C:\Users\LauraFr√∏lich\Documents\projects\small-example&gt; uv python list
cpython-3.14.0rc2-windows-x86_64-none                 &lt;download available&gt;
cpython-3.14.0rc2+freethreaded-windows-x86_64-none    &lt;download available&gt;
cpython-3.13.7-windows-x86_64-none                    &lt;download available&gt;
cpython-3.13.7+freethreaded-windows-x86_64-none       &lt;download available&gt;
cpython-3.13.7-windows-aarch64-none                   C:\Users\LauraFr√∏lich\AppData\Local\Programs\Python\Python313-arm64\python.exe
cpython-3.12.11-windows-x86_64-none                   &lt;download available&gt;
cpython-3.11.13-windows-x86_64-none                   &lt;download available&gt;
cpython-3.10.18-windows-x86_64-none                   &lt;download available&gt;
cpython-3.9.23-windows-x86_64-none                    &lt;download available&gt;
cpython-3.8.20-windows-x86_64-none                    &lt;download available&gt;
pypy-3.11.13-windows-x86_64-none                      &lt;download available&gt;
pypy-3.10.16-windows-x86_64-none                      &lt;download available&gt;
pypy-3.9.19-windows-x86_64-none                       &lt;download available&gt;
pypy-3.8.16-windows-x86_64-none                       &lt;download available&gt;
graalpy-3.11.0-windows-x86_64-none                    &lt;download available&gt;
graalpy-3.10.0-windows-x86_64-none                    &lt;download available&gt;
PS C:\Users\LauraFr√∏lich\Documents\projects\small-example&gt; uv sync
Using CPython 3.13.7 interpreter at: C:\Users\LauraFr√∏lich\AppData\Local\Programs\Python\Python313-arm64\python.exe
Creating virtual environment at: .venv
Resolved 3 packages in 2ms
Installed 1 package in 70ms
 + polars-lts-cpu==1.33.0
PS C:\Users\LauraFr√∏lich\Documents\projects\small-example&gt; uv run python
Python 3.13.7 (tags/v3.13.7:bcee1c3, Aug 14 2025, 14:57:06) [MSC v.1944 64 bit (ARM64)] on win32
Type &quot;help&quot;, &quot;copyright&quot;, &quot;credits&quot; or &quot;license&quot; for more information.
&gt;&gt;&gt; import polars as pl
&gt;&gt;&gt; pl.DataFrame()
shape: (0, 0)
‚îå‚îê
‚ïû‚ï°
‚îî‚îò
</code></pre>
<p>Thanks for the help and advice!</p>
</div>
        </div>
        <div class="timeline-entry">
            <div class="timeline-header">Comment by <a href="https://github.com/zsol">@zsol</a> on 2025-09-10 16:18</div>
            <div class="timeline-body"><blockquote>
<p>However, with uv run python --python-platform aarch64-pc-windows-msvc I get the same error as before (not sure if this is unsurprising):</p>
</blockquote>
<p>Oh that'll probably be because the <code>--python-platform</code> flag in this case would be passed to <code>python</code>, and not <code>uv</code> (but of course we don't actually get to running the <code>python</code> binary because of the build issue).
Try</p>
<pre><code>uv run --python-platform aarch64-pc-windows-msvc python
</code></pre>
</div>
        </div>
        <div class="timeline-entry">
            <div class="event">Referenced in <a href="../../paucablop/chemotools/issues/198.html">paucablop/chemotools#198</a> on 2025-10-16 12:45</div>
        </div>
    </div>

    <footer>
        Synced at 2026-01-09 23:35:05 UTC
    </footer>
</body>
</html>
