<!DOCTYPE html>
<html lang="en">
<head>
    <meta charset="UTF-8">
    <meta name="viewport" content="width=device-width, initial-scale=1.0">
    <title>AssertionError: SRE module mismatch - astral-sh/uv #16123</title>
    <link rel="stylesheet" href="../../../style.css">
</head>
<body>
    <div class="back-link">
        <a href="../../../index.html">Back to index</a>
    </div>

    <h1>AssertionError: SRE module mismatch</h1>

    <div class="meta">
        <span class="state-icon state-open"></span>
        <a href="https://github.com/astral-sh/uv/issues/16123">#16123</a>
        opened by <a href="https://github.com/adaaaaaa">@adaaaaaa</a>
        on 2025-10-04 11:13
    </div>

    <div class="timeline">
        <div class="timeline-entry">
            <div class="timeline-header">Issue opened by <a href="https://github.com/adaaaaaa">@adaaaaaa</a> on 2025-10-04 11:13</div>
            <div class="timeline-body"><h3>Summary</h3>
<p>uv run main.py                                                                                                                                                                 ─╯
Traceback (most recent call last):
File &quot;/data/MediaCrawler/main.py&quot;, line 12, in <module>
import asyncio
File &quot;/usr/lib/python3.13/asyncio/<strong>init</strong>.py&quot;, line 8, in <module>
from .base_events import *
File &quot;/usr/lib/python3.13/asyncio/base_events.py&quot;, line 18, in <module>
import concurrent.futures
File &quot;/usr/lib/python3.13/concurrent/futures/<strong>init</strong>.py&quot;, line 8, in <module>
from concurrent.futures._base import (FIRST_COMPLETED,
File &quot;/usr/lib/python3.13/concurrent/futures/_base.py&quot;, line 7, in <module>
import logging
File &quot;/usr/lib/python3.13/logging/<strong>init</strong>.py&quot;, line 26, in <module>
import sys, os, time, io, re, traceback, warnings, weakref, collections.abc
File &quot;/usr/lib/python3.13/re/<strong>init</strong>.py&quot;, line 126, in <module>
from . import _compiler, _parser
File &quot;/usr/lib/python3.13/re/_compiler.py&quot;, line 18, in <module>
assert _sre.MAGIC == MAGIC, &quot;SRE module mismatch&quot;
^^^^^^^^^^^^^^^^^^^
AssertionError: SRE module mismatch</p>
<h3>Platform</h3>
<p>archlinux</p>
<h3>Version</h3>
<p>0.8.22</p>
<h3>Python version</h3>
<p>3.11.13
3.13.5
3.13.7</p>
<p>'uv python pin' = 3.11 while above message python is in 3.13 why is the different?</p>
</div>
        </div>
        <div class="timeline-entry">
            <div class="event">Label <span class="label">bug</span> added by @adaaaaaa on 2025-10-04 11:13</div>
        </div>
        <div class="timeline-entry">
            <div class="event">Label <span class="label">bug</span> removed by @konstin on 2025-10-06 08:50</div>
        </div>
        <div class="timeline-entry">
            <div class="event">Label <span class="label">question</span> added by @konstin on 2025-10-06 08:50</div>
        </div>
        <div class="timeline-entry">
            <div class="timeline-header">Comment by <a href="https://github.com/konstin">@konstin</a> on 2025-10-06 08:51</div>
            <div class="timeline-body"><p>Are you sure that this is a bug in uv, and not in your code or your Python distribution? If you think it's a uv bug, can you share a minimal reproducible example (https://github.com/astral-sh/uv/issues/9452)?</p>
</div>
        </div>
    </div>

    <footer>
        Synced at 2026-01-10 01:33:13 UTC
    </footer>
</body>
</html>
