<!DOCTYPE html>
<html lang="en">
<head>
    <meta charset="UTF-8">
    <meta name="viewport" content="width=device-width, initial-scale=1.0">
    <title>Running tests without older version of python induces error - astral-sh/uv #16896</title>
    <link rel="stylesheet" href="../../../style.css">
</head>
<body>
    <div class="back-link">
        <a href="../../../index.html">Back to index</a>
    </div>

    <h1>Running tests without older version of python induces error</h1>

    <div class="meta">
        <span class="state-icon state-closed"></span>
        <a href="https://github.com/astral-sh/uv/issues/16896">#16896</a>
        opened by <a href="https://github.com/jimmy312495">@jimmy312495</a>
        on 2025-11-30 14:37
    </div>

    <div class="timeline">
        <div class="timeline-entry">
            <div class="timeline-header"><a href="https://github.com/jimmy312495">@jimmy312495</a></div>
            <div class="timeline-body">Summary
<p>Running the integration test suite on my computer that does <strong>not</strong> have older Python versions (e.g. 3.8 and 3.10) installed causes multiple tests to <strong>panic</strong> with <code>Could not find Python 3.X for test</code>, instead of skipping or failing more gracefully.</p>
<p>I&#x27;m new here, not sure if this is a bug, or just something can be ignored.</p>
Run to reproduce
<p>Run</p>
<pre><code>cargo test -p uv --test it pip_sync::install_numpy_py38 -- --nocapture
</code></pre>
<p>or</p>
<pre><code>cargo test --workspace
</code></pre>
std output
<pre><code>&gt; cargo test -p uv --test it pip_sync::install_numpy_py38 -- --nocapture

Finished `test` profile [unoptimized + debuginfo] target(s) in 0.77s
     Running tests/it/main.rs (target/debug/deps/it-c64196066e9bcf47)

running 1 test

thread &#x27;pip_sync::install_numpy_py38&#x27; (6755636) panicked at crates/uv/tests/it/common/mod.rs:1753:17:
Could not find Python 3.8 for test
note: run with `RUST_BACKTRACE=1` environment variable to display a backtrace
test pip_sync::install_numpy_py38 ... FAILED

failures:

failures:
    pip_sync::install_numpy_py38

test result: FAILED. 0 passed; 1 failed; 0 ignored; 0 measured; 2453 filtered out; finished in 0.46s

error: test failed, to rerun pass `-p uv --test it`
</code></pre>
Platform
<p>macOS Darwin 25.1.0 arm64</p>
Version
<p>uv 0.9.5 (Homebrew 2025-10-21)</p>
Python version
<p>Python 3.14.0</p>
</div>
        </div>
        <div class="timeline-entry">
            <div class="event">Label <span class="label">bug</span> added by <a href="https://github.com/jimmy312495">@jimmy312495</a> on 2025-11-30 14:37</div>
        </div>
        <div class="timeline-entry">
            <div class="timeline-header">Comment by <a href="https://github.com/zanieb">@zanieb</a> on 2025-11-30 15:00</div>
            <div class="timeline-body"><p>Yeah we require these Python versions for the test suite, see https://github.com/astral-sh/uv/blob/main/CONTRIBUTING.md#python</p>
</div>
        </div>
        <div class="timeline-entry">
            <div class="event">Label <span class="label">bug</span> removed by <a href="https://github.com/zanieb">@zanieb</a> on 2025-11-30 15:00</div>
        </div>
        <div class="timeline-entry">
            <div class="event">Label <span class="label">question</span> added by <a href="https://github.com/zanieb">@zanieb</a> on 2025-11-30 15:00</div>
        </div>
        <div class="timeline-entry">
            <div class="timeline-header">Comment by <a href="https://github.com/jimmy312495">@jimmy312495</a> on 2025-11-30 15:22</div>
            <div class="timeline-body"><p>Thank you! After installing other version of Python, all related tests passed.</p>
</div>
        </div>
        <div class="timeline-entry">
            <div class="event">Closed by <a href="https://github.com/jimmy312495">@jimmy312495</a> on 2025-11-30 15:22</div>
        </div>
    </div>

    <footer>
        Synced at 2026-01-20 19:41:10 UTC
    </footer>
</body>
</html>
