<!DOCTYPE html>
<html lang="en">
<head>
    <meta charset="UTF-8">
    <meta name="viewport" content="width=device-width, initial-scale=1.0">
    <title>Failed to add `paddle` dependency - astral-sh/uv #2299</title>
    <link rel="stylesheet" href="../../../style.css">
</head>
<body>
    <div class="back-link">
        <a href="../../../index.html">Back to index</a>
    </div>

    <h1>Failed to add `paddle` dependency</h1>

    <div class="meta">
        <span class="state state-closed">Closed</span>
        <a href="https://github.com/astral-sh/uv/issues/2299">#2299</a>
        opened by <a href="https://github.com/CrazyboyQCD">@CrazyboyQCD</a>
        on 2024-03-08 09:28
    </div>

    <div class="timeline">
        <div class="timeline-entry">
            <div class="timeline-header">Issue opened by <a href="https://github.com/CrazyboyQCD">@CrazyboyQCD</a> on 2024-03-08 09:28</div>
            <div class="timeline-body"><p><strong>OS</strong>: Windows 11
<strong>Version</strong>: 0.1.15
<strong>Commd</strong>:
<code>rye add paddle</code>
<strong>Error</strong>:
<img src="https://github.com/astral-sh/uv/assets/53971641/07a0bf5e-17ef-4f8b-841a-d40673d65d99" alt="image" />
<strong>The code snippet in it</strong>:
<img src="https://github.com/astral-sh/uv/assets/53971641/11f9de5c-554c-4548-ae04-5a41b39a7242" alt="image" />
<strong>The directory of it</strong>:
<img src="https://github.com/astral-sh/uv/assets/53971641/9a1ac081-5abf-4c55-8ddb-344a27895999" alt="image" /></p>
<p>I got this error with <code>uv</code> bundled with latest <code>Rye</code> installed.</p>
</div>
        </div>
        <div class="timeline-entry">
            <div class="timeline-header">Comment by <a href="https://github.com/zanieb">@zanieb</a> on 2024-03-08 15:18</div>
            <div class="timeline-body"><p>Hi! Can you share the full output of the command please?</p>
</div>
        </div>
        <div class="timeline-entry">
            <div class="event">Label <span class="label">needs-mre</span> added by @charliermarsh on 2024-03-08 15:22</div>
        </div>
        <div class="timeline-entry">
            <div class="timeline-header">Comment by <a href="https://github.com/CrazyboyQCD">@CrazyboyQCD</a> on 2024-03-09 05:56</div>
            <div class="timeline-body"><blockquote>
<p>Hi! Can you share the full output of the command please?</p>
</blockquote>
<p>@zanieb Here is full <a href="https://github.com/astral-sh/uv/files/14545142/output.txt">output</a> .</p>
</div>
        </div>
        <div class="timeline-entry">
            <div class="timeline-header">Comment by <a href="https://github.com/charliermarsh">@charliermarsh</a> on 2024-03-09 13:07</div>
            <div class="timeline-body"><p>This package also fails with pip using <code>--use-pep517</code>:</p>
<pre><code>❯ pip install -e . --use-pep517
Obtaining file:///Users/crmarsh/Downloads/paddle-1.0.2
  Installing build dependencies ... done
  Checking if build backend supports build_editable ... done
  Getting requirements to build editable ... error
  error: subprocess-exited-with-error

  × Getting requirements to build editable did not run successfully.
  │ exit code: 1
  ╰─&gt; [25 lines of output]
      Traceback (most recent call last):
        File &quot;/Users/crmarsh/.local/share/rtx/installs/python/3.12.0/lib/python3.12/site-packages/pip/_vendor/pyproject_hooks/_in_process/_in_process.py&quot;, line 353, in &lt;module&gt;
          main()
        File &quot;/Users/crmarsh/.local/share/rtx/installs/python/3.12.0/lib/python3.12/site-packages/pip/_vendor/pyproject_hooks/_in_process/_in_process.py&quot;, line 335, in main
          json_out['return_val'] = hook(**hook_input['kwargs'])
                                   ^^^^^^^^^^^^^^^^^^^^^^^^^^^^
        File &quot;/Users/crmarsh/.local/share/rtx/installs/python/3.12.0/lib/python3.12/site-packages/pip/_vendor/pyproject_hooks/_in_process/_in_process.py&quot;, line 132, in get_requires_for_build_editable
          return hook(config_settings)
                 ^^^^^^^^^^^^^^^^^^^^^
        File &quot;/private/var/folders/nt/6gf2v7_s3k13zq_t3944rwz40000gn/T/pip-build-env-zqvuxizl/overlay/lib/python3.12/site-packages/setuptools/build_meta.py&quot;, line 448, in get_requires_for_build_editable
          return self.get_requires_for_build_wheel(config_settings)
                 ^^^^^^^^^^^^^^^^^^^^^^^^^^^^^^^^^^^^^^^^^^^^^^^^^^
        File &quot;/private/var/folders/nt/6gf2v7_s3k13zq_t3944rwz40000gn/T/pip-build-env-zqvuxizl/overlay/lib/python3.12/site-packages/setuptools/build_meta.py&quot;, line 325, in get_requires_for_build_wheel
          return self._get_build_requires(config_settings, requirements=['wheel'])
                 ^^^^^^^^^^^^^^^^^^^^^^^^^^^^^^^^^^^^^^^^^^^^^^^^^^^^^^^^^^^^^^^^^
        File &quot;/private/var/folders/nt/6gf2v7_s3k13zq_t3944rwz40000gn/T/pip-build-env-zqvuxizl/overlay/lib/python3.12/site-packages/setuptools/build_meta.py&quot;, line 295, in _get_build_requires
          self.run_setup()
        File &quot;/private/var/folders/nt/6gf2v7_s3k13zq_t3944rwz40000gn/T/pip-build-env-zqvuxizl/overlay/lib/python3.12/site-packages/setuptools/build_meta.py&quot;, line 487, in run_setup
          super().run_setup(setup_script=setup_script)
        File &quot;/private/var/folders/nt/6gf2v7_s3k13zq_t3944rwz40000gn/T/pip-build-env-zqvuxizl/overlay/lib/python3.12/site-packages/setuptools/build_meta.py&quot;, line 311, in run_setup
          exec(code, locals())
        File &quot;&lt;string&gt;&quot;, line 3, in &lt;module&gt;
        File &quot;/Users/crmarsh/Downloads/paddle-1.0.2/paddle/__init__.py&quot;, line 5, in &lt;module&gt;
          import common, dual, tight, data, prox
      ModuleNotFoundError: No module named 'common'
      [end of output]
</code></pre>
</div>
        </div>
        <div class="timeline-entry">
            <div class="timeline-header">Comment by <a href="https://github.com/charliermarsh">@charliermarsh</a> on 2024-03-09 13:09</div>
            <div class="timeline-body"><p>Actually, this package just fails for me period:</p>
<pre><code>❯ pip install paddle==1.0.2
Collecting paddle==1.0.2
  Downloading paddle-1.0.2.tar.gz (579 kB)
     ━━━━━━━━━━━━━━━━━━━━━━━━━━━━━━━━━━━━━━━━ 579.0/579.0 kB 6.8 MB/s eta 0:00:00
  Installing build dependencies ... done
  Getting requirements to build wheel ... error
  error: subprocess-exited-with-error

  × Getting requirements to build wheel did not run successfully.
  │ exit code: 1
  ╰─&gt; [22 lines of output]
      Traceback (most recent call last):
        File &quot;/Users/crmarsh/.local/share/rtx/installs/python/3.12.0/lib/python3.12/site-packages/pip/_vendor/pyproject_hooks/_in_process/_in_process.py&quot;, line 353, in &lt;module&gt;
          main()
        File &quot;/Users/crmarsh/.local/share/rtx/installs/python/3.12.0/lib/python3.12/site-packages/pip/_vendor/pyproject_hooks/_in_process/_in_process.py&quot;, line 335, in main
          json_out['return_val'] = hook(**hook_input['kwargs'])
                                   ^^^^^^^^^^^^^^^^^^^^^^^^^^^^
        File &quot;/Users/crmarsh/.local/share/rtx/installs/python/3.12.0/lib/python3.12/site-packages/pip/_vendor/pyproject_hooks/_in_process/_in_process.py&quot;, line 118, in get_requires_for_build_wheel
          return hook(config_settings)
                 ^^^^^^^^^^^^^^^^^^^^^
        File &quot;/private/var/folders/nt/6gf2v7_s3k13zq_t3944rwz40000gn/T/pip-build-env-y9lthyxf/overlay/lib/python3.12/site-packages/setuptools/build_meta.py&quot;, line 325, in get_requires_for_build_wheel
          return self._get_build_requires(config_settings, requirements=['wheel'])
                 ^^^^^^^^^^^^^^^^^^^^^^^^^^^^^^^^^^^^^^^^^^^^^^^^^^^^^^^^^^^^^^^^^
        File &quot;/private/var/folders/nt/6gf2v7_s3k13zq_t3944rwz40000gn/T/pip-build-env-y9lthyxf/overlay/lib/python3.12/site-packages/setuptools/build_meta.py&quot;, line 295, in _get_build_requires
          self.run_setup()
        File &quot;/private/var/folders/nt/6gf2v7_s3k13zq_t3944rwz40000gn/T/pip-build-env-y9lthyxf/overlay/lib/python3.12/site-packages/setuptools/build_meta.py&quot;, line 487, in run_setup
          super().run_setup(setup_script=setup_script)
        File &quot;/private/var/folders/nt/6gf2v7_s3k13zq_t3944rwz40000gn/T/pip-build-env-y9lthyxf/overlay/lib/python3.12/site-packages/setuptools/build_meta.py&quot;, line 311, in run_setup
          exec(code, locals())
        File &quot;&lt;string&gt;&quot;, line 3, in &lt;module&gt;
        File &quot;/private/var/folders/nt/6gf2v7_s3k13zq_t3944rwz40000gn/T/pip-install-u0o9_bah/paddle_e146b46ed754421c896cef2bda401605/paddle/__init__.py&quot;, line 5, in &lt;module&gt;
          import common, dual, tight, data, prox
      ModuleNotFoundError: No module named 'common'
      [end of output]
</code></pre>
<p>Are you able to install it with <code>pip</code>? Otherwise, this should be raised with the package, not <code>uv</code>.</p>
</div>
        </div>
        <div class="timeline-entry">
            <div class="timeline-header">Comment by <a href="https://github.com/CrazyboyQCD">@CrazyboyQCD</a> on 2024-03-09 14:13</div>
            <div class="timeline-body"><blockquote>
<p>Are you able to install it with <code>pip</code>? Otherwise, this should be raised with the package, not <code>uv</code>.</p>
</blockquote>
<p>Alright, I found that it is not an issue with uv itself but the package, I'll close this.</p>
</div>
        </div>
        <div class="timeline-entry">
            <div class="event">Closed by @CrazyboyQCD on 2024-03-09 14:13</div>
        </div>
    </div>

    <footer>
        Synced at 2026-01-09 23:34:57 UTC
    </footer>
</body>
</html>
