<!DOCTYPE html>
<html lang="en">
<head>
    <meta charset="UTF-8">
    <meta name="viewport" content="width=device-width, initial-scale=1.0">
    <title>Install of &quot;youtokentome&quot; package failed. - astral-sh/uv #2955</title>
    <link rel="stylesheet" href="../../../style.css">
</head>
<body>
    <div class="back-link">
        <a href="../../../index.html">Back to index</a>
    </div>

    <h1>Install of &quot;youtokentome&quot; package failed.</h1>

    <div class="meta">
        <span class="state state-closed">Closed</span>
        <a href="https://github.com/astral-sh/uv/issues/2955">#2955</a>
        opened by <a href="https://github.com/AstralScribe">@AstralScribe</a>
        on 2024-04-10 05:54
    </div>

    <div class="timeline">
        <div class="timeline-entry">
            <div class="timeline-header">Issue opened by <a href="https://github.com/AstralScribe">@AstralScribe</a> on 2024-04-10 05:54</div>
            <div class="timeline-body"><p>Venv install done using:</p>
<pre><code>uv venv
Using Python 3.11.8 interpreter at: /usr/bin/python3
Creating virtualenv at: .venv
Activate with: source .venv/bin/activate
</code></pre>
<p>First command I tried:</p>
<pre><code> uv pip install youtokentome --verbose
</code></pre>
<p>Error:</p>
<pre><code>INFO Found a virtualenv through VIRTUAL_ENV at: /home/mayank/Documents/dev-hub/sandbox/test/.venv
DEBUG Cached interpreter info for Python 3.11.8, skipping probing: .venv/bin/python
DEBUG Using Python 3.11.8 environment at .venv/bin/python
DEBUG Trying to lock if free: .venv/.lock
DEBUG Using registry request timeout of 300s
DEBUG Solving with target Python version 3.11.8
DEBUG Adding direct dependency: youtokentome*
TRACE Fetching metadata for youtokentome from https://pypi.org/simple/youtokentome/
TRACE cached request https://pypi.org/simple/youtokentome/ is storable because its response has a 'public' cache-control directive
DEBUG Found fresh response for: https://pypi.org/simple/youtokentome/
TRACE Received package metadata for: youtokentome
TRACE selecting candidate for package PackageName(&quot;youtokentome&quot;) with range Range { segments: [(Unbounded, Unbounded)] } with 8 remote versions
TRACE found candidate for package PackageName(&quot;youtokentome&quot;) with range Range { segments: [(Unbounded, Unbounded)] } after 1 steps: &quot;1.0.6&quot; version
DEBUG Searching for a compatible version of youtokentome (*)
TRACE selecting candidate for package PackageName(&quot;youtokentome&quot;) with range Range { segments: [(Unbounded, Unbounded)] } with 8 remote versions
TRACE found candidate for package PackageName(&quot;youtokentome&quot;) with range Range { segments: [(Unbounded, Unbounded)] } after 1 steps: &quot;1.0.6&quot; version
DEBUG Selecting: youtokentome==1.0.6 (youtokentome-1.0.6.tar.gz)
TRACE cached request https://files.pythonhosted.org/packages/9c/78/95ea7cd878a50c905584c8a8aea3a6e0a59d7bbd10329cb03849d34674e2/youtokentome-1.0.6-cp35-cp35m-macosx_10_14_intel.whl.metadata is storable because its response has a 'public' cache-control directive
DEBUG Found fresh response for: https://files.pythonhosted.org/packages/9c/78/95ea7cd878a50c905584c8a8aea3a6e0a59d7bbd10329cb03849d34674e2/youtokentome-1.0.6-cp35-cp35m-macosx_10_14_intel.whl.metadata
TRACE Received built distribution metadata for: youtokentome==1.0.6
DEBUG Adding transitive dependency: click&gt;=7.0
TRACE Fetching metadata for click from https://pypi.org/simple/click/
TRACE cached request https://pypi.org/simple/click/ is storable because its response has a 'public' cache-control directive
DEBUG Found fresh response for: https://pypi.org/simple/click/
TRACE Received package metadata for: click
TRACE selecting candidate for package PackageName(&quot;click&quot;) with range Range { segments: [(Included(&quot;7.0&quot;), Unbounded)] } with 53 remote versions
TRACE found candidate for package PackageName(&quot;click&quot;) with range Range { segments: [(Included(&quot;7.0&quot;), Unbounded)] } after 1 steps: &quot;8.1.7&quot; version
DEBUG Searching for a compatible version of click (&gt;=7.0)
TRACE selecting candidate for package PackageName(&quot;click&quot;) with range Range { segments: [(Included(&quot;7.0&quot;), Unbounded)] } with 53 remote versions
TRACE found candidate for package PackageName(&quot;click&quot;) with range Range { segments: [(Included(&quot;7.0&quot;), Unbounded)] } after 1 steps: &quot;8.1.7&quot; version
DEBUG Selecting: click==8.1.7 (click-8.1.7-py3-none-any.whl)
TRACE cached request https://files.pythonhosted.org/packages/00/2e/d53fa4befbf2cfa713304affc7ca780ce4fc1fd8710527771b58311a3229/click-8.1.7-py3-none-any.whl.metadata is storable because its response has a 'public' cache-control directive
DEBUG Found fresh response for: https://files.pythonhosted.org/packages/00/2e/d53fa4befbf2cfa713304affc7ca780ce4fc1fd8710527771b58311a3229/click-8.1.7-py3-none-any.whl.metadata
TRACE Received built distribution metadata for: click==8.1.7
Resolved 2 packages in 1ms
DEBUG Requirement already cached: click==8.1.7
DEBUG Identified uncached requirement: youtokentome==1.0.6
TRACE cached request https://files.pythonhosted.org/packages/9a/ae/f8b0d15696766eb35dda6cf84a23d42ae7f3ba37aa30e5e2287fd94ac053/youtokentome-1.0.6.tar.gz is storable because its response has a 'public' cache-control directive
DEBUG Found fresh response for: https://files.pythonhosted.org/packages/9a/ae/f8b0d15696766eb35dda6cf84a23d42ae7f3ba37aa30e5e2287fd94ac053/youtokentome-1.0.6.tar.gz
DEBUG Building: youtokentome==1.0.6
DEBUG Solving with target Python version 3.11.8
DEBUG Adding direct dependency: setuptools&gt;=40.8.0
TRACE Fetching metadata for setuptools from https://pypi.org/simple/setuptools/
TRACE cached request https://pypi.org/simple/setuptools/ is storable because its response has a 'public' cache-control directive
DEBUG Found fresh response for: https://pypi.org/simple/setuptools/
TRACE Received package metadata for: setuptools
TRACE selecting candidate for package PackageName(&quot;setuptools&quot;) with range Range { segments: [(Included(&quot;40.8.0&quot;), Unbounded)] } with 550 remote versions
TRACE found candidate for package PackageName(&quot;setuptools&quot;) with range Range { segments: [(Included(&quot;40.8.0&quot;), Unbounded)] } after 1 steps: &quot;69.2.0&quot; version
DEBUG Searching for a compatible version of setuptools (&gt;=40.8.0)
TRACE selecting candidate for package PackageName(&quot;setuptools&quot;) with range Range { segments: [(Included(&quot;40.8.0&quot;), Unbounded)] } with 550 remote versions
TRACE found candidate for package PackageName(&quot;setuptools&quot;) with range Range { segments: [(Included(&quot;40.8.0&quot;), Unbounded)] } after 1 steps: &quot;69.2.0&quot; version
DEBUG Selecting: setuptools==69.2.0 (setuptools-69.2.0-py3-none-any.whl)
TRACE cached request https://files.pythonhosted.org/packages/92/e1/1c8bb3420105e70bdf357d57dd5567202b4ef8d27f810e98bb962d950834/setuptools-69.2.0-py3-none-any.whl.metadata is storable because its response has a 'public' cache-control directive
DEBUG Found fresh response for: https://files.pythonhosted.org/packages/92/e1/1c8bb3420105e70bdf357d57dd5567202b4ef8d27f810e98bb962d950834/setuptools-69.2.0-py3-none-any.whl.metadata
TRACE Received built distribution metadata for: setuptools==69.2.0
DEBUG Installing in setuptools==69.2.0 in /home/mayank/.cache/uv/.tmpfYZLHq/.venv
DEBUG Requirement already cached: setuptools==69.2.0
DEBUG Installing build requirement: setuptools==69.2.0
DEBUG Calling `setuptools.build_meta:__legacy__.get_requires_for_build_wheel()`
error: Failed to download distributions
  Caused by: Failed to fetch wheel: youtokentome==1.0.6
  Caused by: Failed to build: youtokentome==1.0.6
  Caused by: Build backend failed to determine extra requires with `build_wheel()` with exit status: 1
--- stdout:

--- stderr:
Traceback (most recent call last):
  File &quot;&lt;string&gt;&quot;, line 14, in &lt;module&gt;
  File &quot;/home/mayank/.cache/uv/.tmpfYZLHq/.venv/lib/python3.11/site-packages/setuptools/build_meta.py&quot;, line 325, in get_requires_for_build_wheel
    return self._get_build_requires(config_settings, requirements=['wheel'])
           ^^^^^^^^^^^^^^^^^^^^^^^^^^^^^^^^^^^^^^^^^^^^^^^^^^^^^^^^^^^^^^^^^
  File &quot;/home/mayank/.cache/uv/.tmpfYZLHq/.venv/lib/python3.11/site-packages/setuptools/build_meta.py&quot;, line 295, in _get_build_requires
    self.run_setup()
  File &quot;/home/mayank/.cache/uv/.tmpfYZLHq/.venv/lib/python3.11/site-packages/setuptools/build_meta.py&quot;, line 487, in run_setup
    super().run_setup(setup_script=setup_script)
  File &quot;/home/mayank/.cache/uv/.tmpfYZLHq/.venv/lib/python3.11/site-packages/setuptools/build_meta.py&quot;, line 311, in run_setup
    exec(code, locals())
  File &quot;&lt;string&gt;&quot;, line 5, in &lt;module&gt;
ModuleNotFoundError: No module named 'Cython'
---
</code></pre>
<p>Next, I tried installing wheel and Cython</p>
<pre><code>uv pip install wheel Cython --verbose
</code></pre>
<pre><code>INFO Found a virtualenv through VIRTUAL_ENV at: /home/mayank/Documents/dev-hub/sandbox/test/.venv
DEBUG Cached interpreter info for Python 3.11.8, skipping probing: .venv/bin/python
DEBUG Using Python 3.11.8 environment at .venv/bin/python
DEBUG Trying to lock if free: .venv/.lock
DEBUG Using registry request timeout of 300s
DEBUG Solving with target Python version 3.11.8
DEBUG Adding direct dependency: wheel*
DEBUG Adding direct dependency: cython*
TRACE Fetching metadata for wheel from https://pypi.org/simple/wheel/
TRACE Fetching metadata for cython from https://pypi.org/simple/cython/
TRACE cached request https://pypi.org/simple/wheel/ is storable because its response has a 'public' cache-control directive
DEBUG Found fresh response for: https://pypi.org/simple/wheel/
TRACE Received package metadata for: wheel
TRACE selecting candidate for package PackageName(&quot;wheel&quot;) with range Range { segments: [(Unbounded, Unbounded)] } with 75 remote versions
TRACE found candidate for package PackageName(&quot;wheel&quot;) with range Range { segments: [(Unbounded, Unbounded)] } after 1 steps: &quot;0.43.0&quot; version
DEBUG Searching for a compatible version of wheel (*)
TRACE selecting candidate for package PackageName(&quot;wheel&quot;) with range Range { segments: [(Unbounded, Unbounded)] } with 75 remote versions
TRACE found candidate for package PackageName(&quot;wheel&quot;) with range Range { segments: [(Unbounded, Unbounded)] } after 1 steps: &quot;0.43.0&quot; version
DEBUG Selecting: wheel==0.43.0 (wheel-0.43.0-py3-none-any.whl)
TRACE cached request https://files.pythonhosted.org/packages/7d/cd/d7460c9a869b16c3dd4e1e403cce337df165368c71d6af229a74699622ce/wheel-0.43.0-py3-none-any.whl.metadata is storable because its response has a 'public' cache-control directive
DEBUG Found fresh response for: https://files.pythonhosted.org/packages/7d/cd/d7460c9a869b16c3dd4e1e403cce337df165368c71d6af229a74699622ce/wheel-0.43.0-py3-none-any.whl.metadata
TRACE Received built distribution metadata for: wheel==0.43.0
TRACE cached request https://pypi.org/simple/cython/ is storable because its response has a 'public' cache-control directive
DEBUG Found fresh response for: https://pypi.org/simple/cython/
TRACE Received package metadata for: cython
TRACE selecting candidate for package PackageName(&quot;cython&quot;) with range Range { segments: [(Unbounded, Unbounded)] } with 138 remote versions
TRACE found candidate for package PackageName(&quot;cython&quot;) with range Range { segments: [(Unbounded, Unbounded)] } after 1 steps: &quot;3.0.10&quot; version
DEBUG Searching for a compatible version of cython (*)
TRACE selecting candidate for package PackageName(&quot;cython&quot;) with range Range { segments: [(Unbounded, Unbounded)] } with 138 remote versions
TRACE found candidate for package PackageName(&quot;cython&quot;) with range Range { segments: [(Unbounded, Unbounded)] } after 1 steps: &quot;3.0.10&quot; version
DEBUG Selecting: cython==3.0.10 (Cython-3.0.10-cp311-cp311-manylinux_2_17_x86_64.manylinux2014_x86_64.whl)
TRACE cached request https://files.pythonhosted.org/packages/45/82/077c13035d6f45d8b8b74d67e9f73f2bfc54ef8d1f79572790f6f7d2b4f5/Cython-3.0.10-cp311-cp311-manylinux_2_17_x86_64.manylinux2014_x86_64.whl.metadata is storable because its response has a 'public' cache-control directive
DEBUG Found fresh response for: https://files.pythonhosted.org/packages/45/82/077c13035d6f45d8b8b74d67e9f73f2bfc54ef8d1f79572790f6f7d2b4f5/Cython-3.0.10-cp311-cp311-manylinux_2_17_x86_64.manylinux2014_x86_64.whl.metadata
TRACE Received built distribution metadata for: cython==3.0.10
Resolved 2 packages in 16ms
DEBUG Requirement already cached: cython==3.0.10
DEBUG Requirement already cached: wheel==0.43.0
Installed 2 packages in 16ms
 + cython==3.0.10
 + wheel==0.43.0
</code></pre>
<p>Retried with the same command:</p>
<pre><code> uv pip install youtokentome --verbose
</code></pre>
<p>Again the error:</p>
<pre><code>INFO Found a virtualenv through VIRTUAL_ENV at: /home/mayank/Documents/dev-hub/sandbox/test/.venv
DEBUG Cached interpreter info for Python 3.11.8, skipping probing: .venv/bin/python
DEBUG Using Python 3.11.8 environment at .venv/bin/python
DEBUG Trying to lock if free: .venv/.lock
DEBUG Using registry request timeout of 300s
DEBUG Solving with target Python version 3.11.8
DEBUG Adding direct dependency: youtokentome*
TRACE Fetching metadata for youtokentome from https://pypi.org/simple/youtokentome/
TRACE cached request https://pypi.org/simple/youtokentome/ is storable because its response has a 'public' cache-control directive
DEBUG Found fresh response for: https://pypi.org/simple/youtokentome/
TRACE Received package metadata for: youtokentome
TRACE selecting candidate for package PackageName(&quot;youtokentome&quot;) with range Range { segments: [(Unbounded, Unbounded)] } with 8 remote versions
TRACE found candidate for package PackageName(&quot;youtokentome&quot;) with range Range { segments: [(Unbounded, Unbounded)] } after 1 steps: &quot;1.0.6&quot; version
DEBUG Searching for a compatible version of youtokentome (*)
TRACE selecting candidate for package PackageName(&quot;youtokentome&quot;) with range Range { segments: [(Unbounded, Unbounded)] } with 8 remote versions
TRACE found candidate for package PackageName(&quot;youtokentome&quot;) with range Range { segments: [(Unbounded, Unbounded)] } after 1 steps: &quot;1.0.6&quot; version
DEBUG Selecting: youtokentome==1.0.6 (youtokentome-1.0.6.tar.gz)
TRACE cached request https://files.pythonhosted.org/packages/9c/78/95ea7cd878a50c905584c8a8aea3a6e0a59d7bbd10329cb03849d34674e2/youtokentome-1.0.6-cp35-cp35m-macosx_10_14_intel.whl.metadata is storable because its response has a 'public' cache-control directive
DEBUG Found fresh response for: https://files.pythonhosted.org/packages/9c/78/95ea7cd878a50c905584c8a8aea3a6e0a59d7bbd10329cb03849d34674e2/youtokentome-1.0.6-cp35-cp35m-macosx_10_14_intel.whl.metadata
TRACE Received built distribution metadata for: youtokentome==1.0.6
DEBUG Adding transitive dependency: click&gt;=7.0
TRACE Fetching metadata for click from https://pypi.org/simple/click/
TRACE cached request https://pypi.org/simple/click/ is storable because its response has a 'public' cache-control directive
DEBUG Found fresh response for: https://pypi.org/simple/click/
TRACE Received package metadata for: click
TRACE selecting candidate for package PackageName(&quot;click&quot;) with range Range { segments: [(Included(&quot;7.0&quot;), Unbounded)] } with 53 remote versions
TRACE found candidate for package PackageName(&quot;click&quot;) with range Range { segments: [(Included(&quot;7.0&quot;), Unbounded)] } after 1 steps: &quot;8.1.7&quot; version
DEBUG Searching for a compatible version of click (&gt;=7.0)
TRACE selecting candidate for package PackageName(&quot;click&quot;) with range Range { segments: [(Included(&quot;7.0&quot;), Unbounded)] } with 53 remote versions
TRACE found candidate for package PackageName(&quot;click&quot;) with range Range { segments: [(Included(&quot;7.0&quot;), Unbounded)] } after 1 steps: &quot;8.1.7&quot; version
DEBUG Selecting: click==8.1.7 (click-8.1.7-py3-none-any.whl)
TRACE cached request https://files.pythonhosted.org/packages/00/2e/d53fa4befbf2cfa713304affc7ca780ce4fc1fd8710527771b58311a3229/click-8.1.7-py3-none-any.whl.metadata is storable because its response has a 'public' cache-control directive
DEBUG Found fresh response for: https://files.pythonhosted.org/packages/00/2e/d53fa4befbf2cfa713304affc7ca780ce4fc1fd8710527771b58311a3229/click-8.1.7-py3-none-any.whl.metadata
TRACE Received built distribution metadata for: click==8.1.7
Resolved 2 packages in 1ms
DEBUG Requirement already cached: click==8.1.7
DEBUG Identified uncached requirement: youtokentome==1.0.6
DEBUG Unnecessary package: cython==3.0.10
DEBUG Unnecessary package: wheel==0.43.0
TRACE cached request https://files.pythonhosted.org/packages/9a/ae/f8b0d15696766eb35dda6cf84a23d42ae7f3ba37aa30e5e2287fd94ac053/youtokentome-1.0.6.tar.gz is storable because its response has a 'public' cache-control directive
DEBUG Found fresh response for: https://files.pythonhosted.org/packages/9a/ae/f8b0d15696766eb35dda6cf84a23d42ae7f3ba37aa30e5e2287fd94ac053/youtokentome-1.0.6.tar.gz
DEBUG Building: youtokentome==1.0.6
DEBUG Solving with target Python version 3.11.8
DEBUG Adding direct dependency: setuptools&gt;=40.8.0
TRACE Fetching metadata for setuptools from https://pypi.org/simple/setuptools/
TRACE cached request https://pypi.org/simple/setuptools/ is storable because its response has a 'public' cache-control directive
DEBUG Found fresh response for: https://pypi.org/simple/setuptools/
TRACE Received package metadata for: setuptools
TRACE selecting candidate for package PackageName(&quot;setuptools&quot;) with range Range { segments: [(Included(&quot;40.8.0&quot;), Unbounded)] } with 550 remote versions
TRACE found candidate for package PackageName(&quot;setuptools&quot;) with range Range { segments: [(Included(&quot;40.8.0&quot;), Unbounded)] } after 1 steps: &quot;69.2.0&quot; version
DEBUG Searching for a compatible version of setuptools (&gt;=40.8.0)
TRACE selecting candidate for package PackageName(&quot;setuptools&quot;) with range Range { segments: [(Included(&quot;40.8.0&quot;), Unbounded)] } with 550 remote versions
TRACE found candidate for package PackageName(&quot;setuptools&quot;) with range Range { segments: [(Included(&quot;40.8.0&quot;), Unbounded)] } after 1 steps: &quot;69.2.0&quot; version
DEBUG Selecting: setuptools==69.2.0 (setuptools-69.2.0-py3-none-any.whl)
TRACE cached request https://files.pythonhosted.org/packages/92/e1/1c8bb3420105e70bdf357d57dd5567202b4ef8d27f810e98bb962d950834/setuptools-69.2.0-py3-none-any.whl.metadata is storable because its response has a 'public' cache-control directive
DEBUG Found fresh response for: https://files.pythonhosted.org/packages/92/e1/1c8bb3420105e70bdf357d57dd5567202b4ef8d27f810e98bb962d950834/setuptools-69.2.0-py3-none-any.whl.metadata
TRACE Received built distribution metadata for: setuptools==69.2.0
DEBUG Installing in setuptools==69.2.0 in /home/mayank/.cache/uv/.tmpchWICp/.venv
DEBUG Requirement already cached: setuptools==69.2.0
DEBUG Installing build requirement: setuptools==69.2.0
DEBUG Calling `setuptools.build_meta:__legacy__.get_requires_for_build_wheel()`
error: Failed to download distributions
  Caused by: Failed to fetch wheel: youtokentome==1.0.6
  Caused by: Failed to build: youtokentome==1.0.6
  Caused by: Build backend failed to determine extra requires with `build_wheel()` with exit status: 1
--- stdout:

--- stderr:
Traceback (most recent call last):
  File &quot;&lt;string&gt;&quot;, line 14, in &lt;module&gt;
  File &quot;/home/mayank/.cache/uv/.tmpchWICp/.venv/lib/python3.11/site-packages/setuptools/build_meta.py&quot;, line 325, in get_requires_for_build_wheel
    return self._get_build_requires(config_settings, requirements=['wheel'])
           ^^^^^^^^^^^^^^^^^^^^^^^^^^^^^^^^^^^^^^^^^^^^^^^^^^^^^^^^^^^^^^^^^
  File &quot;/home/mayank/.cache/uv/.tmpchWICp/.venv/lib/python3.11/site-packages/setuptools/build_meta.py&quot;, line 295, in _get_build_requires
    self.run_setup()
  File &quot;/home/mayank/.cache/uv/.tmpchWICp/.venv/lib/python3.11/site-packages/setuptools/build_meta.py&quot;, line 487, in run_setup
    super().run_setup(setup_script=setup_script)
  File &quot;/home/mayank/.cache/uv/.tmpchWICp/.venv/lib/python3.11/site-packages/setuptools/build_meta.py&quot;, line 311, in run_setup
    exec(code, locals())
  File &quot;&lt;string&gt;&quot;, line 5, in &lt;module&gt;
ModuleNotFoundError: No module named 'Cython'
---

</code></pre>
<p>The similar situation using venv and pip normally</p>
<pre><code>❯ python -m venv venv
❯ source venv/bin/activate
❯ pip install wheel cython
Collecting wheel
  Using cached wheel-0.43.0-py3-none-any.whl.metadata (2.2 kB)
Collecting cython
  Using cached Cython-3.0.10-cp311-cp311-manylinux_2_17_x86_64.manylinux2014_x86_64.whl.metadata (3.2 kB)
Using cached wheel-0.43.0-py3-none-any.whl (65 kB)
Using cached Cython-3.0.10-cp311-cp311-manylinux_2_17_x86_64.manylinux2014_x86_64.whl (3.6 MB)
Installing collected packages: wheel, cython
Successfully installed cython-3.0.10 wheel-0.43.0
❯ pip install youtokentome
Collecting youtokentome
  Using cached youtokentome-1.0.6-cp311-cp311-linux_x86_64.whl
Collecting Click&gt;=7.0 (from youtokentome)
  Using cached click-8.1.7-py3-none-any.whl.metadata (3.0 kB)
Using cached click-8.1.7-py3-none-any.whl (97 kB)
Installing collected packages: Click, youtokentome
Successfully installed Click-8.1.7 youtokentome-1.0.6
</code></pre>
<p>Other info:
OS: Arch (linux-lts 6.6.25-1-lts)
UV version: uv 0.1.29</p>
</div>
        </div>
        <div class="timeline-entry">
            <div class="timeline-header">Comment by <a href="https://github.com/charliermarsh">@charliermarsh</a> on 2024-04-10 13:48</div>
            <div class="timeline-body"><p>Can you retry with <code>--no-build-isolation</code>? E.g., <code> uv pip install youtokentome --no-build-isolation</code> (after installing Cython in your environment).</p>
</div>
        </div>
        <div class="timeline-entry">
            <div class="timeline-header">Comment by <a href="https://github.com/charliermarsh">@charliermarsh</a> on 2024-04-10 13:49</div>
            <div class="timeline-body"><p><code>pip</code> also fails with this package under <code>--use-pep517</code>, which will eventually be the default, so it's a problem with the package unfortunately:</p>
<pre><code>❯ pip install youtokentome --use-pep517
Collecting youtokentome
  Downloading youtokentome-1.0.6.tar.gz (86 kB)
     ━━━━━━━━━━━━━━━━━━━━━━━━━━━━━━━━━━━━━━━━ 86.7/86.7 kB 3.5 MB/s eta 0:00:00
  Installing build dependencies ... done
  Getting requirements to build wheel ... error
  error: subprocess-exited-with-error

  × Getting requirements to build wheel did not run successfully.
  │ exit code: 1
  ╰─&gt; [20 lines of output]
      Traceback (most recent call last):
        File &quot;/Users/crmarsh/.local/share/rtx/installs/python/3.12.2/lib/python3.12/site-packages/pip/_vendor/pyproject_hooks/_in_process/_in_process.py&quot;, line 353, in &lt;module&gt;
          main()
        File &quot;/Users/crmarsh/.local/share/rtx/installs/python/3.12.2/lib/python3.12/site-packages/pip/_vendor/pyproject_hooks/_in_process/_in_process.py&quot;, line 335, in main
          json_out['return_val'] = hook(**hook_input['kwargs'])
                                   ^^^^^^^^^^^^^^^^^^^^^^^^^^^^
        File &quot;/Users/crmarsh/.local/share/rtx/installs/python/3.12.2/lib/python3.12/site-packages/pip/_vendor/pyproject_hooks/_in_process/_in_process.py&quot;, line 118, in get_requires_for_build_wheel
          return hook(config_settings)
                 ^^^^^^^^^^^^^^^^^^^^^
        File &quot;/private/var/folders/nt/6gf2v7_s3k13zq_t3944rwz40000gn/T/pip-build-env-xop9lly4/overlay/lib/python3.12/site-packages/setuptools/build_meta.py&quot;, line 325, in get_requires_for_build_wheel
          return self._get_build_requires(config_settings, requirements=['wheel'])
                 ^^^^^^^^^^^^^^^^^^^^^^^^^^^^^^^^^^^^^^^^^^^^^^^^^^^^^^^^^^^^^^^^^
        File &quot;/private/var/folders/nt/6gf2v7_s3k13zq_t3944rwz40000gn/T/pip-build-env-xop9lly4/overlay/lib/python3.12/site-packages/setuptools/build_meta.py&quot;, line 295, in _get_build_requires
          self.run_setup()
        File &quot;/private/var/folders/nt/6gf2v7_s3k13zq_t3944rwz40000gn/T/pip-build-env-xop9lly4/overlay/lib/python3.12/site-packages/setuptools/build_meta.py&quot;, line 487, in run_setup
          super().run_setup(setup_script=setup_script)
        File &quot;/private/var/folders/nt/6gf2v7_s3k13zq_t3944rwz40000gn/T/pip-build-env-xop9lly4/overlay/lib/python3.12/site-packages/setuptools/build_meta.py&quot;, line 311, in run_setup
          exec(code, locals())
        File &quot;&lt;string&gt;&quot;, line 5, in &lt;module&gt;
      ModuleNotFoundError: No module named 'Cython'
      [end of output]

  note: This error originates from a subprocess, and is likely not a problem with pip.
error: subprocess-exited-with-error

× Getting requirements to build wheel did not run successfully.
│ exit code: 1
╰─&gt; See above for output.

note: This error originates from a subprocess, and is likely not a problem with pip.
</code></pre>
</div>
        </div>
        <div class="timeline-entry">
            <div class="event">Label <span class="label">question</span> added by @charliermarsh on 2024-04-10 13:50</div>
        </div>
        <div class="timeline-entry">
            <div class="timeline-header">Comment by <a href="https://github.com/charliermarsh">@charliermarsh</a> on 2024-04-10 13:51</div>
            <div class="timeline-body"><p>Added it to the list of broken packages: https://github.com/astral-sh/uv/issues/2252</p>
</div>
        </div>
        <div class="timeline-entry">
            <div class="event">Closed by @charliermarsh on 2024-04-10 13:51</div>
        </div>
    </div>

    <footer>
        Synced at 2026-01-09 23:34:57 UTC
    </footer>
</body>
</html>
