<!DOCTYPE html>
<html lang="en">
<head>
    <meta charset="UTF-8">
    <meta name="viewport" content="width=device-width, initial-scale=1.0">
    <title>Improve message when distutil is not available on legacy python.  - astral-sh/uv #4204</title>
    <link rel="stylesheet" href="../../../style.css">
</head>
<body>
    <div class="back-link">
        <a href="../../../index.html">Back to index</a>
    </div>

    <h1>Improve message when distutil is not available on legacy python. </h1>

    <div class="meta">
        <span class="state state-closed">Closed</span>
        <a href="https://github.com/astral-sh/uv/issues/4204">#4204</a>
        opened by <a href="https://github.com/mgaitan">@mgaitan</a>
        on 2024-06-10 16:37
    </div>

    <div class="timeline">
        <div class="timeline-entry">
            <div class="timeline-header">Issue opened by <a href="https://github.com/mgaitan">@mgaitan</a> on 2024-06-10 16:37</div>
            <div class="timeline-body"><p>I use a local venv in python3.10 but compile requirements for python 3.8 (requirements used for dockerized apps) . I have both versions (along the default python 3.12) installed.</p>
<p>Even when I have no my 3.10 venv active uv reports the following</p>
<p><code>warning: The requested Python version 3.8 is not available. 3.10.14 will be used</code> . But if I run <code>python3.8</code> it works.</p>
<pre><code>tin@morocha:~/lab/Project-API$ make dependencies 
UV_CUSTOM_COMPILE_COMMAND=&quot;make dependencies&quot; uv pip compile --python-version 3.8 --generate-hashes --output-file app/requirements/requirements-dev.txt app/requirements/requirements-dev.in
warning: The requested Python version 3.8 is not available; 3.10.14 will be used to build dependencies instead.
‚†ô aiohttp==3.9.5                                                                                                                                                                              ^Cmake: *** [Makefile:17: app/requirements/requirements-dev.txt] Interrupci√≥n

tin@morocha:~/lab/Project-API$ python3.8
Python 3.8.19 (default, Apr 27 2024, 21:20:48) 
[GCC 13.2.0] on linux
Type &quot;help&quot;, &quot;copyright&quot;, &quot;credits&quot; or &quot;license&quot; for more information.
&gt;&gt;&gt; 
tin@morocha:~/lab/Project-API$ which python3.8
/usr/bin/python3.8
tin@morocha:~/lab/Project-API$ python
Python 3.12.3 (main, Apr 10 2024, 05:33:47) [GCC 13.2.0] on linux
Type &quot;help&quot;, &quot;copyright&quot;, &quot;credits&quot; or &quot;license&quot; for more information.
&gt;&gt;&gt; 
tin@morocha:~/lab/Project-API$ which python3.10
/usr/bin/python3.10
tin@morocha:~/lab/Project-API$ python3.10
Python 3.10.14 (main, Apr 27 2024, 21:17:55) [GCC 13.2.0] on linux
Type &quot;help&quot;, &quot;copyright&quot;, &quot;credits&quot; or &quot;license&quot; for more information.
&gt;&gt;&gt; 
</code></pre>
<p>Debugging with <code>--verbose</code> I found the cause</p>
<pre><code>DEBUG Starting interpreter discovery for Python 3.8
DEBUG Looking for exact match for request Python 3.8
DEBUG Searching for Python 3.8 in all sources
DEBUG Found CPython 3.10.14 at `/home/tin/lab/Project-API/.venv/bin/python3` (virtual environment)
DEBUG Querying Python at `/usr/bin/python3.8` failed with exit status exit status: 1
--- stdout:

--- stderr:
Traceback (most recent call last):
  File &quot;&lt;string&gt;&quot;, line 1, in &lt;module&gt;
  File &quot;/home/tin/.cache/uv/.tmpy3nPfq/python/get_interpreter_info.py&quot;, line 555, in main
    &quot;scheme&quot;: get_scheme(),
  File &quot;/home/tin/.cache/uv/.tmpy3nPfq/python/get_interpreter_info.py&quot;, line 415, in get_scheme
    return get_distutils_scheme()
  File &quot;/home/tin/.cache/uv/.tmpy3nPfq/python/get_interpreter_info.py&quot;, line 357, in get_distutils_scheme
    from distutils.dist import Distribution
ModuleNotFoundError: No module named 'distutils.dist'
---
DEBUG Found CPython 3.12.3 at `/usr/bin/python3` (search path)
DEBUG Found CPython 3.12.3 at `/usr/bin/python` (search path)
DEBUG Querying Python at `/bin/python3.8` failed with exit status exit status: 1
--- stdout:
</code></pre>
<p>so after installing  <code>sudo apt install python3.8-distutils</code> it works.</p>
<p>The error message could be clearer and indicate the exact issue, such as the missing distutils module, to help users resolve the problem more efficiently.</p>
</div>
        </div>
        <div class="timeline-entry">
            <div class="event">Label <span class="label">error messages</span> added by @zanieb on 2024-06-10 16:38</div>
        </div>
        <div class="timeline-entry">
            <div class="event">Label <span class="label">tracing</span> added by @zanieb on 2024-06-10 16:39</div>
        </div>
        <div class="timeline-entry">
            <div class="timeline-header">Comment by <a href="https://github.com/zanieb">@zanieb</a> on 2024-06-10 16:40</div>
            <div class="timeline-body"><p>Thanks for the report. It should be relatively straight-forward to add a try/except with a better message in <code>get_interpreter_info</code> if someone is interested.</p>
</div>
        </div>
        <div class="timeline-entry">
            <div class="timeline-header">Comment by <a href="https://github.com/mgaitan">@mgaitan</a> on 2024-09-12 02:44</div>
            <div class="timeline-body"><p>is this fixed in https://github.com/astral-sh/uv/pull/7239 ?</p>
</div>
        </div>
        <div class="timeline-entry">
            <div class="timeline-header">Comment by <a href="https://github.com/acarapetis">@acarapetis</a> on 2024-11-11 03:47</div>
            <div class="timeline-body"><blockquote>
<p>is this fixed in #7239 ?</p>
</blockquote>
<p>Nope, ran into this today with uv 0.5.1.</p>
</div>
        </div>
        <div class="timeline-entry">
            <div class="event">Label <span class="label">help wanted</span> added by @zanieb on 2024-11-11 15:08</div>
        </div>
        <div class="timeline-entry">
            <div class="timeline-header">Comment by <a href="https://github.com/KyeRussell">@KyeRussell</a> on 2025-01-17 01:59</div>
            <div class="timeline-body"><p>Hi. Just wanted to note that I've also hit this (on current latest <code>uv</code>: <code>0.5.20</code>). I don't mean to uselessly &quot;+1!&quot; üòÅ. I thought that it'd be worth noting my experience, both for prioritisation purposes and to hopefully help anyone else.</p>
<ul>
<li>I'm a seasoned Python developer (but evidently not one that does enough monkeying around with internals!), and I had little to no idea what was going on here.</li>
<li>Google didn't help very much. I only ended up here after sifting through uv's GH issues.</li>
</ul>
<p>I ran into this when 'moving' from Ubuntu (server) 20.04 to 24.04. To be clear, I mean a fresh install (well, really, changing my <code>Dockerfile</code>'s <code>FROM</code>). Not an actual system 'upgrade'!</p>
<p>In both cases, I'm using Python 3.9 (via the 'deadsnakes' PPA). <code>uv</code>'s Python binaries aren't suitable for our purposes.</p>
<ul>
<li>On Ubuntu 20.04, I can <em>just</em> install the <code>python3.9</code> package, install <code>uv</code>, and set up a new environment pointing at my installed <code>python3.9</code> binary.</li>
<li>On Ubuntu 24.04, I <em>also</em> need to install the <code>python3.9-distutils</code> package. If I don't do so, I get the aforementioned very cryptic error implying that the interpreter (whose path I explicitly provide) doesn't actually exist.</li>
</ul>
<p>This is all easily reproducible in a fresh Ubuntu Server 24.04 installation, FWIW.</p>
</div>
        </div>
        <div class="timeline-entry">
            <div class="timeline-header">Comment by <a href="https://github.com/zanieb">@zanieb</a> on 2025-01-17 04:01</div>
            <div class="timeline-body"><p>I can look into adding better messaging here.</p>
<p>I don't really understand why the Python distributions aren't coming with distutils though? It was only removed from the Python standard library in 3.12, why is it missing from older Python versions here? Are the distributions stripping it from the standard library, or am I misunderstanding?</p>
<p>A brief Dockerfile reproduction would be helpful.</p>
</div>
        </div>
        <div class="timeline-entry">
            <div class="event">Assigned to @zanieb by @zanieb on 2025-01-17 04:01</div>
        </div>
        <div class="timeline-entry">
            <div class="timeline-header">Comment by <a href="https://github.com/zanieb">@zanieb</a> on 2025-01-17 05:08</div>
            <div class="timeline-body"><p>This seems like some bespoke deadsnakes packaging. I tried to reproduce but I can't seem to configure deadsnakes. If someone procures a containerized reproduction, I'll fix it.</p>
</div>
        </div>
        <div class="timeline-entry">
            <div class="timeline-header">Comment by <a href="https://github.com/KyeRussell">@KyeRussell</a> on 2025-01-17 05:08</div>
            <div class="timeline-body"><p>Working on it now :)</p>
</div>
        </div>
        <div class="timeline-entry">
            <div class="timeline-header">Comment by <a href="https://github.com/KyeRussell">@KyeRussell</a> on 2025-01-17 05:33</div>
            <div class="timeline-body"><p>Heh, OK. So, it's a little different to what I thought / described.</p>
<p>When I previously isolated this, I showed the issue occurring in Ubuntu 24.04 + deadsnakes' <code>python3.9</code>.</p>
<p>This <em>is</em> true, but it <em>also</em> happens in Ubuntu 20.04 + deadsnakes' <code>python3.9</code>. It didn't affect me until now as I was unknowingly installing the <a href="https://launchpad.net/ubuntu/focal/+package/python3-distutils"><code>python3-distutils</code> Ubuntu package</a> (<em>not</em> a deadsnakes package) as a transient dependency of something else I had installed. In 24.04, I'm no longer installing this package. In fact, it seems to not be available for Ubuntu 24.04 at all. Ubuntu 24.04's system Python is 3.12.</p>
<p>So, seemingly, <code>python3-distutils</code> was available to uv / deadsnakes' Python 3.9, which is why I never saw this earlier. Which...seems a little scary. I don't know. I really know next to nothing about how Python is typically packaged.</p>
<p>Anyway, I've created a reproduction repository here: https://github.com/KyeRussell/uv-4204-reproduction. it contains:</p>
<ul>
<li>A series of Dockerfiles showing working and not-working scenarios for both Ubuntu 20.04 and 24.04.</li>
<li>An <a href="https://github.com/KyeRussell/uv-4204-reproduction/actions">operational GitHub Actions workflow</a> that tries to build each Dockerfile.</li>
</ul>
</div>
        </div>
        <div class="timeline-entry">
            <div class="timeline-header">Comment by <a href="https://github.com/zanieb">@zanieb</a> on 2025-01-17 05:43</div>
            <div class="timeline-body"><p>Thank you!</p>
<p>I need to figure out if we <em>should</em> be failing or if we should just switchover to sysconfig when distutils is not installed.</p>
</div>
        </div>
        <div class="timeline-entry">
            <div class="event">Referenced in <a href="../pulls/10713.html">astral-sh/uv#10713</a> on 2025-01-17 15:53</div>
        </div>
        <div class="timeline-entry">
            <div class="timeline-header">Comment by <a href="https://github.com/RomainBrault">@RomainBrault</a> on 2025-01-21 15:05</div>
            <div class="timeline-body"><p>This one broke my project.</p>
<p>I a following pep 639. But when I'm using Python 3.9, setuptools/distutils cannot parse my pyproject.toml:</p>
<pre><code class="language-bash">‚ùØ uv sync
error: Querying Python at `/home/XXX/.local/share/uv/python/cpython-3.9.21-linux-x86_64-gnu/bin/python3.9` failed with exit status exit status: 1
--- stdout:

--- stderr:
Traceback (most recent call last):
  File &quot;&lt;string&gt;&quot;, line 1, in &lt;module&gt;
  File &quot;/home/XXX/.cache/uv/.tmpXXX/python/get_interpreter_info.py&quot;, line 609, in main
    &quot;scheme&quot;: get_scheme(use_sysconfig_scheme),
  File &quot;/home/XXX/.cache/uv/.tmpXXX/python/get_interpreter_info.py&quot;, line 407, in get_scheme
    return get_distutils_scheme()
  File &quot;/home/XXX/.cache/uv/.tmpXXX/python/get_interpreter_info.py&quot;, line 363, in get_distutils_scheme
    d.parse_config_files()
  File &quot;/home/XXX/.local/share/uv/python/cpython-3.9.21-linux-x86_64-gnu/lib/python3.9/site-packages/setuptools/dist.py&quot;, line 648, in parse_config_files
    pyprojecttoml.apply_configuration(self, filename, ignore_option_errors)
  File &quot;/home/XXX/.local/share/uv/python/cpython-3.9.21-linux-x86_64-gnu/lib/python3.9/site-packages/setuptools/config/pyprojecttoml.py&quot;, line 72, in apply_configuration
    config = read_configuration(filepath, True, ignore_option_errors, dist)
  File &quot;/home/XXX/.local/share/uv/python/cpython-3.9.21-linux-x86_64-gnu/lib/python3.9/site-packages/setuptools/config/pyprojecttoml.py&quot;, line 140, in read_configuration
    validate(subset, filepath)
  File &quot;/home/XXX/.local/share/uv/python/cpython-3.9.21-linux-x86_64-gnu/lib/python3.9/site-packages/setuptools/config/pyprojecttoml.py&quot;, line 61, in validate
    raise ValueError(f&quot;{error}\n{summary}&quot;) from None
ValueError: invalid pyproject.toml config: `project.license`.
configuration error: `project.license` must be valid exactly by one definition (2 matches found):

    - keys:
        'file': {type: string}
      required: ['file']
    - keys:
        'text': {type: string}
      required: ['text']
---
</code></pre>
<p>this has some strange side effects, I cannot even list or find python 3.9 (even though it was installed with uv).</p>
<pre><code class="language-bash">‚ùå2 ‚ùØ uv python find --verbose
DEBUG uv 0.5.21 (54bb5a38a 2025-01-21)
DEBUG Found project root: `/home/XXX/XXX/XXX/XXX`
DEBUG No workspace root found, using project root
DEBUG Reading Python requests from version file at `/home/XXX/XXX/XXX/XXX/.python-versions`
DEBUG Using Python request `3.9` from version file at `.python-versions`
DEBUG Searching for Python 3.9 in virtual environments, managed installations, or search path
DEBUG Found `cpython-3.10.16-linux-x86_64-gnu` at `/home/XXX/XXX/XXX/XXX/.venv/bin/python3` (virtual environment)
DEBUG Skipping interpreter at `.venv/bin/python3` from virtual environment: does not satisfy request `3.9`
DEBUG Searching for managed installations at `/home/XXX/.local/share/uv/python`
DEBUG Skipping incompatible managed installation `cpython-3.14.0a4-linux-x86_64-gnu`
DEBUG Skipping incompatible managed installation `cpython-3.13.1-linux-x86_64-gnu`
DEBUG Skipping incompatible managed installation `cpython-3.12.8-linux-x86_64-gnu`
DEBUG Skipping incompatible managed installation `cpython-3.11.11-linux-x86_64-gnu`
DEBUG Skipping incompatible managed installation `cpython-3.10.16-linux-x86_64-gnu`
DEBUG Found managed installation `cpython-3.9.21-linux-x86_64-gnu`
DEBUG Failed to inspect Python interpreter from managed installations at `/home/XXX/.local/share/uv/python/cpython-3.9.21-linux-x86_64-gnu/bin/python3.9`
DEBUG Skipping bad interpreter at /home/XXX/.local/share/uv/python/cpython-3.9.21-linux-x86_64-gnu/bin/python3.9 from managed installations: Querying Python at `/home/XXX/.local/share/uv/python/cpython-3.9.21-linux-x86_64-gnu/bin/python3.9` failed with exit status exit status: 1
--- stdout:

--- stderr:
Traceback (most recent call last):
  File &quot;&lt;string&gt;&quot;, line 1, in &lt;module&gt;
  File &quot;/home/XXX/.cache/uv/.tmpXXX/python/get_interpreter_info.py&quot;, line 609, in main
    &quot;scheme&quot;: get_scheme(use_sysconfig_scheme),
  File &quot;/home/XXX/.cache/uv/.tmpXXX/python/get_interpreter_info.py&quot;, line 407, in get_scheme
    return get_distutils_scheme()
  File &quot;/home/XXX/.cache/uv/.tmpXXX/python/get_interpreter_info.py&quot;, line 363, in get_distutils_scheme
    d.parse_config_files()
  File &quot;/home/XXX/.local/share/uv/python/cpython-3.9.21-linux-x86_64-gnu/lib/python3.9/site-packages/setuptools/dist.py&quot;, line 648, in parse_config_files
    pyprojecttoml.apply_configuration(self, filename, ignore_option_errors)
  File &quot;/home/XXX/.local/share/uv/python/cpython-3.9.21-linux-x86_64-gnu/lib/python3.9/site-packages/setuptools/config/pyprojecttoml.py&quot;, line 72, in apply_configuration
    config = read_configuration(filepath, True, ignore_option_errors, dist)
  File &quot;/home/XXX/.local/share/uv/python/cpython-3.9.21-linux-x86_64-gnu/lib/python3.9/site-packages/setuptools/config/pyprojecttoml.py&quot;, line 140, in read_configuration
    validate(subset, filepath)
  File &quot;/home/XXX/.local/share/uv/python/cpython-3.9.21-linux-x86_64-gnu/lib/python3.9/site-packages/setuptools/config/pyprojecttoml.py&quot;, line 61, in validate
    raise ValueError(f&quot;{error}\n{summary}&quot;) from None
ValueError: invalid pyproject.toml config: `project.license`.
configuration error: `project.license` must be valid exactly by one definition (2 matches found):

    - keys:
        'file': {type: string}
      required: ['file']
    - keys:
        'text': {type: string}
      required: ['text']
---
DEBUG Found `cpython-3.12.7-linux-x86_64-gnu` at `/usr/bin/python3` (search path)
DEBUG Skipping interpreter at `/usr/bin/python3` from search path: does not satisfy request `3.9`
DEBUG Found `cpython-3.12.7-linux-x86_64-gnu` at `/usr/bin/python` (search path)
DEBUG Skipping interpreter at `/usr/bin/python` from search path: does not satisfy request `3.9`
DEBUG Found `cpython-3.12.7-linux-x86_64-gnu` at `/bin/python3` (search path)
DEBUG Skipping interpreter at `/bin/python3` from search path: does not satisfy request `3.9`
DEBUG Found `cpython-3.12.7-linux-x86_64-gnu` at `/bin/python` (search path)
DEBUG Skipping interpreter at `/bin/python` from search path: does not satisfy request `3.9`
error: No interpreter found for Python 3.9 in virtual environments, managed installations, or search path
</code></pre>
<p>I cannot create a venv using <code>uv venv</code> from my project either.</p>
<p>There's no problem with Python &gt;= 3.10.</p>
<p>Everything was fine before this PR (#10713).</p>
</div>
        </div>
        <div class="timeline-entry">
            <div class="timeline-header">Comment by <a href="https://github.com/zanieb">@zanieb</a> on 2025-01-21 15:37</div>
            <div class="timeline-body"><p>@RomainBrault I'm not sure how this could have changed from that pull request.</p>
</div>
        </div>
        <div class="timeline-entry">
            <div class="timeline-header">Comment by <a href="https://github.com/charliermarsh">@charliermarsh</a> on 2025-01-21 15:59</div>
            <div class="timeline-body"><p>@zanieb -- I think that's real failure. The codepath that you moved the import out of has to disable the setuptools shim.</p>
</div>
        </div>
        <div class="timeline-entry">
            <div class="timeline-header">Comment by <a href="https://github.com/zanieb">@zanieb</a> on 2025-01-21 16:01</div>
            <div class="timeline-body"><p>Oh interesting, that makes sense. I'll see what I can do.</p>
</div>
        </div>
        <div class="timeline-entry">
            <div class="timeline-header">Comment by <a href="https://github.com/RomainBrault">@RomainBrault</a> on 2025-01-21 16:26</div>
            <div class="timeline-body"><p>I'm not sure I understand everything, I inferred it from the logs. Here's some more evidence.</p>
<pre><code class="language-bash">‚ùå2 ‚ùØ TMPDIR=~/XXX cargo install --quiet --git https://github.com/astral-sh/uv.git --rev=4f31b44eac746f030a8569482554898aa01afc62 uv
XXX on ÓÇ† main [!] via üêç v3.12.7 took 7m54s
‚ùØ uv sync
error: Querying Python at `/home/XXX/XXX/XXX/XXX/.venv/bin/python3` failed with exit status exit status: 1
--- stdout:

--- stderr:
Traceback (most recent call last):
  File &quot;&lt;string&gt;&quot;, line 1, in &lt;module&gt;
  File &quot;/home/XXX/.cache/uv/.tmpXXX/python/get_interpreter_info.py&quot;, line 609, in main
    &quot;scheme&quot;: get_scheme(use_sysconfig_scheme),
  File &quot;/home/XXX/.cache/uv/.tmpXXX/python/get_interpreter_info.py&quot;, line 407, in get_scheme
    return get_distutils_scheme()
  File &quot;/home/XXX/.cache/uv/.tmpXXX/python/get_interpreter_info.py&quot;, line 363, in get_distutils_scheme
    d.parse_config_files()
  File &quot;/home/XXX/XXX/XXX/XXX/.venv/lib/python3.9/site-packages/_virtualenv.py&quot;, line 20, in parse_config_files
    result = old_parse_config_files(self, *args, **kwargs)
  File &quot;/home/XXX/XXX/XXX/XXX/.venv/lib/python3.9/site-packages/setuptools/dist.py&quot;, line 652, in parse_config_files
    pyprojecttoml.apply_configuration(self, filename, ignore_option_errors)
  File &quot;/home/XXX/XXX/XXX/XXX/.venv/lib/python3.9/site-packages/setuptools/config/pyprojecttoml.py&quot;, line 72, in apply_configuration
    config = read_configuration(filepath, True, ignore_option_errors, dist)
  File &quot;/home/XXX/XXX/XXX/XXX/.venv/lib/python3.9/site-packages/setuptools/config/pyprojecttoml.py&quot;, line 140, in read_configuration
    validate(subset, filepath)
  File &quot;/home/XXX/XXX/XXX/XXX/.venv/lib/python3.9/site-packages/setuptools/config/pyprojecttoml.py&quot;, line 61, in validate
    raise ValueError(f&quot;{error}\n{summary}&quot;) from None
ValueError: invalid pyproject.toml config: `project.license`.
configuration error: `project.license` must be valid exactly by one definition (2 matches found):

    - keys:
        'file': {type: string}
      required: ['file']
    - keys:
        'text': {type: string}
      required: ['text']
---
XXX on ÓÇ† main [!] via üêç v3.12.7
‚ùå2 ‚ùØ TMPDIR=~/XXX cargo install --quiet --git https://github.com/astral-sh/uv.git --rev=8b6383ebe85eddaf888b70a9146fa75548d7eb82 uv
XXX on ÓÇ† main [!] via üêç v3.12.7 took 7m55s
‚ùØ uv sync
Resolved 138 packages in 2ms
Audited 133 packages in 0.38ms
XXX on ÓÇ† main [!] via üêç v3.12.7
‚ùØ
</code></pre>
</div>
        </div>
        <div class="timeline-entry">
            <div class="event">Referenced in <a href="../pulls/10819.html">astral-sh/uv#10819</a> on 2025-01-21 17:31</div>
        </div>
        <div class="timeline-entry">
            <div class="timeline-header">Comment by <a href="https://github.com/zanieb">@zanieb</a> on 2025-01-21 18:53</div>
            <div class="timeline-body"><p>Thanks @RomainBrault ! That should be resolved in #10819 ‚Äî I can't reproduce to confirm.</p>
<p>@KyeRussell the error message should be visible once https://github.com/astral-sh/uv/pull/10716 is merged.</p>
</div>
        </div>
        <div class="timeline-entry">
            <div class="event">Closed by @zanieb on 2025-01-21 18:53</div>
        </div>
        <div class="timeline-entry">
            <div class="timeline-header">Comment by <a href="https://github.com/dimaqq">@dimaqq</a> on 2025-02-19 06:25</div>
            <div class="timeline-body"><p>I wonder if I'm hitting the same issue or different.</p>
<p>I've added <code>license = &quot;MIT&quot;</code> in my fresh project, and I'm getting:</p>
<pre><code>ValueError: invalid pyproject.toml config: `project.license`.
configuration error: `project.license` must be valid exactly by one definition (2 matches found):

    - keys:
        'file': {type: string}
      required: ['file']
    - keys:
        'text': {type: string}
      required: ['text']

  √ó Failed to build `/code/otlp-json`
  ‚îú‚îÄ‚ñ∂ The build backend returned an error
  ‚ï∞‚îÄ‚ñ∂ Call to `setuptools.build_meta:__legacy__.build_sdist` failed (exit status: 1)
      hint: This usually indicates a problem with the package or the build environment.
</code></pre>
<p>I was trying to follow https://packaging.python.org/en/latest/guides/writing-pyproject-toml/</p>
<p>uv 0.6.1 (Homebrew 2025-02-17)</p>
</div>
        </div>
        <div class="timeline-entry">
            <div class="timeline-header">Comment by <a href="https://github.com/charliermarsh">@charliermarsh</a> on 2025-02-19 11:31</div>
            <div class="timeline-body"><p>(Just for clarity, that‚Äôs not a uv issue. That‚Äôs setuptools enforcing a certain schema on your project.)</p>
</div>
        </div>
        <div class="timeline-entry">
            <div class="timeline-header">Comment by <a href="https://github.com/dimaqq">@dimaqq</a> on 2025-02-19 23:38</div>
            <div class="timeline-body"><p>I figured as much, my uv project with maturin backend is not affected.</p>
<p>Is there perhaps some solution? Maybe a better backend for simple projects?</p>
</div>
        </div>
        <div class="timeline-entry">
            <div class="timeline-header">Comment by <a href="https://github.com/zanieb">@zanieb</a> on 2025-02-19 23:41</div>
            <div class="timeline-body"><p>We're working on it! #3957</p>
</div>
        </div>
    </div>

    <footer>
        Synced at 2026-01-09 23:34:58 UTC
    </footer>
</body>
</html>
