<!DOCTYPE html>
<html lang="en">
<head>
    <meta charset="UTF-8">
    <meta name="viewport" content="width=device-width, initial-scale=1.0">
    <title>Can't install wheel in working directory without specifying `./` - astral-sh/uv #6052</title>
    <link rel="stylesheet" href="../../style.css">
</head>
<body>
    <div class="back-link">
        <a href="../../index.html">Back to index</a>
    </div>

    <h1>Can't install wheel in working directory without specifying `./`</h1>

    <div class="meta">
        <span class="state state-closed">Closed</span>
        <a href="https://github.com/astral-sh/uv/issues/6052">#6052</a>
        opened by <a href="https://github.com/ilkersigirci">@ilkersigirci</a>
        on 2024-08-13 00:26
    </div>

    <div class="timeline">
        <div class="timeline-entry">
            <div class="timeline-header">Issue opened by <a href="https://github.com/ilkersigirci">@ilkersigirci</a> on 2024-08-13 00:26</div>
            <div class="timeline-body"><ul>
<li>I want to use  <code>uv</code> inside docker to install wheel packages. Unfortunately it doesn't work and gives following error</li>
</ul>
<pre><code>No solution found when resolving dependencies:
  ‚ï∞‚îÄ‚ñ∂ Because python-dotenv-1-0-1-py3-none-any-whl was not found in the package registry and you require
    python-dotenv-1-0-1-py3-none-any-whl, we can conclude that the requirements are unsatisfiable. 
</code></pre>
<ul>
<li><p>I have used python-dotenv wheel as an example. It doesn't work on any wheel files.</p>
</li>
<li><p>BTW, this behaviour is only inside Docker, outside the Docker, everything works as expected.</p>
</li>
<li><p>Example Dockerfile</p>
</li>
</ul>
<pre><code class="language-yaml">ARG PYTHON_VERSION=3.11
FROM python:${PYTHON_VERSION}-slim-bookworm as production

ENV \
    PYTHONDONTWRITEBYTECODE=1 \
    PYTHONUNBUFFERED=1 \
    PYTHONFAULTHANDLER=1 \
    PIP_ROOT_USER_ACTION=ignore \
    UV_SYSTEM_PYTHON=1 \
    UV_NO_CONFIG=1 \
    UV_NO_CACHE=1

WORKDIR /app

RUN \
    apt-get update -y \
    &amp;&amp; apt-get install -y --no-install-recommends \
    curl \
    &amp;&amp; apt-get clean \
    &amp;&amp; rm -rf /var/lib/apt/lists/* /var/cache/apt/archives

ADD --chmod=755 https://astral.sh/uv/install.sh /install.sh
RUN /install.sh &amp;&amp; rm /install.sh

ENV PATH=&quot;/root/.cargo/bin/:$PATH&quot;

RUN curl \
    https://files.pythonhosted.org/packages/6a/3e/b68c118422ec867fa7ab88444e1274aa40681c606d59ac27de5a5588f082/python_dotenv-1.0.1-py3-none-any.whl \
    --output python_dotenv-1.0.1-py3-none-any.whl


# NOTE: Gives error
RUN uv pip install python_dotenv-1.0.1-py3-none-any.whl
</code></pre>
</div>
        </div>
        <div class="timeline-entry">
            <div class="timeline-header">Comment by <a href="https://github.com/zanieb">@zanieb</a> on 2024-08-13 00:47</div>
            <div class="timeline-body"><p>Hi! I think you just need to disambiguate that it's a file path and not a package name, e.g. with <code>./python_dotenv-1.0.1-py3-none-any.whl</code>.</p>
<p>@charliermarsh I wonder if we should detect this automatically for names ending in <code>.whl</code>?</p>
</div>
        </div>
        <div class="timeline-entry">
            <div class="event">Label <span class="label">question</span> added by @zanieb on 2024-08-13 00:47</div>
        </div>
        <div class="timeline-entry">
            <div class="event">Label <span class="label">error messages</span> added by @zanieb on 2024-08-13 00:47</div>
        </div>
        <div class="timeline-entry">
            <div class="timeline-header">Comment by <a href="https://github.com/zanieb">@zanieb</a> on 2024-08-13 00:48</div>
            <div class="timeline-body"><p>I think we should also add a hint to resolver errors when the package is not found in the registry but the name exists in the working directory.</p>
</div>
        </div>
        <div class="timeline-entry">
            <div class="timeline-header">Comment by <a href="https://github.com/ilkersigirci">@ilkersigirci</a> on 2024-08-13 06:34</div>
            <div class="timeline-body"><blockquote>
<p>Hi! I think you just need to disambiguate that it's a file path and not a package name, e.g. with <code>./python_dotenv-1.0.1-py3-none-any.whl</code>.</p>
<p>@charliermarsh I wonder if we should detect this automatically for names ending in <code>.whl</code>?</p>
</blockquote>
<p>Thank you, this resolves the issue. I agree with you on the error message part. It would be nice if the error message can be more clear</p>
</div>
        </div>
        <div class="timeline-entry">
            <div class="event">Closed by @ilkersigirci on 2024-08-13 06:34</div>
        </div>
        <div class="timeline-entry">
            <div class="event">Reopened by @zanieb on 2024-08-13 19:00</div>
        </div>
        <div class="timeline-entry">
            <div class="timeline-header">Comment by <a href="https://github.com/zanieb">@zanieb</a> on 2024-08-13 19:00</div>
            <div class="timeline-body"><p>I'll leave this open until we know what we want to do for improvements.</p>
</div>
        </div>
        <div class="timeline-entry">
            <div class="event">Renamed from "Can't install wheel inside Docker" to "Can't install wheel in working directory without specifying `./`" by @zanieb on 2024-08-13 19:00</div>
        </div>
        <div class="timeline-entry">
            <div class="event">Referenced in <a href="../../python-trio/trio/pulls/2957.html">python-trio/trio#2957</a> on 2024-08-14 22:51</div>
        </div>
        <div class="timeline-entry">
            <div class="timeline-header">Comment by <a href="https://github.com/lexiconlp">@lexiconlp</a> on 2024-09-04 16:54</div>
            <div class="timeline-body"><blockquote>
<p>BTW, this behaviour is only inside Docker, outside the Docker, everything works as expected.</p>
</blockquote>
<p>I test in a Mac ( not in docker ) m1 and this fail ( I would like to know why and how to solve it )</p>
<pre><code class="language-shell">$ uv --version
$ uv init test-project --python 3.12
$ cd test-project 
$ uv add dotenv
üí• üí• 
</code></pre>
<p>All details here:</p>
<pre><code class="language-shell">$ uv --version
uv 0.4.3 (47f4ca24b 2024-09-02)
$ uv init test-project --python 3.12
Initialized project `test-project` at `/Users/my-user/Documents/test-project`
$ cd test-project 
$ uv add dotenv
Using Python 3.12.0 interpreter at: /opt/homebrew/opt/python@3.12/bin/python3.12
Creating virtualenv at: .venv
‚†∏ dotenv==0.0.5                                                                 error: Failed to download and build `dotenv==0.0.5`
  Caused by: Failed to install requirements from `build-system.requires` (resolve)
  Caused by: No solution found when resolving: setuptools&gt;=40.8.0, distribute
  Caused by: Failed to download and build `distribute==0.6.49`
  Caused by: Build backend failed to determine extra requires with `build_wheel()` with exit status: 1
--- stdout:

--- stderr:
Traceback (most recent call last):
  File &quot;&lt;string&gt;&quot;, line 14, in &lt;module&gt;
  File &quot;/Users/my-user/.cache/uv/builds-v0/.tmpzAmVk8/lib/python3.12/site-packages/setuptools/build_meta.py&quot;, line 332, in get_requires_for_build_wheel
    return self._get_build_requires(config_settings, requirements=[])
           ^^^^^^^^^^^^^^^^^^^^^^^^^^^^^^^^^^^^^^^^^^^^^^^^^^^^^^^^^^
  File &quot;/Users/my-user.cache/uv/builds-v0/.tmpzAmVk8/lib/python3.12/site-packages/setuptools/build_meta.py&quot;, line 302, in _get_build_requires
    self.run_setup()
  File &quot;/Users/my-user/.cache/uv/builds-v0/.tmpzAmVk8/lib/python3.12/site-packages/setuptools/build_meta.py&quot;, line 503, in run_setup
    super().run_setup(setup_script=setup_script)
  File &quot;/Users/my-user/.cache/uv/builds-v0/.tmpzAmVk8/lib/python3.12/site-packages/setuptools/build_meta.py&quot;, line 318, in run_setup
    exec(code, locals())
  File &quot;&lt;string&gt;&quot;, line 34, in &lt;module&gt;
AttributeError: module 'distutils.util' has no attribute 'run_2to3'
---

</code></pre>
</div>
        </div>
        <div class="timeline-entry">
            <div class="timeline-header">Comment by <a href="https://github.com/zanieb">@zanieb</a> on 2024-09-04 16:59</div>
            <div class="timeline-body"><p>@lexiconlp I think you're looking for <code>uv add python-dotenv</code>.</p>
</div>
        </div>
        <div class="timeline-entry">
            <div class="event">Referenced in <a href="../issues/7035.html">astral-sh/uv#7035</a> on 2024-09-04 17:00</div>
        </div>
        <div class="timeline-entry">
            <div class="timeline-header">Comment by <a href="https://github.com/nibbledeez">@nibbledeez</a> on 2024-09-06 15:35</div>
            <div class="timeline-body"><p>@zanieb - I also get the same issue on Ubutnu 22.04 with python-dotenv:</p>
<p>‚ùØ uv add python-dotenv
‚†π distribute==0.6.49                                                                                                                                                                                                                        error: Failed to download and build <code>distribute==0.6.49</code>
Caused by: Build backend failed to determine extra requires with <code>build_wheel()</code> with exit status: 1
--- stdout:</p>
<p>--- stderr:
Traceback (most recent call last):
File &quot;<string>&quot;, line 14, in <module>
File &quot;/home/my-user/.cache/uv/builds-v0/.tmpLivn31/lib/python3.12/site-packages/setuptools/build_meta.py&quot;, line 332, in get_requires_for_build_wheel
return self._get_build_requires(config_settings, requirements=[])
^^^^^^^^^^^^^^^^^^^^^^^^^^^^^^^^^^^^^^^^^^^^^^^^^^^^^^^^^^
File &quot;/home/my-user/.cache/uv/builds-v0/.tmpLivn31/lib/python3.12/site-packages/setuptools/build_meta.py&quot;, line 302, in _get_build_requires
self.run_setup()
File &quot;/home/my-user/.cache/uv/builds-v0/.tmpLivn31/lib/python3.12/site-packages/setuptools/build_meta.py&quot;, line 503, in run_setup
super().run_setup(setup_script=setup_script)
File &quot;/home/my-user/.cache/uv/builds-v0/.tmpLivn31/lib/python3.12/site-packages/setuptools/build_meta.py&quot;, line 318, in run_setup
exec(code, locals())
File &quot;<string>&quot;, line 34, in <module>
AttributeError: module 'distutils.util' has no attribute 'run_2to3'</p>
</div>
        </div>
        <div class="timeline-entry">
            <div class="timeline-header">Comment by <a href="https://github.com/charliermarsh">@charliermarsh</a> on 2024-09-06 15:36</div>
            <div class="timeline-body"><p>That looks like a legitimate error with the package itself?</p>
</div>
        </div>
        <div class="timeline-entry">
            <div class="timeline-header">Comment by <a href="https://github.com/nibbledeez">@nibbledeez</a> on 2024-09-06 15:40</div>
            <div class="timeline-body"><p>Perhaps the issue is 'dependency' as I get the same with bs4 as below. Both bs4 and python-dotenv install fine using pip and the same env.</p>
<p>‚ùØ uv add bs4
‚†π distribute==0.6.49                                                                                                                                                                                                                        error: Failed to download and build <code>distribute==0.6.49</code>
Caused by: Build backend failed to determine extra requires with <code>build_wheel()</code> with exit status: 1
--- stdout:</p>
<p>--- stderr:
Traceback (most recent call last):
File &quot;<string>&quot;, line 14, in <module>
File &quot;/home/my-user/.cache/uv/builds-v0/.tmpI7wM21/lib/python3.12/site-packages/setuptools/build_meta.py&quot;, line 332, in get_requires_for_build_wheel
return self._get_build_requires(config_settings, requirements=[])
^^^^^^^^^^^^^^^^^^^^^^^^^^^^^^^^^^^^^^^^^^^^^^^^^^^^^^^^^^
File &quot;/home/my-user/.cache/uv/builds-v0/.tmpI7wM21/lib/python3.12/site-packages/setuptools/build_meta.py&quot;, line 302, in _get_build_requires
self.run_setup()
File &quot;/home/my-user/.cache/uv/builds-v0/.tmpI7wM21/lib/python3.12/site-packages/setuptools/build_meta.py&quot;, line 503, in run_setup
super().run_setup(setup_script=setup_script)
File &quot;/home/my-user/.cache/uv/builds-v0/.tmpI7wM21/lib/python3.12/site-packages/setuptools/build_meta.py&quot;, line 318, in run_setup
exec(code, locals())
File &quot;<string>&quot;, line 34, in <module>
AttributeError: module 'distutils.util' has no attribute 'run_2to3'</p>
</div>
        </div>
        <div class="timeline-entry">
            <div class="timeline-header">Comment by <a href="https://github.com/notatallshaw">@notatallshaw</a> on 2024-09-06 15:49</div>
            <div class="timeline-body"><p>Yeah, I wouldn't expect <code>distribute</code> to work with modern package requirements, it's very old: https://pypi.org/project/distribute/#history</p>
<p>Where is distribute coming from? It shouldn't be a dependency of any modern package. It's project description is &quot;Distribute - legacy package. This package is a simple compatibility layer that installs Setuptools 0.7+.&quot;</p>
</div>
        </div>
        <div class="timeline-entry">
            <div class="timeline-header">Comment by <a href="https://github.com/charliermarsh">@charliermarsh</a> on 2024-09-06 15:50</div>
            <div class="timeline-body"><p>If you include <code>--verbose</code> output`, we can probably figure out why it's even being requested. You might be backtracking very far back due to some constraint.</p>
</div>
        </div>
        <div class="timeline-entry">
            <div class="timeline-header">Comment by <a href="https://github.com/nibbledeez">@nibbledeez</a> on 2024-09-07 13:01</div>
            <div class="timeline-body"><p>Ok - here it is with <code>--verbose</code> - I've created a new empty project as there was a lot of stuff about previously installed packages. (Just as an aside this is not critical but really excited about uv - thank you!)</p>
<pre><code>‚ùØ uv add --verbose dotenv  
DEBUG uv 0.4.6
DEBUG Found project root: `/home/my-user/tmp/uvtest`
DEBUG No workspace root found, using project root
DEBUG Reading requests from `/home/my-user/tmp/uvtest/.python-version`
DEBUG The virtual environment's Python version satisfies `Python 3.12`
DEBUG Using request timeout of 30s
DEBUG Using request timeout of 30s
DEBUG Starting clean resolution
DEBUG Acquired lock for `/home/my-user/.cache/uv/built-wheels-v3/path/ae978f7ca6814a32`
DEBUG Found static `pyproject.toml` for: uvtest @ file:///home/my-user/tmp/uvtest
DEBUG No workspace root found, using project root
DEBUG Released lock at `/home/my-user/.cache/uv/built-wheels-v3/path/ae978f7ca6814a32/.lock`
DEBUG Solving with installed Python version: 3.12.5
DEBUG Solving with target Python version: &gt;=3.12
DEBUG Adding direct dependency: uvtest*
DEBUG Searching for a compatible version of uvtest @ file:///home/my-user/tmp/uvtest (*)
DEBUG Adding transitive dependency for uvtest==0.1.0: dotenv*
DEBUG Found fresh response for: https://pypi.org/simple/dotenv/
DEBUG Searching for a compatible version of dotenv (*)
DEBUG Selecting: dotenv==0.0.5 [compatible] (dotenv-0.0.5.tar.gz)
DEBUG Acquired lock for `/home/my-user/.cache/uv/built-wheels-v3/pypi/dotenv/0.0.5`
DEBUG Found fresh response for: https://files.pythonhosted.org/packages/e2/46/3754073706e31670eed18bfa8a879305b56a471db15f20523c2427b10078/dotenv-0.0.5.tar.gz
DEBUG No static `pyproject.toml` available for: dotenv==0.0.5 (MissingPyprojectToml)
DEBUG No static `PKG-INFO` available for: dotenv==0.0.5 (PkgInfo(UnsupportedMetadataVersion(&quot;1.0&quot;)))
DEBUG No static `egg-info` available for: dotenv==0.0.5 (MissingRequiresTxt)
DEBUG Preparing metadata for: dotenv==0.0.5
DEBUG Ignoring empty directory
DEBUG Solving with installed Python version: 3.12.5
DEBUG Solving with target Python version: &gt;=3.12.5
DEBUG Adding direct dependency: setuptools&gt;=40.8.0
DEBUG Found fresh response for: https://pypi.org/simple/setuptools/
DEBUG Searching for a compatible version of setuptools (&gt;=40.8.0)
DEBUG Selecting: setuptools==74.1.2 [compatible] (setuptools-74.1.2-py3-none-any.whl)
DEBUG Found fresh response for: https://files.pythonhosted.org/packages/cb/9c/9ad11ac06b97e55ada655f8a6bea9d1d3f06e120b178cd578d80e558191d/setuptools-74.1.2-py3-none-any.whl.metadata
DEBUG Tried 1 versions: setuptools 1
DEBUG Split specific environment resolution took 0.001s
DEBUG Installing in setuptools==74.1.2 in /home/my-user/.cache/uv/builds-v0/.tmp331A8R
DEBUG Requirement already cached: setuptools==74.1.2
DEBUG Installing build requirement: setuptools==74.1.2
DEBUG Calling `setuptools.build_meta:__legacy__.get_requires_for_build_wheel()`
DEBUG Installing extra requirements for build backend
DEBUG Solving with installed Python version: 3.12.5
DEBUG Solving with target Python version: &gt;=3.12.5
DEBUG Adding direct dependency: setuptools&gt;=40.8.0
DEBUG Adding direct dependency: distribute*
DEBUG Searching for a compatible version of setuptools (&gt;=40.8.0)
DEBUG Selecting: setuptools==74.1.2 [compatible] (setuptools-74.1.2-py3-none-any.whl)
DEBUG Found fresh response for: https://pypi.org/simple/distribute/
DEBUG Searching for a compatible version of distribute (*)
DEBUG Selecting: distribute==0.7.3 [compatible] (distribute-0.7.3.zip)
DEBUG Acquired lock for `/home/my-user/.cache/uv/built-wheels-v3/pypi/distribute/0.7.3`
DEBUG Found fresh response for: https://files.pythonhosted.org/packages/5f/ad/1fde06877a8d7d5c9b60eff7de2d452f639916ae1d48f0b8f97bf97e570a/distribute-0.7.3.zip
DEBUG No static `pyproject.toml` available for: distribute==0.7.3 (MissingPyprojectToml)
DEBUG No static `PKG-INFO` available for: distribute==0.7.3 (PkgInfo(UnsupportedMetadataVersion(&quot;1.1&quot;)))
DEBUG Found static `egg-info` for: distribute==0.7.3
DEBUG Released lock at `/home/my-user/.cache/uv/built-wheels-v3/pypi/distribute/0.7.3/.lock`
WARN Unable to extract metadata for distribute: Package metadata name `setuptools` does not match given name `distribute`
DEBUG Searching for a compatible version of distribute (&lt;0.7.3 | &gt;0.7.3)
DEBUG Selecting: distribute==0.6.49 [compatible] (distribute-0.6.49.tar.gz)
DEBUG Acquired lock for `/home/my-user/.cache/uv/built-wheels-v3/pypi/distribute/0.6.49`
DEBUG Found fresh response for: https://files.pythonhosted.org/packages/f3/2b/e97c01487b7636ba3fcff5e73db995c66c524d54d0907d238311524f67c8/distribute-0.6.49.tar.gz
DEBUG No static `pyproject.toml` available for: distribute==0.6.49 (MissingPyprojectToml)
DEBUG No static `PKG-INFO` available for: distribute==0.6.49 (PkgInfo(UnsupportedMetadataVersion(&quot;1.1&quot;)))
DEBUG No static `egg-info` available for: distribute==0.6.49 (MissingRequiresTxt)
DEBUG Preparing metadata for: distribute==0.6.49
DEBUG Ignoring empty directory
DEBUG Installing in setuptools==74.1.2 in /home/my-user/.cache/uv/builds-v0/.tmpUjuoro
DEBUG Requirement already cached: setuptools==74.1.2
DEBUG Installing build requirement: setuptools==74.1.2
DEBUG Calling `setuptools.build_meta:__legacy__.get_requires_for_build_wheel()`
DEBUG Traceback (most recent call last):
DEBUG 

DEBUG   File &quot;&lt;string&gt;&quot;, line 14, in &lt;module&gt;
DEBUG 

DEBUG   File &quot;/home/my-user/.cache/uv/builds-v0/.tmpUjuoro/lib/python3.12/site-packages/setuptools/build_meta.py&quot;, line 332, in get_requires_for_build_wheel
DEBUG 

DEBUG     return self._get_build_requires(config_settings, requirements=[])
DEBUG 

DEBUG            ^^^^^^^^^^^^^^^^^^^^^^^^^^^^^^^^^^^^^^^^^^^^^^^^^^^^^^^^^^
DEBUG 

DEBUG   File &quot;/home/my-user/.cache/uv/builds-v0/.tmpUjuoro/lib/python3.12/site-packages/setuptools/build_meta.py&quot;, line 302, in _get_build_requires
DEBUG 

DEBUG     self.run_setup()
DEBUG 

DEBUG   File &quot;/home/my-user/.cache/uv/builds-v0/.tmpUjuoro/lib/python3.12/site-packages/setuptools/build_meta.py&quot;, line 503, in run_setup
DEBUG 

DEBUG     super().run_setup(setup_script=setup_script)
DEBUG 

DEBUG   File &quot;/home/my-user/.cache/uv/builds-v0/.tmpUjuoro/lib/python3.12/site-packages/setuptools/build_meta.py&quot;, line 318, in run_setup
DEBUG 

DEBUG     exec(code, locals())
DEBUG 

DEBUG   File &quot;&lt;string&gt;&quot;, line 34, in &lt;module&gt;
DEBUG 

DEBUG AttributeError: module 'distutils.util' has no attribute 'run_2to3'
DEBUG 

DEBUG Released lock at `/home/my-user/.cache/uv/built-wheels-v3/pypi/distribute/0.6.49/.lock`
DEBUG Released lock at `/home/my-user/.cache/uv/built-wheels-v3/pypi/dotenv/0.0.5/.lock`
error: Failed to download and build `dotenv==0.0.5`
  Caused by: Failed to install requirements from `build-system.requires` (resolve)
  Caused by: No solution found when resolving: setuptools&gt;=40.8.0, distribute
  Caused by: Failed to download and build `distribute==0.6.49`
  Caused by: Build backend failed to determine extra requires with `build_wheel()` with exit status: 1
--- stdout:

--- stderr:
Traceback (most recent call last):
  File &quot;&lt;string&gt;&quot;, line 14, in &lt;module&gt;
  File &quot;/home/my-user/.cache/uv/builds-v0/.tmpUjuoro/lib/python3.12/site-packages/setuptools/build_meta.py&quot;, line 332, in get_requires_for_build_wheel
    return self._get_build_requires(config_settings, requirements=[])
           ^^^^^^^^^^^^^^^^^^^^^^^^^^^^^^^^^^^^^^^^^^^^^^^^^^^^^^^^^^
  File &quot;/home/my-user/.cache/uv/builds-v0/.tmpUjuoro/lib/python3.12/site-packages/setuptools/build_meta.py&quot;, line 302, in _get_build_requires
    self.run_setup()
  File &quot;/home/my-user/.cache/uv/builds-v0/.tmpUjuoro/lib/python3.12/site-packages/setuptools/build_meta.py&quot;, line 503, in run_setup
    super().run_setup(setup_script=setup_script)
  File &quot;/home/my-user/.cache/uv/builds-v0/.tmpUjuoro/lib/python3.12/site-packages/setuptools/build_meta.py&quot;, line 318, in run_setup
    exec(code, locals())
  File &quot;&lt;string&gt;&quot;, line 34, in &lt;module&gt;
AttributeError: module 'distutils.util' has no attribute 'run_2to3'


</code></pre>
</div>
        </div>
        <div class="timeline-entry">
            <div class="timeline-header">Comment by <a href="https://github.com/nibbledeez">@nibbledeez</a> on 2024-09-07 13:31</div>
            <div class="timeline-body"><blockquote>
<p>Yeah, I wouldn't expect <code>distribute</code> to work with modern package requirements, it's very old: https://pypi.org/project/distribute/#history</p>
<p>Where is distribute coming from? It shouldn't be a dependency of any modern package. It's project description is &quot;Distribute - legacy package. This package is a simple compatibility layer that installs Setuptools 0.7+.&quot;</p>
</blockquote>
<p>Hmm - not sure but perhaps this is germane?</p>
<pre><code>error: Failed to download and build `dotenv==0.0.5`
  Caused by: Failed to install requirements from `build-system.requires` (resolve)
  Caused by: **No solution found when resolving: setuptools&gt;=40.8.0, distribute**
  Caused by: Failed to download and build `distribute==0.6.49`
  Caused by: Build backend failed to determine extra requires with `build_wheel()` with exit status: 1
</code></pre>
</div>
        </div>
        <div class="timeline-entry">
            <div class="timeline-header">Comment by <a href="https://github.com/charliermarsh">@charliermarsh</a> on 2024-09-07 14:46</div>
            <div class="timeline-body"><p>Apologies, do you mean to be installing <code>dotenv==0.0.5</code>? You might be intending to do <code>uv add python-dotenv</code> instead.</p>
</div>
        </div>
        <div class="timeline-entry">
            <div class="timeline-header">Comment by <a href="https://github.com/nibbledeez">@nibbledeez</a> on 2024-09-09 07:45</div>
            <div class="timeline-body"><p>Ok - so I had tried python-dotenv as well as thought perhaps I had the wrong package - that also failed. However,  manually deleting the dotenv dir and files from .venv from the first attempt has worked. Guess this one can be closed.</p>
</div>
        </div>
        <div class="timeline-entry">
            <div class="event">Closed by @charliermarsh on 2024-09-09 11:49</div>
        </div>
    </div>

    <footer>
        Synced at 2026-01-09 23:28:21 UTC
    </footer>
</body>
</html>
