<!DOCTYPE html>
<html lang="en">
<head>
    <meta charset="UTF-8">
    <meta name="viewport" content="width=device-width, initial-scale=1.0">
    <title>`init::init_app_build_backend_maturin` and `init::init_lib_build_backend_maturin` test failures (offline?) - astral-sh/uv #8295</title>
    <link rel="stylesheet" href="../../../style.css">
</head>
<body>
    <div class="back-link">
        <a href="../../../index.html">Back to index</a>
    </div>

    <h1><code>init::init_app_build_backend_maturin</code> and <code>init::init_lib_build_backend_maturin</code> test failures (offline?)</h1>

    <div class="meta">
        <span class="state-icon state-closed"></span>
        <a href="https://github.com/astral-sh/uv/issues/8295">#8295</a>
        opened by <a href="https://github.com/mgorny">@mgorny</a>
        on 2024-10-17 17:01
    </div>

    <div class="timeline">
        <div class="timeline-entry">
            <div class="timeline-header"><a href="https://github.com/mgorny">@mgorny</a></div>
            <div class="timeline-body"><p>I&#x27;m seeing the two following test failures in Gentoo with uv-0.4.23:</p>
<pre><code>---- init::init_app_build_backend_maturin stdout ----
â”â”â”â”â”â”â”â”â”â”â”â”â”â”â”â”â”â”â”â”â”â”â”â”â”â”â”â”â”â”â” Snapshot Summary â”â”â”â”â”â”â”â”â”â”â”â”â”â”â”â”â”â”â”â”â”â”â”â”â”â”â”â”â”â”â”
Snapshot: init_app_build_backend_maturin-7
Source: crates/uv/tests/it/init.rs:2667
â”€â”€â”€â”€â”€â”€â”€â”€â”€â”€â”€â”€â”€â”€â”€â”€â”€â”€â”€â”€â”€â”€â”€â”€â”€â”€â”€â”€â”€â”€â”€â”€â”€â”€â”€â”€â”€â”€â”€â”€â”€â”€â”€â”€â”€â”€â”€â”€â”€â”€â”€â”€â”€â”€â”€â”€â”€â”€â”€â”€â”€â”€â”€â”€â”€â”€â”€â”€â”€â”€â”€â”€â”€â”€â”€â”€â”€â”€â”€â”€
Expression: snapshot
â”€â”€â”€â”€â”€â”€â”€â”€â”€â”€â”€â”€â”€â”€â”€â”€â”€â”€â”€â”€â”€â”€â”€â”€â”€â”€â”€â”€â”€â”€â”€â”€â”€â”€â”€â”€â”€â”€â”€â”€â”€â”€â”€â”€â”€â”€â”€â”€â”€â”€â”€â”€â”€â”€â”€â”€â”€â”€â”€â”€â”€â”€â”€â”€â”€â”€â”€â”€â”€â”€â”€â”€â”€â”€â”€â”€â”€â”€â”€â”€
-old snapshot
+new results
â”€â”€â”€â”€â”€â”€â”€â”€â”€â”€â”€â”€â”¬â”€â”€â”€â”€â”€â”€â”€â”€â”€â”€â”€â”€â”€â”€â”€â”€â”€â”€â”€â”€â”€â”€â”€â”€â”€â”€â”€â”€â”€â”€â”€â”€â”€â”€â”€â”€â”€â”€â”€â”€â”€â”€â”€â”€â”€â”€â”€â”€â”€â”€â”€â”€â”€â”€â”€â”€â”€â”€â”€â”€â”€â”€â”€â”€â”€â”€â”€
    0       â”‚-success: true
    1       â”‚-exit_code: 0
          0 â”‚+success: false
          1 â”‚+exit_code: 2
    2     2 â”‚ ----- stdout -----
    3       â”‚-Hello from foo!
    4     3 â”‚ 
    5     4 â”‚ ----- stderr -----
    6     5 â”‚ Using CPython 3.12.[X] interpreter at: [PYTHON-3.12]
    7     6 â”‚ Creating virtual environment at: .venv
    8     7 â”‚ Resolved 1 package in [TIME]
    9       â”‚-Prepared 1 package in [TIME]
   10       â”‚-Installed 1 package in [TIME]
   11       â”‚- + foo==0.1.0 (from file://[TEMP_DIR]/foo)
          8 â”‚+error: Failed to prepare distributions
          9 â”‚+  Caused by: Failed to build `foo @ file://[TEMP_DIR]/foo`
         10 â”‚+  Caused by: Build backend failed to build editable through `build_editable` (exit status: 1)
         11 â”‚+
         12 â”‚+[stdout]
         13 â”‚+Running `maturin pep517 build-wheel -i [CACHE_DIR]/builds-v0/[TMP]/python --compatibility off --editable`
         14 â”‚+
         15 â”‚+[stderr]
         16 â”‚+error: no matching package found
         17 â”‚+searched package name: `pyo3`
         18 â”‚+perhaps you meant:      glob, itoa, log, ...
         19 â”‚+location searched: registry `crates-io`
         20 â”‚+required by package `foo v0.1.0 ([TEMP_DIR]/foo)`
         21 â”‚+As a reminder, you&#x27;re using offline mode (--offline) which can sometimes cause surprising resolution failures, if this error is too confusing you may wish to retry without the offline flag.
         22 â”‚+ğŸ’¥ maturin failed
         23 â”‚+  Caused by: Cargo metadata failed. Does your crate compile with `cargo build`?
         24 â”‚+  Caused by: `cargo metadata` exited with an error: 
         25 â”‚+Error: command [&#x27;maturin&#x27;, &#x27;pep517&#x27;, &#x27;build-wheel&#x27;, &#x27;-i&#x27;, &#x27;[CACHE_DIR]/builds-v0/[TMP]/python&#x27;, &#x27;--compatibility&#x27;, &#x27;off&#x27;, &#x27;--editable&#x27;] returned non-zero exit status 1
â”€â”€â”€â”€â”€â”€â”€â”€â”€â”€â”€â”€â”´â”€â”€â”€â”€â”€â”€â”€â”€â”€â”€â”€â”€â”€â”€â”€â”€â”€â”€â”€â”€â”€â”€â”€â”€â”€â”€â”€â”€â”€â”€â”€â”€â”€â”€â”€â”€â”€â”€â”€â”€â”€â”€â”€â”€â”€â”€â”€â”€â”€â”€â”€â”€â”€â”€â”€â”€â”€â”€â”€â”€â”€â”€â”€â”€â”€â”€â”€
To update snapshots run `cargo insta review`
Stopped on the first failure. Run `cargo insta test` to run all snapshots.
thread &#x27;init::init_app_build_backend_maturin&#x27; panicked at /var/tmp/portage/dev-python/uv-0.4.23/work/cargo_home/gentoo/insta-1.40.0/src/runtime.rs:548:9:
snapshot assertion for &#x27;init_app_build_backend_maturin-7&#x27; failed in line 2667
note: run with `RUST_BACKTRACE=1` environment variable to display a backtrace

---- init::init_lib_build_backend_maturin stdout ----
â”â”â”â”â”â”â”â”â”â”â”â”â”â”â”â”â”â”â”â”â”â”â”â”â”â”â”â”â”â”â” Snapshot Summary â”â”â”â”â”â”â”â”â”â”â”â”â”â”â”â”â”â”â”â”â”â”â”â”â”â”â”â”â”â”â”
Snapshot: init_lib_build_backend_maturin-7
Source: crates/uv/tests/it/init.rs:2934
â”€â”€â”€â”€â”€â”€â”€â”€â”€â”€â”€â”€â”€â”€â”€â”€â”€â”€â”€â”€â”€â”€â”€â”€â”€â”€â”€â”€â”€â”€â”€â”€â”€â”€â”€â”€â”€â”€â”€â”€â”€â”€â”€â”€â”€â”€â”€â”€â”€â”€â”€â”€â”€â”€â”€â”€â”€â”€â”€â”€â”€â”€â”€â”€â”€â”€â”€â”€â”€â”€â”€â”€â”€â”€â”€â”€â”€â”€â”€â”€
Expression: snapshot
â”€â”€â”€â”€â”€â”€â”€â”€â”€â”€â”€â”€â”€â”€â”€â”€â”€â”€â”€â”€â”€â”€â”€â”€â”€â”€â”€â”€â”€â”€â”€â”€â”€â”€â”€â”€â”€â”€â”€â”€â”€â”€â”€â”€â”€â”€â”€â”€â”€â”€â”€â”€â”€â”€â”€â”€â”€â”€â”€â”€â”€â”€â”€â”€â”€â”€â”€â”€â”€â”€â”€â”€â”€â”€â”€â”€â”€â”€â”€â”€
-old snapshot
+new results
â”€â”€â”€â”€â”€â”€â”€â”€â”€â”€â”€â”€â”¬â”€â”€â”€â”€â”€â”€â”€â”€â”€â”€â”€â”€â”€â”€â”€â”€â”€â”€â”€â”€â”€â”€â”€â”€â”€â”€â”€â”€â”€â”€â”€â”€â”€â”€â”€â”€â”€â”€â”€â”€â”€â”€â”€â”€â”€â”€â”€â”€â”€â”€â”€â”€â”€â”€â”€â”€â”€â”€â”€â”€â”€â”€â”€â”€â”€â”€â”€
    0       â”‚-success: true
    1       â”‚-exit_code: 0
          0 â”‚+success: false
          1 â”‚+exit_code: 2
    2     2 â”‚ ----- stdout -----
    3       â”‚-Hello from foo!
    4     3 â”‚ 
    5     4 â”‚ ----- stderr -----
    6     5 â”‚ Using CPython 3.12.[X] interpreter at: [PYTHON-3.12]
    7     6 â”‚ Creating virtual environment at: .venv
    8     7 â”‚ Resolved 1 package in [TIME]
    9       â”‚-Prepared 1 package in [TIME]
   10       â”‚-Installed 1 package in [TIME]
   11       â”‚- + foo==0.1.0 (from file://[TEMP_DIR]/foo)
          8 â”‚+error: Failed to prepare distributions
          9 â”‚+  Caused by: Failed to build `foo @ file://[TEMP_DIR]/foo`
         10 â”‚+  Caused by: Build backend failed to build editable through `build_editable` (exit status: 1)
         11 â”‚+
         12 â”‚+[stdout]
         13 â”‚+Running `maturin pep517 build-wheel -i [CACHE_DIR]/builds-v0/[TMP]/python --compatibility off --editable`
         14 â”‚+
         15 â”‚+[stderr]
         16 â”‚+error: no matching package found
         17 â”‚+searched package name: `pyo3`
         18 â”‚+perhaps you meant:      glob, itoa, log, ...
         19 â”‚+location searched: registry `crates-io`
         20 â”‚+required by package `foo v0.1.0 ([TEMP_DIR]/foo)`
         21 â”‚+As a reminder, you&#x27;re using offline mode (--offline) which can sometimes cause surprising resolution failures, if this error is too confusing you may wish to retry without the offline flag.
         22 â”‚+ğŸ’¥ maturin failed
         23 â”‚+  Caused by: Cargo metadata failed. Does your crate compile with `cargo build`?
         24 â”‚+  Caused by: `cargo metadata` exited with an error: 
         25 â”‚+Error: command [&#x27;maturin&#x27;, &#x27;pep517&#x27;, &#x27;build-wheel&#x27;, &#x27;-i&#x27;, &#x27;[CACHE_DIR]/builds-v0/[TMP]/python&#x27;, &#x27;--compatibility&#x27;, &#x27;off&#x27;, &#x27;--editable&#x27;] returned non-zero exit status 1
â”€â”€â”€â”€â”€â”€â”€â”€â”€â”€â”€â”€â”´â”€â”€â”€â”€â”€â”€â”€â”€â”€â”€â”€â”€â”€â”€â”€â”€â”€â”€â”€â”€â”€â”€â”€â”€â”€â”€â”€â”€â”€â”€â”€â”€â”€â”€â”€â”€â”€â”€â”€â”€â”€â”€â”€â”€â”€â”€â”€â”€â”€â”€â”€â”€â”€â”€â”€â”€â”€â”€â”€â”€â”€â”€â”€â”€â”€â”€â”€
To update snapshots run `cargo insta review`
Stopped on the first failure. Run `cargo insta test` to run all snapshots.
thread &#x27;init::init_lib_build_backend_maturin&#x27; panicked at /var/tmp/portage/dev-python/uv-0.4.23/work/cargo_home/gentoo/insta-1.40.0/src/runtime.rs:548:9:
snapshot assertion for &#x27;init_lib_build_backend_maturin-7&#x27; failed in line 2934
</code></pre>
<p>My educated guess would be that the test assumes that <code>cargo</code> will be able to download <code>pyo3</code> from crates.io, but we&#x27;re running everything 100% offline here. Could you please add a marker/feature to skip these tests? Alternatively, I think having <code>pyo3</code> (along with its dependencies) in <code>Cargo.lock</code> would also work.</p>
</div>
        </div>
        <div class="timeline-entry">
            <div class="event">Closed by <a href="https://github.com/charliermarsh">@charliermarsh</a> on 2024-10-18 16:30</div>
        </div>
        <div class="timeline-entry">
            <div class="timeline-header">Comment by <a href="https://github.com/mgorny">@mgorny</a> on 2024-10-18 16:39</div>
            <div class="timeline-body"><p>Thanks!</p>
</div>
        </div>
    </div>

    <footer>
        Synced at 2026-01-20 19:34:51 UTC
    </footer>
</body>
</html>
