<!DOCTYPE html>
<html lang="en">
<head>
    <meta charset="UTF-8">
    <meta name="viewport" content="width=device-width, initial-scale=1.0">
    <title>Unable to run `uvx --python [3.9|3.10|3.11|3.12] textual-paint` - astral-sh/uv #9851</title>
    <link rel="stylesheet" href="../../../style.css">
</head>
<body>
    <div class="back-link">
        <a href="../../../index.html">Back to index</a>
    </div>

    <h1>Unable to run <code>uvx --python [3.9|3.10|3.11|3.12] textual-paint</code></h1>

    <div class="meta">
        <span class="state-icon state-closed"></span>
        <a href="https://github.com/astral-sh/uv/issues/9851">#9851</a>
        opened by <a href="https://github.com/BioGeek">@BioGeek</a>
        on 2024-12-12 20:50
    </div>

    <div class="timeline">
        <div class="timeline-entry">
            <div class="timeline-header">Issue opened by <a href="https://github.com/BioGeek">@BioGeek</a> on 2024-12-12 20:50</div>
            <div class="timeline-body"><p>I am unable to get <a href="https://docs.astral.sh/uv/guides/tools/#running-tools">uvx</a> working with <a href="https://github.com/1j01/textual-paint">textual-paint </a>.</p>
<p>I first tried <code>uvx --python 3.9 textual-paint</code>:</p>
<pre><code>$ uvx --python 3.9 textual-paint
Installed 19 packages in 13ms
Traceback (most recent call last):
  File &quot;/home/j-vangoey/.cache/uv/archive-v0/TkQdylBcXlZcpfEIv5uB1/bin/textual-paint&quot;, line 7, in &lt;module&gt;
    from textual_paint.paint import main
  File &quot;/home/j-vangoey/.cache/uv/archive-v0/TkQdylBcXlZcpfEIv5uB1/lib/python3.9/site-packages/textual_paint/paint.py&quot;, line 35, in &lt;module&gt;
    from textual_paint.action import Action
  File &quot;/home/j-vangoey/.cache/uv/archive-v0/TkQdylBcXlZcpfEIv5uB1/lib/python3.9/site-packages/textual_paint/action.py&quot;, line 5, in &lt;module&gt;
    from textual_paint.ansi_art_document import AnsiArtDocument
  File &quot;/home/j-vangoey/.cache/uv/archive-v0/TkQdylBcXlZcpfEIv5uB1/lib/python3.9/site-packages/textual_paint/ansi_art_document.py&quot;, line 583
    match instruction.region:
          ^
SyntaxError: invalid syntax
</code></pre>
<p>After looking at the <code>textual-paint</code> source code <a href="https://github.com/1j01/textual-paint/blob/d61de649a6a3a660d2b024e4259d99acbd45116b/setup.cfg#L58">I see in <code>setyp.cfg</code>: <code>python_requires = &gt;=3.10,&lt;3.13</code></a>. So preferably <code>uvx</code> should be able to parse that and return a warning that <code>textual-paint</code> is not compatible with <code>python 3.9</code> instead of throwing a <code>SyntaxError</code></p>
<p>Next up,  <code>uvx --python 3.10 textual-paint</code> and <code>uvx --python 3.11 textual-paint</code> both fail with the same <code>ModuleNotFoundError</code>. This seems related to <code>pyfiglet</code> where I found a few related issues (https://github.com/pwaller/pyfiglet/issues/113 https://github.com/pwaller/pyfiglet/issues/124), but which <a href="https://github.com/pwaller/pyfiglet/issues/124#issuecomment-1712744359">should be fixed in v1.0.0 of <code>pyfiglet</code></a>.</p>
<pre><code>$ uvx --python 3.10 textual-paint
Installed 19 packages in 31ms
Traceback (most recent call last):
  File &quot;/home/j-vangoey/.cache/uv/archive-v0/R8oliKzRfOI5e7eVFwK9U/bin/textual-paint&quot;, line 7, in &lt;module&gt;
    from textual_paint.paint import main
  File &quot;/home/j-vangoey/.cache/uv/archive-v0/R8oliKzRfOI5e7eVFwK9U/lib/python3.10/site-packages/textual_paint/paint.py&quot;, line 44, in &lt;module&gt;
    from textual_paint.canvas import Canvas
  File &quot;/home/j-vangoey/.cache/uv/archive-v0/R8oliKzRfOI5e7eVFwK9U/lib/python3.10/site-packages/textual_paint/canvas.py&quot;, line 17, in &lt;module&gt;
    from textual_paint.meta_glyph_font import largest_font_that_fits
  File &quot;/home/j-vangoey/.cache/uv/archive-v0/R8oliKzRfOI5e7eVFwK9U/lib/python3.10/site-packages/textual_paint/meta_glyph_font.py&quot;, line 5, in &lt;module&gt;
    from pyfiglet import Figlet, FigletFont  # type: ignore
  File &quot;/home/j-vangoey/.cache/uv/archive-v0/R8oliKzRfOI5e7eVFwK9U/lib/python3.10/site-packages/pyfiglet/__init__.py&quot;, line 11, in &lt;module&gt;
    import pkg_resources
ModuleNotFoundError: No module named 'pkg_resources'
</code></pre>
<pre><code>$ uvx --python 3.11 textual-paint
Installed 19 packages in 16ms
Traceback (most recent call last):
  File &quot;/home/j-vangoey/.cache/uv/archive-v0/7odsptFFgOts7-Yke6ZXO/bin/textual-paint&quot;, line 7, in &lt;module&gt;
    from textual_paint.paint import main
  File &quot;/home/j-vangoey/.cache/uv/archive-v0/7odsptFFgOts7-Yke6ZXO/lib/python3.11/site-packages/textual_paint/paint.py&quot;, line 44, in &lt;module&gt;
    from textual_paint.canvas import Canvas
  File &quot;/home/j-vangoey/.cache/uv/archive-v0/7odsptFFgOts7-Yke6ZXO/lib/python3.11/site-packages/textual_paint/canvas.py&quot;, line 17, in &lt;module&gt;
    from textual_paint.meta_glyph_font import largest_font_that_fits
  File &quot;/home/j-vangoey/.cache/uv/archive-v0/7odsptFFgOts7-Yke6ZXO/lib/python3.11/site-packages/textual_paint/meta_glyph_font.py&quot;, line 5, in &lt;module&gt;
    from pyfiglet import Figlet, FigletFont  # type: ignore
    ^^^^^^^^^^^^^^^^^^^^^^^^^^^^^^^^^^^^^^^
  File &quot;/home/j-vangoey/.cache/uv/archive-v0/7odsptFFgOts7-Yke6ZXO/lib/python3.11/site-packages/pyfiglet/__init__.py&quot;, line 11, in &lt;module&gt;
    import pkg_resources
ModuleNotFoundError: No module named 'pkg_resources'
</code></pre>
<p>And finally <code>uvx --python 3.12 textual-paint</code> had a problem with installing Pillow</p>
<pre><code>$ uvx --python 3.12 textual-paint
   Built pyperclip==1.8.2
  × Failed to download and build `pillow==9.5.0`
  ╰─▶ Build backend failed to build wheel through `build_wheel` (exit status: 1)

      [stdout]
      running bdist_wheel
      running build
      running build_py
      creating build/lib.linux-x86_64-cpython-312/PIL
      copying src/PIL/features.py -&gt; build/lib.linux-x86_64-cpython-312/PIL
      copying src/PIL/ExifTags.py -&gt; build/lib.linux-x86_64-cpython-312/PIL
      copying src/PIL/BufrStubImagePlugin.py -&gt; build/lib.linux-x86_64-cpython-312/PIL
      copying src/PIL/Hdf5StubImagePlugin.py -&gt; build/lib.linux-x86_64-cpython-312/PIL
      copying src/PIL/QoiImagePlugin.py -&gt; build/lib.linux-x86_64-cpython-312/PIL
      copying src/PIL/_util.py -&gt; build/lib.linux-x86_64-cpython-312/PIL
      copying src/PIL/TiffTags.py -&gt; build/lib.linux-x86_64-cpython-312/PIL
      copying src/PIL/WmfImagePlugin.py -&gt; build/lib.linux-x86_64-cpython-312/PIL
      copying src/PIL/ImageOps.py -&gt; build/lib.linux-x86_64-cpython-312/PIL
      copying src/PIL/PcfFontFile.py -&gt; build/lib.linux-x86_64-cpython-312/PIL
      copying src/PIL/ImageStat.py -&gt; build/lib.linux-x86_64-cpython-312/PIL
      copying src/PIL/Image.py -&gt; build/lib.linux-x86_64-cpython-312/PIL
      copying src/PIL/ImageFile.py -&gt; build/lib.linux-x86_64-cpython-312/PIL
      copying src/PIL/_version.py -&gt; build/lib.linux-x86_64-cpython-312/PIL
      copying src/PIL/JpegImagePlugin.py -&gt; build/lib.linux-x86_64-cpython-312/PIL
      copying src/PIL/EpsImagePlugin.py -&gt; build/lib.linux-x86_64-cpython-312/PIL
      copying src/PIL/IptcImagePlugin.py -&gt; build/lib.linux-x86_64-cpython-312/PIL
      copying src/PIL/DdsImagePlugin.py -&gt; build/lib.linux-x86_64-cpython-312/PIL
      copying src/PIL/CurImagePlugin.py -&gt; build/lib.linux-x86_64-cpython-312/PIL
      copying src/PIL/GbrImagePlugin.py -&gt; build/lib.linux-x86_64-cpython-312/PIL
      copying src/PIL/_binary.py -&gt; build/lib.linux-x86_64-cpython-312/PIL
      copying src/PIL/ImageMorph.py -&gt; build/lib.linux-x86_64-cpython-312/PIL
      copying src/PIL/PngImagePlugin.py -&gt; build/lib.linux-x86_64-cpython-312/PIL
      copying src/PIL/PdfParser.py -&gt; build/lib.linux-x86_64-cpython-312/PIL
      copying src/PIL/BdfFontFile.py -&gt; build/lib.linux-x86_64-cpython-312/PIL
      copying src/PIL/ImageMode.py -&gt; build/lib.linux-x86_64-cpython-312/PIL
      copying src/PIL/FpxImagePlugin.py -&gt; build/lib.linux-x86_64-cpython-312/PIL
      copying src/PIL/__init__.py -&gt; build/lib.linux-x86_64-cpython-312/PIL
      copying src/PIL/PcxImagePlugin.py -&gt; build/lib.linux-x86_64-cpython-312/PIL
      copying src/PIL/ImageFont.py -&gt; build/lib.linux-x86_64-cpython-312/PIL
      copying src/PIL/ImageShow.py -&gt; build/lib.linux-x86_64-cpython-312/PIL
      copying src/PIL/PixarImagePlugin.py -&gt; build/lib.linux-x86_64-cpython-312/PIL
      copying src/PIL/ImageTk.py -&gt; build/lib.linux-x86_64-cpython-312/PIL
      copying src/PIL/ImagePalette.py -&gt; build/lib.linux-x86_64-cpython-312/PIL
      copying src/PIL/SgiImagePlugin.py -&gt; build/lib.linux-x86_64-cpython-312/PIL
      copying src/PIL/BlpImagePlugin.py -&gt; build/lib.linux-x86_64-cpython-312/PIL
      copying src/PIL/_tkinter_finder.py -&gt; build/lib.linux-x86_64-cpython-312/PIL
      copying src/PIL/FliImagePlugin.py -&gt; build/lib.linux-x86_64-cpython-312/PIL
      copying src/PIL/FontFile.py -&gt; build/lib.linux-x86_64-cpython-312/PIL
      copying src/PIL/PsdImagePlugin.py -&gt; build/lib.linux-x86_64-cpython-312/PIL
      copying src/PIL/GdImageFile.py -&gt; build/lib.linux-x86_64-cpython-312/PIL
      copying src/PIL/BmpImagePlugin.py -&gt; build/lib.linux-x86_64-cpython-312/PIL
      copying src/PIL/ImageMath.py -&gt; build/lib.linux-x86_64-cpython-312/PIL
      copying src/PIL/ImageCms.py -&gt; build/lib.linux-x86_64-cpython-312/PIL
      copying src/PIL/PaletteFile.py -&gt; build/lib.linux-x86_64-cpython-312/PIL
      copying src/PIL/ImageColor.py -&gt; build/lib.linux-x86_64-cpython-312/PIL
      copying src/PIL/XbmImagePlugin.py -&gt; build/lib.linux-x86_64-cpython-312/PIL
      copying src/PIL/ImageGrab.py -&gt; build/lib.linux-x86_64-cpython-312/PIL
      copying src/PIL/ImtImagePlugin.py -&gt; build/lib.linux-x86_64-cpython-312/PIL
      copying src/PIL/TiffImagePlugin.py -&gt; build/lib.linux-x86_64-cpython-312/PIL
      copying src/PIL/ImageEnhance.py -&gt; build/lib.linux-x86_64-cpython-312/PIL
      copying src/PIL/SunImagePlugin.py -&gt; build/lib.linux-x86_64-cpython-312/PIL
      copying src/PIL/ImageTransform.py -&gt; build/lib.linux-x86_64-cpython-312/PIL
      copying src/PIL/ImageDraw2.py -&gt; build/lib.linux-x86_64-cpython-312/PIL
      copying src/PIL/PalmImagePlugin.py -&gt; build/lib.linux-x86_64-cpython-312/PIL
      copying src/PIL/TarIO.py -&gt; build/lib.linux-x86_64-cpython-312/PIL
      copying src/PIL/IcoImagePlugin.py -&gt; build/lib.linux-x86_64-cpython-312/PIL
      copying src/PIL/Jpeg2KImagePlugin.py -&gt; build/lib.linux-x86_64-cpython-312/PIL
      copying src/PIL/PSDraw.py -&gt; build/lib.linux-x86_64-cpython-312/PIL
      copying src/PIL/PyAccess.py -&gt; build/lib.linux-x86_64-cpython-312/PIL
      copying src/PIL/PdfImagePlugin.py -&gt; build/lib.linux-x86_64-cpython-312/PIL
      copying src/PIL/MpoImagePlugin.py -&gt; build/lib.linux-x86_64-cpython-312/PIL
      copying src/PIL/SpiderImagePlugin.py -&gt; build/lib.linux-x86_64-cpython-312/PIL
      copying src/PIL/XVThumbImagePlugin.py -&gt; build/lib.linux-x86_64-cpython-312/PIL
      copying src/PIL/ImageWin.py -&gt; build/lib.linux-x86_64-cpython-312/PIL
      copying src/PIL/IcnsImagePlugin.py -&gt; build/lib.linux-x86_64-cpython-312/PIL
      copying src/PIL/FtexImagePlugin.py -&gt; build/lib.linux-x86_64-cpython-312/PIL
      copying src/PIL/GifImagePlugin.py -&gt; build/lib.linux-x86_64-cpython-312/PIL
      copying src/PIL/WebPImagePlugin.py -&gt; build/lib.linux-x86_64-cpython-312/PIL
      copying src/PIL/JpegPresets.py -&gt; build/lib.linux-x86_64-cpython-312/PIL
      copying src/PIL/FitsImagePlugin.py -&gt; build/lib.linux-x86_64-cpython-312/PIL
      copying src/PIL/ImagePath.py -&gt; build/lib.linux-x86_64-cpython-312/PIL
      copying src/PIL/WalImageFile.py -&gt; build/lib.linux-x86_64-cpython-312/PIL
      copying src/PIL/XpmImagePlugin.py -&gt; build/lib.linux-x86_64-cpython-312/PIL
      copying src/PIL/MicImagePlugin.py -&gt; build/lib.linux-x86_64-cpython-312/PIL
      copying src/PIL/ImageQt.py -&gt; build/lib.linux-x86_64-cpython-312/PIL
      copying src/PIL/McIdasImagePlugin.py -&gt; build/lib.linux-x86_64-cpython-312/PIL
      copying src/PIL/_deprecate.py -&gt; build/lib.linux-x86_64-cpython-312/PIL
      copying src/PIL/MspImagePlugin.py -&gt; build/lib.linux-x86_64-cpython-312/PIL
      copying src/PIL/PpmImagePlugin.py -&gt; build/lib.linux-x86_64-cpython-312/PIL
      copying src/PIL/ImageSequence.py -&gt; build/lib.linux-x86_64-cpython-312/PIL
      copying src/PIL/ImageChops.py -&gt; build/lib.linux-x86_64-cpython-312/PIL
      copying src/PIL/FitsStubImagePlugin.py -&gt; build/lib.linux-x86_64-cpython-312/PIL
      copying src/PIL/__main__.py -&gt; build/lib.linux-x86_64-cpython-312/PIL
      copying src/PIL/ImageFilter.py -&gt; build/lib.linux-x86_64-cpython-312/PIL
      copying src/PIL/GimpGradientFile.py -&gt; build/lib.linux-x86_64-cpython-312/PIL
      copying src/PIL/TgaImagePlugin.py -&gt; build/lib.linux-x86_64-cpython-312/PIL
      copying src/PIL/GribStubImagePlugin.py -&gt; build/lib.linux-x86_64-cpython-312/PIL
      copying src/PIL/PcdImagePlugin.py -&gt; build/lib.linux-x86_64-cpython-312/PIL
      copying src/PIL/ImImagePlugin.py -&gt; build/lib.linux-x86_64-cpython-312/PIL
      copying src/PIL/MpegImagePlugin.py -&gt; build/lib.linux-x86_64-cpython-312/PIL
      copying src/PIL/ContainerIO.py -&gt; build/lib.linux-x86_64-cpython-312/PIL
      copying src/PIL/DcxImagePlugin.py -&gt; build/lib.linux-x86_64-cpython-312/PIL
      copying src/PIL/ImageDraw.py -&gt; build/lib.linux-x86_64-cpython-312/PIL
      copying src/PIL/GimpPaletteFile.py -&gt; build/lib.linux-x86_64-cpython-312/PIL
      running egg_info
      writing src/Pillow.egg-info/PKG-INFO
      writing dependency_links to src/Pillow.egg-info/dependency_links.txt
      writing requirements to src/Pillow.egg-info/requires.txt
      writing top-level names to src/Pillow.egg-info/top_level.txt
      reading manifest file 'src/Pillow.egg-info/SOURCES.txt'
      reading manifest template 'MANIFEST.in'
      adding license file 'LICENSE'
      writing manifest file 'src/Pillow.egg-info/SOURCES.txt'
      running build_ext

      [stderr]
      warning: no files found matching '*.c'
      warning: no files found matching '*.h'
      warning: no files found matching '*.sh'
      warning: no files found matching '*.txt'
      warning: no previously-included files found matching '.appveyor.yml'
      warning: no previously-included files found matching '.clang-format'
      warning: no previously-included files found matching '.coveragerc'
      warning: no previously-included files found matching '.editorconfig'
      warning: no previously-included files found matching '.readthedocs.yml'
      warning: no previously-included files found matching 'codecov.yml'
      warning: no previously-included files found matching 'renovate.json'
      warning: no previously-included files matching '.git*' found anywhere in distribution
      warning: no previously-included files matching '*.pyc' found anywhere in distribution
      warning: no previously-included files matching '*.so' found anywhere in distribution
      no previously-included directories found matching '.ci'


      The headers or library files could not be found for jpeg,
      a required dependency when compiling Pillow from source.

      Please see the install instructions at:
         https://pillow.readthedocs.io/en/latest/installation.html

      Traceback (most recent call last):
        File &quot;&lt;string&gt;&quot;, line 993, in &lt;module&gt;
        File &quot;/home/j-vangoey/.cache/uv/builds-v0/.tmpaZdtRn/lib/python3.12/site-packages/setuptools/__init__.py&quot;, line 117, in setup
          return distutils.core.setup(**attrs)
                 ^^^^^^^^^^^^^^^^^^^^^^^^^^^^^
        File &quot;/home/j-vangoey/.cache/uv/builds-v0/.tmpaZdtRn/lib/python3.12/site-packages/setuptools/_distutils/core.py&quot;, line 183, in setup
          return run_commands(dist)
                 ^^^^^^^^^^^^^^^^^^
        File &quot;/home/j-vangoey/.cache/uv/builds-v0/.tmpaZdtRn/lib/python3.12/site-packages/setuptools/_distutils/core.py&quot;, line 199, in run_commands
          dist.run_commands()
        File &quot;/home/j-vangoey/.cache/uv/builds-v0/.tmpaZdtRn/lib/python3.12/site-packages/setuptools/_distutils/dist.py&quot;, line 954, in run_commands
          self.run_command(cmd)
        File &quot;/home/j-vangoey/.cache/uv/builds-v0/.tmpaZdtRn/lib/python3.12/site-packages/setuptools/dist.py&quot;, line 995, in run_command
          super().run_command(command)
        File &quot;/home/j-vangoey/.cache/uv/builds-v0/.tmpaZdtRn/lib/python3.12/site-packages/setuptools/_distutils/dist.py&quot;, line 973, in run_command
          cmd_obj.run()
        File &quot;/home/j-vangoey/.cache/uv/builds-v0/.tmpaZdtRn/lib/python3.12/site-packages/setuptools/command/bdist_wheel.py&quot;, line 381, in run
          self.run_command(&quot;build&quot;)
        File &quot;/home/j-vangoey/.cache/uv/builds-v0/.tmpaZdtRn/lib/python3.12/site-packages/setuptools/_distutils/cmd.py&quot;, line 316, in run_command
          self.distribution.run_command(command)
        File &quot;/home/j-vangoey/.cache/uv/builds-v0/.tmpaZdtRn/lib/python3.12/site-packages/setuptools/dist.py&quot;, line 995, in run_command
          super().run_command(command)
        File &quot;/home/j-vangoey/.cache/uv/builds-v0/.tmpaZdtRn/lib/python3.12/site-packages/setuptools/_distutils/dist.py&quot;, line 973, in run_command
          cmd_obj.run()
        File &quot;/home/j-vangoey/.cache/uv/builds-v0/.tmpaZdtRn/lib/python3.12/site-packages/setuptools/_distutils/command/build.py&quot;, line 135, in run
          self.run_command(cmd_name)
        File &quot;/home/j-vangoey/.cache/uv/builds-v0/.tmpaZdtRn/lib/python3.12/site-packages/setuptools/_distutils/cmd.py&quot;, line 316, in run_command
          self.distribution.run_command(command)
        File &quot;/home/j-vangoey/.cache/uv/builds-v0/.tmpaZdtRn/lib/python3.12/site-packages/setuptools/dist.py&quot;, line 995, in run_command
          super().run_command(command)
        File &quot;/home/j-vangoey/.cache/uv/builds-v0/.tmpaZdtRn/lib/python3.12/site-packages/setuptools/_distutils/dist.py&quot;, line 973, in run_command
          cmd_obj.run()
        File &quot;/home/j-vangoey/.cache/uv/builds-v0/.tmpaZdtRn/lib/python3.12/site-packages/setuptools/command/build_ext.py&quot;, line 99, in run
          _build_ext.run(self)
        File &quot;/home/j-vangoey/.cache/uv/builds-v0/.tmpaZdtRn/lib/python3.12/site-packages/setuptools/_distutils/command/build_ext.py&quot;, line 359, in run
          self.build_extensions()
        File &quot;&lt;string&gt;&quot;, line 809, in build_extensions
      RequiredDependencyException: jpeg

      During handling of the above exception, another exception occurred:

      Traceback (most recent call last):
        File &quot;&lt;string&gt;&quot;, line 11, in &lt;module&gt;
        File &quot;/home/j-vangoey/.cache/uv/builds-v0/.tmpaZdtRn/lib/python3.12/site-packages/setuptools/build_meta.py&quot;, line 435, in build_wheel
          return _build(['bdist_wheel'])
                 ^^^^^^^^^^^^^^^^^^^^^^^
        File &quot;/home/j-vangoey/.cache/uv/builds-v0/.tmpaZdtRn/lib/python3.12/site-packages/setuptools/build_meta.py&quot;, line 426, in _build
          return self._build_with_temp_dir(
                 ^^^^^^^^^^^^^^^^^^^^^^^^^^
        File &quot;/home/j-vangoey/.cache/uv/builds-v0/.tmpaZdtRn/lib/python3.12/site-packages/setuptools/build_meta.py&quot;, line 407, in _build_with_temp_dir
          self.run_setup()
        File &quot;/home/j-vangoey/.cache/uv/builds-v0/.tmpaZdtRn/lib/python3.12/site-packages/setuptools/build_meta.py&quot;, line 522, in run_setup
          super().run_setup(setup_script=setup_script)
        File &quot;/home/j-vangoey/.cache/uv/builds-v0/.tmpaZdtRn/lib/python3.12/site-packages/setuptools/build_meta.py&quot;, line 320, in run_setup
          exec(code, locals())
        File &quot;&lt;string&gt;&quot;, line 1010, in &lt;module&gt;
      RequiredDependencyException:

      The headers or library files could not be found for jpeg,
      a required dependency when compiling Pillow from source.

      Please see the install instructions at:
         https://pillow.readthedocs.io/en/latest/installation.html



  help: `pillow` (v9.5.0) was included because `textual-paint` (v0.4.0) depends on `pillow`
</code></pre>
<h2>System info:</h2>
<p>OS: Ubuntu 22.04.4 LTS x86_64
uv version: 0.5.6</p>
</div>
        </div>
        <div class="timeline-entry">
            <div class="timeline-header">Comment by <a href="https://github.com/zanieb">@zanieb</a> on 2024-12-12 21:17</div>
            <div class="timeline-body"><p>That's an impressive amount of problems! Sorry you ran into these. We'll need to follow-up on a few thnings here.</p>
</div>
        </div>
        <div class="timeline-entry">
            <div class="event">Assigned to @zanieb by @zanieb on 2024-12-12 21:17</div>
        </div>
        <div class="timeline-entry">
            <div class="event">Label <span class="label">bug</span> added by @zanieb on 2024-12-12 21:17</div>
        </div>
        <div class="timeline-entry">
            <div class="timeline-header">Comment by <a href="https://github.com/zanieb">@zanieb</a> on 2025-02-18 15:18</div>
            <div class="timeline-body"><p>Regarding the Python version constraint, it looks like this is missing from their published package</p>
<p>Here's the wheel metadata, which does not include a <code>Requires-Python</code> field
https://inspector.pypi.io/project/textual-paint/0.4.0/packages/71/ca/7929fa18b01403682da3180fedfcfeebabaa5a7e6ad773821a4e8cc7da64/textual_paint-0.4.0-py3-none-any.whl/textual_paint-0.4.0.dist-info/METADATA</p>
<p>for an example of correct metadata, see
https://inspector.pypi.io/project/anyio/4.8.0/packages/46/eb/e7f063ad1fec6b3178a3cd82d1a3c4de82cccf283fc42746168188e1cdd5/anyio-4.8.0-py3-none-any.whl/anyio-4.8.0.dist-info/METADATA#line.23</p>
<p>Unfortunately that's a problem with the package or setuptools, not something uv can fix.</p>
<p>Regarding the <code>pkg_resources</code> error, unfortunately, again that's a problem with another package and we can't do anything there except perhaps provide a hint about why that error could happen?</p>
<p>The <code>pillow</code> failure seems about right — the error says why it happens and links to their installation documentation. We can't manage system dependencies like that. See https://docs.astral.sh/uv/reference/troubleshooting/build-failures/</p>
<p>Sorry I don't have better answers here, but I don't see any bugs in uv.</p>
</div>
        </div>
        <div class="timeline-entry">
            <div class="event">Closed by @zanieb on 2025-02-18 15:18</div>
        </div>
        <div class="timeline-entry">
            <div class="event">Label <span class="label">bug</span> removed by @zanieb on 2025-02-18 15:18</div>
        </div>
        <div class="timeline-entry">
            <div class="event">Label <span class="label">question</span> added by @zanieb on 2025-02-18 15:18</div>
        </div>
        <div class="timeline-entry">
            <div class="event">Unassigned @zanieb by @zanieb on 2025-02-18 15:18</div>
        </div>
    </div>

    <footer>
        Synced at 2026-01-10 12:30:51 UTC
    </footer>
</body>
</html>
