<!DOCTYPE html>
<html lang="en">
<head>
    <meta charset="UTF-8">
    <meta name="viewport" content="width=device-width, initial-scale=1.0">
    <title>Error while installing llvmlite on Windows - astral-sh/uv #9898</title>
    <link rel="stylesheet" href="../../../style.css">
</head>
<body>
    <div class="back-link">
        <a href="../../../index.html">Back to index</a>
    </div>

    <h1>Error while installing llvmlite on Windows</h1>

    <div class="meta">
        <span class="state-icon state-closed"></span>
        <a href="https://github.com/astral-sh/uv/issues/9898">#9898</a>
        opened by <a href="https://github.com/jgobbo">@jgobbo</a>
        on 2024-12-14 20:24
    </div>

    <div class="timeline">
        <div class="timeline-entry">
            <div class="timeline-header"><a href="https://github.com/jgobbo">@jgobbo</a></div>
            <div class="timeline-body"><p>I&#x27;m trying to add numba as a dependency on my project but it&#x27;s failing to install llvmlite. I tried the solutions in <a href="https://github.com/astral-sh/uv/issues/6281">astral-sh/uv#6281</a> namely adding &quot;llvmlite &gt;=0.43.0&quot; to constraint-dependencies, but even with the newest version of llvmlite, the installation fails. I&#x27;ve tried clearing the uv cache and updating Visual Studio with no change in the result. Any help is greatly appreciated.</p>
<pre><code>&gt; uv add llvmlite
Resolved 51 packages in 231ms
  × Failed to download and build `llvmlite==0.43.0`
  ╰─▶ Build backend failed to build wheel through `build_wheel` (exit code: 1)

      [stdout]
      running bdist_wheel
      C:\Users\gobbo\AppData\Local\uv\cache\builds-v0\.tmpTdaGAp\Scripts\python.exe
      C:\Users\gobbo\AppData\Local\uv\cache\sdists-v6\pypi\llvmlite\0.43.0\FEFslMc92T44SRRD8uayn\src\ffi\build.py
      Trying generator (&#x27;Visual Studio 16 2019&#x27;, &#x27;x64&#x27;, &#x27;v142&#x27;)
      Running: cmake -G Visual Studio 16 2019 -A x64 -T v142
      C:\Users\gobbo\AppData\Local\uv\cache\sdists-v6\pypi\llvmlite\0.43.0\FEFslMc92T44SRRD8uayn\src\ffi\dummy

      [stderr]
      Traceback (most recent call last):
        File &quot;C:\Users\gobbo\AppData\Local\uv\cache\sdists-v6\pypi\llvmlite\0.43.0\FEFslMc92T44SRRD8uayn\src\ffi\build.py&quot;, line 235, in
      &lt;module&gt;
          main()
          ~~~~^^
        File &quot;C:\Users\gobbo\AppData\Local\uv\cache\sdists-v6\pypi\llvmlite\0.43.0\FEFslMc92T44SRRD8uayn\src\ffi\build.py&quot;, line 222, in
      main
          main_windows()
          ~~~~~~~~~~~~^^
        File &quot;C:\Users\gobbo\AppData\Local\uv\cache\sdists-v6\pypi\llvmlite\0.43.0\FEFslMc92T44SRRD8uayn\src\ffi\build.py&quot;, line 103, in
      main_windows
          generator = find_windows_generator()
        File &quot;C:\Users\gobbo\AppData\Local\uv\cache\sdists-v6\pypi\llvmlite\0.43.0\FEFslMc92T44SRRD8uayn\src\ffi\build.py&quot;, line 91, in
      find_windows_generator
          try_cmake(cmake_dir, build_dir, *generator)
          ~~~~~~~~~^^^^^^^^^^^^^^^^^^^^^^^^^^^^^^^^^^
        File &quot;C:\Users\gobbo\AppData\Local\uv\cache\sdists-v6\pypi\llvmlite\0.43.0\FEFslMc92T44SRRD8uayn\src\ffi\build.py&quot;, line 36, in
      try_cmake
          subprocess.check_call(args)
          ~~~~~~~~~~~~~~~~~~~~~^^^^^^
        File &quot;C:\Users\gobbo\AppData\Roaming\uv\python\cpython-3.13.1-windows-x86_64-none\Lib\subprocess.py&quot;, line 414, in check_call
          retcode = call(*popenargs, **kwargs)
        File &quot;C:\Users\gobbo\AppData\Roaming\uv\python\cpython-3.13.1-windows-x86_64-none\Lib\subprocess.py&quot;, line 395, in call
          with Popen(*popenargs, **kwargs) as p:
               ~~~~~^^^^^^^^^^^^^^^^^^^^^^
        File &quot;C:\Users\gobbo\AppData\Roaming\uv\python\cpython-3.13.1-windows-x86_64-none\Lib\subprocess.py&quot;, line 1036, in __init__
          self._execute_child(args, executable, preexec_fn, close_fds,
          ~~~~~~~~~~~~~~~~~~~^^^^^^^^^^^^^^^^^^^^^^^^^^^^^^^^^^^^^^^^^
                              pass_fds, cwd, env,
                              ^^^^^^^^^^^^^^^^^^^
          ...&lt;5 lines&gt;...
                              gid, gids, uid, umask,
                              ^^^^^^^^^^^^^^^^^^^^^^
                              start_new_session, process_group)
                              ^^^^^^^^^^^^^^^^^^^^^^^^^^^^^^^^^
        File &quot;C:\Users\gobbo\AppData\Roaming\uv\python\cpython-3.13.1-windows-x86_64-none\Lib\subprocess.py&quot;, line 1548, in _execute_child
          hp, ht, pid, tid = _winapi.CreateProcess(executable, args,
                             ~~~~~~~~~~~~~~~~~~~~~^^^^^^^^^^^^^^^^^^
                                   # no special security
                                   ^^^^^^^^^^^^^^^^^^^^^
          ...&lt;4 lines&gt;...
                                   cwd,
                                   ^^^^
                                   startupinfo)
                                   ^^^^^^^^^^^^
      FileNotFoundError: [WinError 2] The system cannot find the file specified
      error: command &#x27;C:\\Users\\gobbo\\AppData\\Local\\uv\\cache\\builds-v0\\.tmpTdaGAp\\Scripts\\python.exe&#x27; failed with exit code 1

  help: `llvmlite` (v0.43.0) was included because `arpes-uv` (v0.1.0) depends on `llvmlite`
</code></pre>
</div>
        </div>
        <div class="timeline-entry">
            <div class="timeline-header">Comment by <a href="https://github.com/charliermarsh">@charliermarsh</a> on 2024-12-15 00:02</div>
            <div class="timeline-body"><p>You may want to use an older version of Python, like Python 3.12. llvmlite doesn&#x27;t ship Python 3.13 wheels yet, so you have to build from source.</p>
</div>
        </div>
        <div class="timeline-entry">
            <div class="event">Label <span class="label">question</span> added by <a href="https://github.com/charliermarsh">@charliermarsh</a> on 2024-12-15 00:02</div>
        </div>
        <div class="timeline-entry">
            <div class="timeline-header">Comment by <a href="https://github.com/lordsoffallen">@lordsoffallen</a> on 2025-01-02 19:39</div>
            <div class="timeline-body"><p>I&#x27;m coming from Ubuntu, i have rather similar problem. I tried <code>uv add numba</code> which for some reason tries to pull <code>llvmlite==0.36.0</code> and it didn&#x27;t work. Then applied <code>uv add llvmlite</code> which installs 0.43.0 and then i run <code>uv add numba</code> which i get the following line:</p>
<pre><code>× Failed to build `numba==0.47.0`
  ├─▶ The build backend returned an error
  ╰─▶ Call to `setuptools.build_meta:__legacy__.build_wheel` failed (exit status: 1)

      [stdout]
      TBB not found
      OpenMP disabled
      running bdist_wheel
      running build
      got version from file /home/ftopal/.cache/uv/sdists-v6/pypi/numba/0.47.0/lkbnSyTJQFW97Jq0rrSPu/src/numba/_version.py
      {&#x27;version&#x27;: &#x27;0.47.0&#x27;, &#x27;full&#x27;: &#x27;4eb9cf875969ef7f099b292e0c5a8bb852f6fc7f&#x27;}
      running build_py
      creating build/lib.linux-x86_64-cpython-310/numba
      copying numba/transforms.py -&gt; build/lib.linux-x86_64-cpython-310/numba
      copying numba/listobject.py -&gt; build/lib.linux-x86_64-cpython-310/numba
      copying numba/tracing.py -&gt; build/lib.linux-x86_64-cpython-310/numba
      copying numba/appdirs.py -&gt; build/lib.linux-x86_64-cpython-310/numba
      copying numba/runtests.py -&gt; build/lib.linux-x86_64-cpython-310/numba
      copying numba/lowering.py -&gt; build/lib.linux-x86_64-cpython-310/numba
      copying numba/itanium_mangler.py -&gt; build/lib.linux-x86_64-cpython-310/numba
      copying numba/interpreter.py -&gt; build/lib.linux-x86_64-cpython-310/numba
      copying numba/untyped_passes.py -&gt; build/lib.linux-x86_64-cpython-310/numba
      copying numba/numba_entry.py -&gt; build/lib.linux-x86_64-cpython-310/numba
      copying numba/serialize.py -&gt; build/lib.linux-x86_64-cpython-310/numba
      copying numba/__init__.py -&gt; build/lib.linux-x86_64-cpython-310/numba
      copying numba/dictobject.py -&gt; build/lib.linux-x86_64-cpython-310/numba
      copying numba/ccallback.py -&gt; build/lib.linux-x86_64-cpython-310/numba
      copying numba/array_analysis.py -&gt; build/lib.linux-x86_64-cpython-310/numba
      copying numba/byteflow.py -&gt; build/lib.linux-x86_64-cpython-310/numba
      copying numba/npdatetime.py -&gt; build/lib.linux-x86_64-cpython-310/numba
      copying numba/cffi_support.py -&gt; build/lib.linux-x86_64-cpython-310/numba
      copying numba/callwrapper.py -&gt; build/lib.linux-x86_64-cpython-310/numba
      copying numba/caching.py -&gt; build/lib.linux-x86_64-cpython-310/numba
      copying numba/utils.py -&gt; build/lib.linux-x86_64-cpython-310/numba
      copying numba/compiler_lock.py -&gt; build/lib.linux-x86_64-cpython-310/numba
      copying numba/funcdesc.py -&gt; build/lib.linux-x86_64-cpython-310/numba
      copying numba/six.py -&gt; build/lib.linux-x86_64-cpython-310/numba
      copying numba/charseq.py -&gt; build/lib.linux-x86_64-cpython-310/numba
      copying numba/dispatcher.py -&gt; build/lib.linux-x86_64-cpython-310/numba
      copying numba/io_support.py -&gt; build/lib.linux-x86_64-cpython-310/numba
      copying numba/generators.py -&gt; build/lib.linux-x86_64-cpython-310/numba
      copying numba/ctypes_support.py -&gt; build/lib.linux-x86_64-cpython-310/numba
      copying numba/compiler.py -&gt; build/lib.linux-x86_64-cpython-310/numba
      copying numba/typeinfer.py -&gt; build/lib.linux-x86_64-cpython-310/numba
      copying numba/macro.py -&gt; build/lib.linux-x86_64-cpython-310/numba
      copying numba/pylowering.py -&gt; build/lib.linux-x86_64-cpython-310/numba
      copying numba/dataflow.py -&gt; build/lib.linux-x86_64-cpython-310/numba
      copying numba/_version.py -&gt; build/lib.linux-x86_64-cpython-310/numba
      copying numba/ir.py -&gt; build/lib.linux-x86_64-cpython-310/numba
      copying numba/cgutils.py -&gt; build/lib.linux-x86_64-cpython-310/numba
      copying numba/object_mode_passes.py -&gt; build/lib.linux-x86_64-cpython-310/numba
      copying numba/pretty_annotate.py -&gt; build/lib.linux-x86_64-cpython-310/numba
      copying numba/unicode.py -&gt; build/lib.linux-x86_64-cpython-310/numba
      copying numba/typedobjectutils.py -&gt; build/lib.linux-x86_64-cpython-310/numba
      copying numba/compiler_machinery.py -&gt; build/lib.linux-x86_64-cpython-310/numba
      copying numba/findlib.py -&gt; build/lib.linux-x86_64-cpython-310/numba
      copying numba/typed_passes.py -&gt; build/lib.linux-x86_64-cpython-310/numba
      copying numba/sigutils.py -&gt; build/lib.linux-x86_64-cpython-310/numba
      copying numba/numpy_support.py -&gt; build/lib.linux-x86_64-cpython-310/numba
      copying numba/controlflow.py -&gt; build/lib.linux-x86_64-cpython-310/numba
      copying numba/__main__.py -&gt; build/lib.linux-x86_64-cpython-310/numba
      copying numba/entrypoints.py -&gt; build/lib.linux-x86_64-cpython-310/numba
      copying numba/analysis.py -&gt; build/lib.linux-x86_64-cpython-310/numba
      copying numba/stencil.py -&gt; build/lib.linux-x86_64-cpython-310/numba
      copying numba/pythonapi.py -&gt; build/lib.linux-x86_64-cpython-310/numba
      copying numba/postproc.py -&gt; build/lib.linux-x86_64-cpython-310/numba
      copying numba/config.py -&gt; build/lib.linux-x86_64-cpython-310/numba
      copying numba/stencilparfor.py -&gt; build/lib.linux-x86_64-cpython-310/numba
      copying numba/dummyarray.py -&gt; build/lib.linux-x86_64-cpython-310/numba
      copying numba/inline_closurecall.py -&gt; build/lib.linux-x86_64-cpython-310/numba
      copying numba/decorators.py -&gt; build/lib.linux-x86_64-cpython-310/numba
      copying numba/parfor.py -&gt; build/lib.linux-x86_64-cpython-310/numba
      copying numba/bytecode.py -&gt; build/lib.linux-x86_64-cpython-310/numba
      copying numba/errors.py -&gt; build/lib.linux-x86_64-cpython-310/numba
      copying numba/unittest_support.py -&gt; build/lib.linux-x86_64-cpython-310/numba
      copying numba/_runtests.py -&gt; build/lib.linux-x86_64-cpython-310/numba
      copying numba/debuginfo.py -&gt; build/lib.linux-x86_64-cpython-310/numba
      copying numba/consts.py -&gt; build/lib.linux-x86_64-cpython-310/numba
      copying numba/ir_utils.py -&gt; build/lib.linux-x86_64-cpython-310/numba
      copying numba/extending.py -&gt; build/lib.linux-x86_64-cpython-310/numba
      copying numba/numpy_extensions.py -&gt; build/lib.linux-x86_64-cpython-310/numba
      copying numba/special.py -&gt; build/lib.linux-x86_64-cpython-310/numba
      copying numba/unicode_support.py -&gt; build/lib.linux-x86_64-cpython-310/numba
      copying numba/withcontexts.py -&gt; build/lib.linux-x86_64-cpython-310/numba
      creating build/lib.linux-x86_64-cpython-310/numba/annotations
      copying numba/annotations/__init__.py -&gt; build/lib.linux-x86_64-cpython-310/numba/annotations
      copying numba/annotations/type_annotations.py -&gt; build/lib.linux-x86_64-cpython-310/numba/annotations
      creating build/lib.linux-x86_64-cpython-310/numba/cext
      copying numba/cext/__init__.py -&gt; build/lib.linux-x86_64-cpython-310/numba/cext
      creating build/lib.linux-x86_64-cpython-310/numba/cuda
      copying numba/cuda/api.py -&gt; build/lib.linux-x86_64-cpython-310/numba/cuda
      copying numba/cuda/libdevice.py -&gt; build/lib.linux-x86_64-cpython-310/numba/cuda
      copying numba/cuda/intrinsic_wrapper.py -&gt; build/lib.linux-x86_64-cpython-310/numba/cuda
      copying numba/cuda/cudaimpl.py -&gt; build/lib.linux-x86_64-cpython-310/numba/cuda
      copying numba/cuda/__init__.py -&gt; build/lib.linux-x86_64-cpython-310/numba/cuda
      copying numba/cuda/descriptor.py -&gt; build/lib.linux-x86_64-cpython-310/numba/cuda
      copying numba/cuda/target.py -&gt; build/lib.linux-x86_64-cpython-310/numba/cuda
      copying numba/cuda/cuda_paths.py -&gt; build/lib.linux-x86_64-cpython-310/numba/cuda
      copying numba/cuda/args.py -&gt; build/lib.linux-x86_64-cpython-310/numba/cuda
      copying numba/cuda/envvars.py -&gt; build/lib.linux-x86_64-cpython-310/numba/cuda
      copying numba/cuda/dispatcher.py -&gt; build/lib.linux-x86_64-cpython-310/numba/cuda
      copying numba/cuda/compiler.py -&gt; build/lib.linux-x86_64-cpython-310/numba/cuda
      copying numba/cuda/nvvmutils.py -&gt; build/lib.linux-x86_64-cpython-310/numba/cuda
      copying numba/cuda/initialize.py -&gt; build/lib.linux-x86_64-cpython-310/numba/cuda
      copying numba/cuda/testing.py -&gt; build/lib.linux-x86_64-cpython-310/numba/cuda
      copying numba/cuda/cudamath.py -&gt; build/lib.linux-x86_64-cpython-310/numba/cuda
      copying numba/cuda/codegen.py -&gt; build/lib.linux-x86_64-cpython-310/numba/cuda
      copying numba/cuda/vectorizers.py -&gt; build/lib.linux-x86_64-cpython-310/numba/cuda
      copying numba/cuda/decorators.py -&gt; build/lib.linux-x86_64-cpython-310/numba/cuda
      copying numba/cuda/cudadecl.py -&gt; build/lib.linux-x86_64-cpython-310/numba/cuda
      copying numba/cuda/errors.py -&gt; build/lib.linux-x86_64-cpython-310/numba/cuda
      copying numba/cuda/stubs.py -&gt; build/lib.linux-x86_64-cpython-310/numba/cuda
      copying numba/cuda/simulator_init.py -&gt; build/lib.linux-x86_64-cpython-310/numba/cuda
      copying numba/cuda/printimpl.py -&gt; build/lib.linux-x86_64-cpython-310/numba/cuda
      copying numba/cuda/device_init.py -&gt; build/lib.linux-x86_64-cpython-310/numba/cuda
      copying numba/cuda/random.py -&gt; build/lib.linux-x86_64-cpython-310/numba/cuda
      creating build/lib.linux-x86_64-cpython-310/numba/cuda/cudadrv
      copying numba/cuda/cudadrv/__init__.py -&gt; build/lib.linux-x86_64-cpython-310/numba/cuda/cudadrv
      copying numba/cuda/cudadrv/libs.py -&gt; build/lib.linux-x86_64-cpython-310/numba/cuda/cudadrv
      copying numba/cuda/cudadrv/nvvm.py -&gt; build/lib.linux-x86_64-cpython-310/numba/cuda/cudadrv
      copying numba/cuda/cudadrv/error.py -&gt; build/lib.linux-x86_64-cpython-310/numba/cuda/cudadrv
      copying numba/cuda/cudadrv/devices.py -&gt; build/lib.linux-x86_64-cpython-310/numba/cuda/cudadrv
      copying numba/cuda/cudadrv/drvapi.py -&gt; build/lib.linux-x86_64-cpython-310/numba/cuda/cudadrv
      copying numba/cuda/cudadrv/ndarray.py -&gt; build/lib.linux-x86_64-cpython-310/numba/cuda/cudadrv
      copying numba/cuda/cudadrv/autotune.py -&gt; build/lib.linux-x86_64-cpython-310/numba/cuda/cudadrv
      copying numba/cuda/cudadrv/devicearray.py -&gt; build/lib.linux-x86_64-cpython-310/numba/cuda/cudadrv
      copying numba/cuda/cudadrv/enums.py -&gt; build/lib.linux-x86_64-cpython-310/numba/cuda/cudadrv
      copying numba/cuda/cudadrv/driver.py -&gt; build/lib.linux-x86_64-cpython-310/numba/cuda/cudadrv
      creating build/lib.linux-x86_64-cpython-310/numba/cuda/kernels
      copying numba/cuda/kernels/__init__.py -&gt; build/lib.linux-x86_64-cpython-310/numba/cuda/kernels
      copying numba/cuda/kernels/transpose.py -&gt; build/lib.linux-x86_64-cpython-310/numba/cuda/kernels
      copying numba/cuda/kernels/reduction.py -&gt; build/lib.linux-x86_64-cpython-310/numba/cuda/kernels
      creating build/lib.linux-x86_64-cpython-310/numba/cuda/simulator
      copying numba/cuda/simulator/api.py -&gt; build/lib.linux-x86_64-cpython-310/numba/cuda/simulator
      copying numba/cuda/simulator/__init__.py -&gt; build/lib.linux-x86_64-cpython-310/numba/cuda/simulator
      copying numba/cuda/simulator/kernelapi.py -&gt; build/lib.linux-x86_64-cpython-310/numba/cuda/simulator
      copying numba/cuda/simulator/kernel.py -&gt; build/lib.linux-x86_64-cpython-310/numba/cuda/simulator
      copying numba/cuda/simulator/reduction.py -&gt; build/lib.linux-x86_64-cpython-310/numba/cuda/simulator
      copying numba/cuda/simulator/compiler.py -&gt; build/lib.linux-x86_64-cpython-310/numba/cuda/simulator
      creating build/lib.linux-x86_64-cpython-310/numba/cuda/simulator/cudadrv
      copying numba/cuda/simulator/cudadrv/__init__.py -&gt; build/lib.linux-x86_64-cpython-310/numba/cuda/simulator/cudadrv
      copying numba/cuda/simulator/cudadrv/nvvm.py -&gt; build/lib.linux-x86_64-cpython-310/numba/cuda/simulator/cudadrv
      copying numba/cuda/simulator/cudadrv/devices.py -&gt; build/lib.linux-x86_64-cpython-310/numba/cuda/simulator/cudadrv
      copying numba/cuda/simulator/cudadrv/drvapi.py -&gt; build/lib.linux-x86_64-cpython-310/numba/cuda/simulator/cudadrv
      copying numba/cuda/simulator/cudadrv/devicearray.py -&gt; build/lib.linux-x86_64-cpython-310/numba/cuda/simulator/cudadrv
      copying numba/cuda/simulator/cudadrv/driver.py -&gt; build/lib.linux-x86_64-cpython-310/numba/cuda/simulator/cudadrv
      creating build/lib.linux-x86_64-cpython-310/numba/cuda/tests
      copying numba/cuda/tests/__init__.py -&gt; build/lib.linux-x86_64-cpython-310/numba/cuda/tests
      creating build/lib.linux-x86_64-cpython-310/numba/cuda/tests/cudadrv
      copying numba/cuda/tests/cudadrv/test_cuda_auto_context.py -&gt; build/lib.linux-x86_64-cpython-310/numba/cuda/tests/cudadrv
      copying numba/cuda/tests/cudadrv/__init__.py -&gt; build/lib.linux-x86_64-cpython-310/numba/cuda/tests/cudadrv
      copying numba/cuda/tests/cudadrv/test_profiler.py -&gt; build/lib.linux-x86_64-cpython-310/numba/cuda/tests/cudadrv
      copying numba/cuda/tests/cudadrv/test_cuda_devicerecord.py -&gt; build/lib.linux-x86_64-cpython-310/numba/cuda/tests/cudadrv
      copying numba/cuda/tests/cudadrv/test_array_attr.py -&gt; build/lib.linux-x86_64-cpython-310/numba/cuda/tests/cudadrv
      copying numba/cuda/tests/cudadrv/test_select_device.py -&gt; build/lib.linux-x86_64-cpython-310/numba/cuda/tests/cudadrv
      copying numba/cuda/tests/cudadrv/test_reset_device.py -&gt; build/lib.linux-x86_64-cpython-310/numba/cuda/tests/cudadrv
      copying numba/cuda/tests/cudadrv/test_linker.py -&gt; build/lib.linux-x86_64-cpython-310/numba/cuda/tests/cudadrv
      copying numba/cuda/tests/cudadrv/test_host_alloc.py -&gt; build/lib.linux-x86_64-cpython-310/numba/cuda/tests/cudadrv
      copying numba/cuda/tests/cudadrv/test_cuda_driver.py -&gt; build/lib.linux-x86_64-cpython-310/numba/cuda/tests/cudadrv
      copying numba/cuda/tests/cudadrv/test_detect.py -&gt; build/lib.linux-x86_64-cpython-310/numba/cuda/tests/cudadrv
      copying numba/cuda/tests/cudadrv/test_events.py -&gt; build/lib.linux-x86_64-cpython-310/numba/cuda/tests/cudadrv
      copying numba/cuda/tests/cudadrv/test_context_stack.py -&gt; build/lib.linux-x86_64-cpython-310/numba/cuda/tests/cudadrv
      copying numba/cuda/tests/cudadrv/test_cuda_memory.py -&gt; build/lib.linux-x86_64-cpython-310/numba/cuda/tests/cudadrv
      copying numba/cuda/tests/cudadrv/test_ir_patch.py -&gt; build/lib.linux-x86_64-cpython-310/numba/cuda/tests/cudadrv
      copying numba/cuda/tests/cudadrv/test_inline_ptx.py -&gt; build/lib.linux-x86_64-cpython-310/numba/cuda/tests/cudadrv
      copying numba/cuda/tests/cudadrv/test_cuda_libraries.py -&gt; build/lib.linux-x86_64-cpython-310/numba/cuda/tests/cudadrv
      copying numba/cuda/tests/cudadrv/test_pinned.py -&gt; build/lib.linux-x86_64-cpython-310/numba/cuda/tests/cudadrv
      copying numba/cuda/tests/cudadrv/test_cuda_ndarray.py -&gt; build/lib.linux-x86_64-cpython-310/numba/cuda/tests/cudadrv
      copying numba/cuda/tests/cudadrv/test_deallocations.py -&gt; build/lib.linux-x86_64-cpython-310/numba/cuda/tests/cudadrv
      copying numba/cuda/tests/cudadrv/test_cuda_array_slicing.py -&gt; build/lib.linux-x86_64-cpython-310/numba/cuda/tests/cudadrv
      copying numba/cuda/tests/cudadrv/test_nvvm_driver.py -&gt; build/lib.linux-x86_64-cpython-310/numba/cuda/tests/cudadrv
      creating build/lib.linux-x86_64-cpython-310/numba/cuda/tests/cudadrv/data
      copying numba/cuda/tests/cudadrv/data/__init__.py -&gt; build/lib.linux-x86_64-cpython-310/numba/cuda/tests/cudadrv/data
      creating build/lib.linux-x86_64-cpython-310/numba/cuda/tests/cudapy
      copying numba/cuda/tests/cudapy/test_autojit.py -&gt; build/lib.linux-x86_64-cpython-310/numba/cuda/tests/cudapy
      copying numba/cuda/tests/cudapy/test_serialize.py -&gt; build/lib.linux-x86_64-cpython-310/numba/cuda/tests/cudapy
      copying numba/cuda/tests/cudapy/test_device_func.py -&gt; build/lib.linux-x86_64-cpython-310/numba/cuda/tests/cudapy
      copying numba/cuda/tests/cudapy/test_minmax.py -&gt; build/lib.linux-x86_64-cpython-310/numba/cuda/tests/cudapy
      copying numba/cuda/tests/cudapy/test_lang.py -&gt; build/lib.linux-x86_64-cpython-310/numba/cuda/tests/cudapy
      copying numba/cuda/tests/cudapy/test_math.py -&gt; build/lib.linux-x86_64-cpython-310/numba/cuda/tests/cudapy
      copying numba/cuda/tests/cudapy/test_globals.py -&gt; build/lib.linux-x86_64-cpython-310/numba/cuda/tests/cudapy
      copying numba/cuda/tests/cudapy/test_random.py -&gt; build/lib.linux-x86_64-cpython-310/numba/cuda/tests/cudapy
      copying numba/cuda/tests/cudapy/test_blackscholes.py -&gt; build/lib.linux-x86_64-cpython-310/numba/cuda/tests/cudapy
      copying numba/cuda/tests/cudapy/test_userexc.py -&gt; build/lib.linux-x86_64-cpython-310/numba/cuda/tests/cudapy
      copying numba/cuda/tests/cudapy/test_slicing.py -&gt; build/lib.linux-x86_64-cpython-310/numba/cuda/tests/cudapy
      copying numba/cuda/tests/cudapy/test_idiv.py -&gt; build/lib.linux-x86_64-cpython-310/numba/cuda/tests/cudapy
      copying numba/cuda/tests/cudapy/__init__.py -&gt; build/lib.linux-x86_64-cpython-310/numba/cuda/tests/cudapy
      copying numba/cuda/tests/cudapy/test_gufunc_scheduling.py -&gt; build/lib.linux-x86_64-cpython-310/numba/cuda/tests/cudapy
      copying numba/cuda/tests/cudapy/test_const_string.py -&gt; build/lib.linux-x86_64-cpython-310/numba/cuda/tests/cudapy
      copying numba/cuda/tests/cudapy/test_vectorize.py -&gt; build/lib.linux-x86_64-cpython-310/numba/cuda/tests/cudapy
      copying numba/cuda/tests/cudapy/test_constmem.py -&gt; build/lib.linux-x86_64-cpython-310/numba/cuda/tests/cudapy
      copying numba/cuda/tests/cudapy/test_localmem.py -&gt; build/lib.linux-x86_64-cpython-310/numba/cuda/tests/cudapy
      copying numba/cuda/tests/cudapy/test_nondet.py -&gt; build/lib.linux-x86_64-cpython-310/numba/cuda/tests/cudapy
      copying numba/cuda/tests/cudapy/test_powi.py -&gt; build/lib.linux-x86_64-cpython-310/numba/cuda/tests/cudapy
      copying numba/cuda/tests/cudapy/test_cuda_array_interface.py -&gt; build/lib.linux-x86_64-cpython-310/numba/cuda/tests/cudapy
      copying numba/cuda/tests/cudapy/test_matmul.py -&gt; build/lib.linux-x86_64-cpython-310/numba/cuda/tests/cudapy
      copying numba/cuda/tests/cudapy/test_exception.py -&gt; build/lib.linux-x86_64-cpython-310/numba/cuda/tests/cudapy
      copying numba/cuda/tests/cudapy/test_reduction.py -&gt; build/lib.linux-x86_64-cpython-310/numba/cuda/tests/cudapy
      copying numba/cuda/tests/cudapy/test_multigpu.py -&gt; build/lib.linux-x86_64-cpython-310/numba/cuda/tests/cudapy
      copying numba/cuda/tests/cudapy/test_array_methods.py -&gt; build/lib.linux-x86_64-cpython-310/numba/cuda/tests/cudapy
      copying numba/cuda/tests/cudapy/test_debuginfo.py -&gt; build/lib.linux-x86_64-cpython-310/numba/cuda/tests/cudapy
      copying numba/cuda/tests/cudapy/test_intrinsics.py -&gt; build/lib.linux-x86_64-cpython-310/numba/cuda/tests/cudapy
      copying numba/cuda/tests/cudapy/test_array_args.py -&gt; build/lib.linux-x86_64-cpython-310/numba/cuda/tests/cudapy
      copying numba/cuda/tests/cudapy/test_multithreads.py -&gt; build/lib.linux-x86_64-cpython-310/numba/cuda/tests/cudapy
      copying numba/cuda/tests/cudapy/test_gufunc.py -&gt; build/lib.linux-x86_64-cpython-310/numba/cuda/tests/cudapy
      copying numba/cuda/tests/cudapy/test_vectorize_complex.py -&gt; build/lib.linux-x86_64-cpython-310/numba/cuda/tests/cudapy
      copying numba/cuda/tests/cudapy/test_montecarlo.py -&gt; build/lib.linux-x86_64-cpython-310/numba/cuda/tests/cudapy
      copying numba/cuda/tests/cudapy/test_record_dtype.py -&gt; build/lib.linux-x86_64-cpython-310/numba/cuda/tests/cudapy
      copying numba/cuda/tests/cudapy/test_vectorize_scalar_arg.py -&gt; build/lib.linux-x86_64-cpython-310/numba/cuda/tests/cudapy
      copying numba/cuda/tests/cudapy/test_sm.py -&gt; build/lib.linux-x86_64-cpython-310/numba/cuda/tests/cudapy
      copying numba/cuda/tests/cudapy/test_casting.py -&gt; build/lib.linux-x86_64-cpython-310/numba/cuda/tests/cudapy
      copying numba/cuda/tests/cudapy/test_laplace.py -&gt; build/lib.linux-x86_64-cpython-310/numba/cuda/tests/cudapy
      copying numba/cuda/tests/cudapy/test_fastmath.py -&gt; build/lib.linux-x86_64-cpython-310/numba/cuda/tests/cudapy
      copying numba/cuda/tests/cudapy/test_boolean.py -&gt; build/lib.linux-x86_64-cpython-310/numba/cuda/tests/cudapy
      copying numba/cuda/tests/cudapy/test_vectorize_device.py -&gt; build/lib.linux-x86_64-cpython-310/numba/cuda/tests/cudapy
      copying numba/cuda/tests/cudapy/test_operator.py -&gt; build/lib.linux-x86_64-cpython-310/numba/cuda/tests/cudapy
      copying numba/cuda/tests/cudapy/test_alignment.py -&gt; build/lib.linux-x86_64-cpython-310/numba/cuda/tests/cudapy
      copying numba/cuda/tests/cudapy/test_debug.py -&gt; build/lib.linux-x86_64-cpython-310/numba/cuda/tests/cudapy
      copying numba/cuda/tests/cudapy/test_inspect.py -&gt; build/lib.linux-x86_64-cpython-310/numba/cuda/tests/cudapy
      copying numba/cuda/tests/cudapy/test_forall.py -&gt; build/lib.linux-x86_64-cpython-310/numba/cuda/tests/cudapy
      copying numba/cuda/tests/cudapy/test_array.py -&gt; build/lib.linux-x86_64-cpython-310/numba/cuda/tests/cudapy
      copying numba/cuda/tests/cudapy/test_py2_div_issue.py -&gt; build/lib.linux-x86_64-cpython-310/numba/cuda/tests/cudapy
      copying numba/cuda/tests/cudapy/test_complex_kernel.py -&gt; build/lib.linux-x86_64-cpython-310/numba/cuda/tests/cudapy
      copying numba/cuda/tests/cudapy/test_freevar.py -&gt; build/lib.linux-x86_64-cpython-310/numba/cuda/tests/cudapy
      copying numba/cuda/tests/cudapy/test_atomics.py -&gt; build/lib.linux-x86_64-cpython-310/numba/cuda/tests/cudapy
      copying numba/cuda/tests/cudapy/test_macro.py -&gt; build/lib.linux-x86_64-cpython-310/numba/cuda/tests/cudapy
      copying numba/cuda/tests/cudapy/test_vectorize_decor.py -&gt; build/lib.linux-x86_64-cpython-310/numba/cuda/tests/cudapy
      copying numba/cuda/tests/cudapy/test_deprecation.py -&gt; build/lib.linux-x86_64-cpython-310/numba/cuda/tests/cudapy
      copying numba/cuda/tests/cudapy/test_mandel.py -&gt; build/lib.linux-x86_64-cpython-310/numba/cuda/tests/cudapy
      copying numba/cuda/tests/cudapy/test_sync.py -&gt; build/lib.linux-x86_64-cpython-310/numba/cuda/tests/cudapy
      copying numba/cuda/tests/cudapy/test_transpose.py -&gt; build/lib.linux-x86_64-cpython-310/numba/cuda/tests/cudapy
      copying numba/cuda/tests/cudapy/test_warp_ops.py -&gt; build/lib.linux-x86_64-cpython-310/numba/cuda/tests/cudapy
      copying numba/cuda/tests/cudapy/test_errors.py -&gt; build/lib.linux-x86_64-cpython-310/numba/cuda/tests/cudapy
      copying numba/cuda/tests/cudapy/test_datetime.py -&gt; build/lib.linux-x86_64-cpython-310/numba/cuda/tests/cudapy
      copying numba/cuda/tests/cudapy/test_print.py -&gt; build/lib.linux-x86_64-cpython-310/numba/cuda/tests/cudapy
      copying numba/cuda/tests/cudapy/test_complex.py -&gt; build/lib.linux-x86_64-cpython-310/numba/cuda/tests/cudapy
      copying numba/cuda/tests/cudapy/test_retrieve_autoconverted_arrays.py -&gt;
      build/lib.linux-x86_64-cpython-310/numba/cuda/tests/cudapy
      copying numba/cuda/tests/cudapy/test_multiprocessing.py -&gt; build/lib.linux-x86_64-cpython-310/numba/cuda/tests/cudapy
      copying numba/cuda/tests/cudapy/test_cuda_autojit.py -&gt; build/lib.linux-x86_64-cpython-310/numba/cuda/tests/cudapy
      copying numba/cuda/tests/cudapy/test_gufunc_scalar.py -&gt; build/lib.linux-x86_64-cpython-310/numba/cuda/tests/cudapy
      copying numba/cuda/tests/cudapy/test_ipc.py -&gt; build/lib.linux-x86_64-cpython-310/numba/cuda/tests/cudapy
      creating build/lib.linux-x86_64-cpython-310/numba/cuda/tests/cudasim
      copying numba/cuda/tests/cudasim/__init__.py -&gt; build/lib.linux-x86_64-cpython-310/numba/cuda/tests/cudasim
      copying numba/cuda/tests/cudasim/test_cudasim_issues.py -&gt; build/lib.linux-x86_64-cpython-310/numba/cuda/tests/cudasim
      copying numba/cuda/tests/cudasim/support.py -&gt; build/lib.linux-x86_64-cpython-310/numba/cuda/tests/cudasim
      creating build/lib.linux-x86_64-cpython-310/numba/cuda/tests/nocuda
      copying numba/cuda/tests/nocuda/__init__.py -&gt; build/lib.linux-x86_64-cpython-310/numba/cuda/tests/nocuda
      copying numba/cuda/tests/nocuda/test_library_lookup.py -&gt; build/lib.linux-x86_64-cpython-310/numba/cuda/tests/nocuda
      copying numba/cuda/tests/nocuda/test_nvvm.py -&gt; build/lib.linux-x86_64-cpython-310/numba/cuda/tests/nocuda
      creating build/lib.linux-x86_64-cpython-310/numba/datamodel
      copying numba/datamodel/__init__.py -&gt; build/lib.linux-x86_64-cpython-310/numba/datamodel
      copying numba/datamodel/registry.py -&gt; build/lib.linux-x86_64-cpython-310/numba/datamodel
      copying numba/datamodel/testing.py -&gt; build/lib.linux-x86_64-cpython-310/numba/datamodel
      copying numba/datamodel/manager.py -&gt; build/lib.linux-x86_64-cpython-310/numba/datamodel
      copying numba/datamodel/packer.py -&gt; build/lib.linux-x86_64-cpython-310/numba/datamodel
      copying numba/datamodel/models.py -&gt; build/lib.linux-x86_64-cpython-310/numba/datamodel
      creating build/lib.linux-x86_64-cpython-310/numba/help
      copying numba/help/inspector.py -&gt; build/lib.linux-x86_64-cpython-310/numba/help
      copying numba/help/__init__.py -&gt; build/lib.linux-x86_64-cpython-310/numba/help
      creating build/lib.linux-x86_64-cpython-310/numba/jitclass
      copying numba/jitclass/base.py -&gt; build/lib.linux-x86_64-cpython-310/numba/jitclass
      copying numba/jitclass/__init__.py -&gt; build/lib.linux-x86_64-cpython-310/numba/jitclass
      copying numba/jitclass/boxing.py -&gt; build/lib.linux-x86_64-cpython-310/numba/jitclass
      copying numba/jitclass/decorators.py -&gt; build/lib.linux-x86_64-cpython-310/numba/jitclass
      creating build/lib.linux-x86_64-cpython-310/numba/npyufunc
      copying numba/npyufunc/__init__.py -&gt; build/lib.linux-x86_64-cpython-310/numba/npyufunc
      copying numba/npyufunc/ufuncbuilder.py -&gt; build/lib.linux-x86_64-cpython-310/numba/npyufunc
      copying numba/npyufunc/parallel.py -&gt; build/lib.linux-x86_64-cpython-310/numba/npyufunc
      copying numba/npyufunc/array_exprs.py -&gt; build/lib.linux-x86_64-cpython-310/numba/npyufunc
      copying numba/npyufunc/sigparse.py -&gt; build/lib.linux-x86_64-cpython-310/numba/npyufunc
      copying numba/npyufunc/dufunc.py -&gt; build/lib.linux-x86_64-cpython-310/numba/npyufunc
      copying numba/npyufunc/deviceufunc.py -&gt; build/lib.linux-x86_64-cpython-310/numba/npyufunc
      copying numba/npyufunc/wrappers.py -&gt; build/lib.linux-x86_64-cpython-310/numba/npyufunc
      copying numba/npyufunc/decorators.py -&gt; build/lib.linux-x86_64-cpython-310/numba/npyufunc
      copying numba/npyufunc/parfor.py -&gt; build/lib.linux-x86_64-cpython-310/numba/npyufunc
      creating build/lib.linux-x86_64-cpython-310/numba/pycc
      copying numba/pycc/__init__.py -&gt; build/lib.linux-x86_64-cpython-310/numba/pycc
      copying numba/pycc/llvm_types.py -&gt; build/lib.linux-x86_64-cpython-310/numba/pycc
      copying numba/pycc/compiler.py -&gt; build/lib.linux-x86_64-cpython-310/numba/pycc
      copying numba/pycc/cc.py -&gt; build/lib.linux-x86_64-cpython-310/numba/pycc
      copying numba/pycc/platform.py -&gt; build/lib.linux-x86_64-cpython-310/numba/pycc
      copying numba/pycc/decorators.py -&gt; build/lib.linux-x86_64-cpython-310/numba/pycc
      creating build/lib.linux-x86_64-cpython-310/numba/rewrites
      copying numba/rewrites/__init__.py -&gt; build/lib.linux-x86_64-cpython-310/numba/rewrites
      copying numba/rewrites/static_getitem.py -&gt; build/lib.linux-x86_64-cpython-310/numba/rewrites
      copying numba/rewrites/registry.py -&gt; build/lib.linux-x86_64-cpython-310/numba/rewrites
      copying numba/rewrites/static_raise.py -&gt; build/lib.linux-x86_64-cpython-310/numba/rewrites
      copying numba/rewrites/static_binop.py -&gt; build/lib.linux-x86_64-cpython-310/numba/rewrites
      copying numba/rewrites/ir_print.py -&gt; build/lib.linux-x86_64-cpython-310/numba/rewrites
      copying numba/rewrites/macros.py -&gt; build/lib.linux-x86_64-cpython-310/numba/rewrites
      creating build/lib.linux-x86_64-cpython-310/numba/roc
      copying numba/roc/api.py -&gt; build/lib.linux-x86_64-cpython-310/numba/roc
      copying numba/roc/__init__.py -&gt; build/lib.linux-x86_64-cpython-310/numba/roc
      copying numba/roc/descriptor.py -&gt; build/lib.linux-x86_64-cpython-310/numba/roc
      copying numba/roc/mathdecl.py -&gt; build/lib.linux-x86_64-cpython-310/numba/roc
      copying numba/roc/target.py -&gt; build/lib.linux-x86_64-cpython-310/numba/roc
      copying numba/roc/compiler.py -&gt; build/lib.linux-x86_64-cpython-310/numba/roc
      copying numba/roc/mathimpl.py -&gt; build/lib.linux-x86_64-cpython-310/numba/roc
      copying numba/roc/initialize.py -&gt; build/lib.linux-x86_64-cpython-310/numba/roc
      copying numba/roc/enums.py -&gt; build/lib.linux-x86_64-cpython-310/numba/roc
      copying numba/roc/codegen.py -&gt; build/lib.linux-x86_64-cpython-310/numba/roc
      copying numba/roc/dispatch.py -&gt; build/lib.linux-x86_64-cpython-310/numba/roc
      copying numba/roc/vectorizers.py -&gt; build/lib.linux-x86_64-cpython-310/numba/roc
      copying numba/roc/decorators.py -&gt; build/lib.linux-x86_64-cpython-310/numba/roc
      copying numba/roc/hsaimpl.py -&gt; build/lib.linux-x86_64-cpython-310/numba/roc
      copying numba/roc/stubs.py -&gt; build/lib.linux-x86_64-cpython-310/numba/roc
      copying numba/roc/hsadecl.py -&gt; build/lib.linux-x86_64-cpython-310/numba/roc
      copying numba/roc/gcn_occupancy.py -&gt; build/lib.linux-x86_64-cpython-310/numba/roc
      creating build/lib.linux-x86_64-cpython-310/numba/roc/hlc
      copying numba/roc/hlc/__init__.py -&gt; build/lib.linux-x86_64-cpython-310/numba/roc/hlc
      copying numba/roc/hlc/hlc.py -&gt; build/lib.linux-x86_64-cpython-310/numba/roc/hlc
      copying numba/roc/hlc/config.py -&gt; build/lib.linux-x86_64-cpython-310/numba/roc/hlc
      copying numba/roc/hlc/common.py -&gt; build/lib.linux-x86_64-cpython-310/numba/roc/hlc
      copying numba/roc/hlc/libhlc.py -&gt; build/lib.linux-x86_64-cpython-310/numba/roc/hlc
      creating build/lib.linux-x86_64-cpython-310/numba/roc/hsadrv
      copying numba/roc/hsadrv/enums_ext.py -&gt; build/lib.linux-x86_64-cpython-310/numba/roc/hsadrv
      copying numba/roc/hsadrv/__init__.py -&gt; build/lib.linux-x86_64-cpython-310/numba/roc/hsadrv
      copying numba/roc/hsadrv/error.py -&gt; build/lib.linux-x86_64-cpython-310/numba/roc/hsadrv
      copying numba/roc/hsadrv/devices.py -&gt; build/lib.linux-x86_64-cpython-310/numba/roc/hsadrv
      copying numba/roc/hsadrv/drvapi.py -&gt; build/lib.linux-x86_64-cpython-310/numba/roc/hsadrv
      copying numba/roc/hsadrv/devicearray.py -&gt; build/lib.linux-x86_64-cpython-310/numba/roc/hsadrv
      copying numba/roc/hsadrv/enums.py -&gt; build/lib.linux-x86_64-cpython-310/numba/roc/hsadrv
      copying numba/roc/hsadrv/driver.py -&gt; build/lib.linux-x86_64-cpython-310/numba/roc/hsadrv
      creating build/lib.linux-x86_64-cpython-310/numba/roc/tests
      copying numba/roc/tests/__init__.py -&gt; build/lib.linux-x86_64-cpython-310/numba/roc/tests
      creating build/lib.linux-x86_64-cpython-310/numba/roc/tests/hsadrv
      copying numba/roc/tests/hsadrv/__init__.py -&gt; build/lib.linux-x86_64-cpython-310/numba/roc/tests/hsadrv
      copying numba/roc/tests/hsadrv/test_driver.py -&gt; build/lib.linux-x86_64-cpython-310/numba/roc/tests/hsadrv
      copying numba/roc/tests/hsadrv/test_async.py -&gt; build/lib.linux-x86_64-cpython-310/numba/roc/tests/hsadrv
      creating build/lib.linux-x86_64-cpython-310/numba/roc/tests/hsapy
      copying numba/roc/tests/hsapy/test_autojit.py -&gt; build/lib.linux-x86_64-cpython-310/numba/roc/tests/hsapy
      copying numba/roc/tests/hsapy/test_math.py -&gt; build/lib.linux-x86_64-cpython-310/numba/roc/tests/hsapy
      copying numba/roc/tests/hsapy/test_gufuncbuilding.py -&gt; build/lib.linux-x86_64-cpython-310/numba/roc/tests/hsapy
      copying numba/roc/tests/hsapy/__init__.py -&gt; build/lib.linux-x86_64-cpython-310/numba/roc/tests/hsapy
      copying numba/roc/tests/hsapy/run_far_branch.py -&gt; build/lib.linux-x86_64-cpython-310/numba/roc/tests/hsapy
      copying numba/roc/tests/hsapy/test_matmul.py -&gt; build/lib.linux-x86_64-cpython-310/numba/roc/tests/hsapy
      copying numba/roc/tests/hsapy/test_reduction.py -&gt; build/lib.linux-x86_64-cpython-310/numba/roc/tests/hsapy
      copying numba/roc/tests/hsapy/test_intrinsics.py -&gt; build/lib.linux-x86_64-cpython-310/numba/roc/tests/hsapy
      copying numba/roc/tests/hsapy/test_positioning.py -&gt; build/lib.linux-x86_64-cpython-310/numba/roc/tests/hsapy
      copying numba/roc/tests/hsapy/test_simple.py -&gt; build/lib.linux-x86_64-cpython-310/numba/roc/tests/hsapy
      copying numba/roc/tests/hsapy/test_compiler.py -&gt; build/lib.linux-x86_64-cpython-310/numba/roc/tests/hsapy
      copying numba/roc/tests/hsapy/test_linkage.py -&gt; build/lib.linux-x86_64-cpython-310/numba/roc/tests/hsapy
      copying numba/roc/tests/hsapy/test_scan.py -&gt; build/lib.linux-x86_64-cpython-310/numba/roc/tests/hsapy
      copying numba/roc/tests/hsapy/test_barrier.py -&gt; build/lib.linux-x86_64-cpython-310/numba/roc/tests/hsapy
      copying numba/roc/tests/hsapy/test_memory.py -&gt; build/lib.linux-x86_64-cpython-310/numba/roc/tests/hsapy
      copying numba/roc/tests/hsapy/test_occupancy.py -&gt; build/lib.linux-x86_64-cpython-310/numba/roc/tests/hsapy
      copying numba/roc/tests/hsapy/test_ufuncbuilding.py -&gt; build/lib.linux-x86_64-cpython-310/numba/roc/tests/hsapy
      copying numba/roc/tests/hsapy/test_atomics.py -&gt; build/lib.linux-x86_64-cpython-310/numba/roc/tests/hsapy
      copying numba/roc/tests/hsapy/test_decorator.py -&gt; build/lib.linux-x86_64-cpython-310/numba/roc/tests/hsapy
      copying numba/roc/tests/hsapy/test_async_kernel.py -&gt; build/lib.linux-x86_64-cpython-310/numba/roc/tests/hsapy
      copying numba/roc/tests/hsapy/test_large_code.py -&gt; build/lib.linux-x86_64-cpython-310/numba/roc/tests/hsapy
      creating build/lib.linux-x86_64-cpython-310/numba/runtime
      copying numba/runtime/__init__.py -&gt; build/lib.linux-x86_64-cpython-310/numba/runtime
      copying numba/runtime/nrt.py -&gt; build/lib.linux-x86_64-cpython-310/numba/runtime
      copying numba/runtime/nrtopt.py -&gt; build/lib.linux-x86_64-cpython-310/numba/runtime
      copying numba/runtime/nrtdynmod.py -&gt; build/lib.linux-x86_64-cpython-310/numba/runtime
      copying numba/runtime/context.py -&gt; build/lib.linux-x86_64-cpython-310/numba/runtime
      creating build/lib.linux-x86_64-cpython-310/numba/scripts
      copying numba/scripts/__init__.py -&gt; build/lib.linux-x86_64-cpython-310/numba/scripts
      copying numba/scripts/generate_lower_listing.py -&gt; build/lib.linux-x86_64-cpython-310/numba/scripts
      creating build/lib.linux-x86_64-cpython-310/numba/servicelib
      copying numba/servicelib/__init__.py -&gt; build/lib.linux-x86_64-cpython-310/numba/servicelib
      copying numba/servicelib/service.py -&gt; build/lib.linux-x86_64-cpython-310/numba/servicelib
      copying numba/servicelib/threadlocal.py -&gt; build/lib.linux-x86_64-cpython-310/numba/servicelib
      creating build/lib.linux-x86_64-cpython-310/numba/targets
      copying numba/targets/polynomial.py -&gt; build/lib.linux-x86_64-cpython-310/numba/targets
      copying numba/targets/callconv.py -&gt; build/lib.linux-x86_64-cpython-310/numba/targets
      copying numba/targets/cffiimpl.py -&gt; build/lib.linux-x86_64-cpython-310/numba/targets
      copying numba/targets/base.py -&gt; build/lib.linux-x86_64-cpython-310/numba/targets
      copying numba/targets/__init__.py -&gt; build/lib.linux-x86_64-cpython-310/numba/targets
      copying numba/targets/hashing.py -&gt; build/lib.linux-x86_64-cpython-310/numba/targets
      copying numba/targets/arrayobj.py -&gt; build/lib.linux-x86_64-cpython-310/numba/targets
      copying numba/targets/npyimpl.py -&gt; build/lib.linux-x86_64-cpython-310/numba/targets
      copying numba/targets/linalg.py -&gt; build/lib.linux-x86_64-cpython-310/numba/targets
      copying numba/targets/fastmathpass.py -&gt; build/lib.linux-x86_64-cpython-310/numba/targets
      copying numba/targets/ufunc_db.py -&gt; build/lib.linux-x86_64-cpython-310/numba/targets
      copying numba/targets/npdatetime.py -&gt; build/lib.linux-x86_64-cpython-310/numba/targets
      copying numba/targets/registry.py -&gt; build/lib.linux-x86_64-cpython-310/numba/targets
      copying numba/targets/boxing.py -&gt; build/lib.linux-x86_64-cpython-310/numba/targets
      copying numba/targets/quicksort.py -&gt; build/lib.linux-x86_64-cpython-310/numba/targets
      copying numba/targets/builtins.py -&gt; build/lib.linux-x86_64-cpython-310/numba/targets
      copying numba/targets/randomimpl.py -&gt; build/lib.linux-x86_64-cpython-310/numba/targets
      copying numba/targets/cpu_options.py -&gt; build/lib.linux-x86_64-cpython-310/numba/targets
      copying numba/targets/arraymath.py -&gt; build/lib.linux-x86_64-cpython-310/numba/targets
      copying numba/targets/descriptors.py -&gt; build/lib.linux-x86_64-cpython-310/numba/targets
      copying numba/targets/mathimpl.py -&gt; build/lib.linux-x86_64-cpython-310/numba/targets
      copying numba/targets/optional.py -&gt; build/lib.linux-x86_64-cpython-310/numba/targets
      copying numba/targets/numbers.py -&gt; build/lib.linux-x86_64-cpython-310/numba/targets
      copying numba/targets/options.py -&gt; build/lib.linux-x86_64-cpython-310/numba/targets
      copying numba/targets/literal.py -&gt; build/lib.linux-x86_64-cpython-310/numba/targets
      copying numba/targets/mergesort.py -&gt; build/lib.linux-x86_64-cpython-310/numba/targets
      copying numba/targets/imputils.py -&gt; build/lib.linux-x86_64-cpython-310/numba/targets
      copying numba/targets/iterators.py -&gt; build/lib.linux-x86_64-cpython-310/numba/targets
      copying numba/targets/dictimpl.py -&gt; build/lib.linux-x86_64-cpython-310/numba/targets
      copying numba/targets/gdb_hook.py -&gt; build/lib.linux-x86_64-cpython-310/numba/targets
      copying numba/targets/codegen.py -&gt; build/lib.linux-x86_64-cpython-310/numba/targets
      copying numba/targets/cpu.py -&gt; build/lib.linux-x86_64-cpython-310/numba/targets
      copying numba/targets/heapq.py -&gt; build/lib.linux-x86_64-cpython-310/numba/targets
      copying numba/targets/intrinsics.py -&gt; build/lib.linux-x86_64-cpython-310/numba/targets
      copying numba/targets/slicing.py -&gt; build/lib.linux-x86_64-cpython-310/numba/targets
      copying numba/targets/listobj.py -&gt; build/lib.linux-x86_64-cpython-310/numba/targets
      copying numba/targets/npyfuncs.py -&gt; build/lib.linux-x86_64-cpython-310/numba/targets
      copying numba/targets/externals.py -&gt; build/lib.linux-x86_64-cpython-310/numba/targets
      copying numba/targets/setobj.py -&gt; build/lib.linux-x86_64-cpython-310/numba/targets
      copying numba/targets/cmathimpl.py -&gt; build/lib.linux-x86_64-cpython-310/numba/targets
      copying numba/targets/removerefctpass.py -&gt; build/lib.linux-x86_64-cpython-310/numba/targets
      copying numba/targets/enumimpl.py -&gt; build/lib.linux-x86_64-cpython-310/numba/targets
      copying numba/targets/printimpl.py -&gt; build/lib.linux-x86_64-cpython-310/numba/targets
      copying numba/targets/tupleobj.py -&gt; build/lib.linux-x86_64-cpython-310/numba/targets
      copying numba/targets/rangeobj.py -&gt; build/lib.linux-x86_64-cpython-310/numba/targets
      creating build/lib.linux-x86_64-cpython-310/numba/testing
      copying numba/testing/loader.py -&gt; build/lib.linux-x86_64-cpython-310/numba/testing
      copying numba/testing/__init__.py -&gt; build/lib.linux-x86_64-cpython-310/numba/testing
      copying numba/testing/notebook.py -&gt; build/lib.linux-x86_64-cpython-310/numba/testing
      copying numba/testing/ddt.py -&gt; build/lib.linux-x86_64-cpython-310/numba/testing
      copying numba/testing/__main__.py -&gt; build/lib.linux-x86_64-cpython-310/numba/testing
      copying numba/testing/main.py -&gt; build/lib.linux-x86_64-cpython-310/numba/testing
      creating build/lib.linux-x86_64-cpython-310/numba/tests
      copying numba/tests/test_builtins.py -&gt; build/lib.linux-x86_64-cpython-310/numba/tests
      copying numba/tests/test_serialize.py -&gt; build/lib.linux-x86_64-cpython-310/numba/tests
      copying numba/tests/dummy_module.py -&gt; build/lib.linux-x86_64-cpython-310/numba/tests
      copying numba/tests/inlining_usecases.py -&gt; build/lib.linux-x86_64-cpython-310/numba/tests
      copying numba/tests/jitclass_usecases.py -&gt; build/lib.linux-x86_64-cpython-310/numba/tests
      copying numba/tests/true_div_usecase.py -&gt; build/lib.linux-x86_64-cpython-310/numba/tests
      copying numba/tests/test_slices.py -&gt; build/lib.linux-x86_64-cpython-310/numba/tests
      copying numba/tests/test_globals.py -&gt; build/lib.linux-x86_64-cpython-310/numba/tests
      copying numba/tests/test_recursion.py -&gt; build/lib.linux-x86_64-cpython-310/numba/tests
      copying numba/tests/test_gil.py -&gt; build/lib.linux-x86_64-cpython-310/numba/tests
      copying numba/tests/test_random.py -&gt; build/lib.linux-x86_64-cpython-310/numba/tests
      copying numba/tests/test_optional.py -&gt; build/lib.linux-x86_64-cpython-310/numba/tests
      copying numba/tests/test_blackscholes.py -&gt; build/lib.linux-x86_64-cpython-310/numba/tests
      copying numba/tests/test_usecases.py -&gt; build/lib.linux-x86_64-cpython-310/numba/tests
      copying numba/tests/test_pycc.py -&gt; build/lib.linux-x86_64-cpython-310/numba/tests
      copying numba/tests/test_buffer_protocol.py -&gt; build/lib.linux-x86_64-cpython-310/numba/tests
      copying numba/tests/test_runtests.py -&gt; build/lib.linux-x86_64-cpython-310/numba/tests
      copying numba/tests/test_array_manipulation.py -&gt; build/lib.linux-x86_64-cpython-310/numba/tests
      copying numba/tests/test_np_functions.py -&gt; build/lib.linux-x86_64-cpython-310/numba/tests
      copying numba/tests/test_annotations.py -&gt; build/lib.linux-x86_64-cpython-310/numba/tests
      copying numba/tests/__init__.py -&gt; build/lib.linux-x86_64-cpython-310/numba/tests
      copying numba/tests/test_nrt_refct.py -&gt; build/lib.linux-x86_64-cpython-310/numba/tests
      copying numba/tests/test_dictimpl.py -&gt; build/lib.linux-x86_64-cpython-310/numba/tests
      copying numba/tests/test_sys_stdin_assignment.py -&gt; build/lib.linux-x86_64-cpython-310/numba/tests
      copying numba/tests/test_comprehension.py -&gt; build/lib.linux-x86_64-cpython-310/numba/tests
      copying numba/tests/test_unpack_sequence.py -&gt; build/lib.linux-x86_64-cpython-310/numba/tests
      copying numba/tests/test_del.py -&gt; build/lib.linux-x86_64-cpython-310/numba/tests
      copying numba/tests/test_profiler.py -&gt; build/lib.linux-x86_64-cpython-310/numba/tests
      copying numba/tests/test_array_constants.py -&gt; build/lib.linux-x86_64-cpython-310/numba/tests
      copying numba/tests/threading_backend_usecases.py -&gt; build/lib.linux-x86_64-cpython-310/numba/tests
      copying numba/tests/test_locals.py -&gt; build/lib.linux-x86_64-cpython-310/numba/tests
      copying numba/tests/matmul_usecase.py -&gt; build/lib.linux-x86_64-cpython-310/numba/tests
      copying numba/tests/test_parfors_caching.py -&gt; build/lib.linux-x86_64-cpython-310/numba/tests
      copying numba/tests/test_help.py -&gt; build/lib.linux-x86_64-cpython-310/numba/tests
      copying numba/tests/ctypes_usecases.py -&gt; build/lib.linux-x86_64-cpython-310/numba/tests
      copying numba/tests/test_array_exprs.py -&gt; build/lib.linux-x86_64-cpython-310/numba/tests
      copying numba/tests/test_obj_lifetime.py -&gt; build/lib.linux-x86_64-cpython-310/numba/tests
      copying numba/tests/test_deprecations.py -&gt; build/lib.linux-x86_64-cpython-310/numba/tests
      copying numba/tests/test_multi3.py -&gt; build/lib.linux-x86_64-cpython-310/numba/tests
      copying numba/tests/test_intwidth.py -&gt; build/lib.linux-x86_64-cpython-310/numba/tests
      copying numba/tests/test_range.py -&gt; build/lib.linux-x86_64-cpython-310/numba/tests
      copying numba/tests/test_dicts.py -&gt; build/lib.linux-x86_64-cpython-310/numba/tests
      copying numba/tests/test_typeinfer.py -&gt; build/lib.linux-x86_64-cpython-310/numba/tests
      copying numba/tests/test_unicode.py -&gt; build/lib.linux-x86_64-cpython-310/numba/tests
      copying numba/tests/test_array_attr.py -&gt; build/lib.linux-x86_64-cpython-310/numba/tests
      copying numba/tests/test_conversion.py -&gt; build/lib.linux-x86_64-cpython-310/numba/tests
      copying numba/tests/test_array_methods.py -&gt; build/lib.linux-x86_64-cpython-310/numba/tests
      copying numba/tests/test_debuginfo.py -&gt; build/lib.linux-x86_64-cpython-310/numba/tests
      copying numba/tests/test_parallel_backend.py -&gt; build/lib.linux-x86_64-cpython-310/numba/tests
      copying numba/tests/test_enums.py -&gt; build/lib.linux-x86_64-cpython-310/numba/tests
      copying numba/tests/test_literal_dispatch.py -&gt; build/lib.linux-x86_64-cpython-310/numba/tests
      copying numba/tests/test_heapq.py -&gt; build/lib.linux-x86_64-cpython-310/numba/tests
      copying numba/tests/test_import.py -&gt; build/lib.linux-x86_64-cpython-310/numba/tests
      copying numba/tests/test_polynomial.py -&gt; build/lib.linux-x86_64-cpython-310/numba/tests
      copying numba/tests/error_usecases.py -&gt; build/lib.linux-x86_64-cpython-310/numba/tests
      copying numba/tests/test_typingerror.py -&gt; build/lib.linux-x86_64-cpython-310/numba/tests
      copying numba/tests/test_itanium_mangler.py -&gt; build/lib.linux-x86_64-cpython-310/numba/tests
      copying numba/tests/test_dictobject.py -&gt; build/lib.linux-x86_64-cpython-310/numba/tests
      copying numba/tests/test_datamodel.py -&gt; build/lib.linux-x86_64-cpython-310/numba/tests
      copying numba/tests/test_dyn_array.py -&gt; build/lib.linux-x86_64-cpython-310/numba/tests
      copying numba/tests/test_parfors.py -&gt; build/lib.linux-x86_64-cpython-310/numba/tests
      copying numba/tests/test_copy_propagate.py -&gt; build/lib.linux-x86_64-cpython-310/numba/tests
      copying numba/tests/test_vectorization_type_inference.py -&gt; build/lib.linux-x86_64-cpython-310/numba/tests
      copying numba/tests/recursion_usecases.py -&gt; build/lib.linux-x86_64-cpython-310/numba/tests
      copying numba/tests/test_objects.py -&gt; build/lib.linux-x86_64-cpython-310/numba/tests
      copying numba/tests/test_nrt.py -&gt; build/lib.linux-x86_64-cpython-310/numba/tests
      copying numba/tests/test_linalg.py -&gt; build/lib.linux-x86_64-cpython-310/numba/tests
      copying numba/tests/test_dummyarray.py -&gt; build/lib.linux-x86_64-cpython-310/numba/tests
      copying numba/tests/usecases.py -&gt; build/lib.linux-x86_64-cpython-310/numba/tests
      copying numba/tests/test_jitclasses.py -&gt; build/lib.linux-x86_64-cpython-310/numba/tests
      copying numba/tests/test_record_dtype.py -&gt; build/lib.linux-x86_64-cpython-310/numba/tests
      copying numba/tests/test_listimpl.py -&gt; build/lib.linux-x86_64-cpython-310/numba/tests
      copying numba/tests/cfunc_cache_usecases.py -&gt; build/lib.linux-x86_64-cpython-310/numba/tests
      copying numba/tests/test_codegen.py -&gt; build/lib.linux-x86_64-cpython-310/numba/tests
      copying numba/tests/annotation_usecases.py -&gt; build/lib.linux-x86_64-cpython-310/numba/tests
      copying numba/tests/test_object_mode.py -&gt; build/lib.linux-x86_64-cpython-310/numba/tests
      copying numba/tests/serialize_usecases.py -&gt; build/lib.linux-x86_64-cpython-310/numba/tests
      copying numba/tests/test_casting.py -&gt; build/lib.linux-x86_64-cpython-310/numba/tests
      copying numba/tests/test_array_return.py -&gt; build/lib.linux-x86_64-cpython-310/numba/tests
      copying numba/tests/test_unicode_names.py -&gt; build/lib.linux-x86_64-cpython-310/numba/tests
      copying numba/tests/test_overlap.py -&gt; build/lib.linux-x86_64-cpython-310/numba/tests
      copying numba/tests/test_cffi.py -&gt; build/lib.linux-x86_64-cpython-310/numba/tests
      copying numba/tests/test_analysis.py -&gt; build/lib.linux-x86_64-cpython-310/numba/tests
      copying numba/tests/test_typenames.py -&gt; build/lib.linux-x86_64-cpython-310/numba/tests
      copying numba/tests/test_numpyadapt.py -&gt; build/lib.linux-x86_64-cpython-310/numba/tests
      copying numba/tests/test_unsafe_intrinsics.py -&gt; build/lib.linux-x86_64-cpython-310/numba/tests
      copying numba/tests/test_jitmethod.py -&gt; build/lib.linux-x86_64-cpython-310/numba/tests
      copying numba/tests/test_fastmath.py -&gt; build/lib.linux-x86_64-cpython-310/numba/tests
      copying numba/tests/test_fancy_indexing.py -&gt; build/lib.linux-x86_64-cpython-310/numba/tests
      copying numba/tests/test_target_overloadselector.py -&gt; build/lib.linux-x86_64-cpython-310/numba/tests
      copying numba/tests/test_array_analysis.py -&gt; build/lib.linux-x86_64-cpython-310/numba/tests
      copying numba/tests/test_typeof.py -&gt; build/lib.linux-x86_64-cpython-310/numba/tests
      copying numba/tests/test_withlifting.py -&gt; build/lib.linux-x86_64-cpython-310/numba/tests
      copying numba/tests/test_numpy_support.py -&gt; build/lib.linux-x86_64-cpython-310/numba/tests
      copying numba/tests/test_jit_module.py -&gt; build/lib.linux-x86_64-cpython-310/numba/tests
      copying numba/tests/test_ir_inlining.py -&gt; build/lib.linux-x86_64-cpython-310/numba/tests
      copying numba/tests/test_unicode_literals.py -&gt; build/lib.linux-x86_64-cpython-310/numba/tests
      copying numba/tests/test_llvm_version_check.py -&gt; build/lib.linux-x86_64-cpython-310/numba/tests
      copying numba/tests/test_nested_calls.py -&gt; build/lib.linux-x86_64-cpython-310/numba/tests
      copying numba/tests/test_sets.py -&gt; build/lib.linux-x86_64-cpython-310/numba/tests
      copying numba/tests/test_extending.py -&gt; build/lib.linux-x86_64-cpython-310/numba/tests
      copying numba/tests/test_config.py -&gt; build/lib.linux-x86_64-cpython-310/numba/tests
      copying numba/tests/test_storeslice.py -&gt; build/lib.linux-x86_64-cpython-310/numba/tests
      copying numba/tests/test_return_values.py -&gt; build/lib.linux-x86_64-cpython-310/numba/tests
      copying numba/tests/test_try_except.py -&gt; build/lib.linux-x86_64-cpython-310/numba/tests
      copying numba/tests/test_exceptions.py -&gt; build/lib.linux-x86_64-cpython-310/numba/tests
      copying numba/tests/test_remove_dead.py -&gt; build/lib.linux-x86_64-cpython-310/numba/tests
      copying numba/tests/test_recarray_usecases.py -&gt; build/lib.linux-x86_64-cpython-310/numba/tests
      copying numba/tests/test_alignment.py -&gt; build/lib.linux-x86_64-cpython-310/numba/tests
      copying numba/tests/test_utils.py -&gt; build/lib.linux-x86_64-cpython-310/numba/tests
      copying numba/tests/test_listobject.py -&gt; build/lib.linux-x86_64-cpython-310/numba/tests
      copying numba/tests/test_npdatetime.py -&gt; build/lib.linux-x86_64-cpython-310/numba/tests
      copying numba/tests/test_interproc.py -&gt; build/lib.linux-x86_64-cpython-310/numba/tests
      copying numba/tests/test_debug.py -&gt; build/lib.linux-x86_64-cpython-310/numba/tests
      copying numba/tests/test_mangling.py -&gt; build/lib.linux-x86_64-cpython-310/numba/tests
      copying numba/tests/test_ir.py -&gt; build/lib.linux-x86_64-cpython-310/numba/tests
      copying numba/tests/test_maxmin.py -&gt; build/lib.linux-x86_64-cpython-310/numba/tests
      copying numba/tests/test_typedlist.py -&gt; build/lib.linux-x86_64-cpython-310/numba/tests
      copying numba/tests/test_chained_assign.py -&gt; build/lib.linux-x86_64-cpython-310/numba/tests
      copying numba/tests/test_flow_control.py -&gt; build/lib.linux-x86_64-cpython-310/numba/tests
      copying numba/tests/test_func_interface.py -&gt; build/lib.linux-x86_64-cpython-310/numba/tests
      copying numba/tests/test_entrypoints.py -&gt; build/lib.linux-x86_64-cpython-310/numba/tests
      copying numba/tests/test_practical_lowering_issues.py -&gt; build/lib.linux-x86_64-cpython-310/numba/tests
      copying numba/tests/test_sort.py -&gt; build/lib.linux-x86_64-cpython-310/numba/tests
      copying numba/tests/test_api.py -&gt; build/lib.linux-x86_64-cpython-310/numba/tests
      copying numba/tests/pdlike_usecase.py -&gt; build/lib.linux-x86_64-cpython-310/numba/tests
      copying numba/tests/test_extending_types.py -&gt; build/lib.linux-x86_64-cpython-310/numba/tests
      copying numba/tests/test_array_iterators.py -&gt; build/lib.linux-x86_64-cpython-310/numba/tests
      copying numba/tests/test_looplifting.py -&gt; build/lib.linux-x86_64-cpython-310/numba/tests
      copying numba/tests/test_cfunc.py -&gt; build/lib.linux-x86_64-cpython-310/numba/tests
      copying numba/tests/test_dataflow.py -&gt; build/lib.linux-x86_64-cpython-310/numba/tests
      copying numba/tests/test_closure.py -&gt; build/lib.linux-x86_64-cpython-310/numba/tests
      copying numba/tests/test_numconv.py -&gt; build/lib.linux-x86_64-cpython-310/numba/tests
      copying numba/tests/test_func_lifetime.py -&gt; build/lib.linux-x86_64-cpython-310/numba/tests
      copying numba/tests/test_ufuncs.py -&gt; build/lib.linux-x86_64-cpython-310/numba/tests
      copying numba/tests/test_ctypes.py -&gt; build/lib.linux-x86_64-cpython-310/numba/tests
      copying numba/tests/test_errormodels.py -&gt; build/lib.linux-x86_64-cpython-310/numba/tests
      copying numba/tests/test_dyn_func.py -&gt; build/lib.linux-x86_64-cpython-310/numba/tests
      copying numba/tests/test_unicode_array.py -&gt; build/lib.linux-x86_64-cpython-310/numba/tests
      copying numba/tests/test_python_int.py -&gt; build/lib.linux-x86_64-cpython-310/numba/tests
      copying numba/tests/test_array_reductions.py -&gt; build/lib.linux-x86_64-cpython-310/numba/tests
      copying numba/tests/test_svml.py -&gt; build/lib.linux-x86_64-cpython-310/numba/tests
      copying numba/tests/timsort.py -&gt; build/lib.linux-x86_64-cpython-310/numba/tests
      copying numba/tests/test_make_function_to_jit_function.py -&gt; build/lib.linux-x86_64-cpython-310/numba/tests
      copying numba/tests/test_tracing.py -&gt; build/lib.linux-x86_64-cpython-310/numba/tests
      copying numba/tests/test_caching.py -&gt; build/lib.linux-x86_64-cpython-310/numba/tests
      copying numba/tests/test_numberctor.py -&gt; build/lib.linux-x86_64-cpython-310/numba/tests
      copying numba/tests/cache_usecases.py -&gt; build/lib.linux-x86_64-cpython-310/numba/tests
      copying numba/tests/test_types.py -&gt; build/lib.linux-x86_64-cpython-310/numba/tests
      copying numba/tests/complex_usecases.py -&gt; build/lib.linux-x86_64-cpython-310/numba/tests
      copying numba/tests/orphaned_semaphore_usecase.py -&gt; build/lib.linux-x86_64-cpython-310/numba/tests
      copying numba/tests/test_lists.py -&gt; build/lib.linux-x86_64-cpython-310/numba/tests
      copying numba/tests/test_typedobjectutils.py -&gt; build/lib.linux-x86_64-cpython-310/numba/tests
      copying numba/tests/test_compile_cache.py -&gt; build/lib.linux-x86_64-cpython-310/numba/tests
      copying numba/tests/test_gdb.py -&gt; build/lib.linux-x86_64-cpython-310/numba/tests
      copying numba/tests/test_mathlib.py -&gt; build/lib.linux-x86_64-cpython-310/numba/tests
      copying numba/tests/test_pipeline.py -&gt; build/lib.linux-x86_64-cpython-310/numba/tests
      copying numba/tests/test_mixed_tuple_unroller.py -&gt; build/lib.linux-x86_64-cpython-310/numba/tests
      copying numba/tests/test_operators.py -&gt; build/lib.linux-x86_64-cpython-310/numba/tests
      copying numba/tests/overload_usecases.py -&gt; build/lib.linux-x86_64-cpython-310/numba/tests
      copying numba/tests/test_iteration.py -&gt; build/lib.linux-x86_64-cpython-310/numba/tests
      copying numba/tests/test_auto_constants.py -&gt; build/lib.linux-x86_64-cpython-310/numba/tests
      copying numba/tests/test_generators.py -&gt; build/lib.linux-x86_64-cpython-310/numba/tests
      copying numba/tests/test_hashing.py -&gt; build/lib.linux-x86_64-cpython-310/numba/tests
      copying numba/tests/test_typeconv.py -&gt; build/lib.linux-x86_64-cpython-310/numba/tests
      copying numba/tests/test_inlining.py -&gt; build/lib.linux-x86_64-cpython-310/numba/tests
      copying numba/tests/test_print.py -&gt; build/lib.linux-x86_64-cpython-310/numba/tests
      copying numba/tests/test_extended_arg.py -&gt; build/lib.linux-x86_64-cpython-310/numba/tests
      copying numba/tests/test_boundscheck.py -&gt; build/lib.linux-x86_64-cpython-310/numba/tests
      copying numba/tests/support.py -&gt; build/lib.linux-x86_64-cpython-310/numba/tests
      copying numba/tests/test_indexing.py -&gt; build/lib.linux-x86_64-cpython-310/numba/tests
      copying numba/tests/test_wrapper.py -&gt; build/lib.linux-x86_64-cpython-310/numba/tests
      copying numba/tests/test_stencils.py -&gt; build/lib.linux-x86_64-cpython-310/numba/tests
      copying numba/tests/test_numbers.py -&gt; build/lib.linux-x86_64-cpython-310/numba/tests
      copying numba/tests/enum_usecases.py -&gt; build/lib.linux-x86_64-cpython-310/numba/tests
      copying numba/tests/test_errorhandling.py -&gt; build/lib.linux-x86_64-cpython-310/numba/tests
      copying numba/tests/compile_with_pycc.py -&gt; build/lib.linux-x86_64-cpython-310/numba/tests
      copying numba/tests/test_complex.py -&gt; build/lib.linux-x86_64-cpython-310/numba/tests
      copying numba/tests/test_threadsafety.py -&gt; build/lib.linux-x86_64-cpython-310/numba/tests
      copying numba/tests/test_nan.py -&gt; build/lib.linux-x86_64-cpython-310/numba/tests
      copying numba/tests/cffi_usecases.py -&gt; build/lib.linux-x86_64-cpython-310/numba/tests
      copying numba/tests/test_warnings.py -&gt; build/lib.linux-x86_64-cpython-310/numba/tests
      copying numba/tests/test_dispatcher.py -&gt; build/lib.linux-x86_64-cpython-310/numba/tests
      copying numba/tests/test_support.py -&gt; build/lib.linux-x86_64-cpython-310/numba/tests
      copying numba/tests/test_mandelbrot.py -&gt; build/lib.linux-x86_64-cpython-310/numba/tests
      copying numba/tests/parfors_cache_usecases.py -&gt; build/lib.linux-x86_64-cpython-310/numba/tests
      copying numba/tests/test_cgutils.py -&gt; build/lib.linux-x86_64-cpython-310/numba/tests
      copying numba/tests/test_cli.py -&gt; build/lib.linux-x86_64-cpython-310/numba/tests
      copying numba/tests/test_tuples.py -&gt; build/lib.linux-x86_64-cpython-310/numba/tests
      copying numba/tests/test_ir_utils.py -&gt; build/lib.linux-x86_64-cpython-310/numba/tests
      copying numba/tests/test_map_filter_reduce.py -&gt; build/lib.linux-x86_64-cpython-310/numba/tests
      copying numba/tests/test_compiler_lock.py -&gt; build/lib.linux-x86_64-cpython-310/numba/tests
      creating build/lib.linux-x86_64-cpython-310/numba/tests/npyufunc
      copying numba/tests/npyufunc/__init__.py -&gt; build/lib.linux-x86_64-cpython-310/numba/tests/npyufunc
      copying numba/tests/npyufunc/test_parallel_ufunc_issues.py -&gt; build/lib.linux-x86_64-cpython-310/numba/tests/npyufunc
      copying numba/tests/npyufunc/test_gufunc.py -&gt; build/lib.linux-x86_64-cpython-310/numba/tests/npyufunc
      copying numba/tests/npyufunc/test_parallel_low_work.py -&gt; build/lib.linux-x86_64-cpython-310/numba/tests/npyufunc
      copying numba/tests/npyufunc/test_ufuncbuilding.py -&gt; build/lib.linux-x86_64-cpython-310/numba/tests/npyufunc
      copying numba/tests/npyufunc/test_parallel_env_variable.py -&gt; build/lib.linux-x86_64-cpython-310/numba/tests/npyufunc
      copying numba/tests/npyufunc/test_ufunc.py -&gt; build/lib.linux-x86_64-cpython-310/numba/tests/npyufunc
      copying numba/tests/npyufunc/test_dufunc.py -&gt; build/lib.linux-x86_64-cpython-310/numba/tests/npyufunc
      copying numba/tests/npyufunc/test_caching.py -&gt; build/lib.linux-x86_64-cpython-310/numba/tests/npyufunc
      copying numba/tests/npyufunc/test_vectorize_decor.py -&gt; build/lib.linux-x86_64-cpython-310/numba/tests/npyufunc
      copying numba/tests/npyufunc/cache_usecases.py -&gt; build/lib.linux-x86_64-cpython-310/numba/tests/npyufunc
      copying numba/tests/npyufunc/test_errors.py -&gt; build/lib.linux-x86_64-cpython-310/numba/tests/npyufunc
      creating build/lib.linux-x86_64-cpython-310/numba/typeconv
      copying numba/typeconv/__init__.py -&gt; build/lib.linux-x86_64-cpython-310/numba/typeconv
      copying numba/typeconv/castgraph.py -&gt; build/lib.linux-x86_64-cpython-310/numba/typeconv
      copying numba/typeconv/rules.py -&gt; build/lib.linux-x86_64-cpython-310/numba/typeconv
      copying numba/typeconv/typeconv.py -&gt; build/lib.linux-x86_64-cpython-310/numba/typeconv
      creating build/lib.linux-x86_64-cpython-310/numba/typed
      copying numba/typed/__init__.py -&gt; build/lib.linux-x86_64-cpython-310/numba/typed
      copying numba/typed/typedlist.py -&gt; build/lib.linux-x86_64-cpython-310/numba/typed
      copying numba/typed/typeddict.py -&gt; build/lib.linux-x86_64-cpython-310/numba/typed
      creating build/lib.linux-x86_64-cpython-310/numba/types
      copying numba/types/misc.py -&gt; build/lib.linux-x86_64-cpython-310/numba/types
      copying numba/types/functions.py -&gt; build/lib.linux-x86_64-cpython-310/numba/types
      copying numba/types/__init__.py -&gt; build/lib.linux-x86_64-cpython-310/numba/types
      copying numba/types/abstract.py -&gt; build/lib.linux-x86_64-cpython-310/numba/types
      copying numba/types/scalars.py -&gt; build/lib.linux-x86_64-cpython-310/numba/types
      copying numba/types/iterators.py -&gt; build/lib.linux-x86_64-cpython-310/numba/types
      copying numba/types/common.py -&gt; build/lib.linux-x86_64-cpython-310/numba/types
      copying numba/types/npytypes.py -&gt; build/lib.linux-x86_64-cpython-310/numba/types
      copying numba/types/containers.py -&gt; build/lib.linux-x86_64-cpython-310/numba/types
      creating build/lib.linux-x86_64-cpython-310/numba/typing
      copying numba/typing/__init__.py -&gt; build/lib.linux-x86_64-cpython-310/numba/typing
      copying numba/typing/randomdecl.py -&gt; build/lib.linux-x86_64-cpython-310/numba/typing
      copying numba/typing/arraydecl.py -&gt; build/lib.linux-x86_64-cpython-310/numba/typing
      copying numba/typing/listdecl.py -&gt; build/lib.linux-x86_64-cpython-310/numba/typing
      copying numba/typing/mathdecl.py -&gt; build/lib.linux-x86_64-cpython-310/numba/typing
      copying numba/typing/npdatetime.py -&gt; build/lib.linux-x86_64-cpython-310/numba/typing
      copying numba/typing/ctypes_utils.py -&gt; build/lib.linux-x86_64-cpython-310/numba/typing
      copying numba/typing/setdecl.py -&gt; build/lib.linux-x86_64-cpython-310/numba/typing
      copying numba/typing/builtins.py -&gt; build/lib.linux-x86_64-cpython-310/numba/typing
      copying numba/typing/npydecl.py -&gt; build/lib.linux-x86_64-cpython-310/numba/typing
      copying numba/typing/collections.py -&gt; build/lib.linux-x86_64-cpython-310/numba/typing
      copying numba/typing/cffi_utils.py -&gt; build/lib.linux-x86_64-cpython-310/numba/typing
      copying numba/typing/bufproto.py -&gt; build/lib.linux-x86_64-cpython-310/numba/typing
      copying numba/typing/enumdecl.py -&gt; build/lib.linux-x86_64-cpython-310/numba/typing
      copying numba/typing/cmathdecl.py -&gt; build/lib.linux-x86_64-cpython-310/numba/typing
      copying numba/typing/templates.py -&gt; build/lib.linux-x86_64-cpython-310/numba/typing
      copying numba/typing/context.py -&gt; build/lib.linux-x86_64-cpython-310/numba/typing
      copying numba/typing/typeof.py -&gt; build/lib.linux-x86_64-cpython-310/numba/typing
      copying numba/typing/dictdecl.py -&gt; build/lib.linux-x86_64-cpython-310/numba/typing
      creating build/lib.linux-x86_64-cpython-310/numba/unsafe
      copying numba/unsafe/bytes.py -&gt; build/lib.linux-x86_64-cpython-310/numba/unsafe
      copying numba/unsafe/__init__.py -&gt; build/lib.linux-x86_64-cpython-310/numba/unsafe
      copying numba/unsafe/nrt.py -&gt; build/lib.linux-x86_64-cpython-310/numba/unsafe
      copying numba/unsafe/eh.py -&gt; build/lib.linux-x86_64-cpython-310/numba/unsafe
      copying numba/unsafe/refcount.py -&gt; build/lib.linux-x86_64-cpython-310/numba/unsafe
      copying numba/unsafe/ndarray.py -&gt; build/lib.linux-x86_64-cpython-310/numba/unsafe
      copying numba/unsafe/numbers.py -&gt; build/lib.linux-x86_64-cpython-310/numba/unsafe
      copying numba/unsafe/tuple.py -&gt; build/lib.linux-x86_64-cpython-310/numba/unsafe
      copying numba/_npymath_exports.c -&gt; build/lib.linux-x86_64-cpython-310/numba
      copying numba/_typeof.c -&gt; build/lib.linux-x86_64-cpython-310/numba
      copying numba/_dispatcher.c -&gt; build/lib.linux-x86_64-cpython-310/numba
      copying numba/_dynfuncmod.c -&gt; build/lib.linux-x86_64-cpython-310/numba
      copying numba/_dynfunc.c -&gt; build/lib.linux-x86_64-cpython-310/numba
      copying numba/_math_c99.c -&gt; build/lib.linux-x86_64-cpython-310/numba
      copying numba/_helpermod.c -&gt; build/lib.linux-x86_64-cpython-310/numba
      copying numba/_random.c -&gt; build/lib.linux-x86_64-cpython-310/numba
      copying numba/_lapack.c -&gt; build/lib.linux-x86_64-cpython-310/numba
      copying numba/_hashtable.c -&gt; build/lib.linux-x86_64-cpython-310/numba
      copying numba/mviewbuf.c -&gt; build/lib.linux-x86_64-cpython-310/numba
      copying numba/_helperlib.c -&gt; build/lib.linux-x86_64-cpython-310/numba
      copying numba/capsulethunk.h -&gt; build/lib.linux-x86_64-cpython-310/numba
      copying numba/_pymodule.h -&gt; build/lib.linux-x86_64-cpython-310/numba
      copying numba/mathnames.h -&gt; build/lib.linux-x86_64-cpython-310/numba
      copying numba/_unicodetype_db.h -&gt; build/lib.linux-x86_64-cpython-310/numba
      copying numba/_hashtable.h -&gt; build/lib.linux-x86_64-cpython-310/numba
      copying numba/_arraystruct.h -&gt; build/lib.linux-x86_64-cpython-310/numba
      copying numba/_typeof.h -&gt; build/lib.linux-x86_64-cpython-310/numba
      copying numba/_dispatcher.h -&gt; build/lib.linux-x86_64-cpython-310/numba
      copying numba/_numba_common.h -&gt; build/lib.linux-x86_64-cpython-310/numba
      copying numba/_math_c99.h -&gt; build/lib.linux-x86_64-cpython-310/numba
      copying numba/annotations/template.html -&gt; build/lib.linux-x86_64-cpython-310/numba/annotations
      copying numba/cext/listobject.c -&gt; build/lib.linux-x86_64-cpython-310/numba/cext
      copying numba/cext/utils.c -&gt; build/lib.linux-x86_64-cpython-310/numba/cext
      copying numba/cext/dictobject.c -&gt; build/lib.linux-x86_64-cpython-310/numba/cext
      copying numba/cext/dictobject.h -&gt; build/lib.linux-x86_64-cpython-310/numba/cext
      copying numba/cext/cext.h -&gt; build/lib.linux-x86_64-cpython-310/numba/cext
      copying numba/cext/listobject.h -&gt; build/lib.linux-x86_64-cpython-310/numba/cext
      copying numba/cuda/tests/cudadrv/data/jitlink.ptx -&gt; build/lib.linux-x86_64-cpython-310/numba/cuda/tests/cudadrv/data
      copying numba/pycc/modulemixin.c -&gt; build/lib.linux-x86_64-cpython-310/numba/pycc
      copying numba/runtime/_nrt_python.c -&gt; build/lib.linux-x86_64-cpython-310/numba/runtime
      copying numba/runtime/nrt.c -&gt; build/lib.linux-x86_64-cpython-310/numba/runtime
      copying numba/runtime/_nrt_pythonmod.c -&gt; build/lib.linux-x86_64-cpython-310/numba/runtime
      copying numba/runtime/nrt.h -&gt; build/lib.linux-x86_64-cpython-310/numba/runtime
      copying numba/runtime/nrt_external.h -&gt; build/lib.linux-x86_64-cpython-310/numba/runtime
      copying numba/targets/cmdlang.gdb -&gt; build/lib.linux-x86_64-cpython-310/numba/targets
      creating build/lib.linux-x86_64-cpython-310/numba/tests/pycc_distutils_usecase
      copying numba/tests/pycc_distutils_usecase/setup_distutils.py -&gt;
      build/lib.linux-x86_64-cpython-310/numba/tests/pycc_distutils_usecase
      copying numba/tests/pycc_distutils_usecase/source_module.py -&gt;
      build/lib.linux-x86_64-cpython-310/numba/tests/pycc_distutils_usecase
      copying numba/tests/pycc_distutils_usecase/setup_setuptools.py -&gt;
      build/lib.linux-x86_64-cpython-310/numba/tests/pycc_distutils_usecase
      running build_ext
      building &#x27;numba._dynfunc&#x27; extension
      INFO: C compiler: cc -pthread -Wno-unused-result -Wsign-compare -Wunreachable-code -DNDEBUG -g -fwrapv -O3 -Wall -fPIC
      -fPIC

      creating build/temp.linux-x86_64-cpython-310/numba
      INFO: compile options: &#x27;-I/home/ftopal/.cache/uv/builds-v0/.tmpKE8rKb/include
      -I/home/ftopal/.local/share/uv/python/cpython-3.10.16-linux-x86_64-gnu/include/python3.10 -c&#x27;
      extra options: &#x27;-g&#x27;
      INFO: cc: numba/_dynfuncmod.c
      INFO: cc -pthread -shared -Wl,--exclude-libs,ALL build/temp.linux-x86_64-cpython-310/numba/_dynfuncmod.o -o
      build/lib.linux-x86_64-cpython-310/numba/_dynfunc.cpython-310-x86_64-linux-gnu.so
      building &#x27;numba._dispatcher&#x27; extension
      INFO: C compiler: cc -pthread -Wno-unused-result -Wsign-compare -Wunreachable-code -DNDEBUG -g -fwrapv -O3 -Wall -fPIC
      -fPIC

      creating build/temp.linux-x86_64-cpython-310/numba/typeconv
      INFO: compile options: &#x27;-I/home/ftopal/.cache/uv/builds-v0/.tmpKE8rKb/lib/python3.10/site-packages/numpy/_core/include
      -I/home/ftopal/.cache/uv/builds-v0/.tmpKE8rKb/include
      -I/home/ftopal/.local/share/uv/python/cpython-3.10.16-linux-x86_64-gnu/include/python3.10 -c&#x27;
      INFO: cc: numba/_dispatcher.c
      INFO: cc: numba/_dispatcherimpl.cpp
      INFO: cc: numba/_typeof.c
      INFO: cc: numba/typeconv/typeconv.cpp
      INFO: cc: numba/_hashtable.c

      [stderr]
      &lt;string&gt;:96: DeprecationWarning:

        `numpy.distutils` is deprecated since NumPy 1.23.0, as a result
        of the deprecation of `distutils` itself. It will be removed for
        Python &gt;= 3.12. For older Python versions it will remain present.
        It is recommended to use `setuptools &lt; 60.0` for those Python versions.
        For more details, see:
          https://numpy.org/devdocs/reference/distutils_status_migration.html


      numba/_dispatcher.c: In function ‘call_trace’:
      numba/_dispatcher.c:26:13: error: ‘PyThreadState’ {aka ‘struct _ts’} has no member named ‘use_tracing’; did you mean
      ‘tracing’?
         26 |     tstate-&gt;use_tracing = 0;
            |             ^~~~~~~~~~~
            |             tracing
      numba/_dispatcher.c:28:13: error: ‘PyThreadState’ {aka ‘struct _ts’} has no member named ‘use_tracing’; did you mean
      ‘tracing’?
         28 |     tstate-&gt;use_tracing = ((tstate-&gt;c_tracefunc != NULL)
            |             ^~~~~~~~~~~
            |             tracing
      numba/_dispatcher.c: In function ‘call_cfunc’:
      numba/_dispatcher.c:301:17: error: ‘PyThreadState’ {aka ‘struct _ts’} has no member named ‘use_tracing’; did you mean
      ‘tracing’?
        301 |     if (tstate-&gt;use_tracing &amp;&amp; tstate-&gt;c_profilefunc)
            |                 ^~~~~~~~~~~
            |                 tracing
      numba/_dispatcher.c: In function ‘Dispatcher_call’:
      numba/_dispatcher.c:507:13: error: ‘PyThreadState’ {aka ‘struct _ts’} has no member named ‘use_tracing’; did you mean
      ‘tracing’?
        507 |     if (ts-&gt;use_tracing &amp;&amp; ts-&gt;c_profilefunc)
            |             ^~~~~~~~~~~
            |             tracing
      numba/_dispatcher.c: In function ‘call_cfunc’:
      numba/_dispatcher.c:349:1: warning: control reaches end of non-void function [-Wreturn-type]
        349 | }
            | ^
      numba/_typeof.c: In function ‘compute_dtype_fingerprint’:
      numba/_typeof.c:231:55: error: ‘PyArray_Descr’ {aka ‘struct _PyArray_Descr’} has no member named ‘c_metadata’
        231 |         md = &amp;(((PyArray_DatetimeDTypeMetaData *)descr-&gt;c_metadata)-&gt;meta);
            |                                                       ^~
      error: Command &quot;cc -pthread -Wno-unused-result -Wsign-compare -Wunreachable-code -DNDEBUG -g -fwrapv -O3 -Wall
      -fPIC -fPIC -I/home/ftopal/.cache/uv/builds-v0/.tmpKE8rKb/lib/python3.10/site-packages/numpy/_core/include
      -I/home/ftopal/.cache/uv/builds-v0/.tmpKE8rKb/include
      -I/home/ftopal/.local/share/uv/python/cpython-3.10.16-linux-x86_64-gnu/include/python3.10 -c numba/_dispatcher.c -o
      build/temp.linux-x86_64-cpython-310/numba/_dispatcher.o&quot; failed with exit status 1

      hint: This usually indicates a problem with the package or the build environment.
  help: `numba` (v0.47.0) was included because `projx` (v0.1) depends on `numba`
</code></pre>
<p>How can we get this installed? I am at a loss here, don&#x27;t know where the issue is coming from</p>
</div>
        </div>
        <div class="timeline-entry">
            <div class="timeline-header">Comment by <a href="https://github.com/lordsoffallen">@lordsoffallen</a> on 2025-01-02 19:50</div>
            <div class="timeline-body"><p>Update, this was installing old version of numba because i had <code>numpy&gt;=2.2.1</code> installed. So i enabled <code>numpy&gt;=2.0.0</code> in my project and after that it work fine by installing 0.60.0 version of numba 🎉</p>
</div>
        </div>
        <div class="timeline-entry">
            <div class="timeline-header">Comment by <a href="https://github.com/zanieb">@zanieb</a> on 2025-01-02 20:01</div>
            <div class="timeline-body"><p>Thanks for following up!</p>
<p>I wonder if there&#x27;s a place for this in https://docs.astral.sh/uv/reference/build_failures/</p>
</div>
        </div>
        <div class="timeline-entry">
            <div class="timeline-header">Comment by <a href="https://github.com/lordsoffallen">@lordsoffallen</a> on 2025-01-02 20:06</div>
            <div class="timeline-body"><blockquote>
<p>Thanks for following up!</p>
<p>I wonder if there&#x27;s a place for this in https://docs.astral.sh/uv/reference/build_failures/</p>
</blockquote>
<p>I actually think putting a section on how to install these common libs would be cool. Like there is pytorch section, I believe we can put them somewhere for better visibility. I now suspect for <code>uv add numba</code> not working in the first place was that <code>numpy &gt;= 2.2.1</code> dependency in my project toml file. I am sure many people overlook that and create issues here. Like FAQ of errors we face and common found solutions</p>
</div>
        </div>
        <div class="timeline-entry">
            <div class="event">Closed by <a href="https://github.com/zanieb">@zanieb</a> on 2025-01-06 20:55</div>
        </div>
    </div>

    <footer>
        Synced at 2026-01-20 19:36:12 UTC
    </footer>
</body>
</html>
