<!DOCTYPE html>
<html lang="en">
<head>
    <meta charset="UTF-8">
    <meta name="viewport" content="width=device-width, initial-scale=1.0">
    <title>[ty] Print `display` of types when a property test fails - astral-sh/ruff #20720</title>
    <link rel="stylesheet" href="../../../style.css">
</head>
<body>
    <div class="back-link">
        <a href="../../../index.html">Back to index</a>
    </div>

    <h1>[ty] Print <code>display</code> of types when a property test fails</h1>

    <div class="meta">
        <span class="state-icon state-merged"></span>
        <a href="https://github.com/astral-sh/ruff/pull/20720">#20720</a>
        opened by <a href="https://github.com/AlexWaygood">@AlexWaygood</a>
        on 2025-10-06 13:34
    </div>

    <div class="timeline">
        <div class="timeline-entry">
            <div class="timeline-header">Pull request opened by <a href="https://github.com/AlexWaygood">@AlexWaygood</a> on 2025-10-06 13:34</div>
            <div class="timeline-body"><h2>Summary</h2>
<p>This PR attempts to make it easier to understand what a failing property test <em>means</em>, by showing you (something closer to) the type that ty internally simplified a type to, rather than just the schema that was used to generate a pair of types for a particular property test.</p>
<p>Demo:</p>
<pre><code>~/dev/ruff (alex/property-test-debug)⚡ [101] % QUICKCHECK_TESTS=1000000 cargo test --release -p ty_python_semantic -- --ignored types::property_tests::flaky::double_negation_is_identity
    Finished `release` profile [optimized] target(s) in 0.09s
     Running unittests src/lib.rs (target/release/deps/ty_python_semantic-8dac72c754bdebcd)

running 1 test
test types::property_tests::flaky::double_negation_is_identity ... FAILED

failures:

---- types::property_tests::flaky::double_negation_is_identity stdout ----

Failing types were:
(~(bound method int.bit_length() -&gt; int) &amp; ~Mock) | (bound method int.bit_length() -&gt; int) | ABCMeta | ((**n4: tuple[*tuple[type[str], ...], Unknown, bool]) -&gt; Literal[SafeUUID.unknown])

Failing types were:
(~(bound method int.bit_length() -&gt; int) &amp; ~Mock) | (bound method int.bit_length() -&gt; int) | ABCMeta

Failing types were:
(~(bound method int.bit_length() -&gt; int) &amp; ~Mock) | (bound method int.bit_length() -&gt; int)

Failing types were:
(~(bound method int.bit_length() -&gt; int) &amp; ~Mock) | (bound method int.bit_length() -&gt; int)

thread 'types::property_tests::flaky::double_negation_is_identity' panicked at /Users/alexw/.cargo/registry/src/index.crates.io-1949cf8c6b5b557f/quickcheck-1.0.3/src/tester.rs:165:28:
[quickcheck] TEST FAILED. Arguments: (Union([Intersection { pos: [], neg: [BuiltinsBoundMethod { class: &quot;int&quot;, method: &quot;bit_length&quot; }, UnittestMockInstance] }, BuiltinsBoundMethod { class: &quot;int&quot;, method: &quot;bit_length&quot; }]))
note: run with `RUST_BACKTRACE=1` environment variable to display a backtrace


failures:
    types::property_tests::flaky::double_negation_is_identity
</code></pre>
<h2>Test Plan</h2>
<!-- How was it tested? -->

</div>
        </div>
        <div class="timeline-entry">
            <div class="event">Review requested from @carljm by @AlexWaygood on 2025-10-06 13:34</div>
        </div>
        <div class="timeline-entry">
            <div class="event">Label <span class="label">internal</span> added by @AlexWaygood on 2025-10-06 13:34</div>
        </div>
        <div class="timeline-entry">
            <div class="event">Review requested from @sharkdp by @AlexWaygood on 2025-10-06 13:34</div>
        </div>
        <div class="timeline-entry">
            <div class="event">Review requested from @dcreager by @AlexWaygood on 2025-10-06 13:34</div>
        </div>
        <div class="timeline-entry">
            <div class="event">Label <span class="label">ty</span> added by @AlexWaygood on 2025-10-06 13:34</div>
        </div>
        <div class="timeline-entry">
            <div class="timeline-header">Comment by <a href="https://github.com/github-actions[bot]">@github-actions[bot]</a> on 2025-10-06 13:36</div>
            <div class="timeline-body"><!-- generated-comment typing_conformance_diagnostics_diff -->

<h2>Diagnostic diff on <a href="https://github.com/python/typing/tree/d4f39b27a4a47aac8b6d4019e1b0b5b3156fabdc/conformance">typing conformance tests</a></h2>
<p>No changes detected when running ty on typing conformance tests ✅</p>
</div>
        </div>
        <div class="timeline-entry">
            <div class="timeline-header">Comment by <a href="https://github.com/github-actions[bot]">@github-actions[bot]</a> on 2025-10-06 13:38</div>
            <div class="timeline-body"><!-- generated-comment mypy_primer -->

<h2><code>mypy_primer</code> results</h2>
<details>
<summary>Changes were detected when running on open source projects</summary>

<pre><code class="language-diff">scikit-build-core (https://github.com/scikit-build/scikit-build-core)
- src/scikit_build_core/build/_wheelfile.py:51:22: error[no-matching-overload] No overload of function `field` matches arguments
- Found 53 diagnostics
+ Found 52 diagnostics

</code></pre>
</details>
No memory usage changes detected ✅

</div>
        </div>
        <div class="timeline-entry">
            <div class="timeline-header"><a href="https://github.com/sharkdp">@sharkdp</a> approved on 2025-10-06 13:43</div>
            <div class="timeline-body"><p>Thank you!</p>
</div>
        </div>
        <div class="timeline-entry">
            <div class="event">Merged by @AlexWaygood on 2025-10-06 13:44</div>
        </div>
        <div class="timeline-entry">
            <div class="event">Closed by @AlexWaygood on 2025-10-06 13:44</div>
        </div>
        <div class="timeline-entry">
            <div class="event">Branch deleted on 2025-10-06 13:44</div>
        </div>
    </div>

    <footer>
        Synced at 2026-01-10 17:35:00 UTC
    </footer>
</body>
</html>
