<!DOCTYPE html>
<html lang="en">
<head>
    <meta charset="UTF-8">
    <meta name="viewport" content="width=device-width, initial-scale=1.0">
    <title>[ty] Fix broken property tests for disjointness of intersections - astral-sh/ruff #20775</title>
    <link rel="stylesheet" href="../../../style.css">
</head>
<body>
    <div class="back-link">
        <a href="../../../index.html">Back to index</a>
    </div>

    <h1>[ty] Fix broken property tests for disjointness of intersections</h1>

    <div class="meta">
        <span class="state-icon state-merged"></span>
        <a href="https://github.com/astral-sh/ruff/pull/20775">#20775</a>
        opened by <a href="https://github.com/AlexWaygood">@AlexWaygood</a>
        on 2025-10-08 20:44
    </div>

    <div class="timeline">
        <div class="timeline-entry">
            <div class="timeline-header"><a href="https://github.com/AlexWaygood">@AlexWaygood</a></div>
            <div class="timeline-body">Summary
<p>Two stable property tests are currently failing on <code>main</code>, following https://github.com/astral-sh/ruff/commit/f054b8a55e759f3afa9d9cf0acf819185228a739 (of course, I only thought to run the property tests again around 30 minutes <em>after</em> landing that PR...). The issue is quite subtle, and took me an annoying amount of time to pin down: we&#x27;re matching over <code>(self, other)</code> in <code>Type::is_disjoint_from_impl</code>, but <code>other</code> here is shadowed by the binding in the <code>match</code> branch, which means that the wrong key is inserted into the cache of the <code>IsDisjointFrom</code> cycle detector:</p>
<p>https://github.com/astral-sh/ruff/blob/f054b8a55e759f3afa9d9cf0acf819185228a739/crates/ty_python_semantic/src/types.rs#L2408-L2435</p>
<p>This PR fixes that issue, and also adds a few <code>Debug</code> implementations to our cycle detectors, so that issues like this are easier to debug in the future.</p>
<p>I&#x27;m adding the <code>internal</code> label, as this fixes a bug that hasn&#x27;t yet appeared in any released version of ty, so it doesn&#x27;t deserve its own changelog entry.</p>
Test Plan
<p><code>QUICKCHECK_TESTS=1000000 cargo test --release -p ty_python_semantic -- --ignored types::property_tests::stable</code> now once again passes on <code>main</code></p>
<p>I considered adding new mdtests as well, but the examples that the property tests were throwing at me all seemed <em>quite</em> obscure and somewhat unlikely to occur in the real world. I don&#x27;t think it&#x27;s worth it.</p>
</div>
        </div>
        <div class="timeline-entry">
            <div class="event">Review requested from <a href="https://github.com/carljm">@carljm</a> by <a href="https://github.com/AlexWaygood">@AlexWaygood</a> on 2025-10-08 20:45</div>
        </div>
        <div class="timeline-entry">
            <div class="event">Label <span class="label">internal</span> added by <a href="https://github.com/AlexWaygood">@AlexWaygood</a> on 2025-10-08 20:45</div>
        </div>
        <div class="timeline-entry">
            <div class="event">Review requested from <a href="https://github.com/sharkdp">@sharkdp</a> by <a href="https://github.com/AlexWaygood">@AlexWaygood</a> on 2025-10-08 20:45</div>
        </div>
        <div class="timeline-entry">
            <div class="event">Review requested from <a href="https://github.com/dcreager">@dcreager</a> by <a href="https://github.com/AlexWaygood">@AlexWaygood</a> on 2025-10-08 20:45</div>
        </div>
        <div class="timeline-entry">
            <div class="event">Label <span class="label">ty</span> added by <a href="https://github.com/AlexWaygood">@AlexWaygood</a> on 2025-10-08 20:45</div>
        </div>
        <div class="timeline-entry">
            <div class="timeline-header">Comment by <a href="https://github.com/github-actions[bot]">@github-actions[bot]</a> on 2025-10-08 20:47</div>
            <div class="timeline-body">

Diagnostic diff on <a href="https://github.com/python/typing/tree/d4f39b27a4a47aac8b6d4019e1b0b5b3156fabdc/conformance">typing conformance tests</a>
<p>No changes detected when running ty on typing conformance tests ✅</p>
</div>
        </div>
        <div class="timeline-entry">
            <div class="timeline-header">Comment by <a href="https://github.com/github-actions[bot]">@github-actions[bot]</a> on 2025-10-08 20:48</div>
            <div class="timeline-body">

<code>mypy_primer</code> results

Changes were detected when running on open source projects

<pre><code>scikit-build-core (https://github.com/scikit-build/scikit-build-core)
- src/scikit_build_core/build/_wheelfile.py:51:22: error[no-matching-overload] No overload of function `field` matches arguments
- Found 52 diagnostics
+ Found 51 diagnostics

</code></pre>

No memory usage changes detected ✅

</div>
        </div>
        <div class="timeline-entry">
            <div class="timeline-header">Comment by <a href="https://github.com/AlexWaygood">@AlexWaygood</a> on 2025-10-08 21:04</div>
            <div class="timeline-body"><p>An example failure on <code>main</code>:</p>


<pre><code>running 1 test
test types::property_tests::stable::disjoint_from_is_symmetric ... FAILED

failures:

---- types::property_tests::stable::disjoint_from_is_symmetric stdout ----

Failing types were:
(((...) -&gt; None) &amp; type[Any] &amp; ~((*, n0) -&gt; Unknown)) | (((...) -&gt; None) &amp; Mock &amp; ~((*, n0) -&gt; Unknown)) | (((...) -&gt; None) &amp; &lt;class &#x27;Mock&#x27;&gt; &amp; ~((*, n0) -&gt; Unknown))
tuple[AlwaysFalsy] | (bound method str.isascii() -&gt; bool) | tuple[Literal[True], AlwaysFalsy]

Failing types were:
(((...) -&gt; None) &amp; type[Any]) | (((...) -&gt; None) &amp; Mock) | (((...) -&gt; None) &amp; &lt;class &#x27;Mock&#x27;&gt;)
tuple[AlwaysFalsy] | (bound method str.isascii() -&gt; bool) | tuple[Literal[True], AlwaysFalsy]

Failing types were:
(((...) -&gt; None) &amp; type[Any]) | (((...) -&gt; None) &amp; Mock)
tuple[AlwaysFalsy] | (bound method str.isascii() -&gt; bool) | tuple[Literal[True], AlwaysFalsy]

Failing types were:
(((...) -&gt; None) &amp; type[Any]) | (((...) -&gt; None) &amp; Mock)
(bound method str.isascii() -&gt; bool) | tuple[Literal[True], AlwaysFalsy]

Failing types were:
(((...) -&gt; None) &amp; type[Any]) | (((...) -&gt; None) &amp; Mock)
(bound method str.isascii() -&gt; bool) | tuple[Literal[True], AlwaysFalsy]

thread &#x27;types::property_tests::stable::disjoint_from_is_symmetric&#x27; panicked at /Users/alexw/.cargo/registry/src/index.crates.io-1949cf8c6b5b557f/quickcheck-1.0.3/src/tester.rs:165:28:
[quickcheck] TEST FAILED. Arguments: (Intersection { pos: [Callable { params: GradualForm, returns: Some(None) }, Union([SubclassOfAny, UnittestMockInstance])], neg: [] }, Union([BuiltinsBoundMethod { class: &quot;str&quot;, method: &quot;isascii&quot; }, FixedLengthTuple([BooleanLiteral(true), AlwaysFalsy])]))
note: run with `RUST_BACKTRACE=1` environment variable to display a backtrace


failures:
    types::property_tests::stable::disjoint_from_is_symmetric
</code></pre>
</div>
        </div>
        <div class="timeline-entry">
            <div class="timeline-header"><a href="https://github.com/carljm">@carljm</a> approved on 2025-10-08 21:18</div>
            <div class="timeline-body"><p>Nice find!</p>
</div>
        </div>
        <div class="timeline-entry">
            <div class="event">Merged by <a href="https://github.com/AlexWaygood">@AlexWaygood</a> on 2025-10-08 21:28</div>
        </div>
        <div class="timeline-entry">
            <div class="event">Closed by <a href="https://github.com/AlexWaygood">@AlexWaygood</a> on 2025-10-08 21:28</div>
        </div>
        <div class="timeline-entry">
            <div class="event">Branch deleted on 2025-10-08 21:28</div>
        </div>
    </div>

    <footer>
        Synced at 2026-01-20 19:19:21 UTC
    </footer>
</body>
</html>
