<!DOCTYPE html>
<html lang="en">
<head>
    <meta charset="UTF-8">
    <meta name="viewport" content="width=device-width, initial-scale=1.0">
    <title>[ty] Emit diagnostics for invalid base classes in `type(...)` - astral-sh/ruff #22499</title>
    <link rel="stylesheet" href="../../../style.css">
</head>
<body>
    <div class="back-link">
        <a href="../../../index.html">Back to index</a>
    </div>

    <h1>[ty] Emit diagnostics for invalid base classes in <code>type(...)</code></h1>

    <div class="meta">
        <span class="state-icon state-merged"></span>
        <a href="https://github.com/astral-sh/ruff/pull/22499">#22499</a>
        opened by <a href="https://github.com/charliermarsh">@charliermarsh</a>
        on 2026-01-10 19:08
    </div>

    <div class="timeline">
        <div class="timeline-entry">
            <div class="timeline-header"><a href="https://github.com/charliermarsh">@charliermarsh</a></div>
            <div class="timeline-body">Summary
<p>Tackles a few TODOs from <a href="https://github.com/astral-sh/ruff/pull/22291">astral-sh/ruff#22291</a>.</p>
</div>
        </div>
        <div class="timeline-entry">
            <div class="event">Label <span class="label">ty</span> added by <a href="https://github.com/charliermarsh">@charliermarsh</a> on 2026-01-10 19:08</div>
        </div>
        <div class="timeline-entry">
            <div class="timeline-header">Comment by <a href="https://github.com/astral-sh-bot[bot]">@astral-sh-bot[bot]</a> on 2026-01-10 19:10</div>
            <div class="timeline-body">

Diagnostic diff on <a href="https://github.com/python/typing/tree/9f6d8ced7cd1c8d92687a4e9c96d7716452e471e/conformance">typing conformance tests</a>
<p>No changes detected when running ty on typing conformance tests âœ…</p>
</div>
        </div>
        <div class="timeline-entry">
            <div class="timeline-header">Comment by <a href="https://github.com/astral-sh-bot[bot]">@astral-sh-bot[bot]</a> on 2026-01-10 19:11</div>
            <div class="timeline-body">

<code>mypy_primer</code> results

Changes were detected when running on open source projects

<pre><code>async-utils (https://github.com/mikeshardmind/async-utils)
+ src/async_utils/_graphs.py:49:18: warning[unsupported-dynamic-base] Unsupported base for class created via `type()`: Has type `&lt;special-form &#x27;typing.Protocol&#x27;&gt;`
+ src/async_utils/corofunc_cache.py:58:18: warning[unsupported-dynamic-base] Unsupported base for class created via `type()`: Has type `&lt;special-form &#x27;typing.Protocol&#x27;&gt;`
+ src/async_utils/task_cache.py:61:18: warning[unsupported-dynamic-base] Unsupported base for class created via `type()`: Has type `&lt;special-form &#x27;typing.Protocol&#x27;&gt;`
- Found 9 diagnostics
+ Found 12 diagnostics

graphql-core (https://github.com/graphql-python/graphql-core)
+ tests/type/test_scalars.py:541:51: error[subclass-of-final-class] Class `Boolean` cannot inherit from final class `bool`
- Found 640 diagnostics
+ Found 641 diagnostics

tornado (https://github.com/tornadoweb/tornado)
- tornado/gen.py:255:62: error[invalid-argument-type] Argument to bound method `__init__` is incorrect: Expected `None | Awaitable[Unknown] | list[Awaitable[Unknown]] | dict[Any, Awaitable[Unknown]] | Future[Unknown]`, found `_T@next | _T@next | _VT@next`
+ tornado/gen.py:255:62: error[invalid-argument-type] Argument to bound method `__init__` is incorrect: Expected `None | Awaitable[Unknown] | list[Awaitable[Unknown]] | dict[Any, Awaitable[Unknown]] | Future[Unknown]`, found `_T@next | _VT@next | _T@next`

Tanjun (https://github.com/FasterSpeeding/Tanjun)
- tanjun/dependencies/data.py:347:12: error[invalid-return-type] Return type does not match returned value: expected `_T@cached_inject`, found `_T@cached_inject | Coroutine[Any, Any, _T@cached_inject | Coroutine[Any, Any, _T@cached_inject]]`
+ tanjun/dependencies/data.py:347:12: error[invalid-return-type] Return type does not match returned value: expected `_T@cached_inject`, found `Coroutine[Any, Any, _T@cached_inject | Coroutine[Any, Any, _T@cached_inject]] | _T@cached_inject`

trio (https://github.com/python-trio/trio)
+ src/trio/_core/_tests/test_cancelled.py:55:27: error[subclass-of-final-class] Class `Subclass` cannot inherit from final class `Cancelled`
+ src/trio/_core/_tests/test_run.py:2368:27: error[subclass-of-final-class] Class `Subclass` cannot inherit from final class `Nursery`
+ src/trio/_core/_tests/test_run.py:2373:27: error[subclass-of-final-class] Class `Subclass` cannot inherit from final class `CancelScope`
- Found 482 diagnostics
+ Found 485 diagnostics

scikit-build-core (https://github.com/scikit-build/scikit-build-core)
+ src/scikit_build_core/build/wheel.py:99:20: error[no-matching-overload] No overload of bound method `__init__` matches arguments
- Found 47 diagnostics
+ Found 48 diagnostics

prefect (https://github.com/PrefectHQ/prefect)
- src/integrations/prefect-dbt/prefect_dbt/core/settings.py:94:28: error[invalid-assignment] Object of type `T@resolve_block_document_references | dict[str, Any] | str | ... omitted 4 union elements` is not assignable to `dict[str, Any]`
+ src/integrations/prefect-dbt/prefect_dbt/core/settings.py:94:28: error[invalid-assignment] Object of type `T@resolve_block_document_references | dict[str, Any]` is not assignable to `dict[str, Any]`
- src/integrations/prefect-dbt/prefect_dbt/core/settings.py:99:28: error[invalid-assignment] Object of type `T@resolve_variables | str | int | ... omitted 4 union elements` is not assignable to `dict[str, Any]`
+ src/integrations/prefect-dbt/prefect_dbt/core/settings.py:99:28: error[invalid-assignment] Object of type `T@resolve_variables | dict[str, Any]` is not assignable to `dict[str, Any]`
- src/prefect/cli/deploy/_core.py:86:21: error[invalid-assignment] Object of type `T@resolve_block_document_references | dict[str, Any] | str | ... omitted 4 union elements` is not assignable to `dict[str, Any]`
+ src/prefect/cli/deploy/_core.py:86:21: error[invalid-assignment] Object of type `T@resolve_block_document_references | dict[str, Any]` is not assignable to `dict[str, Any]`
- src/prefect/cli/deploy/_core.py:87:21: error[invalid-assignment] Object of type `T@resolve_variables | str | int | ... omitted 4 union elements` is not assignable to `dict[str, Any]`
+ src/prefect/cli/deploy/_core.py:87:21: error[invalid-assignment] Object of type `T@resolve_variables` is not assignable to `dict[str, Any]`
- src/prefect/deployments/runner.py:795:70: warning[possibly-missing-attribute] Attribute `__name__` may be missing on object of type `Unknown | ((...) -&gt; Any)`
+ src/prefect/deployments/runner.py:795:70: warning[possibly-missing-attribute] Attribute `__name__` may be missing on object of type `Unknown | (((...) -&gt; Any) &amp; ((*args: object, **kwargs: object) -&gt; object))`
- src/prefect/deployments/steps/core.py:137:38: error[invalid-argument-type] Argument is incorrect: Expected `T@resolve_variables`, found `T@resolve_block_document_references | dict[str, Any] | str | ... omitted 4 union elements`
+ src/prefect/deployments/steps/core.py:137:38: error[invalid-argument-type] Argument is incorrect: Expected `T@resolve_variables`, found `T@resolve_block_document_references | dict[str, Any]`
- src/prefect/flow_engine.py:812:32: error[invalid-await] `Unknown | R@FlowRunEngine | Coroutine[Any, Any, R@FlowRunEngine]` is not awaitable
- src/prefect/flow_engine.py:1401:24: error[invalid-await] `Unknown | R@AsyncFlowRunEngine | Coroutine[Any, Any, R@AsyncFlowRunEngine]` is not awaitable
- src/prefect/flow_engine.py:1482:43: error[invalid-argument-type] Argument to function `next` is incorrect: Expected `SupportsNext[Unknown]`, found `Unknown | R@run_generator_flow_sync`
- src/prefect/flow_engine.py:1490:21: warning[possibly-missing-attribute] Attribute `throw` may be missing on object of type `Unknown | R@run_generator_flow_sync`
- src/prefect/flow_engine.py:1524:44: warning[possibly-missing-attribute] Attribute `__anext__` may be missing on object of type `Unknown | R@run_generator_flow_async`
- src/prefect/flow_engine.py:1531:25: warning[possibly-missing-attribute] Attribute `throw` may be missing on object of type `Unknown | R@run_generator_flow_async`
- src/prefect/flows.py:286:34: error[unresolved-attribute] Object of type `(**P@Flow) -&gt; R@Flow` has no attribute `__name__`
+ src/prefect/flows.py:286:34: error[unresolved-attribute] Object of type `((**P@Flow) -&gt; R@Flow) &amp; ((*args: object, **kwargs: object) -&gt; object)` has no attribute `__name__`
- src/prefect/flows.py:404:68: error[unresolved-attribute] Object of type `(**P@Flow) -&gt; R@Flow` has no attribute `__name__`
+ src/prefect/flows.py:404:68: error[unresolved-attribute] Object of type `((**P@Flow) -&gt; R@Flow) &amp; ((*args: object, **kwargs: object) -&gt; object)` has no attribute `__name__`
+ src/prefect/flows.py:1750:53: warning[unused-ignore-comment] Unused blanket `type: ignore` directive
- src/prefect/utilities/templating.py:320:13: error[invalid-assignment] Invalid subscript assignment with key of type `object` and value of type `T@resolve_block_document_references | dict[str, Any] | str | ... omitted 4 union elements` on object of type `dict[str, Any]`
+ src/prefect/utilities/templating.py:320:13: error[invalid-assignment] Invalid subscript assignment with key of type `object` and value of type `T@resolve_block_document_references | dict[str, Any]` on object of type `dict[str, Any]`
- src/prefect/utilities/templating.py:323:16: error[invalid-return-type] Return type does not match returned value: expected `T@resolve_block_document_references | dict[str, Any]`, found `list[T@resolve_block_document_references | dict[str, Any] | str | ... omitted 5 union elements]`
+ src/prefect/utilities/templating.py:323:16: error[invalid-return-type] Return type does not match returned value: expected `T@resolve_block_document_references | dict[str, Any]`, found `list[T@resolve_block_document_references | dict[str, Any] | Unknown]`
- src/prefect/utilities/templating.py:437:16: error[invalid-return-type] Return type does not match returned value: expected `T@resolve_variables`, found `dict[object, T@resolve_variables | str | int | ... omitted 5 union elements]`
+ src/prefect/utilities/templating.py:437:16: error[invalid-return-type] Return type does not match returned value: expected `T@resolve_variables`, found `dict[object, T@resolve_variables | Unknown]`
- src/prefect/utilities/templating.py:442:16: error[invalid-return-type] Return type does not match returned value: expected `T@resolve_variables`, found `list[T@resolve_variables | str | int | ... omitted 5 union elements]`
+ src/prefect/utilities/templating.py:442:16: error[invalid-return-type] Return type does not match returned value: expected `T@resolve_variables`, found `list[T@resolve_variables | Unknown]`
- src/prefect/workers/base.py:232:13: error[invalid-argument-type] Argument is incorrect: Expected `T@resolve_variables`, found `T@resolve_block_document_references | dict[str, Any] | str | ... omitted 4 union elements`
+ src/prefect/workers/base.py:232:13: error[invalid-argument-type] Argument is incorrect: Expected `T@resolve_variables`, found `T@resolve_block_document_references | dict[str, Any]`
- src/prefect/workers/base.py:234:20: error[invalid-argument-type] Argument expression after ** must be a mapping type: Found `T@resolve_variables | str | int | ... omitted 4 union elements`
+ src/prefect/workers/base.py:234:20: error[invalid-argument-type] Argument expression after ** must be a mapping type: Found `T@resolve_variables`
- Found 5369 diagnostics
+ Found 5364 diagnostics

static-frame (https://github.com/static-frame/static-frame)
- static_frame/core/index.py:580:16: error[invalid-return-type] Return type does not match returned value: expected `InterGetItemLocReduces[TVContainer_co@loc, TVDtype@Index]`, found `InterGetItemLocReduces[Any | Bottom[Series[Any, Any]], TVDtype@Index]`
+ static_frame/core/index.py:580:16: error[invalid-return-type] Return type does not match returned value: expected `InterGetItemLocReduces[TVContainer_co@loc, TVDtype@Index]`, found `InterGetItemLocReduces[Bottom[Series[Any, Any]] | Any, TVDtype@Index]`
- static_frame/core/node_selector.py:526:16: error[invalid-return-type] Return type does not match returned value: expected `InterGetItemLocReduces[TVContainer_co@InterfaceSelectQuartet, Any]`, found `InterGetItemLocReduces[Unknown | Bottom[Series[Any, Any]], Any]`
+ static_frame/core/node_selector.py:526:16: error[invalid-return-type] Return type does not match returned value: expected `InterGetItemLocReduces[TVContainer_co@InterfaceSelectQuartet, Any]`, found `InterGetItemLocReduces[Bottom[Series[Any, Any]] | Unknown, Any]`
- static_frame/core/series.py:772:16: error[invalid-return-type] Return type does not match returned value: expected `InterGetItemILocReduces[Series[Any, Any], TVDtype@Series]`, found `InterGetItemILocReduces[Series[Any, Any] | Bottom[Index[Any]] | TypeBlocks | ... omitted 6 union elements, TVDtype@Series]`
+ static_frame/core/series.py:772:16: error[invalid-return-type] Return type does not match returned value: expected `InterGetItemILocReduces[Series[Any, Any], TVDtype@Series]`, found `InterGetItemILocReduces[Series[Any, Any] | Bottom[Index[Any]] | ndarray[Never, Never] | ... omitted 6 union elements, TVDtype@Series]`

rotki (https://github.com/rotki/rotki)
+ rotkehlchen/chain/decoding/tools.py:96:44: warning[unused-ignore-comment] Unused blanket `type: ignore` directive
- rotkehlchen/chain/decoding/tools.py:97:13: error[invalid-argument-type] Argument to function `decode_transfer_direction` is incorrect: Expected `BTCAddress | ChecksumAddress | SubstrateAddress | SolanaAddress`, found `A@BaseDecoderTools`
+ rotkehlchen/chain/decoding/tools.py:99:13: error[invalid-argument-type] Argument to function `decode_transfer_direction` is incorrect: Expected `Sequence[A@BaseDecoderTools]`, found `Unknown | tuple[BTCAddress, ...] | tuple[ChecksumAddress, ...] | tuple[SubstrateAddress, ...] | tuple[SolanaAddress, ...]`
- rotkehlchen/chain/decoding/tools.py:98:13: error[invalid-argument-type] Argument to function `decode_transfer_direction` is incorrect: Expected `BTCAddress | ChecksumAddress | SubstrateAddress | SolanaAddress | None`, found `A@BaseDecoderTools | None`
+ rotkehlchen/chain/decoding/tools.py:100:62: warning[unused-ignore-comment] Unused blanket `type: ignore` directive
- Found 2056 diagnostics
+ Found 2057 diagnostics

core (https://github.com/home-assistant/core)
+ homeassistant/util/variance.py:47:12: error[invalid-return-type] Return type does not match returned value: expected `(**_P@ignore_variance) -&gt; _R@ignore_variance`, found `_Wrapped[_P@ignore_variance, _R@ignore_variance | int | float | datetime, _P@ignore_variance, _R@ignore_variance | int | float | datetime]`
- Found 14505 diagnostics
+ Found 14506 diagnostics


</code></pre>



Memory usage changes were detected when running on open source projects

<pre><code>trio (https://github.com/python-trio/trio)
-     struct fields = ~12MB
+     struct fields = ~11MB


</code></pre>


</div>
        </div>
        <div class="timeline-entry">
            <div class="event">Marked ready for review by <a href="https://github.com/charliermarsh">@charliermarsh</a> on 2026-01-11 14:27</div>
        </div>
        <div class="timeline-entry">
            <div class="event">Review requested from <a href="https://github.com/carljm">@carljm</a> by <a href="https://github.com/charliermarsh">@charliermarsh</a> on 2026-01-11 14:27</div>
        </div>
        <div class="timeline-entry">
            <div class="event">Review requested from <a href="https://github.com/AlexWaygood">@AlexWaygood</a> by <a href="https://github.com/charliermarsh">@charliermarsh</a> on 2026-01-11 14:27</div>
        </div>
        <div class="timeline-entry">
            <div class="event">Review requested from <a href="https://github.com/sharkdp">@sharkdp</a> by <a href="https://github.com/charliermarsh">@charliermarsh</a> on 2026-01-11 14:27</div>
        </div>
        <div class="timeline-entry">
            <div class="event">Review requested from <a href="https://github.com/dcreager">@dcreager</a> by <a href="https://github.com/charliermarsh">@charliermarsh</a> on 2026-01-11 14:27</div>
        </div>
        <div class="timeline-entry">
            <div class="event">Review requested from <a href="https://github.com/MichaReiser">@MichaReiser</a> by <a href="https://github.com/charliermarsh">@charliermarsh</a> on 2026-01-12 04:02</div>
        </div>
        <div class="timeline-entry">
            <div class="event">Review requested from <a href="https://github.com/Gankra">@Gankra</a> by <a href="https://github.com/charliermarsh">@charliermarsh</a> on 2026-01-12 04:02</div>
        </div>
        <div class="timeline-entry">
            <div class="event">Converted to draft by <a href="https://github.com/charliermarsh">@charliermarsh</a> on 2026-01-12 20:39</div>
        </div>
        <div class="timeline-entry">
            <div class="event">Marked ready for review by <a href="https://github.com/charliermarsh">@charliermarsh</a> on 2026-01-13 02:26</div>
        </div>
        <div class="timeline-entry">
            <div class="timeline-header">Comment by <a href="https://github.com/AlexWaygood">@AlexWaygood</a> on 2026-01-13 13:46</div>
            <div class="timeline-body"><blockquote>
<pre><code>+ src/async_utils/_graphs.py:49:18: warning[unsupported-base] Invalid base for class created via `type()`: Has type `&lt;special-form &#x27;typing.Protocol&#x27;&gt;`
</code></pre>
</blockquote>
<p>Shouldn&#x27;t that be <code>unsupported-dynamic-base</code> rather than <code>unsupported-base</code>?</p>
</div>
        </div>
        <div class="timeline-entry">
            <div class="event">Review request for <a href="https://github.com/Gankra">@Gankra</a> removed by <a href="https://github.com/AlexWaygood">@AlexWaygood</a> on 2026-01-13 13:54</div>
        </div>
        <div class="timeline-entry">
            <div class="event">Review request for <a href="https://github.com/MichaReiser">@MichaReiser</a> removed by <a href="https://github.com/AlexWaygood">@AlexWaygood</a> on 2026-01-13 13:54</div>
        </div>
        <div class="timeline-entry">
            <div class="timeline-header">Comment by <a href="https://github.com/charliermarsh">@charliermarsh</a> on 2026-01-13 14:26</div>
            <div class="timeline-body"><p>Do you mean, exclusively for the protocol case? (As opposed to, e.g., inheriting from enums?) Since that one is a limitation?</p>
</div>
        </div>
        <div class="timeline-entry">
            <div class="event">Converted to draft by <a href="https://github.com/charliermarsh">@charliermarsh</a> on 2026-01-13 14:39</div>
        </div>
        <div class="timeline-entry">
            <div class="timeline-header">Comment by <a href="https://github.com/charliermarsh">@charliermarsh</a> on 2026-01-13 16:45</div>
            <div class="timeline-body"><p>(Actually not sure if we&#x27;re supposed to support <code>final</code> as a non-decorator, doing some research.)</p>
</div>
        </div>
        <div class="timeline-entry">
            <div class="event">Marked ready for review by <a href="https://github.com/charliermarsh">@charliermarsh</a> on 2026-01-13 16:51</div>
        </div>
        <div class="timeline-entry">
            <div class="timeline-header">Comment by <a href="https://github.com/charliermarsh">@charliermarsh</a> on 2026-01-13 16:52</div>
            <div class="timeline-body"><p>My read of https://typing.python.org/en/latest/spec/qualifiers.html is that <code>final</code> is only intended to work as a decorator, and not via <code>final(type(...))</code>. Other type checkers don&#x27;t enforce that either. So I omitted <code>final</code> support.</p>
</div>
        </div>
        <div class="timeline-entry">
            <div class="timeline-header"><a href="https://github.com/AlexWaygood">@AlexWaygood</a> reviewed on 2026-01-13 16:53</div>
            <div class="timeline-body"></div>
        </div>
        <div class="timeline-entry">
            <div class="timeline-header">Review comment by <a href="https://github.com/AlexWaygood">@AlexWaygood</a> on <code>crates/ty_python_semantic/resources/mdtest/call/type.md</code>:1082 on 2026-01-13 16:53</div>
            <div class="timeline-body"><p>can we therefore emit a diagnostic here warning the user that this has no effect? I don&#x27;t like silently doing nothing in a case where the user probably expects us to do something ðŸ˜„</p>
<p>This can be a followup.</p>
</div>
        </div>
        <div class="timeline-entry">
            <div class="timeline-header">Review comment by <a href="https://github.com/AlexWaygood">@AlexWaygood</a> on <code>crates/ty_python_semantic/resources/mdtest/call/type.md</code>:931 on 2026-01-13 16:55</div>
            <div class="timeline-body"><p><code>unsupported-base</code> is meant to be for things that probably won&#x27;t cause runtime errors, but which we can&#x27;t support. But these actually cause runtime errors! So maybe they should be <code>invalid-base</code>?</p>
<pre><code>&gt;&gt;&gt; GenericClass = type(&quot;GenericClass&quot;, (Generic[T],), {})
Traceback (most recent call last):
  File &quot;&lt;python-input-3&gt;&quot;, line 1, in &lt;module&gt;
    GenericClass = type(&quot;GenericClass&quot;, (Generic[T],), {})
TypeError: type() doesn&#x27;t support MRO entry resolution; use types.new_class()
</code></pre>
</div>
        </div>
        <div class="timeline-entry">
            <div class="timeline-header"><a href="https://github.com/AlexWaygood">@AlexWaygood</a> reviewed on 2026-01-13 16:55</div>
            <div class="timeline-body"></div>
        </div>
        <div class="timeline-entry">
            <div class="timeline-header">Review comment by <a href="https://github.com/AlexWaygood">@AlexWaygood</a> on <code>crates/ty_python_semantic/resources/mdtest/call/type.md</code>:1009 on 2026-01-13 16:56</div>
            <div class="timeline-body"><p>same here, this actually fails at runtime, so maybe the error code should be <code>invalid-base</code></p>
</div>
        </div>
        <div class="timeline-entry">
            <div class="timeline-header"><a href="https://github.com/AlexWaygood">@AlexWaygood</a> reviewed on 2026-01-13 16:56</div>
            <div class="timeline-body"></div>
        </div>
        <div class="timeline-entry">
            <div class="timeline-header"><a href="https://github.com/AlexWaygood">@AlexWaygood</a> reviewed on 2026-01-13 16:57</div>
            <div class="timeline-body"></div>
        </div>
        <div class="timeline-entry">
            <div class="timeline-header">Review comment by <a href="https://github.com/AlexWaygood">@AlexWaygood</a> on <code>crates/ty_python_semantic/resources/mdtest/diagnostics/unsupported_base_dynamic_type.md</code>:49 on 2026-01-13 16:57</div>
            <div class="timeline-body"><p>and here, this should probably be <code>invalid-base</code></p>
<pre><code>&gt;&gt;&gt; from typing import TypedDict
... 
... X = type(&quot;X&quot;, (TypedDict,), {})
... 
Traceback (most recent call last):
  File &quot;&lt;python-input-0&gt;&quot;, line 3, in &lt;module&gt;
    X = type(&quot;X&quot;, (TypedDict,), {})
TypeError: type() doesn&#x27;t support MRO entry resolution; use types.new_class()
</code></pre>
</div>
        </div>
        <div class="timeline-entry">
            <div class="timeline-header">Review comment by <a href="https://github.com/charliermarsh">@charliermarsh</a> on <code>crates/ty_python_semantic/resources/mdtest/call/type.md</code>:1082 on 2026-01-13 16:58</div>
            <div class="timeline-body"><p>Will do. I think that should fire for &quot;static&quot; classes too.</p>
</div>
        </div>
        <div class="timeline-entry">
            <div class="timeline-header"><a href="https://github.com/charliermarsh">@charliermarsh</a> reviewed on 2026-01-13 16:58</div>
            <div class="timeline-body"></div>
        </div>
        <div class="timeline-entry">
            <div class="timeline-header"><a href="https://github.com/AlexWaygood">@AlexWaygood</a> reviewed on 2026-01-13 17:01</div>
            <div class="timeline-body"></div>
        </div>
        <div class="timeline-entry">
            <div class="timeline-header">Review comment by <a href="https://github.com/AlexWaygood">@AlexWaygood</a> on <code>crates/ty_python_semantic/resources/mdtest/call/type.md</code>:1082 on 2026-01-13 17:01</div>
            <div class="timeline-body"><p>yeah, that makes sense.</p>
</div>
        </div>
        <div class="timeline-entry">
            <div class="timeline-header">Review comment by <a href="https://github.com/AlexWaygood">@AlexWaygood</a> on <code>crates/ty_python_semantic/resources/mdtest/call/type.md</code>:927 on 2026-01-13 17:15</div>
            <div class="timeline-body"><p>nit: this one <em>won&#x27;t</em> fail at runtime...</p>
<pre><code># error: [unsupported-dynamic-base] &quot;Unsupported base for class created via `type()`&quot;
</code></pre>
</div>
        </div>
        <div class="timeline-entry">
            <div class="timeline-header">Review comment by <a href="https://github.com/AlexWaygood">@AlexWaygood</a> on <code>crates/ty_python_semantic/resources/mdtest/snapshots/unsupported_base_dynâ€¦_-_Unsupported_base_forâ€¦_-_Enum_base_(4873196c8b48364).snap</code>:36 on 2026-01-13 17:16</div>
            <div class="timeline-body"><p>eh... if they&#x27;re reaching for the dynamic way of creating classes, it&#x27;s probably more likely here that they want <code>X = Enum(&quot;MyEnum&quot;, [])</code> here, no?</p>
</div>
        </div>
        <div class="timeline-entry">
            <div class="timeline-header">Review comment by <a href="https://github.com/AlexWaygood">@AlexWaygood</a> on <code>crates/ty_python_semantic/resources/mdtest/snapshots/unsupported_base_dynâ€¦_-_Unsupported_base_forâ€¦_-_`TypedDict`_base_(6f76171c88fc8760).snap</code>:33 on 2026-01-13 17:17</div>
            <div class="timeline-body"><p>similarly here, suggesting <code>X = TypedDict(&quot;X&quot;, {})</code> would probably be closer to the mark?</p>
</div>
        </div>
        <div class="timeline-entry">
            <div class="timeline-header"><a href="https://github.com/AlexWaygood">@AlexWaygood</a> approved on 2026-01-13 17:18</div>
            <div class="timeline-body"><p>nice, a few more minor nits</p>
</div>
        </div>
        <div class="timeline-entry">
            <div class="timeline-header"><a href="https://github.com/AlexWaygood">@AlexWaygood</a> approved on 2026-01-13 17:33</div>
            <div class="timeline-body"></div>
        </div>
        <div class="timeline-entry">
            <div class="event">Merged by <a href="https://github.com/charliermarsh">@charliermarsh</a> on 2026-01-14 13:56</div>
        </div>
        <div class="timeline-entry">
            <div class="event">Closed by <a href="https://github.com/charliermarsh">@charliermarsh</a> on 2026-01-14 13:56</div>
        </div>
        <div class="timeline-entry">
            <div class="event">Branch deleted on 2026-01-14 13:56</div>
        </div>
    </div>

    <footer>
        Synced at 2026-01-20 19:22:53 UTC
    </footer>
</body>
</html>
