<!DOCTYPE html>
<html lang="en">
<head>
    <meta charset="UTF-8">
    <meta name="viewport" content="width=device-width, initial-scale=1.0">
    <title>[ty] Emit diagnostic for unimplemented abstract method on @final class - astral-sh/ruff #22753</title>
    <link rel="stylesheet" href="../../../style.css">
</head>
<body>
    <div class="back-link">
        <a href="../../../index.html">Back to index</a>
    </div>

    <h1>[ty] Emit diagnostic for unimplemented abstract method on @final class</h1>

    <div class="meta">
        <span class="state-icon state-open"></span>
        <a href="https://github.com/astral-sh/ruff/pull/22753">#22753</a>
        opened by <a href="https://github.com/charliermarsh">@charliermarsh</a>
        on 2026-01-20 02:42
    </div>

    <div class="timeline">
        <div class="timeline-entry">
            <div class="timeline-header"><a href="https://github.com/charliermarsh">@charliermarsh</a></div>
            <div class="timeline-body">Summary
<p>Closes <a href="https://github.com/astral-sh/ty/issues/2525">astral-sh/ty#2525</a>.</p>
</div>
        </div>
        <div class="timeline-entry">
            <div class="timeline-header">Comment by <a href="https://github.com/astral-sh-bot[bot]">@astral-sh-bot[bot]</a> on 2026-01-20 02:43</div>
            <div class="timeline-body">

<a href="https://github.com/python/typing/blob/dece44f2922ca390fe314145d09939514a21e76e/conformance/">Typing conformance results</a>
<p>No changes detected âœ…</p>
</div>
        </div>
        <div class="timeline-entry">
            <div class="timeline-header">Comment by <a href="https://github.com/astral-sh-bot[bot]">@astral-sh-bot[bot]</a> on 2026-01-20 02:47</div>
            <div class="timeline-body">

<code>mypy_primer</code> results

Changes were detected when running on open source projects

<pre><code>tornado (https://github.com/tornadoweb/tornado)
- tornado/gen.py:255:62: error[invalid-argument-type] Argument to bound method `__init__` is incorrect: Expected `None | Awaitable[Unknown] | list[Awaitable[Unknown]] | dict[Any, Awaitable[Unknown]] | Future[Unknown]`, found `_T@next | _VT@next | _T@next`
+ tornado/gen.py:255:62: error[invalid-argument-type] Argument to bound method `__init__` is incorrect: Expected `None | Awaitable[Unknown] | list[Awaitable[Unknown]] | dict[Any, Awaitable[Unknown]] | Future[Unknown]`, found `_T@next | _T@next | _VT@next`

scikit-build-core (https://github.com/scikit-build/scikit-build-core)
+ src/scikit_build_core/build/wheel.py:99:20: error[no-matching-overload] No overload of bound method `__init__` matches arguments
- Found 46 diagnostics
+ Found 47 diagnostics

prefect (https://github.com/PrefectHQ/prefect)
- src/integrations/prefect-dbt/prefect_dbt/core/settings.py:94:28: error[invalid-assignment] Object of type `T@resolve_block_document_references | dict[str, Any]` is not assignable to `dict[str, Any]`
+ src/integrations/prefect-dbt/prefect_dbt/core/settings.py:94:28: error[invalid-assignment] Object of type `T@resolve_block_document_references | int | dict[str, Any] | ... omitted 4 union elements` is not assignable to `dict[str, Any]`
- src/integrations/prefect-dbt/prefect_dbt/core/settings.py:99:28: error[invalid-assignment] Object of type `T@resolve_variables | dict[str, Any]` is not assignable to `dict[str, Any]`
+ src/integrations/prefect-dbt/prefect_dbt/core/settings.py:99:28: error[invalid-assignment] Object of type `int | T@resolve_variables | float | ... omitted 4 union elements` is not assignable to `dict[str, Any]`
- src/prefect/cli/deploy/_core.py:86:21: error[invalid-assignment] Object of type `T@resolve_block_document_references | dict[str, Any]` is not assignable to `dict[str, Any]`
+ src/prefect/cli/deploy/_core.py:86:21: error[invalid-assignment] Object of type `T@resolve_block_document_references | int | dict[str, Any] | ... omitted 4 union elements` is not assignable to `dict[str, Any]`
- src/prefect/cli/deploy/_core.py:87:21: error[invalid-assignment] Object of type `T@resolve_variables` is not assignable to `dict[str, Any]`
+ src/prefect/cli/deploy/_core.py:87:21: error[invalid-assignment] Object of type `int | T@resolve_variables | float | ... omitted 4 union elements` is not assignable to `dict[str, Any]`
- src/prefect/deployments/steps/core.py:137:38: error[invalid-argument-type] Argument is incorrect: Expected `T@resolve_variables`, found `T@resolve_block_document_references | dict[str, Any]`
+ src/prefect/deployments/steps/core.py:137:38: error[invalid-argument-type] Argument is incorrect: Expected `T@resolve_variables`, found `T@resolve_block_document_references | int | dict[str, Any] | ... omitted 4 union elements`
- src/prefect/utilities/templating.py:320:13: error[invalid-assignment] Invalid subscript assignment with key of type `object` and value of type `T@resolve_block_document_references | dict[str, Any]` on object of type `dict[str, Any]`
+ src/prefect/utilities/templating.py:320:13: error[invalid-assignment] Invalid subscript assignment with key of type `object` and value of type `T@resolve_block_document_references | int | dict[str, Any] | ... omitted 4 union elements` on object of type `dict[str, Any]`
- src/prefect/utilities/templating.py:323:16: error[invalid-return-type] Return type does not match returned value: expected `T@resolve_block_document_references | dict[str, Any]`, found `list[T@resolve_block_document_references | dict[str, Any] | Unknown]`
+ src/prefect/utilities/templating.py:323:16: error[invalid-return-type] Return type does not match returned value: expected `T@resolve_block_document_references | dict[str, Any]`, found `list[T@resolve_block_document_references | int | dict[str, Any] | ... omitted 5 union elements]`
- src/prefect/utilities/templating.py:437:16: error[invalid-return-type] Return type does not match returned value: expected `T@resolve_variables`, found `dict[object, T@resolve_variables | Unknown]`
+ src/prefect/utilities/templating.py:437:16: error[invalid-return-type] Return type does not match returned value: expected `T@resolve_variables`, found `dict[object, int | T@resolve_variables | float | ... omitted 5 union elements]`
- src/prefect/utilities/templating.py:442:16: error[invalid-return-type] Return type does not match returned value: expected `T@resolve_variables`, found `list[T@resolve_variables | Unknown]`
+ src/prefect/utilities/templating.py:442:16: error[invalid-return-type] Return type does not match returned value: expected `T@resolve_variables`, found `list[int | T@resolve_variables | float | ... omitted 5 union elements]`
- src/prefect/workers/base.py:232:13: error[invalid-argument-type] Argument is incorrect: Expected `T@resolve_variables`, found `T@resolve_block_document_references | dict[str, Any]`
+ src/prefect/workers/base.py:232:13: error[invalid-argument-type] Argument is incorrect: Expected `T@resolve_variables`, found `T@resolve_block_document_references | int | dict[str, Any] | ... omitted 4 union elements`
- src/prefect/workers/base.py:234:20: error[invalid-argument-type] Argument expression after ** must be a mapping type: Found `T@resolve_variables`
+ src/prefect/workers/base.py:234:20: error[invalid-argument-type] Argument expression after ** must be a mapping type: Found `int | T@resolve_variables | float | ... omitted 4 union elements`

static-frame (https://github.com/static-frame/static-frame)
- static_frame/core/bus.py:675:16: error[invalid-return-type] Return type does not match returned value: expected `InterGetItemILocReduces[Bus[Any], object_]`, found `InterGetItemILocReduces[Self@iloc | Bus[Any], object_ | Self@iloc]`
+ static_frame/core/bus.py:671:16: error[invalid-return-type] Return type does not match returned value: expected `InterGetItemLocReduces[Bus[Any], object_]`, found `InterGetItemLocReduces[Bus[Any] | Bottom[Index[Any]] | Bottom[Series[Any, Any]] | ... omitted 6 union elements, object_]`
+ static_frame/core/bus.py:675:16: error[invalid-return-type] Return type does not match returned value: expected `InterGetItemILocReduces[Bus[Any], object_]`, found `InterGetItemILocReduces[Bus[Any] | ndarray[Never, Never] | TypeBlocks | ... omitted 6 union elements, object_ | Self@iloc]`
- static_frame/core/index.py:580:16: error[invalid-return-type] Return type does not match returned value: expected `InterGetItemLocReduces[TVContainer_co@loc, TVDtype@Index]`, found `InterGetItemLocReduces[Any | Bottom[Series[Any, Any]], TVDtype@Index]`
+ static_frame/core/index.py:580:16: error[invalid-return-type] Return type does not match returned value: expected `InterGetItemLocReduces[TVContainer_co@loc, TVDtype@Index]`, found `InterGetItemLocReduces[Bottom[Series[Any, Any]] | Any, TVDtype@Index]`
- static_frame/core/node_selector.py:526:16: error[invalid-return-type] Return type does not match returned value: expected `InterGetItemLocReduces[TVContainer_co@InterfaceSelectQuartet, Any]`, found `InterGetItemLocReduces[Bottom[Series[Any, Any]] | Unknown, Any]`
+ static_frame/core/node_selector.py:526:16: error[invalid-return-type] Return type does not match returned value: expected `InterGetItemLocReduces[TVContainer_co@InterfaceSelectQuartet, Any]`, found `InterGetItemLocReduces[Unknown | Bottom[Series[Any, Any]], Any]`
+ static_frame/core/series.py:772:16: error[invalid-return-type] Return type does not match returned value: expected `InterGetItemILocReduces[Series[Any, Any], TVDtype@Series]`, found `InterGetItemILocReduces[Series[Any, Any] | Bottom[Index[Any]] | TypeBlocks | ... omitted 6 union elements, TVDtype@Series]`
+ static_frame/core/series.py:4072:16: error[invalid-return-type] Return type does not match returned value: expected `InterGetItemILocReduces[SeriesHE[Any, Any], TVDtype@SeriesHE]`, found `InterGetItemILocReduces[Bottom[Series[Any, Any]] | ndarray[Never, Never] | TypeBlocks | ... omitted 7 union elements, TVDtype@SeriesHE]`
+ static_frame/core/yarn.py:418:16: error[invalid-return-type] Return type does not match returned value: expected `InterGetItemILocReduces[Yarn[Any], object_]`, found `InterGetItemILocReduces[Yarn[Any] | ndarray[Never, Never] | TypeBlocks | ... omitted 6 union elements, object_]`
- Found 1821 diagnostics
+ Found 1825 diagnostics

core (https://github.com/home-assistant/core)
+ homeassistant/util/variance.py:47:12: error[invalid-return-type] Return type does not match returned value: expected `(**_P@ignore_variance) -&gt; _R@ignore_variance`, found `_Wrapped[_P@ignore_variance, _R@ignore_variance | int | float | datetime, _P@ignore_variance, _R@ignore_variance | int | float | datetime]`
- Found 14491 diagnostics
+ Found 14492 diagnostics


</code></pre>


<p>No memory usage changes detected âœ…</p>
</div>
        </div>
        <div class="timeline-entry">
            <div class="event">Label <span class="label">ty</span> added by <a href="https://github.com/charliermarsh">@charliermarsh</a> on 2026-01-20 02:47</div>
        </div>
        <div class="timeline-entry">
            <div class="event">Label <span class="label">ecosystem-analyzer</span> added by <a href="https://github.com/charliermarsh">@charliermarsh</a> on 2026-01-20 02:47</div>
        </div>
        <div class="timeline-entry">
            <div class="event">Marked ready for review by <a href="https://github.com/charliermarsh">@charliermarsh</a> on 2026-01-20 02:50</div>
        </div>
        <div class="timeline-entry">
            <div class="event">Review requested from <a href="https://github.com/carljm">@carljm</a> by <a href="https://github.com/charliermarsh">@charliermarsh</a> on 2026-01-20 02:51</div>
        </div>
        <div class="timeline-entry">
            <div class="event">Review requested from <a href="https://github.com/AlexWaygood">@AlexWaygood</a> by <a href="https://github.com/charliermarsh">@charliermarsh</a> on 2026-01-20 02:51</div>
        </div>
        <div class="timeline-entry">
            <div class="event">Review requested from <a href="https://github.com/sharkdp">@sharkdp</a> by <a href="https://github.com/charliermarsh">@charliermarsh</a> on 2026-01-20 02:51</div>
        </div>
        <div class="timeline-entry">
            <div class="event">Review requested from <a href="https://github.com/dcreager">@dcreager</a> by <a href="https://github.com/charliermarsh">@charliermarsh</a> on 2026-01-20 02:51</div>
        </div>
        <div class="timeline-entry">
            <div class="event">Review requested from <a href="https://github.com/MichaReiser">@MichaReiser</a> by <a href="https://github.com/charliermarsh">@charliermarsh</a> on 2026-01-20 02:51</div>
        </div>
        <div class="timeline-entry">
            <div class="timeline-header">Comment by <a href="https://github.com/astral-sh-bot[bot]">@astral-sh-bot[bot]</a> on 2026-01-20 02:53</div>
            <div class="timeline-body">

<code>ecosystem-analyzer</code> results
<p>| Lint rule | Added | Removed | Changed |
|-----------|------:|--------:|--------:|
| <code>invalid-argument-type</code> | 61 | 0 | 3 |
| <code>possibly-missing-attribute</code> | 6 | 0 | 2 |
| <code>invalid-await</code> | 7 | 0 | 0 |
| <code>invalid-return-type</code> | 1 | 0 | 5 |
| <code>invalid-assignment</code> | 0 | 0 | 5 |
| <strong>Total</strong> | <strong>75</strong> | <strong>0</strong> | <strong>15</strong> |</p>
<p><strong><a href="https://3b7a3276.ty-ecosystem-ext.pages.dev/diff">Full report with detailed diff</a></strong> (<a href="https://3b7a3276.ty-ecosystem-ext.pages.dev/timing">timing results</a>)</p>
</div>
        </div>
        <div class="timeline-entry">
            <div class="timeline-header"><a href="https://github.com/MichaReiser">@MichaReiser</a> reviewed on 2026-01-20 07:03</div>
            <div class="timeline-body"></div>
        </div>
        <div class="timeline-entry">
            <div class="timeline-header">Review comment by <a href="https://github.com/MichaReiser">@MichaReiser</a> on <code>crates/ty_python_semantic/resources/mdtest/snapshots/final.md_-_Tests_for_the_`@typiâ€¦_-_A_`@final`_class_musâ€¦_-_Multiple_abstract_meâ€¦_(feafee9a4abbe8d1).snap</code>:54 on 2026-01-20 07:03</div>
            <div class="timeline-body"><p>Should we add a secondary annotation instead that points to the definition of <code>foo</code>? The info message is helpful, but it still requires me to lookup <code>Base</code>, find <code>foo</code>, to understand the method signature</p>
</div>
        </div>
        <div class="timeline-entry">
            <div class="timeline-header">Review comment by <a href="https://github.com/AlexWaygood">@AlexWaygood</a> on <code>crates/ty_python_semantic/src/types/infer/builder.rs</code>:1317 on 2026-01-20 12:50</div>
            <div class="timeline-body"><p>There are quite a few as-yet unimplemented rules where we need to know the full set of unimplemented abstract methods a class might have (<a href="https://github.com/astral-sh/ty/issues/1927">astral-sh/ty#1927</a>, <a href="https://github.com/astral-sh/ty/issues/1923">astral-sh/ty#1923</a>, and <a href="https://github.com/astral-sh/ty/issues/1877">astral-sh/ty#1877</a>). I think it would best to extract this into a standalone method on <code>ClassType</code> (probably Salsa-cached, so we don&#x27;t repeatedly reconstruct the <code>FxHashMap</code>, which seems expensive).</p>
</div>
        </div>
        <div class="timeline-entry">
            <div class="timeline-header">Review comment by <a href="https://github.com/AlexWaygood">@AlexWaygood</a> on <code>crates/ty_python_semantic/src/types/infer/builder.rs</code>:1319 on 2026-01-20 12:52</div>
            <div class="timeline-body"><p>What&#x27;s the reason for calling <code>.skip(1)</code> here? This means that your branch doesn&#x27;t emit an error on this, but it seems just as invalid as having an unimplemented method on a parent or grandparent class:</p>
<pre><code>from typing import final
from abc import abstractmethod, ABC

@final
class F(ABC):
    @abstractmethod
    def g(self): ...
</code></pre>
</div>
        </div>
        <div class="timeline-entry">
            <div class="timeline-header"><a href="https://github.com/AlexWaygood">@AlexWaygood</a> reviewed on 2026-01-20 12:52</div>
            <div class="timeline-body"></div>
        </div>
        <div class="timeline-entry">
            <div class="event">Review requested from <a href="https://github.com/AlexWaygood">@AlexWaygood</a> by <a href="https://github.com/charliermarsh">@charliermarsh</a> on 2026-01-20 13:50</div>
        </div>
        <div class="timeline-entry">
            <div class="timeline-header">Review comment by <a href="https://github.com/AlexWaygood">@AlexWaygood</a> on <code>crates/ty_python_semantic/src/types/class.rs</code>:1093 on 2026-01-20 14:01</div>
            <div class="timeline-body"><p>we should add a branch (and tests) for <code>Type::PropertyInstance</code> too -- if the getter is abstract then the class can&#x27;t be instantiated. (I can&#x27;t remember what happens if the setter is decorated with <code>@abstractmethod</code> but the getter is not.)</p>
</div>
        </div>
        <div class="timeline-entry">
            <div class="timeline-header">Review comment by <a href="https://github.com/AlexWaygood">@AlexWaygood</a> on <code>crates/ty_python_semantic/src/types/class.rs</code>:1116 on 2026-01-20 14:04</div>
            <div class="timeline-body"><p>It looks like this logic means you don&#x27;t emit a diagnostic on this:</p>
<pre><code>from abc import ABC, abstractmethod
from typing import final

class Foo(ABC):
    @abstractmethod
    def method(self): ...

@final
class Bar(Foo):
    method: int
</code></pre>
<p>But the annotation in the subclass there doesn&#x27;t actually override the abstract method in the superclass; attempting to instantiate <code>Bar</code> will still cause an error at runtime</p>
</div>
        </div>
        <div class="timeline-entry">
            <div class="timeline-header"><a href="https://github.com/AlexWaygood">@AlexWaygood</a> reviewed on 2026-01-20 14:05</div>
            <div class="timeline-body"></div>
        </div>
        <div class="timeline-entry">
            <div class="timeline-header">Review comment by <a href="https://github.com/AlexWaygood">@AlexWaygood</a> on <code>crates/ty_python_semantic/src/types/infer/builder.rs</code>:1326 on 2026-01-20 14:08</div>
            <div class="timeline-body"><p>missing a let-chain opportunity :P</p>
<pre><code>            if !is_implemented &amp;&amp; let Some(builder) = self
                .context
                .report_lint(&amp;UNIMPLEMENTED_ABSTRACT_METHOD, &amp;class_node.name)
            {
</code></pre>
</div>
        </div>
        <div class="timeline-entry">
            <div class="timeline-header"><a href="https://github.com/AlexWaygood">@AlexWaygood</a> reviewed on 2026-01-20 14:08</div>
            <div class="timeline-body"></div>
        </div>
        <div class="timeline-entry">
            <div class="event">Converted to draft by <a href="https://github.com/charliermarsh">@charliermarsh</a> on 2026-01-20 15:03</div>
        </div>
        <div class="timeline-entry">
            <div class="event">Marked ready for review by <a href="https://github.com/charliermarsh">@charliermarsh</a> on 2026-01-20 15:09</div>
        </div>
        <div class="timeline-entry">
            <div class="timeline-header">Comment by <a href="https://github.com/AlexWaygood">@AlexWaygood</a> on 2026-01-20 15:12</div>
            <div class="timeline-body"><p>now you&#x27;re emitting false-positive errors on classes like this, which <em>can</em> be instantiated at runtime ðŸ˜„</p>
<pre><code>from abc import abstractmethod, ABC
from typing import final

class Base(ABC):
    @property
    @abstractmethod
    def f(self) -&gt; int: ...

@final
class Child(Base):
    f = 42
</code></pre>
<p>The difference between <code>Child</code> and a class like this:</p>
<pre><code>@final
class BadChild(Base):
    f: int
</code></pre>
<p>is that <code>Child.f</code> has a <em>definition</em> whereas <code>BadChild.f</code> only has a <em>declaration</em></p>
</div>
        </div>
        <div class="timeline-entry">
            <div class="timeline-header">Comment by <a href="https://github.com/charliermarsh">@charliermarsh</a> on 2026-01-20 15:15</div>
            <div class="timeline-body"><p>Oh gosh.</p>
</div>
        </div>
        <div class="timeline-entry">
            <div class="event">Converted to draft by <a href="https://github.com/charliermarsh">@charliermarsh</a> on 2026-01-20 15:28</div>
        </div>
        <div class="timeline-entry">
            <div class="timeline-header"><a href="https://github.com/charliermarsh">@charliermarsh</a> reviewed on 2026-01-20 15:44</div>
            <div class="timeline-body"></div>
        </div>
        <div class="timeline-entry">
            <div class="timeline-header">Review comment by <a href="https://github.com/charliermarsh">@charliermarsh</a> on <code>crates/ty_python_semantic/src/place.rs</code>:301 on 2026-01-20 15:44</div>
            <div class="timeline-body"><p>I think we were losing the origin here (unintentionally?).</p>
</div>
        </div>
        <div class="timeline-entry">
            <div class="event">Marked ready for review by <a href="https://github.com/charliermarsh">@charliermarsh</a> on 2026-01-20 15:46</div>
        </div>
        <div class="timeline-entry">
            <div class="timeline-header">Review comment by <a href="https://github.com/AlexWaygood">@AlexWaygood</a> on <code>crates/ty_python_semantic/resources/mdtest/final.md</code>:753 on 2026-01-20 15:57</div>
            <div class="timeline-body"><p>(but we should emit an error when such a class is <em>instantiated</em>, of course -- which is <a href="https://github.com/astral-sh/ty/issues/1877">astral-sh/ty#1877</a>; it doesn&#x27;t need to be implemented here)</p>
</div>
        </div>
        <div class="timeline-entry">
            <div class="timeline-header">Review comment by <a href="https://github.com/AlexWaygood">@AlexWaygood</a> on <code>crates/ty_python_semantic/resources/mdtest/final.md</code>:760 on 2026-01-20 16:11</div>
            <div class="timeline-body"><p><code>Protocol</code>s also actually have a custom metaclass, we just haven&#x27;t implemented that yet (which is <a href="https://github.com/astral-sh/ty/issues/1204">astral-sh/ty#1204</a> -- see <a href="https://github.com/astral-sh/ty/issues/1204">astral-sh/ty#1204</a>#issuecomment-3308633844). <code>MyEnum</code> fails at runtime:</p>
<pre><code>&gt;&gt;&gt; from abc import abstractmethod
... from enum import Enum
... from typing import Protocol
... 
... class Stringable(Protocol):
...     @abstractmethod
...     def stringify(self) -&gt; str: ...
... 
... class MyEnum(Stringable, Enum):  # error: [unimplemented-abstract-method]
...     A = 1
...     B = 2
...     
Traceback (most recent call last):
  File &quot;&lt;python-input-0&gt;&quot;, line 9, in &lt;module&gt;
    class MyEnum(Stringable, Enum):  # error: [unimplemented-abstract-method]
        A = 1
        B = 2
TypeError: metaclass conflict: the metaclass of a derived class must be a (non-strict) subclass of the metaclasses of all its bases
</code></pre>
<p>but you can get it to work if you create a custom metaclass that mutually subclasses <code>EnumMeta</code> and <code>ABCMeta</code>:</p>
<pre><code>&gt;&gt;&gt; from enum import EnumMeta
&gt;&gt;&gt; from abc import ABCMeta, ABC
&gt;&gt;&gt; class Stringable(ABC):
...     @abstractmethod
...     def stringify(self) -&gt; str: ...
...     
&gt;&gt;&gt; class AbstractEnumMeta(ABCMeta, EnumMeta): ...
... 
&gt;&gt;&gt; class MyEnum(Stringable, Enum, metaclass=AbstractEnumMeta):
...     A = 1
...     B = 2
...
&gt;&gt;&gt;
</code></pre>
<p>But combining the metaclasses like that appears to break the checking that <code>ABCMeta</code> does to prohibit instantiation of classes with namespace packages:</p>
<pre><code>&gt;&gt;&gt; MyEnum(1)
&lt;MyEnum.A: 1&gt;
</code></pre>
<p>But anyway, it doesn&#x27;t look like you&#x27;re looking at the metaclasses when deciding whether a method should be considered as an abstract method? Which I think is correct -- it matches mypy&#x27;s behaviour, and I don&#x27;t think a type checker should care that this class doesn&#x27;t have <code>ABCMeta</code> as its metaclass; the intention is clear that the method should be implemented if a subclass wants to be considered a concrete, instantiable method:</p>
<pre><code>from abc import abstractmethod

class Foo:
    @abstractmethod
    def method(self): ...
</code></pre>
<p>So TL;DR, I&#x27;d get rid of the <code>Protocol</code> base class and the prose describing why we have <code>Protocol</code> as a base class here; I think it&#x27;s unnecessary :-)</p>
</div>
        </div>
        <div class="timeline-entry">
            <div class="timeline-header">Review comment by <a href="https://github.com/AlexWaygood">@AlexWaygood</a> on <code>crates/ty_python_semantic/resources/mdtest/final.md</code>:1 on 2026-01-20 16:13</div>
            <div class="timeline-body"><p>Can you also add these tests (no errors should be emitted):</p>
<pre><code>from abc import abstractmethod, ABC

class Base(ABC):
    @property
    @abstractmethod
    def foo(self) -&gt; int: ...

class Child1(Base):
    foo = 42

class Child2(Base):
    foo: int = 42
</code></pre>
</div>
        </div>
        <div class="timeline-entry">
            <div class="timeline-header"><a href="https://github.com/AlexWaygood">@AlexWaygood</a> reviewed on 2026-01-20 16:13</div>
            <div class="timeline-body"></div>
        </div>
        <div class="timeline-entry">
            <div class="timeline-header"><a href="https://github.com/AlexWaygood">@AlexWaygood</a> reviewed on 2026-01-20 17:04</div>
            <div class="timeline-body"></div>
        </div>
        <div class="timeline-entry">
            <div class="timeline-header">Review comment by <a href="https://github.com/AlexWaygood">@AlexWaygood</a> on <code>crates/ty_python_semantic/resources/mdtest/final.md</code>:815 on 2026-01-20 17:04</div>
            <div class="timeline-body"><p>We could also add a failing test for properties with abstract deleters (we don&#x27;t support property deleters at all yet, which is why it would not currently pass):</p>
<pre><code>&gt;&gt;&gt; class F(ABC):
...     @property
...     def g(self): ...
...     @g.setter
...     def g(self, value): ...
...     @g.deleter
...     @abstractmethod
...     def g(self): ...
...     
&gt;&gt;&gt; F()
Traceback (most recent call last):
  File &quot;&lt;python-input-16&gt;&quot;, line 1, in &lt;module&gt;
    F()
    ~^^
TypeError: Can&#x27;t instantiate abstract class F without an implementation for abstract method &#x27;g&#x27;
</code></pre>
</div>
        </div>
        <div class="timeline-entry">
            <div class="timeline-header">Review comment by <a href="https://github.com/AlexWaygood">@AlexWaygood</a> on <code>crates/ty_python_semantic/src/types/class.rs</code>:1074 on 2026-01-20 17:09</div>
            <div class="timeline-body"><p>I find it a bit confusing that this method returns a map of &quot;abstract methods&quot;, but then it&#x27;s up to the caller to figure out if they&#x27;re still abstract (because they might only be abstract on a grandparent class; they could have then been overridden with a concrete method on a parent class). My instinct would be to have the returned map only return methods that are <em>still</em> abstract on <code>self</code>.</p>
</div>
        </div>
        <div class="timeline-entry">
            <div class="timeline-header"><a href="https://github.com/AlexWaygood">@AlexWaygood</a> reviewed on 2026-01-20 17:09</div>
            <div class="timeline-body"></div>
        </div>
        <div class="timeline-entry">
            <div class="timeline-header"><a href="https://github.com/AlexWaygood">@AlexWaygood</a> reviewed on 2026-01-20 17:12</div>
            <div class="timeline-body"></div>
        </div>
        <div class="timeline-entry">
            <div class="timeline-header">Review comment by <a href="https://github.com/AlexWaygood">@AlexWaygood</a> on <code>crates/ty_python_semantic/resources/mdtest/final.md</code>:1 on 2026-01-20 17:12</div>
            <div class="timeline-body"><p>Can you also add a test like this, where an abstract method is overridden as concrete but then overridden again as abstract:</p>
<pre><code>from abc import abstractmethod, ABC
from typing import final

class GreatGrandparent(ABC):
    @abstractmethod
    def f(self): ...

class GrandParent(GreatGrandparent):
    def f(self): ...

class Parent(GrandParent):
    @abstractmethod
    def f(self): ...

@final
class Child(Parent): ...  # error
</code></pre>
</div>
        </div>
        <div class="timeline-entry">
            <div class="timeline-header"><a href="https://github.com/AlexWaygood">@AlexWaygood</a> reviewed on 2026-01-20 17:14</div>
            <div class="timeline-body"></div>
        </div>
        <div class="timeline-entry">
            <div class="timeline-header">Review comment by <a href="https://github.com/AlexWaygood">@AlexWaygood</a> on <code>crates/ty_python_semantic/src/place.rs</code>:301 on 2026-01-20 17:14</div>
            <div class="timeline-body"><p>yes, this looks correct! good catch</p>
</div>
        </div>
        <div class="timeline-entry">
            <div class="timeline-header"><a href="https://github.com/AlexWaygood">@AlexWaygood</a> reviewed on 2026-01-20 17:21</div>
            <div class="timeline-body"></div>
        </div>
        <div class="timeline-entry">
            <div class="timeline-header">Review comment by <a href="https://github.com/AlexWaygood">@AlexWaygood</a> on <code>crates/ty_python_semantic/src/types/diagnostic.rs</code>:1889 on 2026-01-20 17:21</div>
            <div class="timeline-body"><p>Your docs here mention classes that inherit from <code>ABC</code> or <code>Protocol</code>. But at runtime, any class with <code>ABCMeta</code> (or a subclass thereof) as its metaclass cannot be instantiated if it has unimplemented abstract methods; it doesn&#x27;t have to have <code>ABC</code> or <code>Protocol</code> in its MRO. And at type-checking time, you&#x27;re not currently checking the MRO or the metaclass at all.</p>
<p>As I said in <a href="https://github.com/astral-sh/ruff/pull/22753">astral-sh/ruff#22753</a>/files#r2709058042, I think that&#x27;s correct behaviour for a type checker:</p>
<ul>
<li>It matches mypy</li>
<li>The intent for the class to be abstract is clear even if it won&#x27;t be enforced at runtime</li>
<li>It&#x27;s useful for stub authors if they want to indicate that you really <em>should</em> override a certain method on a particular class when you subclass it -- authors of stubs generally don&#x27;t want to pretend that a class has <code>ABCMeta</code> as its metaclass if it doesn&#x27;t at runtime, but they might want to nonetheless mark a method as abstract in the stubs to help out users of the stubs</li>
</ul>
<p>But if we don&#x27;t want to change our behaviour here, we should change the docs to make it clear that even though abstractness at runtime is only enforced for classes with <code>ABCMeta</code> (or a subclass thereof) as their metaclass, we enforce it at type-checking for all classes regardless of their metaclass</p>
</div>
        </div>
        <div class="timeline-entry">
            <div class="timeline-header">Review comment by <a href="https://github.com/AlexWaygood">@AlexWaygood</a> on <code>crates/ty_python_semantic/src/types/infer/builder.rs</code>:1406 on 2026-01-20 17:21</div>
            <div class="timeline-body"><pre><code>                            .message(format_args!(
                                &quot;`{method_name}` defined as abstract on superclass `{defining_class}`&quot;,
                                defining_class = defining_class.name(db)
                            )),
</code></pre>
</div>
        </div>
        <div class="timeline-entry">
            <div class="timeline-header"><a href="https://github.com/AlexWaygood">@AlexWaygood</a> reviewed on 2026-01-20 17:22</div>
            <div class="timeline-body"></div>
        </div>
        <div class="timeline-entry">
            <div class="event">Converted to draft by <a href="https://github.com/charliermarsh">@charliermarsh</a> on 2026-01-20 18:46</div>
        </div>
    </div>

    <footer>
        Synced at 2026-01-20 19:23:22 UTC
    </footer>
</body>
</html>
